2023-12-24 23:07:26,018 T0017: WARN  #### gw2  
2023-12-24 23:07:26,018 T0017: WARN  support post-session-prolog session pass ''
2023-12-24 23:07:26,021 T0018: WARN  #### gw2  
2023-12-24 23:07:26,021 T0018: WARN  support post-session-prolog session pass ''
2023-12-24 23:08:14,326 T0071: INFO  #### gw2  
2023-12-24 23:08:14,326 T0071: INFO  support pre-module-prolog routing/VRF/test_vrf_scale.py  ''
2023-12-24 23:08:14,328 T0072: INFO  #### gw2  
2023-12-24 23:08:14,328 T0072: INFO  support pre-module-prolog routing/VRF/test_vrf_scale.py  ''
2023-12-24 23:29:41,433 T0117: INFO  #### gw2  routing/VRF/test_vrf_scale.py
2023-12-24 23:29:41,433 T0117: INFO  support post-module-prolog routing/VRF/test_vrf_scale.py Pass ''
2023-12-24 23:29:41,435 T0118: INFO  #### gw2  routing/VRF/test_vrf_scale.py
2023-12-24 23:29:41,436 T0118: INFO  support post-module-prolog routing/VRF/test_vrf_scale.py Pass ''
2023-12-24 23:30:16,944 T0142: INFO  #### gw2  routing/VRF/test_vrf_scale.py
2023-12-24 23:30:16,945 T0142: INFO  support pre-function-prolog test_vrf_scale  ''
2023-12-24 23:30:16,947 T0143: INFO  #### gw2  routing/VRF/test_vrf_scale.py
2023-12-24 23:30:16,948 T0143: INFO  support pre-function-prolog test_vrf_scale  ''
2023-12-24 23:30:16,959 T0144: INFO  #### gw2  routing/VRF/test_vrf_scale.py::test_vrf_scale
2023-12-24 23:30:16,960 T0144: INFO  support post-function-prolog test_vrf_scale Pass ''
2023-12-24 23:30:16,961 T0145: INFO  #### gw2  routing/VRF/test_vrf_scale.py::test_vrf_scale
2023-12-24 23:30:16,962 T0145: INFO  support post-function-prolog test_vrf_scale Pass ''
2023-12-24 23:33:39,152 T0000: ERROR #### gw2 WARN routing/VRF/test_vrf_scale.py::test_vrf_scale
2023-12-24 23:33:39,152 T0000: ERROR Traceback (most recent call last):
2023-12-24 23:33:39,152 T0000: ERROR   File "/repo/spytest/net.py", line 1910, in _try
2023-12-24 23:33:39,152 T0000: ERROR     output = hndl.send_command_new(fcli, new_cmd, expect_string,
2023-12-24 23:33:39,152 T0000: ERROR   File "/repo/spytest/access/netmiko_connection.py", line 725, in send_command_new
2023-12-24 23:33:39,152 T0000: ERROR     raise IOError(self.dmsg_str(dbg_msg, msg1))
2023-12-24 23:33:39,152 T0000: ERROR OSError: Prompt Not Detected in DF 2.0: 'admin@sonic:\~\$'
2023-12-24 23:33:39,152 T0000: ERROR =======================FASTER-CLI-DBG===================
2023-12-24 23:33:39,152 T0000: ERROR command_string: show vrf<LF>
2023-12-24 23:33:39,152 T0000: ERROR search_pattern: admin@sonic:\~\$
2023-12-24 23:33:39,152 T0000: ERROR cmd_issued: False
2023-12-24 23:33:39,152 T0000: ERROR CMP-OUT: show vrf<LF><LF>
2023-12-24 23:33:39,152 T0000: ERROR CMP-CMD: show vrf<LF>
2023-12-24 23:33:39,152 T0000: ERROR ECHOED OUTPUT: <LF>
2023-12-24 23:33:39,152 T0000: ERROR CMP-PROMPT: admin@sonic:\~\$
2023-12-24 23:33:39,152 T0000: ERROR CMP-OUTPUT: 
2023-12-24 23:33:39,152 T0000: ERROR CMP-OUTPUT: 
2023-12-24 23:33:39,152 T0000: ERROR Read Data: show vrf
2023-12-24 23:33:39,152 T0000: ERROR =========================================================
2023-12-24 23:33:39,152 T0000: ERROR StackTraceCallStack:
2023-12-24 23:33:39,152 T0000: ERROR [0] spytest/net.py:2138 _send_command output = self._try(access, line, fcli, cmd, expect,
2023-12-24 23:33:39,152 T0000: ERROR [1] spytest/net.py:6125 _send_cmd_opts output = self._send_command(access, cmd, expected_prompt,
2023-12-24 23:33:39,152 T0000: ERROR Truncated...
2023-12-24 23:36:38,323 T0146: WARN  #### gw2  routing/VRF/test_vrf_scale.py::test_vrf_scale
2023-12-24 23:36:38,323 T0146: WARN  support pre-function-epilog test_vrf_scale Fail 'Command 'show vrf' failed to give required prompt, recovered using CR'
2023-12-24 23:36:38,325 T0147: WARN  #### gw2  routing/VRF/test_vrf_scale.py::test_vrf_scale
2023-12-24 23:36:38,325 T0147: WARN  support pre-function-epilog test_vrf_scale Fail 'Command 'show vrf' failed to give required prompt, recovered using CR'
2023-12-24 23:36:39,146 T0148: WARN  #### gw2  routing/VRF/test_vrf_scale.py::test_vrf_scale
2023-12-24 23:36:39,146 T0148: WARN  support post-function-epilog test_vrf_scale ignore 'Command 'show vrf' failed to give required prompt, recovered using CR'
2023-12-24 23:36:39,148 T0149: WARN  #### gw2  routing/VRF/test_vrf_scale.py::test_vrf_scale
2023-12-24 23:36:39,149 T0149: WARN  support post-function-epilog test_vrf_scale ignore 'Command 'show vrf' failed to give required prompt, recovered using CR'
2023-12-24 23:36:45,388 T0155: INFO  #### gw2  routing/VRF/test_vrf_scale.py
2023-12-24 23:36:45,389 T0155: INFO  support pre-function-prolog test_vrf_route_leak  ''
2023-12-24 23:36:45,393 T0156: INFO  #### gw2  routing/VRF/test_vrf_scale.py
2023-12-24 23:36:45,393 T0156: INFO  support pre-function-prolog test_vrf_route_leak  ''
2023-12-24 23:38:45,726 T0161: INFO  #### gw2  routing/VRF/test_vrf_scale.py::test_vrf_route_leak
2023-12-24 23:38:45,726 T0161: INFO  support pre-function-epilog test_vrf_route_leak Pass 'Test case passed'
2023-12-24 23:38:45,728 T0162: INFO  #### gw2  routing/VRF/test_vrf_scale.py::test_vrf_route_leak
2023-12-24 23:38:45,728 T0162: INFO  support pre-function-epilog test_vrf_route_leak Pass 'Test case passed'
2023-12-24 23:38:45,735 T0163: INFO  #### gw2  routing/VRF/test_vrf_scale.py::test_vrf_route_leak
2023-12-24 23:38:45,736 T0163: INFO  support post-function-epilog test_vrf_route_leak Pass 'Test case passed'
2023-12-24 23:38:45,737 T0164: INFO  #### gw2  routing/VRF/test_vrf_scale.py::test_vrf_route_leak
2023-12-24 23:38:45,738 T0164: INFO  support post-function-epilog test_vrf_route_leak Pass 'Test case passed'
2023-12-24 23:38:53,269 T0170: INFO  #### gw2  routing/VRF/test_vrf_scale.py
2023-12-24 23:38:53,269 T0170: INFO  support pre-function-prolog test_vrf_bgp  ''
2023-12-24 23:38:53,273 T0171: INFO  #### gw2  routing/VRF/test_vrf_scale.py
2023-12-24 23:38:53,273 T0171: INFO  support pre-function-prolog test_vrf_bgp  ''
2023-12-24 23:51:30,134 T0564: WARN  #### gw2  routing/VRF/test_vrf_scale.py::test_vrf_bgp
2023-12-24 23:51:30,135 T0564: WARN  support pre-function-epilog test_vrf_bgp Fail 'Test case Failed.'
2023-12-24 23:51:30,139 T0565: WARN  #### gw2  routing/VRF/test_vrf_scale.py::test_vrf_bgp
2023-12-24 23:51:30,139 T0565: WARN  support pre-function-epilog test_vrf_bgp Fail 'Test case Failed.'
2023-12-24 23:51:30,537 T0566: WARN  #### gw2  routing/VRF/test_vrf_scale.py::test_vrf_bgp
2023-12-24 23:51:30,538 T0566: WARN  support post-function-epilog test_vrf_bgp ignore 'Test case Failed.'
2023-12-24 23:51:30,539 T0567: WARN  #### gw2  routing/VRF/test_vrf_scale.py::test_vrf_bgp
2023-12-24 23:51:30,540 T0567: WARN  support post-function-epilog test_vrf_bgp ignore 'Test case Failed.'
2023-12-24 23:51:38,036 T0573: INFO  #### gw2  routing/VRF/test_vrf_scale.py
2023-12-24 23:51:38,036 T0573: INFO  support pre-function-prolog test_vrf_reload  ''
2023-12-24 23:51:38,040 T0574: INFO  #### gw2  routing/VRF/test_vrf_scale.py
2023-12-24 23:51:38,040 T0574: INFO  support pre-function-prolog test_vrf_reload  ''
2023-12-24 23:54:12,811 T0000: WARN  #### gw2 IGNORED ERROR routing/VRF/test_vrf_scale.py::test_vrf_reload
2023-12-24 23:54:12,811 T0000: WARN  Skipped error checking but detected pattern: containing_python_traceback command: sudo -s fast-reboot
2023-12-24 23:58:02,906 T0000: ERROR #### gw2 WARN routing/VRF/test_vrf_scale.py::test_vrf_reload
2023-12-24 23:58:02,906 T0000: ERROR Traceback (most recent call last):
2023-12-24 23:58:02,906 T0000: ERROR   File "/repo/spytest/net.py", line 1910, in _try
2023-12-24 23:58:02,906 T0000: ERROR     output = hndl.send_command_new(fcli, new_cmd, expect_string,
2023-12-24 23:58:02,906 T0000: ERROR   File "/repo/spytest/access/netmiko_connection.py", line 725, in send_command_new
2023-12-24 23:58:02,906 T0000: ERROR     raise IOError(self.dmsg_str(dbg_msg, msg1))
2023-12-24 23:58:02,906 T0000: ERROR OSError: Prompt Not Detected in DF 2.0: 'admin@sonic:\~\$'
2023-12-24 23:58:02,906 T0000: ERROR =======================FASTER-CLI-DBG===================
2023-12-24 23:58:02,906 T0000: ERROR command_string: show vrf<LF>
2023-12-24 23:58:02,906 T0000: ERROR search_pattern: admin@sonic:\~\$
2023-12-24 23:58:02,906 T0000: ERROR cmd_issued: False
2023-12-24 23:58:02,906 T0000: ERROR CMP-OUT: show vrf<LF><LF>
2023-12-24 23:58:02,906 T0000: ERROR CMP-CMD: show vrf<LF>
2023-12-24 23:58:02,906 T0000: ERROR ECHOED OUTPUT: <LF>
2023-12-24 23:58:02,906 T0000: ERROR CMP-PROMPT: admin@sonic:\~\$
2023-12-24 23:58:02,906 T0000: ERROR CMP-OUTPUT: 
2023-12-24 23:58:02,906 T0000: ERROR CMP-OUTPUT: 
2023-12-24 23:58:02,906 T0000: ERROR Read Data: show vrf
2023-12-24 23:58:02,907 T0000: ERROR =========================================================
2023-12-24 23:58:02,907 T0000: ERROR StackTraceCallStack:
2023-12-24 23:58:02,907 T0000: ERROR [0] spytest/net.py:2138 _send_command output = self._try(access, line, fcli, cmd, expect,
2023-12-24 23:58:02,907 T0000: ERROR [1] spytest/net.py:6125 _send_cmd_opts output = self._send_command(access, cmd, expected_prompt,
2023-12-24 23:58:02,907 T0000: ERROR Truncated...
2023-12-25 00:01:24,705 T0575: WARN  #### gw2  routing/VRF/test_vrf_scale.py::test_vrf_reload
2023-12-25 00:01:24,705 T0575: WARN  support pre-function-epilog test_vrf_reload Fail 'Command 'show vrf' failed to give required prompt, recovered using CR'
2023-12-25 00:01:24,707 T0576: WARN  #### gw2  routing/VRF/test_vrf_scale.py::test_vrf_reload
2023-12-25 00:01:24,707 T0576: WARN  support pre-function-epilog test_vrf_reload Fail 'Command 'show vrf' failed to give required prompt, recovered using CR'
2023-12-25 00:01:25,478 T0577: WARN  #### gw2  routing/VRF/test_vrf_scale.py::test_vrf_reload
2023-12-25 00:01:25,479 T0577: WARN  support post-function-epilog test_vrf_reload ignore 'Command 'show vrf' failed to give required prompt, recovered using CR'
2023-12-25 00:01:25,480 T0578: WARN  #### gw2  routing/VRF/test_vrf_scale.py::test_vrf_reload
2023-12-25 00:01:25,480 T0578: WARN  support post-function-epilog test_vrf_reload ignore 'Command 'show vrf' failed to give required prompt, recovered using CR'
2023-12-25 00:01:25,520 T0579: WARN  #### gw2  routing/VRF/test_vrf_scale.py::test_vrf_reload
2023-12-25 00:01:25,520 T0579: WARN  support pre-module-epilog routing/VRF/test_vrf_scale.py fail ''
2023-12-25 00:01:25,521 T0580: WARN  #### gw2  routing/VRF/test_vrf_scale.py::test_vrf_reload
2023-12-25 00:01:25,522 T0580: WARN  support pre-module-epilog routing/VRF/test_vrf_scale.py fail ''
2023-12-25 00:01:49,823 T0597: WARN  #### gw2  routing/VRF/test_vrf_scale.py::test_vrf_scale
2023-12-25 00:01:49,823 T0597: WARN  support post-module-epilog routing/VRF/test_vrf_scale.py fail ''
2023-12-25 00:01:49,825 T0598: WARN  #### gw2  routing/VRF/test_vrf_scale.py::test_vrf_scale
2023-12-25 00:01:49,825 T0598: WARN  support post-module-epilog routing/VRF/test_vrf_scale.py fail ''
2023-12-25 00:07:47,948 T0644: ERROR #### gw2 WARN 
2023-12-25 00:07:47,948 T0644: ERROR Traceback (most recent call last):
2023-12-25 00:07:47,948 T0644: ERROR   File "/repo/spytest/net.py", line 1910, in _try
2023-12-25 00:07:47,948 T0644: ERROR     output = hndl.send_command_new(fcli, new_cmd, expect_string,
2023-12-25 00:07:47,948 T0644: ERROR   File "/repo/spytest/access/netmiko_connection.py", line 725, in send_command_new
2023-12-25 00:07:47,948 T0644: ERROR     raise IOError(self.dmsg_str(dbg_msg, msg1))
2023-12-25 00:07:47,948 T0644: ERROR OSError: Prompt Not Detected in DF 2.0: '(sonic|sonic)#'
2023-12-25 00:07:47,948 T0644: ERROR =======================FASTER-CLI-DBG===================
2023-12-25 00:07:47,948 T0644: ERROR command_string: sudo vtysh<LF>
2023-12-25 00:07:47,948 T0644: ERROR search_pattern: (sonic|sonic)#
2023-12-25 00:07:47,948 T0644: ERROR cmd_issued: False
2023-12-25 00:07:47,948 T0644: ERROR CMP-OUT: sudo vtysh<LF><LF>
2023-12-25 00:07:47,948 T0644: ERROR CMP-CMD: sudo vtysh<LF>
2023-12-25 00:07:47,948 T0644: ERROR ECHOED OUTPUT: <LF>
2023-12-25 00:07:47,948 T0644: ERROR CMP-PROMPT: (sonic|sonic)#
2023-12-25 00:07:47,948 T0644: ERROR CMP-OUTPUT: 
2023-12-25 00:07:47,948 T0644: ERROR CMP-OUTPUT: 
2023-12-25 00:07:47,948 T0644: ERROR cmd_issued: True
2023-12-25 00:07:47,949 T0644: ERROR CMP-PROMPT: (sonic|sonic)#
2023-12-25 00:07:47,949 T0644: ERROR CMP-OUTPUT: Error response from daemon: Container d6df62c9f9b3d6322997ae30c5e2c7e887c82e87c4852ba862c834e2f13ecdcc is not running
2023-12-25 00:07:47,949 T0644: ERROR CMP-OUTPUT:  admin@sonic:~$ 
2023-12-25 00:07:47,949 T0644: ERROR CMP-OUTPUT: 
2023-12-25 00:07:47,949 T0644: ERROR Truncated...
2023-12-25 00:07:50,673 T0644: WARN  #### gw2  
2023-12-25 00:07:50,673 T0644: WARN  support function  ConfigFail 'Command 'sudo vtysh' failed to give required prompt, recovered using CR'
