2024-01-02 22:57:19,066 T0017: WARN  #### gw3  
2024-01-02 22:57:19,067 T0017: WARN  support post-session-prolog session pass ''
2024-01-02 22:57:19,069 T0018: WARN  #### gw3  
2024-01-02 22:57:19,069 T0018: WARN  support post-session-prolog session pass ''
2024-01-02 22:58:07,043 T0071: INFO  #### gw3  
2024-01-02 22:58:07,043 T0071: INFO  support pre-module-prolog routing/VRF/test_vrf_scale.py  ''
2024-01-02 22:58:07,045 T0072: INFO  #### gw3  
2024-01-02 22:58:07,045 T0072: INFO  support pre-module-prolog routing/VRF/test_vrf_scale.py  ''
2024-01-02 23:18:32,963 T0117: INFO  #### gw3  routing/VRF/test_vrf_scale.py
2024-01-02 23:18:32,963 T0117: INFO  support post-module-prolog routing/VRF/test_vrf_scale.py Pass ''
2024-01-02 23:18:32,965 T0118: INFO  #### gw3  routing/VRF/test_vrf_scale.py
2024-01-02 23:18:32,966 T0118: INFO  support post-module-prolog routing/VRF/test_vrf_scale.py Pass ''
2024-01-02 23:19:07,265 T0142: INFO  #### gw3  routing/VRF/test_vrf_scale.py
2024-01-02 23:19:07,265 T0142: INFO  support pre-function-prolog test_vrf_scale  ''
2024-01-02 23:19:07,269 T0143: INFO  #### gw3  routing/VRF/test_vrf_scale.py
2024-01-02 23:19:07,270 T0143: INFO  support pre-function-prolog test_vrf_scale  ''
2024-01-02 23:19:07,281 T0144: INFO  #### gw3  routing/VRF/test_vrf_scale.py::test_vrf_scale
2024-01-02 23:19:07,281 T0144: INFO  support post-function-prolog test_vrf_scale Pass ''
2024-01-02 23:19:07,283 T0145: INFO  #### gw3  routing/VRF/test_vrf_scale.py::test_vrf_scale
2024-01-02 23:19:07,283 T0145: INFO  support post-function-prolog test_vrf_scale Pass ''
2024-01-02 23:22:29,302 T0000: ERROR #### gw3 WARN routing/VRF/test_vrf_scale.py::test_vrf_scale
2024-01-02 23:22:29,302 T0000: ERROR Traceback (most recent call last):
2024-01-02 23:22:29,302 T0000: ERROR   File "/repo/spytest/net.py", line 1910, in _try
2024-01-02 23:22:29,302 T0000: ERROR     output = hndl.send_command_new(fcli, new_cmd, expect_string,
2024-01-02 23:22:29,302 T0000: ERROR   File "/repo/spytest/access/netmiko_connection.py", line 725, in send_command_new
2024-01-02 23:22:29,302 T0000: ERROR     raise IOError(self.dmsg_str(dbg_msg, msg1))
2024-01-02 23:22:29,302 T0000: ERROR OSError: Prompt Not Detected in DF 2.0: 'admin@sonic:\~\$'
2024-01-02 23:22:29,302 T0000: ERROR =======================FASTER-CLI-DBG===================
2024-01-02 23:22:29,302 T0000: ERROR command_string: show vrf<LF>
2024-01-02 23:22:29,302 T0000: ERROR search_pattern: admin@sonic:\~\$
2024-01-02 23:22:29,302 T0000: ERROR cmd_issued: False
2024-01-02 23:22:29,302 T0000: ERROR CMP-OUT: show vrf<LF><LF>
2024-01-02 23:22:29,302 T0000: ERROR CMP-CMD: show vrf<LF>
2024-01-02 23:22:29,302 T0000: ERROR ECHOED OUTPUT: <LF>
2024-01-02 23:22:29,302 T0000: ERROR CMP-PROMPT: admin@sonic:\~\$
2024-01-02 23:22:29,302 T0000: ERROR CMP-OUTPUT: 
2024-01-02 23:22:29,302 T0000: ERROR CMP-OUTPUT: 
2024-01-02 23:22:29,302 T0000: ERROR Read Data: show vrf
2024-01-02 23:22:29,302 T0000: ERROR =========================================================
2024-01-02 23:22:29,302 T0000: ERROR StackTraceCallStack:
2024-01-02 23:22:29,302 T0000: ERROR [0] spytest/net.py:2138 _send_command output = self._try(access, line, fcli, cmd, expect,
2024-01-02 23:22:29,302 T0000: ERROR [1] spytest/net.py:6125 _send_cmd_opts output = self._send_command(access, cmd, expected_prompt,
2024-01-02 23:22:29,302 T0000: ERROR Truncated...
2024-01-02 23:25:18,664 T0146: WARN  #### gw3  routing/VRF/test_vrf_scale.py::test_vrf_scale
2024-01-02 23:25:18,665 T0146: WARN  support pre-function-epilog test_vrf_scale Fail 'Command 'show vrf' failed to give required prompt, recovered using CR'
2024-01-02 23:25:18,667 T0147: WARN  #### gw3  routing/VRF/test_vrf_scale.py::test_vrf_scale
2024-01-02 23:25:18,667 T0147: WARN  support pre-function-epilog test_vrf_scale Fail 'Command 'show vrf' failed to give required prompt, recovered using CR'
2024-01-02 23:25:19,329 T0148: WARN  #### gw3  routing/VRF/test_vrf_scale.py::test_vrf_scale
2024-01-02 23:25:19,330 T0148: WARN  support post-function-epilog test_vrf_scale ignore 'Command 'show vrf' failed to give required prompt, recovered using CR'
2024-01-02 23:25:19,331 T0149: WARN  #### gw3  routing/VRF/test_vrf_scale.py::test_vrf_scale
2024-01-02 23:25:19,331 T0149: WARN  support post-function-epilog test_vrf_scale ignore 'Command 'show vrf' failed to give required prompt, recovered using CR'
2024-01-02 23:25:25,496 T0155: INFO  #### gw3  routing/VRF/test_vrf_scale.py
2024-01-02 23:25:25,497 T0155: INFO  support pre-function-prolog test_vrf_route_leak  ''
2024-01-02 23:25:25,501 T0156: INFO  #### gw3  routing/VRF/test_vrf_scale.py
2024-01-02 23:25:25,501 T0156: INFO  support pre-function-prolog test_vrf_route_leak  ''
2024-01-02 23:27:28,976 T0161: INFO  #### gw3  routing/VRF/test_vrf_scale.py::test_vrf_route_leak
2024-01-02 23:27:28,976 T0161: INFO  support pre-function-epilog test_vrf_route_leak Pass 'Test case passed'
2024-01-02 23:27:28,978 T0162: INFO  #### gw3  routing/VRF/test_vrf_scale.py::test_vrf_route_leak
2024-01-02 23:27:28,978 T0162: INFO  support pre-function-epilog test_vrf_route_leak Pass 'Test case passed'
2024-01-02 23:27:28,985 T0163: INFO  #### gw3  routing/VRF/test_vrf_scale.py::test_vrf_route_leak
2024-01-02 23:27:28,986 T0163: INFO  support post-function-epilog test_vrf_route_leak Pass 'Test case passed'
2024-01-02 23:27:28,987 T0164: INFO  #### gw3  routing/VRF/test_vrf_scale.py::test_vrf_route_leak
2024-01-02 23:27:28,988 T0164: INFO  support post-function-epilog test_vrf_route_leak Pass 'Test case passed'
2024-01-02 23:27:36,225 T0170: INFO  #### gw3  routing/VRF/test_vrf_scale.py
2024-01-02 23:27:36,225 T0170: INFO  support pre-function-prolog test_vrf_bgp  ''
2024-01-02 23:27:36,229 T0171: INFO  #### gw3  routing/VRF/test_vrf_scale.py
2024-01-02 23:27:36,229 T0171: INFO  support pre-function-prolog test_vrf_bgp  ''
2024-01-02 23:40:12,822 T0564: WARN  #### gw3  routing/VRF/test_vrf_scale.py::test_vrf_bgp
2024-01-02 23:40:12,823 T0564: WARN  support pre-function-epilog test_vrf_bgp Fail 'Test case Failed.'
2024-01-02 23:40:12,827 T0565: WARN  #### gw3  routing/VRF/test_vrf_scale.py::test_vrf_bgp
2024-01-02 23:40:12,827 T0565: WARN  support pre-function-epilog test_vrf_bgp Fail 'Test case Failed.'
2024-01-02 23:40:13,173 T0566: WARN  #### gw3  routing/VRF/test_vrf_scale.py::test_vrf_bgp
2024-01-02 23:40:13,174 T0566: WARN  support post-function-epilog test_vrf_bgp ignore 'Test case Failed.'
2024-01-02 23:40:13,175 T0567: WARN  #### gw3  routing/VRF/test_vrf_scale.py::test_vrf_bgp
2024-01-02 23:40:13,175 T0567: WARN  support post-function-epilog test_vrf_bgp ignore 'Test case Failed.'
2024-01-02 23:40:20,772 T0573: INFO  #### gw3  routing/VRF/test_vrf_scale.py
2024-01-02 23:40:20,772 T0573: INFO  support pre-function-prolog test_vrf_reload  ''
2024-01-02 23:40:20,777 T0574: INFO  #### gw3  routing/VRF/test_vrf_scale.py
2024-01-02 23:40:20,777 T0574: INFO  support pre-function-prolog test_vrf_reload  ''
2024-01-02 23:42:51,327 T0000: WARN  #### gw3 IGNORED ERROR routing/VRF/test_vrf_scale.py::test_vrf_reload
2024-01-02 23:42:51,327 T0000: WARN  Skipped error checking but detected pattern: containing_python_traceback command: sudo -s fast-reboot
2024-01-02 23:46:38,471 T0000: ERROR #### gw3 WARN routing/VRF/test_vrf_scale.py::test_vrf_reload
2024-01-02 23:46:38,471 T0000: ERROR Traceback (most recent call last):
2024-01-02 23:46:38,471 T0000: ERROR   File "/repo/spytest/net.py", line 1910, in _try
2024-01-02 23:46:38,471 T0000: ERROR     output = hndl.send_command_new(fcli, new_cmd, expect_string,
2024-01-02 23:46:38,471 T0000: ERROR   File "/repo/spytest/access/netmiko_connection.py", line 725, in send_command_new
2024-01-02 23:46:38,471 T0000: ERROR     raise IOError(self.dmsg_str(dbg_msg, msg1))
2024-01-02 23:46:38,471 T0000: ERROR OSError: Prompt Not Detected in DF 2.0: 'admin@sonic:\~\$'
2024-01-02 23:46:38,471 T0000: ERROR =======================FASTER-CLI-DBG===================
2024-01-02 23:46:38,471 T0000: ERROR command_string: show vrf<LF>
2024-01-02 23:46:38,471 T0000: ERROR search_pattern: admin@sonic:\~\$
2024-01-02 23:46:38,471 T0000: ERROR cmd_issued: False
2024-01-02 23:46:38,471 T0000: ERROR CMP-OUT: show vrf<LF><LF>
2024-01-02 23:46:38,471 T0000: ERROR CMP-CMD: show vrf<LF>
2024-01-02 23:46:38,471 T0000: ERROR ECHOED OUTPUT: <LF>
2024-01-02 23:46:38,472 T0000: ERROR CMP-PROMPT: admin@sonic:\~\$
2024-01-02 23:46:38,472 T0000: ERROR CMP-OUTPUT: 
2024-01-02 23:46:38,472 T0000: ERROR CMP-OUTPUT: 
2024-01-02 23:46:38,472 T0000: ERROR Read Data: show vrf
2024-01-02 23:46:38,472 T0000: ERROR =========================================================
2024-01-02 23:46:38,472 T0000: ERROR StackTraceCallStack:
2024-01-02 23:46:38,472 T0000: ERROR [0] spytest/net.py:2138 _send_command output = self._try(access, line, fcli, cmd, expect,
2024-01-02 23:46:38,472 T0000: ERROR [1] spytest/net.py:6125 _send_cmd_opts output = self._send_command(access, cmd, expected_prompt,
2024-01-02 23:46:38,472 T0000: ERROR Truncated...
2024-01-02 23:49:48,464 T0575: WARN  #### gw3  routing/VRF/test_vrf_scale.py::test_vrf_reload
2024-01-02 23:49:48,465 T0575: WARN  support pre-function-epilog test_vrf_reload Fail 'Command 'show vrf' failed to give required prompt, recovered using CR'
2024-01-02 23:49:48,466 T0576: WARN  #### gw3  routing/VRF/test_vrf_scale.py::test_vrf_reload
2024-01-02 23:49:48,467 T0576: WARN  support pre-function-epilog test_vrf_reload Fail 'Command 'show vrf' failed to give required prompt, recovered using CR'
2024-01-02 23:49:49,200 T0577: WARN  #### gw3  routing/VRF/test_vrf_scale.py::test_vrf_reload
2024-01-02 23:49:49,200 T0577: WARN  support post-function-epilog test_vrf_reload ignore 'Command 'show vrf' failed to give required prompt, recovered using CR'
2024-01-02 23:49:49,201 T0578: WARN  #### gw3  routing/VRF/test_vrf_scale.py::test_vrf_reload
2024-01-02 23:49:49,202 T0578: WARN  support post-function-epilog test_vrf_reload ignore 'Command 'show vrf' failed to give required prompt, recovered using CR'
2024-01-02 23:49:49,241 T0579: WARN  #### gw3  routing/VRF/test_vrf_scale.py::test_vrf_reload
2024-01-02 23:49:49,242 T0579: WARN  support pre-module-epilog routing/VRF/test_vrf_scale.py fail ''
2024-01-02 23:49:49,243 T0580: WARN  #### gw3  routing/VRF/test_vrf_scale.py::test_vrf_reload
2024-01-02 23:49:49,243 T0580: WARN  support pre-module-epilog routing/VRF/test_vrf_scale.py fail ''
2024-01-02 23:50:14,274 T0597: WARN  #### gw3  routing/VRF/test_vrf_scale.py::test_vrf_scale
2024-01-02 23:50:14,274 T0597: WARN  support post-module-epilog routing/VRF/test_vrf_scale.py fail ''
2024-01-02 23:50:14,276 T0598: WARN  #### gw3  routing/VRF/test_vrf_scale.py::test_vrf_scale
2024-01-02 23:50:14,276 T0598: WARN  support post-module-epilog routing/VRF/test_vrf_scale.py fail ''
2024-01-02 23:55:52,134 T0648: INFO  #### gw3  
2024-01-02 23:55:52,134 T0648: INFO  support pre-module-prolog system/test_sflow.py  ''
2024-01-02 23:55:52,136 T0649: INFO  #### gw3  
2024-01-02 23:55:52,136 T0649: INFO  support pre-module-prolog system/test_sflow.py  ''
2024-01-02 23:56:50,882 T0673: INFO  #### gw3  system/test_sflow.py
2024-01-02 23:56:50,883 T0673: INFO  support post-module-prolog system/test_sflow.py Pass ''
2024-01-02 23:56:50,886 T0674: INFO  #### gw3  system/test_sflow.py
2024-01-02 23:56:50,886 T0674: INFO  support post-module-prolog system/test_sflow.py Pass ''
2024-01-02 23:57:23,400 T0698: INFO  #### gw3  system/test_sflow.py
2024-01-02 23:57:23,401 T0698: INFO  support pre-function-prolog test_ft_sflow_sampling_v6_sFlow_collector  ''
2024-01-02 23:57:23,405 T0699: INFO  #### gw3  system/test_sflow.py
2024-01-02 23:57:23,405 T0699: INFO  support pre-function-prolog test_ft_sflow_sampling_v6_sFlow_collector  ''
2024-01-02 23:57:23,423 T0700: INFO  #### gw3  system/test_sflow.py::test_ft_sflow_sampling_v6_sFlow_collector
2024-01-02 23:57:23,423 T0700: INFO  support post-function-prolog test_ft_sflow_sampling_v6_sFlow_collector Pass ''
2024-01-02 23:57:23,427 T0701: INFO  #### gw3  system/test_sflow.py::test_ft_sflow_sampling_v6_sFlow_collector
2024-01-02 23:57:23,428 T0701: INFO  support post-function-prolog test_ft_sflow_sampling_v6_sFlow_collector Pass ''
2024-01-02 23:58:00,513 T0704: INFO  #### gw3  system/test_sflow.py::test_ft_sflow_sampling_v6_sFlow_collector
2024-01-02 23:58:00,513 T0704: INFO  support testcase FtOpSfFn008 Pass 'Successfully verified sFlow sampling functionality.'
2024-01-02 23:58:00,514 T0705: INFO  #### gw3  system/test_sflow.py::test_ft_sflow_sampling_v6_sFlow_collector
2024-01-02 23:58:00,515 T0705: INFO  support testcase FtOpSfFn008 Pass 'Successfully verified sFlow sampling functionality.'
2024-01-02 23:59:32,084 T0712: WARN  #### gw3  system/test_sflow.py::test_ft_sflow_sampling_v6_sFlow_collector
2024-01-02 23:59:32,085 T0712: WARN  support testcase FtOpSfFn004 Fail 'sFlow collector failed to receive sflow sample packets with default sampling rate.'
2024-01-02 23:59:32,088 T0713: WARN  #### gw3  system/test_sflow.py::test_ft_sflow_sampling_v6_sFlow_collector
2024-01-02 23:59:32,089 T0713: WARN  support testcase FtOpSfFn004 Fail 'sFlow collector failed to receive sflow sample packets with default sampling rate.'
2024-01-02 23:59:36,356 T0718: WARN  #### gw3  system/test_sflow.py::test_ft_sflow_sampling_v6_sFlow_collector
2024-01-02 23:59:36,357 T0718: WARN  support pre-function-epilog test_ft_sflow_sampling_v6_sFlow_collector Fail 'Test case Failed.'
2024-01-02 23:59:36,360 T0719: WARN  #### gw3  system/test_sflow.py::test_ft_sflow_sampling_v6_sFlow_collector
2024-01-02 23:59:36,361 T0719: WARN  support pre-function-epilog test_ft_sflow_sampling_v6_sFlow_collector Fail 'Test case Failed.'
2024-01-02 23:59:42,286 T0720: WARN  #### gw3  system/test_sflow.py::test_ft_sflow_sampling_v6_sFlow_collector
2024-01-02 23:59:42,286 T0720: WARN  support post-function-epilog test_ft_sflow_sampling_v6_sFlow_collector ignore 'Test case Failed.'
2024-01-02 23:59:42,288 T0721: WARN  #### gw3  system/test_sflow.py::test_ft_sflow_sampling_v6_sFlow_collector
2024-01-02 23:59:42,288 T0721: WARN  support post-function-epilog test_ft_sflow_sampling_v6_sFlow_collector ignore 'Test case Failed.'
2024-01-02 23:59:42,305 T0000: ERROR #### gw3  system/test_sflow.py::test_ft_sflow_sampling_v6_sFlow_collector
2024-01-02 23:59:42,305 T0000: ERROR 

==================== REMOTE ALERTS ============================
################################################################################
drop the rate from 100000 to 100
################################################################################
===============================================================


2024-01-02 23:59:47,538 T0727: INFO  #### gw3  system/test_sflow.py
2024-01-02 23:59:47,538 T0727: INFO  support pre-function-prolog test_ft_sflow_max_sflow_collector_config  ''
2024-01-02 23:59:47,542 T0728: INFO  #### gw3  system/test_sflow.py
2024-01-02 23:59:47,542 T0728: INFO  support pre-function-prolog test_ft_sflow_max_sflow_collector_config  ''
2024-01-02 23:59:47,554 T0729: INFO  #### gw3  system/test_sflow.py::test_ft_sflow_max_sflow_collector_config
2024-01-02 23:59:47,554 T0729: INFO  support post-function-prolog test_ft_sflow_max_sflow_collector_config Pass ''
2024-01-02 23:59:47,556 T0730: INFO  #### gw3  system/test_sflow.py::test_ft_sflow_max_sflow_collector_config
2024-01-02 23:59:47,557 T0730: INFO  support post-function-prolog test_ft_sflow_max_sflow_collector_config Pass ''
2024-01-03 00:00:13,973 T0731: INFO  #### gw3  system/test_sflow.py::test_ft_sflow_max_sflow_collector_config
2024-01-03 00:00:13,974 T0731: INFO  support pre-function-epilog test_ft_sflow_max_sflow_collector_config Pass 'Successfully verified sFlow sampling functionality.'
2024-01-03 00:00:13,975 T0732: INFO  #### gw3  system/test_sflow.py::test_ft_sflow_max_sflow_collector_config
2024-01-03 00:00:13,975 T0732: INFO  support pre-function-epilog test_ft_sflow_max_sflow_collector_config Pass 'Successfully verified sFlow sampling functionality.'
2024-01-03 00:00:13,983 T0733: INFO  #### gw3  system/test_sflow.py::test_ft_sflow_max_sflow_collector_config
2024-01-03 00:00:13,984 T0733: INFO  support post-function-epilog test_ft_sflow_max_sflow_collector_config Pass 'Successfully verified sFlow sampling functionality.'
2024-01-03 00:00:13,986 T0734: INFO  #### gw3  system/test_sflow.py::test_ft_sflow_max_sflow_collector_config
2024-01-03 00:00:13,986 T0734: INFO  support post-function-epilog test_ft_sflow_max_sflow_collector_config Pass 'Successfully verified sFlow sampling functionality.'
2024-01-03 00:00:19,341 T0740: INFO  #### gw3  system/test_sflow.py
2024-01-03 00:00:19,341 T0740: INFO  support pre-function-prolog test_ft_system_config_mgmt_verifying_config_with_save_reboot_sflow  ''
2024-01-03 00:00:19,345 T0741: INFO  #### gw3  system/test_sflow.py
2024-01-03 00:00:19,345 T0741: INFO  support pre-function-prolog test_ft_system_config_mgmt_verifying_config_with_save_reboot_sflow  ''
2024-01-03 00:00:19,356 T0742: INFO  #### gw3  system/test_sflow.py::test_ft_system_config_mgmt_verifying_config_with_save_reboot_sflow
2024-01-03 00:00:19,356 T0742: INFO  support post-function-prolog test_ft_system_config_mgmt_verifying_config_with_save_reboot_sflow Pass ''
2024-01-03 00:00:19,359 T0743: INFO  #### gw3  system/test_sflow.py::test_ft_system_config_mgmt_verifying_config_with_save_reboot_sflow
2024-01-03 00:00:19,359 T0743: INFO  support post-function-prolog test_ft_system_config_mgmt_verifying_config_with_save_reboot_sflow Pass ''
2024-01-03 00:01:10,406 T0000: WARN  #### gw3 IGNORED ERROR system/test_sflow.py::test_ft_system_config_mgmt_verifying_config_with_save_reboot_sflow
2024-01-03 00:01:10,406 T0000: WARN  Skipped error checking but detected pattern: containing_failed command: sudo -s reboot
2024-01-03 00:01:36,602 T0744: INFO  #### gw3  system/test_sflow.py::test_ft_system_config_mgmt_verifying_config_with_save_reboot_sflow
2024-01-03 00:01:36,602 T0744: INFO  support pre-function-epilog test_ft_system_config_mgmt_verifying_config_with_save_reboot_sflow Pass 'Test case passed'
2024-01-03 00:01:36,604 T0745: INFO  #### gw3  system/test_sflow.py::test_ft_system_config_mgmt_verifying_config_with_save_reboot_sflow
2024-01-03 00:01:36,604 T0745: INFO  support pre-function-epilog test_ft_system_config_mgmt_verifying_config_with_save_reboot_sflow Pass 'Test case passed'
2024-01-03 00:01:36,613 T0746: INFO  #### gw3  system/test_sflow.py::test_ft_system_config_mgmt_verifying_config_with_save_reboot_sflow
2024-01-03 00:01:36,613 T0746: INFO  support post-function-epilog test_ft_system_config_mgmt_verifying_config_with_save_reboot_sflow Pass 'Test case passed'
2024-01-03 00:01:36,615 T0747: INFO  #### gw3  system/test_sflow.py::test_ft_system_config_mgmt_verifying_config_with_save_reboot_sflow
2024-01-03 00:01:36,615 T0747: INFO  support post-function-epilog test_ft_system_config_mgmt_verifying_config_with_save_reboot_sflow Pass 'Test case passed'
2024-01-03 00:01:36,660 T0748: WARN  #### gw3  system/test_sflow.py::test_ft_system_config_mgmt_verifying_config_with_save_reboot_sflow
2024-01-03 00:01:36,660 T0748: WARN  support pre-module-epilog system/test_sflow.py fail ''
2024-01-03 00:01:36,663 T0749: WARN  #### gw3  system/test_sflow.py::test_ft_system_config_mgmt_verifying_config_with_save_reboot_sflow
2024-01-03 00:01:36,663 T0749: WARN  support pre-module-epilog system/test_sflow.py fail ''
2024-01-03 00:02:32,005 T0766: ERROR #### gw3 ERROR system/test_sflow.py::test_ft_system_config_mgmt_verifying_config_with_save_reboot_sflow
2024-01-03 00:02:32,005 T0766: ERROR detected pattern: containing_error executing 'sudo -s config interface ip remove Ethernet48 100.168.2.1/24'
2024-01-03 00:02:32,933 T0767: ERROR #### gw3 ERROR system/test_sflow.py::test_ft_system_config_mgmt_verifying_config_with_save_reboot_sflow
2024-01-03 00:02:32,933 T0767: ERROR detected pattern: containing_error executing 'sudo -s config interface ip remove Ethernet48 100.168.2.2/24'
2024-01-03 00:02:32,939 T0768: WARN  #### gw3  system/test_sflow.py::test_ft_system_config_mgmt_verifying_config_with_save_reboot_sflow
2024-01-03 00:02:32,939 T0768: WARN  support post-module-epilog system/test_sflow.py fail ''
2024-01-03 00:02:32,943 T0769: WARN  #### gw3  system/test_sflow.py::test_ft_system_config_mgmt_verifying_config_with_save_reboot_sflow
2024-01-03 00:02:32,943 T0769: WARN  support post-module-epilog system/test_sflow.py fail ''
2024-01-03 00:07:27,250 T0819: INFO  #### gw3  
2024-01-03 00:07:27,250 T0819: INFO  support pre-module-prolog routing/test_ip.py  ''
2024-01-03 00:07:27,252 T0820: INFO  #### gw3  
2024-01-03 00:07:27,252 T0820: INFO  support pre-module-prolog routing/test_ip.py  ''
2024-01-03 00:08:23,784 T0837: INFO  #### gw3  routing/test_ip.py
2024-01-03 00:08:23,785 T0837: INFO  support post-module-prolog routing/test_ip.py Pass ''
2024-01-03 00:08:23,787 T0838: INFO  #### gw3  routing/test_ip.py
2024-01-03 00:08:23,787 T0838: INFO  support post-module-prolog routing/test_ip.py Pass ''
2024-01-03 00:08:56,364 T0862: INFO  #### gw3  routing/test_ip.py
2024-01-03 00:08:56,365 T0862: INFO  support pre-function-prolog test_l3_v4_route_po_1  ''
2024-01-03 00:08:56,368 T0863: INFO  #### gw3  routing/test_ip.py
2024-01-03 00:08:56,369 T0863: INFO  support pre-function-prolog test_l3_v4_route_po_1  ''
2024-01-03 00:08:56,379 T0864: INFO  #### gw3  routing/test_ip.py::test_l3_v4_route_po_1
2024-01-03 00:08:56,379 T0864: INFO  support post-function-prolog test_l3_v4_route_po_1 Pass ''
2024-01-03 00:08:56,381 T0865: INFO  #### gw3  routing/test_ip.py::test_l3_v4_route_po_1
2024-01-03 00:08:56,381 T0865: INFO  support post-function-prolog test_l3_v4_route_po_1 Pass ''
2024-01-03 00:12:38,878 T0866: WARN  #### gw3  routing/test_ip.py::test_l3_v4_route_po_1
2024-01-03 00:12:38,878 T0866: WARN  support pre-function-epilog test_l3_v4_route_po_1 TGenFail 'Traffic generator API Failed with status 209 TX Counter raw_pkt_count is zero for port: port-9'
2024-01-03 00:12:38,882 T0867: WARN  #### gw3  routing/test_ip.py::test_l3_v4_route_po_1
2024-01-03 00:12:38,882 T0867: WARN  support pre-function-epilog test_l3_v4_route_po_1 TGenFail 'Traffic generator API Failed with status 209 TX Counter raw_pkt_count is zero for port: port-9'
2024-01-03 00:12:39,305 T0868: WARN  #### gw3  routing/test_ip.py::test_l3_v4_route_po_1
2024-01-03 00:12:39,306 T0868: WARN  support post-function-epilog test_l3_v4_route_po_1 ignore 'Traffic generator API Failed with status 209 TX Counter raw_pkt_count is zero for port: port-9'
2024-01-03 00:12:39,308 T0869: WARN  #### gw3  routing/test_ip.py::test_l3_v4_route_po_1
2024-01-03 00:12:39,308 T0869: WARN  support post-function-epilog test_l3_v4_route_po_1 ignore 'Traffic generator API Failed with status 209 TX Counter raw_pkt_count is zero for port: port-9'
2024-01-03 00:12:44,644 T0875: INFO  #### gw3  routing/test_ip.py
2024-01-03 00:12:44,645 T0875: INFO  support pre-function-prolog test_ft_ping_v4_v6_vlan  ''
2024-01-03 00:12:44,649 T0876: INFO  #### gw3  routing/test_ip.py
2024-01-03 00:12:44,649 T0876: INFO  support pre-function-prolog test_ft_ping_v4_v6_vlan  ''
2024-01-03 00:12:44,661 T0877: INFO  #### gw3  routing/test_ip.py::test_ft_ping_v4_v6_vlan
2024-01-03 00:12:44,661 T0877: INFO  support post-function-prolog test_ft_ping_v4_v6_vlan Pass ''
2024-01-03 00:12:44,663 T0878: INFO  #### gw3  routing/test_ip.py::test_ft_ping_v4_v6_vlan
2024-01-03 00:12:44,663 T0878: INFO  support post-function-prolog test_ft_ping_v4_v6_vlan Pass ''
2024-01-03 00:12:48,447 T0879: WARN  #### gw3  routing/test_ip.py::test_ft_ping_v4_v6_vlan
2024-01-03 00:12:48,447 T0879: WARN  support pre-function-epilog test_ft_ping_v4_v6_vlan Fail 'Failed to ping ip address 192.168.2.1'
2024-01-03 00:12:48,449 T0880: WARN  #### gw3  routing/test_ip.py::test_ft_ping_v4_v6_vlan
2024-01-03 00:12:48,449 T0880: WARN  support pre-function-epilog test_ft_ping_v4_v6_vlan Fail 'Failed to ping ip address 192.168.2.1'
2024-01-03 00:12:48,805 T0881: WARN  #### gw3  routing/test_ip.py::test_ft_ping_v4_v6_vlan
2024-01-03 00:12:48,806 T0881: WARN  support post-function-epilog test_ft_ping_v4_v6_vlan ignore 'Failed to ping ip address 192.168.2.1'
2024-01-03 00:12:48,807 T0882: WARN  #### gw3  routing/test_ip.py::test_ft_ping_v4_v6_vlan
2024-01-03 00:12:48,807 T0882: WARN  support post-function-epilog test_ft_ping_v4_v6_vlan ignore 'Failed to ping ip address 192.168.2.1'
2024-01-03 00:12:54,032 T0888: INFO  #### gw3  routing/test_ip.py
2024-01-03 00:12:54,033 T0888: INFO  support pre-function-prolog test_ft_ping_v4_v6_after_ip_change_pc  ''
2024-01-03 00:12:54,036 T0889: INFO  #### gw3  routing/test_ip.py
2024-01-03 00:12:54,036 T0889: INFO  support pre-function-prolog test_ft_ping_v4_v6_after_ip_change_pc  ''
2024-01-03 00:12:54,046 T0890: INFO  #### gw3  routing/test_ip.py::test_ft_ping_v4_v6_after_ip_change_pc
2024-01-03 00:12:54,046 T0890: INFO  support post-function-prolog test_ft_ping_v4_v6_after_ip_change_pc Pass ''
2024-01-03 00:12:54,048 T0891: INFO  #### gw3  routing/test_ip.py::test_ft_ping_v4_v6_after_ip_change_pc
2024-01-03 00:12:54,048 T0891: INFO  support post-function-prolog test_ft_ping_v4_v6_after_ip_change_pc Pass ''
2024-01-03 00:12:55,188 T0892: WARN  #### gw3  routing/test_ip.py::test_ft_ping_v4_v6_after_ip_change_pc
2024-01-03 00:12:55,188 T0892: WARN  support pre-function-epilog test_ft_ping_v4_v6_after_ip_change_pc Fail 'Portchannel PortChannel100 on V4 state Up verification failed.'
2024-01-03 00:12:55,190 T0893: WARN  #### gw3  routing/test_ip.py::test_ft_ping_v4_v6_after_ip_change_pc
2024-01-03 00:12:55,190 T0893: WARN  support pre-function-epilog test_ft_ping_v4_v6_after_ip_change_pc Fail 'Portchannel PortChannel100 on V4 state Up verification failed.'
2024-01-03 00:12:55,554 T0894: WARN  #### gw3  routing/test_ip.py::test_ft_ping_v4_v6_after_ip_change_pc
2024-01-03 00:12:55,554 T0894: WARN  support post-function-epilog test_ft_ping_v4_v6_after_ip_change_pc ignore 'Portchannel PortChannel100 on V4 state Up verification failed.'
2024-01-03 00:12:55,556 T0895: WARN  #### gw3  routing/test_ip.py::test_ft_ping_v4_v6_after_ip_change_pc
2024-01-03 00:12:55,556 T0895: WARN  support post-function-epilog test_ft_ping_v4_v6_after_ip_change_pc ignore 'Portchannel PortChannel100 on V4 state Up verification failed.'
2024-01-03 00:13:00,815 T0901: INFO  #### gw3  routing/test_ip.py
2024-01-03 00:13:00,815 T0901: INFO  support pre-function-prolog test_ft_ip6_static_route_traffic_forward_blackhole  ''
2024-01-03 00:13:00,819 T0902: INFO  #### gw3  routing/test_ip.py
2024-01-03 00:13:00,819 T0902: INFO  support pre-function-prolog test_ft_ip6_static_route_traffic_forward_blackhole  ''
2024-01-03 00:13:00,831 T0903: INFO  #### gw3  routing/test_ip.py::test_ft_ip6_static_route_traffic_forward_blackhole
2024-01-03 00:13:00,831 T0903: INFO  support post-function-prolog test_ft_ip6_static_route_traffic_forward_blackhole Pass ''
2024-01-03 00:13:00,833 T0904: INFO  #### gw3  routing/test_ip.py::test_ft_ip6_static_route_traffic_forward_blackhole
2024-01-03 00:13:00,833 T0904: INFO  support post-function-prolog test_ft_ip6_static_route_traffic_forward_blackhole Pass ''
2024-01-03 00:14:01,643 T0905: WARN  #### gw3  routing/test_ip.py::test_ft_ip6_static_route_traffic_forward_blackhole
2024-01-03 00:14:01,644 T0905: WARN  support testcase RIF_COUNT_FUNC_001 Unsupported 'rif counters update unsupported on Physical-Interface routing interface'
2024-01-03 00:14:01,645 T0906: WARN  #### gw3  routing/test_ip.py::test_ft_ip6_static_route_traffic_forward_blackhole
2024-01-03 00:14:01,645 T0906: WARN  support testcase RIF_COUNT_FUNC_001 Unsupported 'rif counters update unsupported on Physical-Interface routing interface'
2024-01-03 00:14:05,608 T0907: WARN  #### gw3  routing/test_ip.py::test_ft_ip6_static_route_traffic_forward_blackhole
2024-01-03 00:14:05,609 T0907: WARN  support pre-function-epilog test_ft_ip6_static_route_traffic_forward_blackhole Fail 'traffic verification is failed'
2024-01-03 00:14:05,610 T0908: WARN  #### gw3  routing/test_ip.py::test_ft_ip6_static_route_traffic_forward_blackhole
2024-01-03 00:14:05,610 T0908: WARN  support pre-function-epilog test_ft_ip6_static_route_traffic_forward_blackhole Fail 'traffic verification is failed'
2024-01-03 00:14:05,994 T0909: WARN  #### gw3  routing/test_ip.py::test_ft_ip6_static_route_traffic_forward_blackhole
2024-01-03 00:14:05,995 T0909: WARN  support post-function-epilog test_ft_ip6_static_route_traffic_forward_blackhole ignore 'traffic verification is failed'
2024-01-03 00:14:05,996 T0910: WARN  #### gw3  routing/test_ip.py::test_ft_ip6_static_route_traffic_forward_blackhole
2024-01-03 00:14:05,997 T0910: WARN  support post-function-epilog test_ft_ip6_static_route_traffic_forward_blackhole ignore 'traffic verification is failed'
2024-01-03 00:14:11,357 T0916: INFO  #### gw3  routing/test_ip.py
2024-01-03 00:14:11,357 T0916: INFO  support pre-function-prolog test_ft_ip_static_route_traffic_forward  ''
2024-01-03 00:14:11,361 T0917: INFO  #### gw3  routing/test_ip.py
2024-01-03 00:14:11,361 T0917: INFO  support pre-function-prolog test_ft_ip_static_route_traffic_forward  ''
2024-01-03 00:14:11,372 T0918: INFO  #### gw3  routing/test_ip.py::test_ft_ip_static_route_traffic_forward
2024-01-03 00:14:11,372 T0918: INFO  support post-function-prolog test_ft_ip_static_route_traffic_forward Pass ''
2024-01-03 00:14:11,374 T0919: INFO  #### gw3  routing/test_ip.py::test_ft_ip_static_route_traffic_forward
2024-01-03 00:14:11,374 T0919: INFO  support post-function-prolog test_ft_ip_static_route_traffic_forward Pass ''
2024-01-03 00:15:03,317 T0920: WARN  #### gw3  routing/test_ip.py::test_ft_ip_static_route_traffic_forward
2024-01-03 00:15:03,317 T0920: WARN  support testcase RIF_COUNT_FUNC_001 Unsupported 'rif counters update unsupported on Physical-Interface routing interface'
2024-01-03 00:15:03,321 T0921: WARN  #### gw3  routing/test_ip.py::test_ft_ip_static_route_traffic_forward
2024-01-03 00:15:03,321 T0921: WARN  support testcase RIF_COUNT_FUNC_001 Unsupported 'rif counters update unsupported on Physical-Interface routing interface'
2024-01-03 00:15:03,334 T0922: WARN  #### gw3  routing/test_ip.py::test_ft_ip_static_route_traffic_forward
2024-01-03 00:15:03,334 T0922: WARN  support testcase RIF_COUNT_FUNC_021 Unsupported 'rif counters update unsupported on Phy_Shut_noShut routing interface'
2024-01-03 00:15:03,337 T0923: WARN  #### gw3  routing/test_ip.py::test_ft_ip_static_route_traffic_forward
2024-01-03 00:15:03,337 T0923: WARN  support testcase RIF_COUNT_FUNC_021 Unsupported 'rif counters update unsupported on Phy_Shut_noShut routing interface'
2024-01-03 00:15:03,344 T0924: INFO  #### gw3  routing/test_ip.py::test_ft_ip_static_route_traffic_forward
2024-01-03 00:15:03,344 T0924: INFO  support testcase RIF_COUNT_FUNC_021 Pass 'rif counters update Successful on Phy_Shut_noShut routing interface'
2024-01-03 00:15:03,346 T0925: INFO  #### gw3  routing/test_ip.py::test_ft_ip_static_route_traffic_forward
2024-01-03 00:15:03,346 T0925: INFO  support testcase RIF_COUNT_FUNC_021 Pass 'rif counters update Successful on Phy_Shut_noShut routing interface'
2024-01-03 00:15:03,350 T0926: INFO  #### gw3  routing/test_ip.py::test_ft_ip_static_route_traffic_forward
2024-01-03 00:15:03,350 T0926: INFO  support testcase RIF_COUNT_FUNC_001 Pass 'rif counters update Successful on Physical_Interface routing interface'
2024-01-03 00:15:03,352 T0927: INFO  #### gw3  routing/test_ip.py::test_ft_ip_static_route_traffic_forward
2024-01-03 00:15:03,352 T0927: INFO  support testcase RIF_COUNT_FUNC_001 Pass 'rif counters update Successful on Physical_Interface routing interface'
2024-01-03 00:15:03,357 T0928: INFO  #### gw3  routing/test_ip.py::test_ft_ip_static_route_traffic_forward
2024-01-03 00:15:03,357 T0928: INFO  support pre-function-epilog test_ft_ip_static_route_traffic_forward Pass 'Test case passed'
2024-01-03 00:15:03,358 T0929: INFO  #### gw3  routing/test_ip.py::test_ft_ip_static_route_traffic_forward
2024-01-03 00:15:03,359 T0929: INFO  support pre-function-epilog test_ft_ip_static_route_traffic_forward Pass 'Test case passed'
2024-01-03 00:15:03,366 T0930: INFO  #### gw3  routing/test_ip.py::test_ft_ip_static_route_traffic_forward
2024-01-03 00:15:03,366 T0930: INFO  support post-function-epilog test_ft_ip_static_route_traffic_forward Pass 'Test case passed'
2024-01-03 00:15:03,368 T0931: INFO  #### gw3  routing/test_ip.py::test_ft_ip_static_route_traffic_forward
2024-01-03 00:15:03,368 T0931: INFO  support post-function-epilog test_ft_ip_static_route_traffic_forward Pass 'Test case passed'
2024-01-03 00:15:08,641 T0937: INFO  #### gw3  routing/test_ip.py
2024-01-03 00:15:08,641 T0937: INFO  support pre-function-prolog test_ft_ip_v4_v6_L2_L3_translation  ''
2024-01-03 00:15:08,645 T0938: INFO  #### gw3  routing/test_ip.py
2024-01-03 00:15:08,646 T0938: INFO  support pre-function-prolog test_ft_ip_v4_v6_L2_L3_translation  ''
2024-01-03 00:15:08,656 T0939: INFO  #### gw3  routing/test_ip.py::test_ft_ip_v4_v6_L2_L3_translation
2024-01-03 00:15:08,656 T0939: INFO  support post-function-prolog test_ft_ip_v4_v6_L2_L3_translation Pass ''
2024-01-03 00:15:08,658 T0940: INFO  #### gw3  routing/test_ip.py::test_ft_ip_v4_v6_L2_L3_translation
2024-01-03 00:15:08,658 T0940: INFO  support post-function-prolog test_ft_ip_v4_v6_L2_L3_translation Pass ''
2024-01-03 00:16:35,623 T0941: INFO  #### gw3  routing/test_ip.py::test_ft_ip_v4_v6_L2_L3_translation
2024-01-03 00:16:35,623 T0941: INFO  support pre-function-epilog test_ft_ip_v4_v6_L2_L3_translation Pass 'Test case passed'
2024-01-03 00:16:35,625 T0942: INFO  #### gw3  routing/test_ip.py::test_ft_ip_v4_v6_L2_L3_translation
2024-01-03 00:16:35,625 T0942: INFO  support pre-function-epilog test_ft_ip_v4_v6_L2_L3_translation Pass 'Test case passed'
2024-01-03 00:16:35,638 T0943: INFO  #### gw3  routing/test_ip.py::test_ft_ip_v4_v6_L2_L3_translation
2024-01-03 00:16:35,638 T0943: INFO  support post-function-epilog test_ft_ip_v4_v6_L2_L3_translation Pass 'Test case passed'
2024-01-03 00:16:35,640 T0944: INFO  #### gw3  routing/test_ip.py::test_ft_ip_v4_v6_L2_L3_translation
2024-01-03 00:16:35,640 T0944: INFO  support post-function-epilog test_ft_ip_v4_v6_L2_L3_translation Pass 'Test case passed'
2024-01-03 00:16:41,837 T0950: INFO  #### gw3  routing/test_ip.py
2024-01-03 00:16:41,837 T0950: INFO  support pre-function-prolog test_ft_verify_interfaces_order  ''
2024-01-03 00:16:41,841 T0951: INFO  #### gw3  routing/test_ip.py
2024-01-03 00:16:41,842 T0951: INFO  support pre-function-prolog test_ft_verify_interfaces_order  ''
2024-01-03 00:16:41,852 T0952: INFO  #### gw3  routing/test_ip.py::test_ft_verify_interfaces_order
2024-01-03 00:16:41,853 T0952: INFO  support post-function-prolog test_ft_verify_interfaces_order Pass ''
2024-01-03 00:16:41,855 T0953: INFO  #### gw3  routing/test_ip.py::test_ft_verify_interfaces_order
2024-01-03 00:16:41,855 T0953: INFO  support post-function-prolog test_ft_verify_interfaces_order Pass ''
2024-01-03 00:16:41,861 T0954: INFO  #### gw3  routing/test_ip.py::test_ft_verify_interfaces_order
2024-01-03 00:16:41,861 T0954: INFO  support post-function-prolog test_ft_verify_interfaces_order Pass ''
2024-01-03 00:16:41,863 T0955: INFO  #### gw3  routing/test_ip.py::test_ft_verify_interfaces_order
2024-01-03 00:16:41,863 T0955: INFO  support post-function-prolog test_ft_verify_interfaces_order Pass ''
2024-01-03 00:16:54,200 T0956: INFO  #### gw3  routing/test_ip.py::test_ft_verify_interfaces_order
2024-01-03 00:16:54,200 T0956: INFO  support pre-function-epilog test_ft_verify_interfaces_order Pass 'Test case passed'
2024-01-03 00:16:54,202 T0957: INFO  #### gw3  routing/test_ip.py::test_ft_verify_interfaces_order
2024-01-03 00:16:54,202 T0957: INFO  support pre-function-epilog test_ft_verify_interfaces_order Pass 'Test case passed'
2024-01-03 00:17:06,766 T0958: INFO  #### gw3  routing/test_ip.py::test_ft_verify_interfaces_order
2024-01-03 00:17:06,766 T0958: INFO  support post-function-epilog test_ft_verify_interfaces_order Pass 'Test case passed'
2024-01-03 00:17:06,768 T0959: INFO  #### gw3  routing/test_ip.py::test_ft_verify_interfaces_order
2024-01-03 00:17:06,768 T0959: INFO  support post-function-epilog test_ft_verify_interfaces_order Pass 'Test case passed'
2024-01-03 00:17:06,797 T0960: WARN  #### gw3  routing/test_ip.py::test_ft_verify_interfaces_order
2024-01-03 00:17:06,797 T0960: WARN  support pre-module-epilog routing/test_ip.py fail ''
2024-01-03 00:17:06,799 T0961: WARN  #### gw3  routing/test_ip.py::test_ft_verify_interfaces_order
2024-01-03 00:17:06,799 T0961: WARN  support pre-module-epilog routing/test_ip.py fail ''
2024-01-03 00:17:54,014 T0986: WARN  #### gw3  routing/test_ip.py::test_ft_verify_interfaces_order
2024-01-03 00:17:54,015 T0986: WARN  support post-module-epilog routing/test_ip.py fail ''
2024-01-03 00:17:54,019 T0987: WARN  #### gw3  routing/test_ip.py::test_ft_verify_interfaces_order
2024-01-03 00:17:54,019 T0987: WARN  support post-module-epilog routing/test_ip.py fail ''
2024-01-03 00:20:09,091 T1026: WARN  #### gw3  batch/test_spytest_infra_1.py::test_spytest_infra_last
2024-01-03 00:20:09,092 T1026: WARN  support session-epilog session pass ''
2024-01-03 00:20:09,093 T1027: WARN  #### gw3  batch/test_spytest_infra_1.py::test_spytest_infra_last
2024-01-03 00:20:09,093 T1027: WARN  support session-epilog session pass ''
