2024-01-03 22:58:16,285 T0017: WARN  #### gw3  
2024-01-03 22:58:16,285 T0017: WARN  support post-session-prolog session pass ''
2024-01-03 22:58:16,287 T0018: WARN  #### gw3  
2024-01-03 22:58:16,287 T0018: WARN  support post-session-prolog session pass ''
2024-01-03 22:59:04,890 T0071: INFO  #### gw3  
2024-01-03 22:59:04,890 T0071: INFO  support pre-module-prolog routing/VRF/test_vrf_scale.py  ''
2024-01-03 22:59:04,892 T0072: INFO  #### gw3  
2024-01-03 22:59:04,893 T0072: INFO  support pre-module-prolog routing/VRF/test_vrf_scale.py  ''
2024-01-03 23:21:23,690 T0117: INFO  #### gw3  routing/VRF/test_vrf_scale.py
2024-01-03 23:21:23,690 T0117: INFO  support post-module-prolog routing/VRF/test_vrf_scale.py Pass ''
2024-01-03 23:21:23,692 T0118: INFO  #### gw3  routing/VRF/test_vrf_scale.py
2024-01-03 23:21:23,692 T0118: INFO  support post-module-prolog routing/VRF/test_vrf_scale.py Pass ''
2024-01-03 23:21:59,491 T0142: INFO  #### gw3  routing/VRF/test_vrf_scale.py
2024-01-03 23:21:59,491 T0142: INFO  support pre-function-prolog test_vrf_scale  ''
2024-01-03 23:21:59,495 T0143: INFO  #### gw3  routing/VRF/test_vrf_scale.py
2024-01-03 23:21:59,496 T0143: INFO  support pre-function-prolog test_vrf_scale  ''
2024-01-03 23:21:59,508 T0144: INFO  #### gw3  routing/VRF/test_vrf_scale.py::test_vrf_scale
2024-01-03 23:21:59,508 T0144: INFO  support post-function-prolog test_vrf_scale Pass ''
2024-01-03 23:21:59,510 T0145: INFO  #### gw3  routing/VRF/test_vrf_scale.py::test_vrf_scale
2024-01-03 23:21:59,510 T0145: INFO  support post-function-prolog test_vrf_scale Pass ''
2024-01-03 23:25:21,543 T0000: ERROR #### gw3 WARN routing/VRF/test_vrf_scale.py::test_vrf_scale
2024-01-03 23:25:21,543 T0000: ERROR Traceback (most recent call last):
2024-01-03 23:25:21,543 T0000: ERROR   File "/repo/spytest/net.py", line 1910, in _try
2024-01-03 23:25:21,543 T0000: ERROR     output = hndl.send_command_new(fcli, new_cmd, expect_string,
2024-01-03 23:25:21,543 T0000: ERROR   File "/repo/spytest/access/netmiko_connection.py", line 725, in send_command_new
2024-01-03 23:25:21,543 T0000: ERROR     raise IOError(self.dmsg_str(dbg_msg, msg1))
2024-01-03 23:25:21,543 T0000: ERROR OSError: Prompt Not Detected in DF 2.0: 'admin@sonic:\~\$'
2024-01-03 23:25:21,543 T0000: ERROR =======================FASTER-CLI-DBG===================
2024-01-03 23:25:21,543 T0000: ERROR command_string: show vrf<LF>
2024-01-03 23:25:21,543 T0000: ERROR search_pattern: admin@sonic:\~\$
2024-01-03 23:25:21,543 T0000: ERROR cmd_issued: False
2024-01-03 23:25:21,543 T0000: ERROR CMP-OUT: show vrf<LF><LF>
2024-01-03 23:25:21,543 T0000: ERROR CMP-CMD: show vrf<LF>
2024-01-03 23:25:21,543 T0000: ERROR ECHOED OUTPUT: <LF>
2024-01-03 23:25:21,543 T0000: ERROR CMP-PROMPT: admin@sonic:\~\$
2024-01-03 23:25:21,543 T0000: ERROR CMP-OUTPUT: 
2024-01-03 23:25:21,543 T0000: ERROR CMP-OUTPUT: 
2024-01-03 23:25:21,543 T0000: ERROR Read Data: show vrf
2024-01-03 23:25:21,543 T0000: ERROR =========================================================
2024-01-03 23:25:21,543 T0000: ERROR StackTraceCallStack:
2024-01-03 23:25:21,543 T0000: ERROR [0] spytest/net.py:2138 _send_command output = self._try(access, line, fcli, cmd, expect,
2024-01-03 23:25:21,543 T0000: ERROR [1] spytest/net.py:6125 _send_cmd_opts output = self._send_command(access, cmd, expected_prompt,
2024-01-03 23:25:21,543 T0000: ERROR Truncated...
2024-01-03 23:28:43,325 T0146: WARN  #### gw3  routing/VRF/test_vrf_scale.py::test_vrf_scale
2024-01-03 23:28:43,326 T0146: WARN  support pre-function-epilog test_vrf_scale Fail 'Command 'show vrf' failed to give required prompt, recovered using CR'
2024-01-03 23:28:43,327 T0147: WARN  #### gw3  routing/VRF/test_vrf_scale.py::test_vrf_scale
2024-01-03 23:28:43,327 T0147: WARN  support pre-function-epilog test_vrf_scale Fail 'Command 'show vrf' failed to give required prompt, recovered using CR'
2024-01-03 23:28:44,163 T0148: WARN  #### gw3  routing/VRF/test_vrf_scale.py::test_vrf_scale
2024-01-03 23:28:44,163 T0148: WARN  support post-function-epilog test_vrf_scale ignore 'Command 'show vrf' failed to give required prompt, recovered using CR'
2024-01-03 23:28:44,165 T0149: WARN  #### gw3  routing/VRF/test_vrf_scale.py::test_vrf_scale
2024-01-03 23:28:44,165 T0149: WARN  support post-function-epilog test_vrf_scale ignore 'Command 'show vrf' failed to give required prompt, recovered using CR'
2024-01-03 23:28:50,849 T0155: INFO  #### gw3  routing/VRF/test_vrf_scale.py
2024-01-03 23:28:50,850 T0155: INFO  support pre-function-prolog test_vrf_route_leak  ''
2024-01-03 23:28:50,854 T0156: INFO  #### gw3  routing/VRF/test_vrf_scale.py
2024-01-03 23:28:50,854 T0156: INFO  support pre-function-prolog test_vrf_route_leak  ''
2024-01-03 23:30:52,206 T0161: INFO  #### gw3  routing/VRF/test_vrf_scale.py::test_vrf_route_leak
2024-01-03 23:30:52,206 T0161: INFO  support pre-function-epilog test_vrf_route_leak Pass 'Test case passed'
2024-01-03 23:30:52,207 T0162: INFO  #### gw3  routing/VRF/test_vrf_scale.py::test_vrf_route_leak
2024-01-03 23:30:52,208 T0162: INFO  support pre-function-epilog test_vrf_route_leak Pass 'Test case passed'
2024-01-03 23:30:52,215 T0163: INFO  #### gw3  routing/VRF/test_vrf_scale.py::test_vrf_route_leak
2024-01-03 23:30:52,215 T0163: INFO  support post-function-epilog test_vrf_route_leak Pass 'Test case passed'
2024-01-03 23:30:52,217 T0164: INFO  #### gw3  routing/VRF/test_vrf_scale.py::test_vrf_route_leak
2024-01-03 23:30:52,217 T0164: INFO  support post-function-epilog test_vrf_route_leak Pass 'Test case passed'
2024-01-03 23:30:59,914 T0170: INFO  #### gw3  routing/VRF/test_vrf_scale.py
2024-01-03 23:30:59,915 T0170: INFO  support pre-function-prolog test_vrf_bgp  ''
2024-01-03 23:30:59,918 T0171: INFO  #### gw3  routing/VRF/test_vrf_scale.py
2024-01-03 23:30:59,918 T0171: INFO  support pre-function-prolog test_vrf_bgp  ''
2024-01-03 23:43:36,804 T0564: WARN  #### gw3  routing/VRF/test_vrf_scale.py::test_vrf_bgp
2024-01-03 23:43:36,804 T0564: WARN  support pre-function-epilog test_vrf_bgp Fail 'Test case Failed.'
2024-01-03 23:43:36,808 T0565: WARN  #### gw3  routing/VRF/test_vrf_scale.py::test_vrf_bgp
2024-01-03 23:43:36,808 T0565: WARN  support pre-function-epilog test_vrf_bgp Fail 'Test case Failed.'
2024-01-03 23:43:37,201 T0566: WARN  #### gw3  routing/VRF/test_vrf_scale.py::test_vrf_bgp
2024-01-03 23:43:37,201 T0566: WARN  support post-function-epilog test_vrf_bgp ignore 'Test case Failed.'
2024-01-03 23:43:37,203 T0567: WARN  #### gw3  routing/VRF/test_vrf_scale.py::test_vrf_bgp
2024-01-03 23:43:37,203 T0567: WARN  support post-function-epilog test_vrf_bgp ignore 'Test case Failed.'
2024-01-03 23:43:44,856 T0573: INFO  #### gw3  routing/VRF/test_vrf_scale.py
2024-01-03 23:43:44,857 T0573: INFO  support pre-function-prolog test_vrf_reload  ''
2024-01-03 23:43:44,861 T0574: INFO  #### gw3  routing/VRF/test_vrf_scale.py
2024-01-03 23:43:44,861 T0574: INFO  support pre-function-prolog test_vrf_reload  ''
2024-01-03 23:46:27,700 T0000: WARN  #### gw3 IGNORED ERROR routing/VRF/test_vrf_scale.py::test_vrf_reload
2024-01-03 23:46:27,700 T0000: WARN  Skipped error checking but detected pattern: containing_python_traceback command: sudo -s fast-reboot
2024-01-03 23:50:15,051 T0000: ERROR #### gw3 WARN routing/VRF/test_vrf_scale.py::test_vrf_reload
2024-01-03 23:50:15,051 T0000: ERROR Traceback (most recent call last):
2024-01-03 23:50:15,051 T0000: ERROR   File "/repo/spytest/net.py", line 1910, in _try
2024-01-03 23:50:15,051 T0000: ERROR     output = hndl.send_command_new(fcli, new_cmd, expect_string,
2024-01-03 23:50:15,051 T0000: ERROR   File "/repo/spytest/access/netmiko_connection.py", line 725, in send_command_new
2024-01-03 23:50:15,051 T0000: ERROR     raise IOError(self.dmsg_str(dbg_msg, msg1))
2024-01-03 23:50:15,051 T0000: ERROR OSError: Prompt Not Detected in DF 2.0: 'admin@sonic:\~\$'
2024-01-03 23:50:15,051 T0000: ERROR =======================FASTER-CLI-DBG===================
2024-01-03 23:50:15,051 T0000: ERROR command_string: show vrf<LF>
2024-01-03 23:50:15,051 T0000: ERROR search_pattern: admin@sonic:\~\$
2024-01-03 23:50:15,051 T0000: ERROR cmd_issued: False
2024-01-03 23:50:15,051 T0000: ERROR CMP-OUT: show vrf<LF><LF>
2024-01-03 23:50:15,051 T0000: ERROR CMP-CMD: show vrf<LF>
2024-01-03 23:50:15,051 T0000: ERROR ECHOED OUTPUT: <LF>
2024-01-03 23:50:15,051 T0000: ERROR CMP-PROMPT: admin@sonic:\~\$
2024-01-03 23:50:15,051 T0000: ERROR CMP-OUTPUT: 
2024-01-03 23:50:15,051 T0000: ERROR CMP-OUTPUT: 
2024-01-03 23:50:15,051 T0000: ERROR Read Data: show vrf
2024-01-03 23:50:15,051 T0000: ERROR =========================================================
2024-01-03 23:50:15,051 T0000: ERROR StackTraceCallStack:
2024-01-03 23:50:15,051 T0000: ERROR [0] spytest/net.py:2138 _send_command output = self._try(access, line, fcli, cmd, expect,
2024-01-03 23:50:15,051 T0000: ERROR [1] spytest/net.py:6125 _send_cmd_opts output = self._send_command(access, cmd, expected_prompt,
2024-01-03 23:50:15,051 T0000: ERROR Truncated...
2024-01-03 23:53:25,033 T0575: WARN  #### gw3  routing/VRF/test_vrf_scale.py::test_vrf_reload
2024-01-03 23:53:25,033 T0575: WARN  support pre-function-epilog test_vrf_reload Fail 'Command 'show vrf' failed to give required prompt, recovered using CR'
2024-01-03 23:53:25,035 T0576: WARN  #### gw3  routing/VRF/test_vrf_scale.py::test_vrf_reload
2024-01-03 23:53:25,035 T0576: WARN  support pre-function-epilog test_vrf_reload Fail 'Command 'show vrf' failed to give required prompt, recovered using CR'
2024-01-03 23:53:25,843 T0577: WARN  #### gw3  routing/VRF/test_vrf_scale.py::test_vrf_reload
2024-01-03 23:53:25,843 T0577: WARN  support post-function-epilog test_vrf_reload ignore 'Command 'show vrf' failed to give required prompt, recovered using CR'
2024-01-03 23:53:25,844 T0578: WARN  #### gw3  routing/VRF/test_vrf_scale.py::test_vrf_reload
2024-01-03 23:53:25,844 T0578: WARN  support post-function-epilog test_vrf_reload ignore 'Command 'show vrf' failed to give required prompt, recovered using CR'
2024-01-03 23:53:25,880 T0579: WARN  #### gw3  routing/VRF/test_vrf_scale.py::test_vrf_reload
2024-01-03 23:53:25,880 T0579: WARN  support pre-module-epilog routing/VRF/test_vrf_scale.py fail ''
2024-01-03 23:53:25,882 T0580: WARN  #### gw3  routing/VRF/test_vrf_scale.py::test_vrf_reload
2024-01-03 23:53:25,882 T0580: WARN  support pre-module-epilog routing/VRF/test_vrf_scale.py fail ''
2024-01-03 23:53:50,155 T0597: WARN  #### gw3  routing/VRF/test_vrf_scale.py::test_vrf_scale
2024-01-03 23:53:50,155 T0597: WARN  support post-module-epilog routing/VRF/test_vrf_scale.py fail ''
2024-01-03 23:53:50,157 T0598: WARN  #### gw3  routing/VRF/test_vrf_scale.py::test_vrf_scale
2024-01-03 23:53:50,157 T0598: WARN  support post-module-epilog routing/VRF/test_vrf_scale.py fail ''
2024-01-03 23:59:58,014 T0644: ERROR #### gw3 WARN 
2024-01-03 23:59:58,014 T0644: ERROR Traceback (most recent call last):
2024-01-03 23:59:58,014 T0644: ERROR   File "/repo/spytest/net.py", line 1910, in _try
2024-01-03 23:59:58,014 T0644: ERROR     output = hndl.send_command_new(fcli, new_cmd, expect_string,
2024-01-03 23:59:58,014 T0644: ERROR   File "/repo/spytest/access/netmiko_connection.py", line 725, in send_command_new
2024-01-03 23:59:58,014 T0644: ERROR     raise IOError(self.dmsg_str(dbg_msg, msg1))
2024-01-03 23:59:58,014 T0644: ERROR OSError: Prompt Not Detected in DF 2.0: '(sonic|sonic)#'
2024-01-03 23:59:58,014 T0644: ERROR =======================FASTER-CLI-DBG===================
2024-01-03 23:59:58,014 T0644: ERROR command_string: sudo vtysh<LF>
2024-01-03 23:59:58,014 T0644: ERROR search_pattern: (sonic|sonic)#
2024-01-03 23:59:58,014 T0644: ERROR cmd_issued: False
2024-01-03 23:59:58,014 T0644: ERROR CMP-OUT: sudo vtysh<LF><LF>
2024-01-03 23:59:58,014 T0644: ERROR CMP-CMD: sudo vtysh<LF>
2024-01-03 23:59:58,014 T0644: ERROR ECHOED OUTPUT: <LF>
2024-01-03 23:59:58,014 T0644: ERROR CMP-PROMPT: (sonic|sonic)#
2024-01-03 23:59:58,014 T0644: ERROR CMP-OUTPUT: 
2024-01-03 23:59:58,014 T0644: ERROR CMP-OUTPUT: 
2024-01-03 23:59:58,014 T0644: ERROR cmd_issued: True
2024-01-03 23:59:58,014 T0644: ERROR CMP-PROMPT: (sonic|sonic)#
2024-01-03 23:59:58,014 T0644: ERROR CMP-OUTPUT: Error response from daemon: Container cea941fba0f4e96e64a641817da5e7d595b82ef50747e32249df6fbd787d8968 is not running
2024-01-03 23:59:58,014 T0644: ERROR CMP-OUTPUT:  admin@sonic:~$ 
2024-01-03 23:59:58,014 T0644: ERROR CMP-OUTPUT: 
2024-01-03 23:59:58,014 T0644: ERROR Truncated...
2024-01-04 00:00:00,734 T0644: WARN  #### gw3  
2024-01-04 00:00:00,734 T0644: WARN  support function  ConfigFail 'Command 'sudo vtysh' failed to give required prompt, recovered using CR'
