2023-12-29 00:48:36,366 T0021: WARN  #### gw3  
2023-12-29 00:48:36,367 T0021: WARN  support post-session-prolog session pass ''
2023-12-29 00:48:36,368 T0022: WARN  #### gw3  
2023-12-29 00:48:36,368 T0022: WARN  support post-session-prolog session pass ''
2023-12-29 00:49:04,834 T0067: INFO  #### gw3  
2023-12-29 00:49:04,835 T0067: INFO  support pre-module-prolog routing/VRF/test_vrf.py  ''
2023-12-29 00:49:04,838 T0068: INFO  #### gw3  
2023-12-29 00:49:04,839 T0068: INFO  support pre-module-prolog routing/VRF/test_vrf.py  ''
2023-12-29 00:56:39,213 T0207: INFO  #### gw3  routing/VRF/test_vrf.py
2023-12-29 00:56:39,214 T0207: INFO  support post-module-prolog routing/VRF/test_vrf.py Pass ''
2023-12-29 00:56:39,216 T0208: INFO  #### gw3  routing/VRF/test_vrf.py
2023-12-29 00:56:39,216 T0208: INFO  support post-module-prolog routing/VRF/test_vrf.py Pass ''
2023-12-29 00:56:52,011 T0224: INFO  #### gw3  routing/VRF/test_vrf.py
2023-12-29 00:56:52,011 T0224: INFO  support pre-function-prolog test_VrfFun001_06  ''
2023-12-29 00:56:52,016 T0225: INFO  #### gw3  routing/VRF/test_vrf.py
2023-12-29 00:56:52,016 T0225: INFO  support pre-function-prolog test_VrfFun001_06  ''
2023-12-29 00:56:55,321 T0226: WARN  #### gw3  routing/VRF/test_vrf.py::test_VrfFun001_06
2023-12-29 00:56:55,322 T0226: WARN  support pre-function-epilog test_VrfFun001_06 DUTFail 'config command 'sudo sonic_installer list' failed'
2023-12-29 00:56:55,323 T0227: WARN  #### gw3  routing/VRF/test_vrf.py::test_VrfFun001_06
2023-12-29 00:56:55,324 T0227: WARN  support pre-function-epilog test_VrfFun001_06 DUTFail 'config command 'sudo sonic_installer list' failed'
2023-12-29 00:56:56,461 T0228: WARN  #### gw3  routing/VRF/test_vrf.py::test_VrfFun001_06
2023-12-29 00:56:56,461 T0228: WARN  support post-function-epilog test_VrfFun001_06 ignore 'config command 'sudo sonic_installer list' failed'
2023-12-29 00:56:56,462 T0229: WARN  #### gw3  routing/VRF/test_vrf.py::test_VrfFun001_06
2023-12-29 00:56:56,463 T0229: WARN  support post-function-epilog test_VrfFun001_06 ignore 'config command 'sudo sonic_installer list' failed'
2023-12-29 00:57:01,244 T0235: INFO  #### gw3  routing/VRF/test_vrf.py
2023-12-29 00:57:01,244 T0235: INFO  support pre-function-prolog test_VrfFun_26_27  ''
2023-12-29 00:57:01,249 T0236: INFO  #### gw3  routing/VRF/test_vrf.py
2023-12-29 00:57:01,249 T0236: INFO  support pre-function-prolog test_VrfFun_26_27  ''
2023-12-29 00:57:24,417 T0237: INFO  #### gw3  routing/VRF/test_vrf.py::test_VrfFun_26_27
2023-12-29 00:57:24,417 T0237: INFO  support pre-function-epilog test_VrfFun_26_27 Pass 'Test case passed'
2023-12-29 00:57:24,419 T0238: INFO  #### gw3  routing/VRF/test_vrf.py::test_VrfFun_26_27
2023-12-29 00:57:24,419 T0238: INFO  support pre-function-epilog test_VrfFun_26_27 Pass 'Test case passed'
2023-12-29 00:57:24,428 T0239: INFO  #### gw3  routing/VRF/test_vrf.py::test_VrfFun_26_27
2023-12-29 00:57:24,428 T0239: INFO  support post-function-epilog test_VrfFun_26_27 Pass 'Test case passed'
2023-12-29 00:57:24,430 T0240: INFO  #### gw3  routing/VRF/test_vrf.py::test_VrfFun_26_27
2023-12-29 00:57:24,430 T0240: INFO  support post-function-epilog test_VrfFun_26_27 Pass 'Test case passed'
2023-12-29 00:57:30,670 T0246: INFO  #### gw3  routing/VRF/test_vrf.py
2023-12-29 00:57:30,671 T0246: INFO  support pre-function-prolog test_VrfFun_10_12_14  ''
2023-12-29 00:57:30,675 T0247: INFO  #### gw3  routing/VRF/test_vrf.py
2023-12-29 00:57:30,675 T0247: INFO  support pre-function-prolog test_VrfFun_10_12_14  ''
2023-12-29 00:57:30,685 T0248: INFO  #### gw3  routing/VRF/test_vrf.py::test_VrfFun_10_12_14
2023-12-29 00:57:30,686 T0248: INFO  support post-function-prolog test_VrfFun_10_12_14 Pass ''
2023-12-29 00:57:30,687 T0249: INFO  #### gw3  routing/VRF/test_vrf.py::test_VrfFun_10_12_14
2023-12-29 00:57:30,687 T0249: INFO  support post-function-prolog test_VrfFun_10_12_14 Pass ''
2023-12-29 00:58:00,148 T0268: INFO  #### gw3  routing/VRF/test_vrf.py::test_VrfFun_10_12_14
2023-12-29 00:58:00,148 T0268: INFO  support pre-function-epilog test_VrfFun_10_12_14 Pass 'Test case passed'
2023-12-29 00:58:00,150 T0269: INFO  #### gw3  routing/VRF/test_vrf.py::test_VrfFun_10_12_14
2023-12-29 00:58:00,150 T0269: INFO  support pre-function-epilog test_VrfFun_10_12_14 Pass 'Test case passed'
2023-12-29 00:59:14,669 T0306: INFO  #### gw3  routing/VRF/test_vrf.py::test_VrfFun_10_12_14
2023-12-29 00:59:14,670 T0306: INFO  support post-function-epilog test_VrfFun_10_12_14 Pass 'Test case passed'
2023-12-29 00:59:14,671 T0307: INFO  #### gw3  routing/VRF/test_vrf.py::test_VrfFun_10_12_14
2023-12-29 00:59:14,671 T0307: INFO  support post-function-epilog test_VrfFun_10_12_14 Pass 'Test case passed'
2023-12-29 00:59:20,647 T0313: INFO  #### gw3  routing/VRF/test_vrf.py
2023-12-29 00:59:20,648 T0313: INFO  support pre-function-prolog test_VrfFun_20_24_25_32_33_44_45  ''
2023-12-29 00:59:20,652 T0314: INFO  #### gw3  routing/VRF/test_vrf.py
2023-12-29 00:59:20,652 T0314: INFO  support pre-function-prolog test_VrfFun_20_24_25_32_33_44_45  ''
2023-12-29 00:59:20,662 T0315: INFO  #### gw3  routing/VRF/test_vrf.py::test_VrfFun_20_24_25_32_33_44_45
2023-12-29 00:59:20,662 T0315: INFO  support post-function-prolog test_VrfFun_20_24_25_32_33_44_45 Pass ''
2023-12-29 00:59:20,664 T0316: INFO  #### gw3  routing/VRF/test_vrf.py::test_VrfFun_20_24_25_32_33_44_45
2023-12-29 00:59:20,664 T0316: INFO  support post-function-prolog test_VrfFun_20_24_25_32_33_44_45 Pass ''
2023-12-29 00:59:45,659 T0325: INFO  #### gw3  routing/VRF/test_vrf.py::test_VrfFun_20_24_25_32_33_44_45
2023-12-29 00:59:45,660 T0325: INFO  support pre-function-epilog test_VrfFun_20_24_25_32_33_44_45 Pass 'Test case passed'
2023-12-29 00:59:45,661 T0326: INFO  #### gw3  routing/VRF/test_vrf.py::test_VrfFun_20_24_25_32_33_44_45
2023-12-29 00:59:45,661 T0326: INFO  support pre-function-epilog test_VrfFun_20_24_25_32_33_44_45 Pass 'Test case passed'
2023-12-29 00:59:58,255 T0335: INFO  #### gw3  routing/VRF/test_vrf.py::test_VrfFun_20_24_25_32_33_44_45
2023-12-29 00:59:58,256 T0335: INFO  support post-function-epilog test_VrfFun_20_24_25_32_33_44_45 Pass 'Test case passed'
2023-12-29 00:59:58,260 T0336: INFO  #### gw3  routing/VRF/test_vrf.py::test_VrfFun_20_24_25_32_33_44_45
2023-12-29 00:59:58,260 T0336: INFO  support post-function-epilog test_VrfFun_20_24_25_32_33_44_45 Pass 'Test case passed'
2023-12-29 01:00:04,267 T0342: INFO  #### gw3  routing/VRF/test_vrf.py
2023-12-29 01:00:04,267 T0342: INFO  support pre-function-prolog test_VrfFun_05_50  ''
2023-12-29 01:00:04,271 T0343: INFO  #### gw3  routing/VRF/test_vrf.py
2023-12-29 01:00:04,271 T0343: INFO  support pre-function-prolog test_VrfFun_05_50  ''
2023-12-29 01:00:15,762 T0000: WARN  #### gw3 IGNORED ERROR routing/VRF/test_vrf.py::test_VrfFun_05_50
2023-12-29 01:00:15,762 T0000: WARN  Skipped error checking but detected pattern: containing_python_traceback command: sudo -s fast-reboot
2023-12-29 01:06:55,740 T0346: INFO  #### gw3  routing/VRF/test_vrf.py::test_VrfFun_05_50
2023-12-29 01:06:55,740 T0346: INFO  support pre-function-epilog test_VrfFun_05_50 Pass 'Test case passed'
2023-12-29 01:06:55,742 T0347: INFO  #### gw3  routing/VRF/test_vrf.py::test_VrfFun_05_50
2023-12-29 01:06:55,742 T0347: INFO  support pre-function-epilog test_VrfFun_05_50 Pass 'Test case passed'
2023-12-29 01:06:55,752 T0348: INFO  #### gw3  routing/VRF/test_vrf.py::test_VrfFun_05_50
2023-12-29 01:06:55,752 T0348: INFO  support post-function-epilog test_VrfFun_05_50 Pass 'Test case passed'
2023-12-29 01:06:55,754 T0349: INFO  #### gw3  routing/VRF/test_vrf.py::test_VrfFun_05_50
2023-12-29 01:06:55,754 T0349: INFO  support post-function-epilog test_VrfFun_05_50 Pass 'Test case passed'
2023-12-29 01:06:55,790 T0350: WARN  #### gw3  routing/VRF/test_vrf.py::test_VrfFun_05_50
2023-12-29 01:06:55,791 T0350: WARN  support pre-module-epilog routing/VRF/test_vrf.py fail ''
2023-12-29 01:06:55,793 T0351: WARN  #### gw3  routing/VRF/test_vrf.py::test_VrfFun_05_50
2023-12-29 01:06:55,793 T0351: WARN  support pre-module-epilog routing/VRF/test_vrf.py fail ''
2023-12-29 01:07:00,323 T0360: WARN  #### gw3  routing/VRF/test_vrf.py::test_VrfFun_10_12_14
2023-12-29 01:07:00,323 T0360: WARN  support post-module-epilog routing/VRF/test_vrf.py fail ''
2023-12-29 01:07:00,327 T0361: WARN  #### gw3  routing/VRF/test_vrf.py::test_VrfFun_10_12_14
2023-12-29 01:07:00,327 T0361: WARN  support post-module-epilog routing/VRF/test_vrf.py fail ''
2023-12-29 01:09:03,682 T0412: INFO  #### gw3  
2023-12-29 01:09:03,682 T0412: INFO  support pre-module-prolog routing/VRF/test_vrf_scale.py  ''
2023-12-29 01:09:03,685 T0413: INFO  #### gw3  
2023-12-29 01:09:03,685 T0413: INFO  support pre-module-prolog routing/VRF/test_vrf_scale.py  ''
2023-12-29 01:36:49,860 T0442: INFO  #### gw3  routing/VRF/test_vrf_scale.py
2023-12-29 01:36:49,860 T0442: INFO  support post-module-prolog routing/VRF/test_vrf_scale.py Pass ''
2023-12-29 01:36:49,866 T0443: INFO  #### gw3  routing/VRF/test_vrf_scale.py
2023-12-29 01:36:49,866 T0443: INFO  support post-module-prolog routing/VRF/test_vrf_scale.py Pass ''
2023-12-29 01:37:05,776 T0459: INFO  #### gw3  routing/VRF/test_vrf_scale.py
2023-12-29 01:37:05,776 T0459: INFO  support pre-function-prolog test_vrf_scale  ''
2023-12-29 01:37:05,780 T0460: INFO  #### gw3  routing/VRF/test_vrf_scale.py
2023-12-29 01:37:05,780 T0460: INFO  support pre-function-prolog test_vrf_scale  ''
2023-12-29 01:37:05,792 T0461: INFO  #### gw3  routing/VRF/test_vrf_scale.py::test_vrf_scale
2023-12-29 01:37:05,793 T0461: INFO  support post-function-prolog test_vrf_scale Pass ''
2023-12-29 01:37:05,794 T0462: INFO  #### gw3  routing/VRF/test_vrf_scale.py::test_vrf_scale
2023-12-29 01:37:05,795 T0462: INFO  support post-function-prolog test_vrf_scale Pass ''
2023-12-29 01:40:27,512 T0000: ERROR #### gw3 WARN routing/VRF/test_vrf_scale.py::test_vrf_scale
2023-12-29 01:40:27,512 T0000: ERROR Traceback (most recent call last):
2023-12-29 01:40:27,512 T0000: ERROR   File "/repo/spytest/net.py", line 1910, in _try
2023-12-29 01:40:27,512 T0000: ERROR     output = hndl.send_command_new(fcli, new_cmd, expect_string,
2023-12-29 01:40:27,512 T0000: ERROR   File "/repo/spytest/access/netmiko_connection.py", line 725, in send_command_new
2023-12-29 01:40:27,512 T0000: ERROR     raise IOError(self.dmsg_str(dbg_msg, msg1))
2023-12-29 01:40:27,512 T0000: ERROR OSError: Prompt Not Detected in DF 2.0: 'admin@sonic:\~\$'
2023-12-29 01:40:27,512 T0000: ERROR =======================FASTER-CLI-DBG===================
2023-12-29 01:40:27,512 T0000: ERROR command_string: show vrf<LF>
2023-12-29 01:40:27,512 T0000: ERROR search_pattern: admin@sonic:\~\$
2023-12-29 01:40:27,512 T0000: ERROR cmd_issued: False
2023-12-29 01:40:27,512 T0000: ERROR CMP-OUT: show vrf<LF><LF>
2023-12-29 01:40:27,512 T0000: ERROR CMP-CMD: show vrf<LF>
2023-12-29 01:40:27,512 T0000: ERROR ECHOED OUTPUT: <LF>
2023-12-29 01:40:27,512 T0000: ERROR CMP-PROMPT: admin@sonic:\~\$
2023-12-29 01:40:27,512 T0000: ERROR CMP-OUTPUT: 
2023-12-29 01:40:27,512 T0000: ERROR CMP-OUTPUT: 
2023-12-29 01:40:27,513 T0000: ERROR Read Data: show vrf
2023-12-29 01:40:27,513 T0000: ERROR =========================================================
2023-12-29 01:40:27,513 T0000: ERROR StackTraceCallStack:
2023-12-29 01:40:27,513 T0000: ERROR [0] spytest/net.py:2138 _send_command output = self._try(access, line, fcli, cmd, expect,
2023-12-29 01:40:27,513 T0000: ERROR [1] spytest/net.py:6125 _send_cmd_opts output = self._send_command(access, cmd, expected_prompt,
2023-12-29 01:40:27,513 T0000: ERROR Truncated...
2023-12-29 01:44:26,541 T0465: WARN  #### gw3  routing/VRF/test_vrf_scale.py::test_vrf_scale
2023-12-29 01:44:26,541 T0465: WARN  support pre-function-epilog test_vrf_scale Fail 'Command 'show vrf' failed to give prompt, recovered using CTRL+C'
2023-12-29 01:44:26,543 T0466: WARN  #### gw3  routing/VRF/test_vrf_scale.py::test_vrf_scale
2023-12-29 01:44:26,543 T0466: WARN  support pre-function-epilog test_vrf_scale Fail 'Command 'show vrf' failed to give prompt, recovered using CTRL+C'
2023-12-29 01:44:27,263 T0467: WARN  #### gw3  routing/VRF/test_vrf_scale.py::test_vrf_scale
2023-12-29 01:44:27,264 T0467: WARN  support post-function-epilog test_vrf_scale ignore 'Command 'show vrf' failed to give prompt, recovered using CTRL+C'
2023-12-29 01:44:27,265 T0468: WARN  #### gw3  routing/VRF/test_vrf_scale.py::test_vrf_scale
2023-12-29 01:44:27,265 T0468: WARN  support post-function-epilog test_vrf_scale ignore 'Command 'show vrf' failed to give prompt, recovered using CTRL+C'
2023-12-29 01:44:34,125 T0474: INFO  #### gw3  routing/VRF/test_vrf_scale.py
2023-12-29 01:44:34,126 T0474: INFO  support pre-function-prolog test_vrf_route_leak  ''
2023-12-29 01:44:34,130 T0475: INFO  #### gw3  routing/VRF/test_vrf_scale.py
2023-12-29 01:44:34,130 T0475: INFO  support pre-function-prolog test_vrf_route_leak  ''
2023-12-29 01:46:33,803 T0480: INFO  #### gw3  routing/VRF/test_vrf_scale.py::test_vrf_route_leak
2023-12-29 01:46:33,803 T0480: INFO  support pre-function-epilog test_vrf_route_leak Pass 'Test case passed'
2023-12-29 01:46:33,805 T0481: INFO  #### gw3  routing/VRF/test_vrf_scale.py::test_vrf_route_leak
2023-12-29 01:46:33,805 T0481: INFO  support pre-function-epilog test_vrf_route_leak Pass 'Test case passed'
2023-12-29 01:46:33,815 T0482: INFO  #### gw3  routing/VRF/test_vrf_scale.py::test_vrf_route_leak
2023-12-29 01:46:33,815 T0482: INFO  support post-function-epilog test_vrf_route_leak Pass 'Test case passed'
2023-12-29 01:46:33,817 T0483: INFO  #### gw3  routing/VRF/test_vrf_scale.py::test_vrf_route_leak
2023-12-29 01:46:33,817 T0483: INFO  support post-function-epilog test_vrf_route_leak Pass 'Test case passed'
2023-12-29 01:46:41,892 T0489: INFO  #### gw3  routing/VRF/test_vrf_scale.py
2023-12-29 01:46:41,893 T0489: INFO  support pre-function-prolog test_vrf_bgp  ''
2023-12-29 01:46:41,897 T0490: INFO  #### gw3  routing/VRF/test_vrf_scale.py
2023-12-29 01:46:41,897 T0490: INFO  support pre-function-prolog test_vrf_bgp  ''
2023-12-29 01:56:16,874 T0883: INFO  #### gw3  routing/VRF/test_vrf_scale.py::test_vrf_bgp
2023-12-29 01:56:16,874 T0883: INFO  support pre-function-epilog test_vrf_bgp Pass 'Test case passed'
2023-12-29 01:56:16,876 T0884: INFO  #### gw3  routing/VRF/test_vrf_scale.py::test_vrf_bgp
2023-12-29 01:56:16,876 T0884: INFO  support pre-function-epilog test_vrf_bgp Pass 'Test case passed'
2023-12-29 01:56:16,885 T0885: INFO  #### gw3  routing/VRF/test_vrf_scale.py::test_vrf_bgp
2023-12-29 01:56:16,885 T0885: INFO  support post-function-epilog test_vrf_bgp Pass 'Test case passed'
2023-12-29 01:56:16,887 T0886: INFO  #### gw3  routing/VRF/test_vrf_scale.py::test_vrf_bgp
2023-12-29 01:56:16,887 T0886: INFO  support post-function-epilog test_vrf_bgp Pass 'Test case passed'
2023-12-29 01:56:24,790 T0892: INFO  #### gw3  routing/VRF/test_vrf_scale.py
2023-12-29 01:56:24,791 T0892: INFO  support pre-function-prolog test_vrf_reload  ''
2023-12-29 01:56:24,795 T0893: INFO  #### gw3  routing/VRF/test_vrf_scale.py
2023-12-29 01:56:24,795 T0893: INFO  support pre-function-prolog test_vrf_reload  ''
2023-12-29 01:56:33,016 T0000: WARN  #### gw3 IGNORED ERROR routing/VRF/test_vrf_scale.py::test_vrf_reload
2023-12-29 01:56:33,016 T0000: WARN  Skipped error checking but detected pattern: containing_python_traceback command: sudo -s fast-reboot
2023-12-29 02:05:52,817 T0000: ERROR #### gw3 WARN routing/VRF/test_vrf_scale.py::test_vrf_reload
2023-12-29 02:05:52,817 T0000: ERROR Traceback (most recent call last):
2023-12-29 02:05:52,817 T0000: ERROR   File "/repo/spytest/net.py", line 1910, in _try
2023-12-29 02:05:52,817 T0000: ERROR     output = hndl.send_command_new(fcli, new_cmd, expect_string,
2023-12-29 02:05:52,817 T0000: ERROR   File "/repo/spytest/access/netmiko_connection.py", line 725, in send_command_new
2023-12-29 02:05:52,817 T0000: ERROR     raise IOError(self.dmsg_str(dbg_msg, msg1))
2023-12-29 02:05:52,817 T0000: ERROR OSError: Prompt Not Detected in DF 2.0: 'admin@sonic:\~\$'
2023-12-29 02:05:52,817 T0000: ERROR =======================FASTER-CLI-DBG===================
2023-12-29 02:05:52,817 T0000: ERROR command_string: show vrf<LF>
2023-12-29 02:05:52,817 T0000: ERROR search_pattern: admin@sonic:\~\$
2023-12-29 02:05:52,817 T0000: ERROR cmd_issued: False
2023-12-29 02:05:52,817 T0000: ERROR CMP-OUT: show vrf<LF><LF>
2023-12-29 02:05:52,817 T0000: ERROR CMP-CMD: show vrf<LF>
2023-12-29 02:05:52,818 T0000: ERROR ECHOED OUTPUT: <LF>
2023-12-29 02:05:52,818 T0000: ERROR CMP-PROMPT: admin@sonic:\~\$
2023-12-29 02:05:52,818 T0000: ERROR CMP-OUTPUT: 
2023-12-29 02:05:52,818 T0000: ERROR CMP-OUTPUT: 
2023-12-29 02:05:52,818 T0000: ERROR Read Data: show vrf
2023-12-29 02:05:52,818 T0000: ERROR =========================================================
2023-12-29 02:05:52,818 T0000: ERROR StackTraceCallStack:
2023-12-29 02:05:52,818 T0000: ERROR [0] spytest/net.py:2138 _send_command output = self._try(access, line, fcli, cmd, expect,
2023-12-29 02:05:52,818 T0000: ERROR [1] spytest/net.py:6125 _send_cmd_opts output = self._send_command(access, cmd, expected_prompt,
2023-12-29 02:05:52,818 T0000: ERROR Truncated...
2023-12-29 02:09:51,794 T0898: WARN  #### gw3  routing/VRF/test_vrf_scale.py::test_vrf_reload
2023-12-29 02:09:51,795 T0898: WARN  support pre-function-epilog test_vrf_reload Fail 'Command 'show vrf' failed to give prompt, recovered using CTRL+C'
2023-12-29 02:09:51,797 T0899: WARN  #### gw3  routing/VRF/test_vrf_scale.py::test_vrf_reload
2023-12-29 02:09:51,797 T0899: WARN  support pre-function-epilog test_vrf_reload Fail 'Command 'show vrf' failed to give prompt, recovered using CTRL+C'
2023-12-29 02:09:52,518 T0900: WARN  #### gw3  routing/VRF/test_vrf_scale.py::test_vrf_reload
2023-12-29 02:09:52,518 T0900: WARN  support post-function-epilog test_vrf_reload ignore 'Command 'show vrf' failed to give prompt, recovered using CTRL+C'
2023-12-29 02:09:52,520 T0901: WARN  #### gw3  routing/VRF/test_vrf_scale.py::test_vrf_reload
2023-12-29 02:09:52,520 T0901: WARN  support post-function-epilog test_vrf_reload ignore 'Command 'show vrf' failed to give prompt, recovered using CTRL+C'
2023-12-29 02:09:52,562 T0902: WARN  #### gw3  routing/VRF/test_vrf_scale.py::test_vrf_reload
2023-12-29 02:09:52,563 T0902: WARN  support pre-module-epilog routing/VRF/test_vrf_scale.py fail ''
2023-12-29 02:09:52,565 T0903: WARN  #### gw3  routing/VRF/test_vrf_scale.py::test_vrf_reload
2023-12-29 02:09:52,565 T0903: WARN  support pre-module-epilog routing/VRF/test_vrf_scale.py fail ''
2023-12-29 02:09:57,432 T0912: WARN  #### gw3  routing/VRF/test_vrf_scale.py::test_vrf_scale
2023-12-29 02:09:57,433 T0912: WARN  support post-module-epilog routing/VRF/test_vrf_scale.py fail ''
2023-12-29 02:09:57,437 T0913: WARN  #### gw3  routing/VRF/test_vrf_scale.py::test_vrf_scale
2023-12-29 02:09:57,438 T0913: WARN  support post-module-epilog routing/VRF/test_vrf_scale.py fail ''
2023-12-29 02:15:55,779 T0985: INFO  #### gw3  
2023-12-29 02:15:55,779 T0985: INFO  support pre-module-prolog sanity/test_sanity_l3.py  ''
2023-12-29 02:15:55,781 T0986: INFO  #### gw3  
2023-12-29 02:15:55,782 T0986: INFO  support pre-module-prolog sanity/test_sanity_l3.py  ''
2023-12-29 02:16:24,310 T1008: INFO  #### gw3  sanity/test_sanity_l3.py
2023-12-29 02:16:24,311 T1008: INFO  support post-module-prolog sanity/test_sanity_l3.py Pass ''
2023-12-29 02:16:24,316 T1009: INFO  #### gw3  sanity/test_sanity_l3.py
2023-12-29 02:16:24,317 T1009: INFO  support post-module-prolog sanity/test_sanity_l3.py Pass ''
2023-12-29 02:16:36,678 T1025: INFO  #### gw3  sanity/test_sanity_l3.py
2023-12-29 02:16:36,679 T1025: INFO  support pre-function-prolog test_l2_to_l3_port  ''
2023-12-29 02:16:36,682 T1026: INFO  #### gw3  sanity/test_sanity_l3.py
2023-12-29 02:16:36,683 T1026: INFO  support pre-function-prolog test_l2_to_l3_port  ''
2023-12-29 02:16:36,695 T1027: INFO  #### gw3  sanity/test_sanity_l3.py::test_l2_to_l3_port
2023-12-29 02:16:36,695 T1027: INFO  support post-function-prolog test_l2_to_l3_port Pass ''
2023-12-29 02:16:36,697 T1028: INFO  #### gw3  sanity/test_sanity_l3.py::test_l2_to_l3_port
2023-12-29 02:16:36,697 T1028: INFO  support post-function-prolog test_l2_to_l3_port Pass ''
2023-12-29 02:17:25,094 T1033: WARN  #### gw3  sanity/test_sanity_l3.py::test_l2_to_l3_port
2023-12-29 02:17:25,095 T1033: WARN  support pre-function-epilog test_l2_to_l3_port Fail 'Failed to port L2 config to L3 config'
2023-12-29 02:17:25,096 T1034: WARN  #### gw3  sanity/test_sanity_l3.py::test_l2_to_l3_port
2023-12-29 02:17:25,096 T1034: WARN  support pre-function-epilog test_l2_to_l3_port Fail 'Failed to port L2 config to L3 config'
2023-12-29 02:17:25,437 T1035: WARN  #### gw3  sanity/test_sanity_l3.py::test_l2_to_l3_port
2023-12-29 02:17:25,438 T1035: WARN  support post-function-epilog test_l2_to_l3_port ignore 'Failed to port L2 config to L3 config'
2023-12-29 02:17:25,439 T1036: WARN  #### gw3  sanity/test_sanity_l3.py::test_l2_to_l3_port
2023-12-29 02:17:25,439 T1036: WARN  support post-function-epilog test_l2_to_l3_port ignore 'Failed to port L2 config to L3 config'
2023-12-29 02:17:25,481 T1037: WARN  #### gw3  sanity/test_sanity_l3.py::test_l2_to_l3_port
2023-12-29 02:17:25,482 T1037: WARN  support pre-module-epilog sanity/test_sanity_l3.py fail ''
2023-12-29 02:17:25,484 T1038: WARN  #### gw3  sanity/test_sanity_l3.py::test_l2_to_l3_port
2023-12-29 02:17:25,484 T1038: WARN  support pre-module-epilog sanity/test_sanity_l3.py fail ''
2023-12-29 02:17:41,643 T1049: WARN  #### gw3  sanity/test_sanity_l3.py::test_l2_to_l3_port
2023-12-29 02:17:41,643 T1049: WARN  support post-module-epilog sanity/test_sanity_l3.py fail ''
2023-12-29 02:17:41,646 T1050: WARN  #### gw3  sanity/test_sanity_l3.py::test_l2_to_l3_port
2023-12-29 02:17:41,646 T1050: WARN  support post-module-epilog sanity/test_sanity_l3.py fail ''
2023-12-29 02:21:59,425 T1092: INFO  #### gw3  
2023-12-29 02:21:59,425 T1092: INFO  support pre-module-prolog routing/BGP/test_bgp_rr_traffic.py  ''
2023-12-29 02:21:59,427 T1093: INFO  #### gw3  
2023-12-29 02:21:59,427 T1093: INFO  support pre-module-prolog routing/BGP/test_bgp_rr_traffic.py  ''
2023-12-29 02:24:52,075 T1112: INFO  #### gw3  routing/BGP/test_bgp_rr_traffic.py
2023-12-29 02:24:52,076 T1112: INFO  support post-class-prolog routing/BGP/test_bgp_rr_traffic.py Pass ''
2023-12-29 02:24:52,077 T1113: INFO  #### gw3  routing/BGP/test_bgp_rr_traffic.py
2023-12-29 02:24:52,077 T1113: INFO  support post-class-prolog routing/BGP/test_bgp_rr_traffic.py Pass ''
2023-12-29 02:24:52,086 T1114: INFO  #### gw3  routing/BGP/test_bgp_rr_traffic.py
2023-12-29 02:24:52,086 T1114: INFO  support post-module-prolog routing/BGP/test_bgp_rr_traffic.py Pass ''
2023-12-29 02:24:52,089 T1115: INFO  #### gw3  routing/BGP/test_bgp_rr_traffic.py
2023-12-29 02:24:52,089 T1115: INFO  support post-module-prolog routing/BGP/test_bgp_rr_traffic.py Pass ''
2023-12-29 02:25:05,414 T1131: INFO  #### gw3  routing/BGP/test_bgp_rr_traffic.py
2023-12-29 02:25:05,414 T1131: INFO  support pre-function-prolog TestBGPRrTraffic.test_ft_bgp6_rr_traffic_check  ''
2023-12-29 02:25:05,418 T1132: INFO  #### gw3  routing/BGP/test_bgp_rr_traffic.py
2023-12-29 02:25:05,418 T1132: INFO  support pre-function-prolog TestBGPRrTraffic.test_ft_bgp6_rr_traffic_check  ''
2023-12-29 02:27:35,341 T1133: INFO  #### gw3  routing/BGP/test_bgp_rr_traffic.py::TestBGPRrTraffic::test_ft_bgp6_rr_traffic_check
2023-12-29 02:27:35,341 T1133: INFO  support pre-function-epilog TestBGPRrTraffic.test_ft_bgp6_rr_traffic_check Pass 'Test case passed'
2023-12-29 02:27:35,344 T1134: INFO  #### gw3  routing/BGP/test_bgp_rr_traffic.py::TestBGPRrTraffic::test_ft_bgp6_rr_traffic_check
2023-12-29 02:27:35,345 T1134: INFO  support pre-function-epilog TestBGPRrTraffic.test_ft_bgp6_rr_traffic_check Pass 'Test case passed'
2023-12-29 02:27:35,353 T1135: INFO  #### gw3  routing/BGP/test_bgp_rr_traffic.py::TestBGPRrTraffic::test_ft_bgp6_rr_traffic_check
2023-12-29 02:27:35,354 T1135: INFO  support post-function-epilog TestBGPRrTraffic.test_ft_bgp6_rr_traffic_check Pass 'Test case passed'
2023-12-29 02:27:35,355 T1136: INFO  #### gw3  routing/BGP/test_bgp_rr_traffic.py::TestBGPRrTraffic::test_ft_bgp6_rr_traffic_check
2023-12-29 02:27:35,356 T1136: INFO  support post-function-epilog TestBGPRrTraffic.test_ft_bgp6_rr_traffic_check Pass 'Test case passed'
2023-12-29 02:28:03,941 T1147: WARN  #### gw3  routing/BGP/test_bgp_rr_traffic.py::TestBGPRrTraffic::test_ft_bgp6_rr_traffic_check
2023-12-29 02:28:03,941 T1147: WARN  support post-class-epilog routing/BGP/test_bgp_rr_traffic.py pass ''
2023-12-29 02:28:03,945 T1148: WARN  #### gw3  routing/BGP/test_bgp_rr_traffic.py::TestBGPRrTraffic::test_ft_bgp6_rr_traffic_check
2023-12-29 02:28:03,945 T1148: WARN  support post-class-epilog routing/BGP/test_bgp_rr_traffic.py pass ''
2023-12-29 02:28:03,952 T1149: WARN  #### gw3  routing/BGP/test_bgp_rr_traffic.py::TestBGPRrTraffic::test_ft_bgp6_rr_traffic_check
2023-12-29 02:28:03,952 T1149: WARN  support pre-module-epilog routing/BGP/test_bgp_rr_traffic.py pass ''
2023-12-29 02:28:03,954 T1150: WARN  #### gw3  routing/BGP/test_bgp_rr_traffic.py::TestBGPRrTraffic::test_ft_bgp6_rr_traffic_check
2023-12-29 02:28:03,954 T1150: WARN  support pre-module-epilog routing/BGP/test_bgp_rr_traffic.py pass ''
2023-12-29 02:28:27,607 T1165: WARN  #### gw3  routing/BGP/test_bgp_rr_traffic.py::TestBGPRrTraffic::test_ft_bgp6_rr_traffic_check
2023-12-29 02:28:27,608 T1165: WARN  support post-module-epilog routing/BGP/test_bgp_rr_traffic.py pass ''
2023-12-29 02:28:27,612 T1166: WARN  #### gw3  routing/BGP/test_bgp_rr_traffic.py::TestBGPRrTraffic::test_ft_bgp6_rr_traffic_check
2023-12-29 02:28:27,612 T1166: WARN  support post-module-epilog routing/BGP/test_bgp_rr_traffic.py pass ''
2023-12-29 02:32:28,183 T1183: WARN  #### gw3 IGNORED ERROR 
2023-12-29 02:32:28,183 T1183: WARN  Skipped error checking but detected pattern: containing_no_response_from_container command: sudo python /etc/spytest/remote/spytest-helper.py --apply-base-config  --load-config-method reload --no-swss-copp-config  
2023-12-29 02:32:37,905 T1183: WARN  #### gw3 IGNORED ERROR 
2023-12-29 02:32:37,905 T1183: WARN  Skipped error checking but detected pattern: containing_python_traceback command: sudo -s reboot
2023-12-29 02:40:14,395 T1228: WARN  #### gw3  
2023-12-29 02:40:14,395 T1228: WARN  support port-status-module mlog_batch_test_spytest_infra_1 fail ''
2023-12-29 02:40:14,397 T1229: WARN  #### gw3  
2023-12-29 02:40:14,397 T1229: WARN  support port-status-module mlog_batch_test_spytest_infra_1 fail ''
2023-12-29 02:40:14,411 T1230: WARN  #### gw3  
2023-12-29 02:40:14,411 T1230: WARN  support post-module-prolog  Fail ''
2023-12-29 02:40:14,415 T1231: WARN  #### gw3  
2023-12-29 02:40:14,415 T1231: WARN  support post-module-prolog  Fail ''
