2023-12-25 01:02:42,124 T0021: WARN  #### gw2  
2023-12-25 01:02:42,124 T0021: WARN  support post-session-prolog session pass ''
2023-12-25 01:02:42,127 T0022: WARN  #### gw2  
2023-12-25 01:02:42,127 T0022: WARN  support post-session-prolog session pass ''
2023-12-25 01:03:10,726 T0067: INFO  #### gw2  
2023-12-25 01:03:10,726 T0067: INFO  support pre-module-prolog routing/VRF/test_vrf_scale.py  ''
2023-12-25 01:03:10,729 T0068: INFO  #### gw2  
2023-12-25 01:03:10,729 T0068: INFO  support pre-module-prolog routing/VRF/test_vrf_scale.py  ''
2023-12-25 01:30:35,188 T0097: INFO  #### gw2  routing/VRF/test_vrf_scale.py
2023-12-25 01:30:35,189 T0097: INFO  support post-module-prolog routing/VRF/test_vrf_scale.py Pass ''
2023-12-25 01:30:35,191 T0098: INFO  #### gw2  routing/VRF/test_vrf_scale.py
2023-12-25 01:30:35,191 T0098: INFO  support post-module-prolog routing/VRF/test_vrf_scale.py Pass ''
2023-12-25 01:30:51,227 T0114: INFO  #### gw2  routing/VRF/test_vrf_scale.py
2023-12-25 01:30:51,227 T0114: INFO  support pre-function-prolog test_vrf_scale  ''
2023-12-25 01:30:51,232 T0115: INFO  #### gw2  routing/VRF/test_vrf_scale.py
2023-12-25 01:30:51,232 T0115: INFO  support pre-function-prolog test_vrf_scale  ''
2023-12-25 01:30:51,243 T0116: INFO  #### gw2  routing/VRF/test_vrf_scale.py::test_vrf_scale
2023-12-25 01:30:51,243 T0116: INFO  support post-function-prolog test_vrf_scale Pass ''
2023-12-25 01:30:51,245 T0117: INFO  #### gw2  routing/VRF/test_vrf_scale.py::test_vrf_scale
2023-12-25 01:30:51,245 T0117: INFO  support post-function-prolog test_vrf_scale Pass ''
2023-12-25 01:34:12,982 T0000: ERROR #### gw2 WARN routing/VRF/test_vrf_scale.py::test_vrf_scale
2023-12-25 01:34:12,982 T0000: ERROR Traceback (most recent call last):
2023-12-25 01:34:12,982 T0000: ERROR   File "/repo/spytest/net.py", line 1910, in _try
2023-12-25 01:34:12,982 T0000: ERROR     output = hndl.send_command_new(fcli, new_cmd, expect_string,
2023-12-25 01:34:12,982 T0000: ERROR   File "/repo/spytest/access/netmiko_connection.py", line 725, in send_command_new
2023-12-25 01:34:12,982 T0000: ERROR     raise IOError(self.dmsg_str(dbg_msg, msg1))
2023-12-25 01:34:12,983 T0000: ERROR OSError: Prompt Not Detected in DF 2.0: 'admin@sonic:\~\$'
2023-12-25 01:34:12,983 T0000: ERROR =======================FASTER-CLI-DBG===================
2023-12-25 01:34:12,983 T0000: ERROR command_string: show vrf<LF>
2023-12-25 01:34:12,983 T0000: ERROR search_pattern: admin@sonic:\~\$
2023-12-25 01:34:12,983 T0000: ERROR cmd_issued: False
2023-12-25 01:34:12,983 T0000: ERROR CMP-OUT: show vrf<LF><LF>
2023-12-25 01:34:12,983 T0000: ERROR CMP-CMD: show vrf<LF>
2023-12-25 01:34:12,983 T0000: ERROR ECHOED OUTPUT: <LF>
2023-12-25 01:34:12,983 T0000: ERROR CMP-PROMPT: admin@sonic:\~\$
2023-12-25 01:34:12,983 T0000: ERROR CMP-OUTPUT: 
2023-12-25 01:34:12,983 T0000: ERROR CMP-OUTPUT: 
2023-12-25 01:34:12,983 T0000: ERROR Read Data: show vrf
2023-12-25 01:34:12,983 T0000: ERROR =========================================================
2023-12-25 01:34:12,983 T0000: ERROR StackTraceCallStack:
2023-12-25 01:34:12,983 T0000: ERROR [0] spytest/net.py:2138 _send_command output = self._try(access, line, fcli, cmd, expect,
2023-12-25 01:34:12,983 T0000: ERROR [1] spytest/net.py:6125 _send_cmd_opts output = self._send_command(access, cmd, expected_prompt,
2023-12-25 01:34:12,983 T0000: ERROR Truncated...
2023-12-25 01:38:11,967 T0120: WARN  #### gw2  routing/VRF/test_vrf_scale.py::test_vrf_scale
2023-12-25 01:38:11,968 T0120: WARN  support pre-function-epilog test_vrf_scale Fail 'Command 'show vrf' failed to give prompt, recovered using CTRL+C'
2023-12-25 01:38:11,969 T0121: WARN  #### gw2  routing/VRF/test_vrf_scale.py::test_vrf_scale
2023-12-25 01:38:11,970 T0121: WARN  support pre-function-epilog test_vrf_scale Fail 'Command 'show vrf' failed to give prompt, recovered using CTRL+C'
2023-12-25 01:38:12,775 T0122: WARN  #### gw2  routing/VRF/test_vrf_scale.py::test_vrf_scale
2023-12-25 01:38:12,776 T0122: WARN  support post-function-epilog test_vrf_scale ignore 'Command 'show vrf' failed to give prompt, recovered using CTRL+C'
2023-12-25 01:38:12,777 T0123: WARN  #### gw2  routing/VRF/test_vrf_scale.py::test_vrf_scale
2023-12-25 01:38:12,777 T0123: WARN  support post-function-epilog test_vrf_scale ignore 'Command 'show vrf' failed to give prompt, recovered using CTRL+C'
2023-12-25 01:38:19,866 T0129: INFO  #### gw2  routing/VRF/test_vrf_scale.py
2023-12-25 01:38:19,867 T0129: INFO  support pre-function-prolog test_vrf_route_leak  ''
2023-12-25 01:38:19,870 T0130: INFO  #### gw2  routing/VRF/test_vrf_scale.py
2023-12-25 01:38:19,870 T0130: INFO  support pre-function-prolog test_vrf_route_leak  ''
2023-12-25 01:40:19,525 T0135: INFO  #### gw2  routing/VRF/test_vrf_scale.py::test_vrf_route_leak
2023-12-25 01:40:19,526 T0135: INFO  support pre-function-epilog test_vrf_route_leak Pass 'Test case passed'
2023-12-25 01:40:19,527 T0136: INFO  #### gw2  routing/VRF/test_vrf_scale.py::test_vrf_route_leak
2023-12-25 01:40:19,528 T0136: INFO  support pre-function-epilog test_vrf_route_leak Pass 'Test case passed'
2023-12-25 01:40:19,535 T0137: INFO  #### gw2  routing/VRF/test_vrf_scale.py::test_vrf_route_leak
2023-12-25 01:40:19,535 T0137: INFO  support post-function-epilog test_vrf_route_leak Pass 'Test case passed'
2023-12-25 01:40:19,537 T0138: INFO  #### gw2  routing/VRF/test_vrf_scale.py::test_vrf_route_leak
2023-12-25 01:40:19,537 T0138: INFO  support post-function-epilog test_vrf_route_leak Pass 'Test case passed'
2023-12-25 01:40:27,781 T0144: INFO  #### gw2  routing/VRF/test_vrf_scale.py
2023-12-25 01:40:27,782 T0144: INFO  support pre-function-prolog test_vrf_bgp  ''
2023-12-25 01:40:27,785 T0145: INFO  #### gw2  routing/VRF/test_vrf_scale.py
2023-12-25 01:40:27,786 T0145: INFO  support pre-function-prolog test_vrf_bgp  ''
2023-12-25 01:50:04,955 T0538: INFO  #### gw2  routing/VRF/test_vrf_scale.py::test_vrf_bgp
2023-12-25 01:50:04,955 T0538: INFO  support pre-function-epilog test_vrf_bgp Pass 'Test case passed'
2023-12-25 01:50:04,957 T0539: INFO  #### gw2  routing/VRF/test_vrf_scale.py::test_vrf_bgp
2023-12-25 01:50:04,957 T0539: INFO  support pre-function-epilog test_vrf_bgp Pass 'Test case passed'
2023-12-25 01:50:04,966 T0540: INFO  #### gw2  routing/VRF/test_vrf_scale.py::test_vrf_bgp
2023-12-25 01:50:04,966 T0540: INFO  support post-function-epilog test_vrf_bgp Pass 'Test case passed'
2023-12-25 01:50:04,968 T0541: INFO  #### gw2  routing/VRF/test_vrf_scale.py::test_vrf_bgp
2023-12-25 01:50:04,968 T0541: INFO  support post-function-epilog test_vrf_bgp Pass 'Test case passed'
2023-12-25 01:50:12,974 T0547: INFO  #### gw2  routing/VRF/test_vrf_scale.py
2023-12-25 01:50:12,975 T0547: INFO  support pre-function-prolog test_vrf_reload  ''
2023-12-25 01:50:12,979 T0548: INFO  #### gw2  routing/VRF/test_vrf_scale.py
2023-12-25 01:50:12,979 T0548: INFO  support pre-function-prolog test_vrf_reload  ''
2023-12-25 01:50:21,054 T0000: WARN  #### gw2 IGNORED ERROR routing/VRF/test_vrf_scale.py::test_vrf_reload
2023-12-25 01:50:21,054 T0000: WARN  Skipped error checking but detected pattern: containing_python_traceback command: sudo -s fast-reboot
2023-12-25 01:59:38,832 T0000: ERROR #### gw2 WARN routing/VRF/test_vrf_scale.py::test_vrf_reload
2023-12-25 01:59:38,832 T0000: ERROR Traceback (most recent call last):
2023-12-25 01:59:38,832 T0000: ERROR   File "/repo/spytest/net.py", line 1910, in _try
2023-12-25 01:59:38,832 T0000: ERROR     output = hndl.send_command_new(fcli, new_cmd, expect_string,
2023-12-25 01:59:38,832 T0000: ERROR   File "/repo/spytest/access/netmiko_connection.py", line 725, in send_command_new
2023-12-25 01:59:38,832 T0000: ERROR     raise IOError(self.dmsg_str(dbg_msg, msg1))
2023-12-25 01:59:38,832 T0000: ERROR OSError: Prompt Not Detected in DF 2.0: 'admin@sonic:\~\$'
2023-12-25 01:59:38,832 T0000: ERROR =======================FASTER-CLI-DBG===================
2023-12-25 01:59:38,832 T0000: ERROR command_string: show vrf<LF>
2023-12-25 01:59:38,832 T0000: ERROR search_pattern: admin@sonic:\~\$
2023-12-25 01:59:38,832 T0000: ERROR cmd_issued: False
2023-12-25 01:59:38,832 T0000: ERROR CMP-OUT: show vrf<LF><LF>
2023-12-25 01:59:38,832 T0000: ERROR CMP-CMD: show vrf<LF>
2023-12-25 01:59:38,832 T0000: ERROR ECHOED OUTPUT: <LF>
2023-12-25 01:59:38,832 T0000: ERROR CMP-PROMPT: admin@sonic:\~\$
2023-12-25 01:59:38,832 T0000: ERROR CMP-OUTPUT: 
2023-12-25 01:59:38,832 T0000: ERROR CMP-OUTPUT: 
2023-12-25 01:59:38,832 T0000: ERROR Read Data: show vrf
2023-12-25 01:59:38,832 T0000: ERROR =========================================================
2023-12-25 01:59:38,832 T0000: ERROR StackTraceCallStack:
2023-12-25 01:59:38,832 T0000: ERROR [0] spytest/net.py:2138 _send_command output = self._try(access, line, fcli, cmd, expect,
2023-12-25 01:59:38,832 T0000: ERROR [1] spytest/net.py:6125 _send_cmd_opts output = self._send_command(access, cmd, expected_prompt,
2023-12-25 01:59:38,832 T0000: ERROR Truncated...
2023-12-25 02:03:39,848 T0553: WARN  #### gw2  routing/VRF/test_vrf_scale.py::test_vrf_reload
2023-12-25 02:03:39,848 T0553: WARN  support pre-function-epilog test_vrf_reload Fail 'Command 'show vrf' failed to give prompt, recovered using CTRL+C'
2023-12-25 02:03:39,850 T0554: WARN  #### gw2  routing/VRF/test_vrf_scale.py::test_vrf_reload
2023-12-25 02:03:39,850 T0554: WARN  support pre-function-epilog test_vrf_reload Fail 'Command 'show vrf' failed to give prompt, recovered using CTRL+C'
2023-12-25 02:03:40,582 T0555: WARN  #### gw2  routing/VRF/test_vrf_scale.py::test_vrf_reload
2023-12-25 02:03:40,582 T0555: WARN  support post-function-epilog test_vrf_reload ignore 'Command 'show vrf' failed to give prompt, recovered using CTRL+C'
2023-12-25 02:03:40,584 T0556: WARN  #### gw2  routing/VRF/test_vrf_scale.py::test_vrf_reload
2023-12-25 02:03:40,584 T0556: WARN  support post-function-epilog test_vrf_reload ignore 'Command 'show vrf' failed to give prompt, recovered using CTRL+C'
2023-12-25 02:03:40,628 T0557: WARN  #### gw2  routing/VRF/test_vrf_scale.py::test_vrf_reload
2023-12-25 02:03:40,628 T0557: WARN  support pre-module-epilog routing/VRF/test_vrf_scale.py fail ''
2023-12-25 02:03:40,630 T0558: WARN  #### gw2  routing/VRF/test_vrf_scale.py::test_vrf_reload
2023-12-25 02:03:40,630 T0558: WARN  support pre-module-epilog routing/VRF/test_vrf_scale.py fail ''
2023-12-25 02:03:45,336 T0567: WARN  #### gw2  routing/VRF/test_vrf_scale.py::test_vrf_scale
2023-12-25 02:03:45,337 T0567: WARN  support post-module-epilog routing/VRF/test_vrf_scale.py fail ''
2023-12-25 02:03:45,339 T0568: WARN  #### gw2  routing/VRF/test_vrf_scale.py::test_vrf_scale
2023-12-25 02:03:45,339 T0568: WARN  support post-module-epilog routing/VRF/test_vrf_scale.py fail ''
2023-12-25 02:09:31,315 T0631: INFO  #### gw2  
2023-12-25 02:09:31,315 T0631: INFO  support pre-module-prolog system/test_sflow.py  ''
2023-12-25 02:09:31,317 T0632: INFO  #### gw2  
2023-12-25 02:09:31,318 T0632: INFO  support pre-module-prolog system/test_sflow.py  ''
2023-12-25 02:10:10,972 T0648: INFO  #### gw2  system/test_sflow.py
2023-12-25 02:10:10,972 T0648: INFO  support post-module-prolog system/test_sflow.py Pass ''
2023-12-25 02:10:10,974 T0649: INFO  #### gw2  system/test_sflow.py
2023-12-25 02:10:10,974 T0649: INFO  support post-module-prolog system/test_sflow.py Pass ''
2023-12-25 02:10:24,163 T0665: INFO  #### gw2  system/test_sflow.py
2023-12-25 02:10:24,163 T0665: INFO  support pre-function-prolog test_ft_sflow_sampling_v6_sFlow_collector  ''
2023-12-25 02:10:24,167 T0666: INFO  #### gw2  system/test_sflow.py
2023-12-25 02:10:24,167 T0666: INFO  support pre-function-prolog test_ft_sflow_sampling_v6_sFlow_collector  ''
2023-12-25 02:10:24,180 T0667: INFO  #### gw2  system/test_sflow.py::test_ft_sflow_sampling_v6_sFlow_collector
2023-12-25 02:10:24,181 T0667: INFO  support post-function-prolog test_ft_sflow_sampling_v6_sFlow_collector Pass ''
2023-12-25 02:10:24,182 T0668: INFO  #### gw2  system/test_sflow.py::test_ft_sflow_sampling_v6_sFlow_collector
2023-12-25 02:10:24,183 T0668: INFO  support post-function-prolog test_ft_sflow_sampling_v6_sFlow_collector Pass ''
2023-12-25 02:11:01,183 T0671: INFO  #### gw2  system/test_sflow.py::test_ft_sflow_sampling_v6_sFlow_collector
2023-12-25 02:11:01,184 T0671: INFO  support testcase FtOpSfFn008 Pass 'Successfully verified sFlow sampling functionality.'
2023-12-25 02:11:01,185 T0672: INFO  #### gw2  system/test_sflow.py::test_ft_sflow_sampling_v6_sFlow_collector
2023-12-25 02:11:01,186 T0672: INFO  support testcase FtOpSfFn008 Pass 'Successfully verified sFlow sampling functionality.'
2023-12-25 02:12:33,190 T0679: WARN  #### gw2  system/test_sflow.py::test_ft_sflow_sampling_v6_sFlow_collector
2023-12-25 02:12:33,191 T0679: WARN  support testcase FtOpSfFn004 Fail 'sFlow collector failed to receive sflow sample packets with default sampling rate.'
2023-12-25 02:12:33,194 T0680: WARN  #### gw2  system/test_sflow.py::test_ft_sflow_sampling_v6_sFlow_collector
2023-12-25 02:12:33,195 T0680: WARN  support testcase FtOpSfFn004 Fail 'sFlow collector failed to receive sflow sample packets with default sampling rate.'
2023-12-25 02:12:37,714 T0685: WARN  #### gw2  system/test_sflow.py::test_ft_sflow_sampling_v6_sFlow_collector
2023-12-25 02:12:37,714 T0685: WARN  support pre-function-epilog test_ft_sflow_sampling_v6_sFlow_collector Fail 'Test case Failed.'
2023-12-25 02:12:37,717 T0686: WARN  #### gw2  system/test_sflow.py::test_ft_sflow_sampling_v6_sFlow_collector
2023-12-25 02:12:37,717 T0686: WARN  support pre-function-epilog test_ft_sflow_sampling_v6_sFlow_collector Fail 'Test case Failed.'
2023-12-25 02:12:43,354 T0687: WARN  #### gw2  system/test_sflow.py::test_ft_sflow_sampling_v6_sFlow_collector
2023-12-25 02:12:43,354 T0687: WARN  support post-function-epilog test_ft_sflow_sampling_v6_sFlow_collector ignore 'Test case Failed.'
2023-12-25 02:12:43,356 T0688: WARN  #### gw2  system/test_sflow.py::test_ft_sflow_sampling_v6_sFlow_collector
2023-12-25 02:12:43,356 T0688: WARN  support post-function-epilog test_ft_sflow_sampling_v6_sFlow_collector ignore 'Test case Failed.'
2023-12-25 02:12:43,370 T0000: ERROR #### gw2  system/test_sflow.py::test_ft_sflow_sampling_v6_sFlow_collector
2023-12-25 02:12:43,370 T0000: ERROR 

==================== REMOTE ALERTS ============================
################################################################################
drop the rate from 100000 to 100
################################################################################
===============================================================


2023-12-25 02:12:48,703 T0694: INFO  #### gw2  system/test_sflow.py
2023-12-25 02:12:48,703 T0694: INFO  support pre-function-prolog test_ft_sflow_max_sflow_collector_config  ''
2023-12-25 02:12:48,707 T0695: INFO  #### gw2  system/test_sflow.py
2023-12-25 02:12:48,707 T0695: INFO  support pre-function-prolog test_ft_sflow_max_sflow_collector_config  ''
2023-12-25 02:12:48,718 T0696: INFO  #### gw2  system/test_sflow.py::test_ft_sflow_max_sflow_collector_config
2023-12-25 02:12:48,718 T0696: INFO  support post-function-prolog test_ft_sflow_max_sflow_collector_config Pass ''
2023-12-25 02:12:48,720 T0697: INFO  #### gw2  system/test_sflow.py::test_ft_sflow_max_sflow_collector_config
2023-12-25 02:12:48,720 T0697: INFO  support post-function-prolog test_ft_sflow_max_sflow_collector_config Pass ''
2023-12-25 02:13:14,946 T0698: INFO  #### gw2  system/test_sflow.py::test_ft_sflow_max_sflow_collector_config
2023-12-25 02:13:14,946 T0698: INFO  support pre-function-epilog test_ft_sflow_max_sflow_collector_config Pass 'Successfully verified sFlow sampling functionality.'
2023-12-25 02:13:14,947 T0699: INFO  #### gw2  system/test_sflow.py::test_ft_sflow_max_sflow_collector_config
2023-12-25 02:13:14,948 T0699: INFO  support pre-function-epilog test_ft_sflow_max_sflow_collector_config Pass 'Successfully verified sFlow sampling functionality.'
2023-12-25 02:13:14,956 T0700: INFO  #### gw2  system/test_sflow.py::test_ft_sflow_max_sflow_collector_config
2023-12-25 02:13:14,956 T0700: INFO  support post-function-epilog test_ft_sflow_max_sflow_collector_config Pass 'Successfully verified sFlow sampling functionality.'
2023-12-25 02:13:14,957 T0701: INFO  #### gw2  system/test_sflow.py::test_ft_sflow_max_sflow_collector_config
2023-12-25 02:13:14,958 T0701: INFO  support post-function-epilog test_ft_sflow_max_sflow_collector_config Pass 'Successfully verified sFlow sampling functionality.'
2023-12-25 02:13:20,338 T0707: INFO  #### gw2  system/test_sflow.py
2023-12-25 02:13:20,338 T0707: INFO  support pre-function-prolog test_ft_system_config_mgmt_verifying_config_with_save_reboot_sflow  ''
2023-12-25 02:13:20,342 T0708: INFO  #### gw2  system/test_sflow.py
2023-12-25 02:13:20,342 T0708: INFO  support pre-function-prolog test_ft_system_config_mgmt_verifying_config_with_save_reboot_sflow  ''
2023-12-25 02:13:20,354 T0709: INFO  #### gw2  system/test_sflow.py::test_ft_system_config_mgmt_verifying_config_with_save_reboot_sflow
2023-12-25 02:13:20,354 T0709: INFO  support post-function-prolog test_ft_system_config_mgmt_verifying_config_with_save_reboot_sflow Pass ''
2023-12-25 02:13:20,356 T0710: INFO  #### gw2  system/test_sflow.py::test_ft_system_config_mgmt_verifying_config_with_save_reboot_sflow
2023-12-25 02:13:20,356 T0710: INFO  support post-function-prolog test_ft_system_config_mgmt_verifying_config_with_save_reboot_sflow Pass ''
2023-12-25 02:13:33,911 T0000: WARN  #### gw2 IGNORED ERROR system/test_sflow.py::test_ft_system_config_mgmt_verifying_config_with_save_reboot_sflow
2023-12-25 02:13:33,911 T0000: WARN  Skipped error checking but detected pattern: containing_python_traceback command: sudo -s reboot
2023-12-25 02:19:45,867 T0715: INFO  #### gw2  system/test_sflow.py::test_ft_system_config_mgmt_verifying_config_with_save_reboot_sflow
2023-12-25 02:19:45,867 T0715: INFO  support pre-function-epilog test_ft_system_config_mgmt_verifying_config_with_save_reboot_sflow Pass 'Test case passed'
2023-12-25 02:19:45,868 T0716: INFO  #### gw2  system/test_sflow.py::test_ft_system_config_mgmt_verifying_config_with_save_reboot_sflow
2023-12-25 02:19:45,869 T0716: INFO  support pre-function-epilog test_ft_system_config_mgmt_verifying_config_with_save_reboot_sflow Pass 'Test case passed'
2023-12-25 02:19:45,878 T0717: INFO  #### gw2  system/test_sflow.py::test_ft_system_config_mgmt_verifying_config_with_save_reboot_sflow
2023-12-25 02:19:45,878 T0717: INFO  support post-function-epilog test_ft_system_config_mgmt_verifying_config_with_save_reboot_sflow Pass 'Test case passed'
2023-12-25 02:19:45,880 T0718: INFO  #### gw2  system/test_sflow.py::test_ft_system_config_mgmt_verifying_config_with_save_reboot_sflow
2023-12-25 02:19:45,880 T0718: INFO  support post-function-epilog test_ft_system_config_mgmt_verifying_config_with_save_reboot_sflow Pass 'Test case passed'
2023-12-25 02:19:45,915 T0719: WARN  #### gw2  system/test_sflow.py::test_ft_system_config_mgmt_verifying_config_with_save_reboot_sflow
2023-12-25 02:19:45,915 T0719: WARN  support pre-module-epilog system/test_sflow.py fail ''
2023-12-25 02:19:45,917 T0720: WARN  #### gw2  system/test_sflow.py::test_ft_system_config_mgmt_verifying_config_with_save_reboot_sflow
2023-12-25 02:19:45,917 T0720: WARN  support pre-module-epilog system/test_sflow.py fail ''
2023-12-25 02:19:57,330 T0729: ERROR #### gw2 ERROR system/test_sflow.py::test_ft_system_config_mgmt_verifying_config_with_save_reboot_sflow
2023-12-25 02:19:57,330 T0729: ERROR detected pattern: containing_error executing 'sudo -s config interface ip remove Ethernet48 100.168.2.1/24'
2023-12-25 02:19:57,335 T0731: WARN  #### gw2  system/test_sflow.py::test_ft_system_config_mgmt_verifying_config_with_save_reboot_sflow
2023-12-25 02:19:57,336 T0731: WARN  support post-module-epilog system/test_sflow.py fail ''
2023-12-25 02:19:57,340 T0732: WARN  #### gw2  system/test_sflow.py::test_ft_system_config_mgmt_verifying_config_with_save_reboot_sflow
2023-12-25 02:19:57,340 T0732: WARN  support post-module-epilog system/test_sflow.py fail ''
2023-12-25 02:25:07,087 T0790: WARN  #### gw2  
2023-12-25 02:25:07,087 T0790: WARN  support port-status-module mlog_batch_test_spytest_infra_1 fail ''
2023-12-25 02:25:07,088 T0791: WARN  #### gw2  
2023-12-25 02:25:07,089 T0791: WARN  support port-status-module mlog_batch_test_spytest_infra_1 fail ''
2023-12-25 02:25:07,099 T0792: WARN  #### gw2  
2023-12-25 02:25:07,099 T0792: WARN  support post-module-prolog  Fail ''
2023-12-25 02:25:07,102 T0793: WARN  #### gw2  
2023-12-25 02:25:07,102 T0793: WARN  support post-module-prolog  Fail ''
