2023-12-30 23:07:27,304 T0017: WARN  #### gw2  
2023-12-30 23:07:27,305 T0017: WARN  support post-session-prolog session pass ''
2023-12-30 23:07:27,306 T0018: WARN  #### gw2  
2023-12-30 23:07:27,307 T0018: WARN  support post-session-prolog session pass ''
2023-12-30 23:08:15,970 T0071: INFO  #### gw2  
2023-12-30 23:08:15,971 T0071: INFO  support pre-module-prolog routing/VRF/test_vrf_scale.py  ''
2023-12-30 23:08:15,972 T0072: INFO  #### gw2  
2023-12-30 23:08:15,973 T0072: INFO  support pre-module-prolog routing/VRF/test_vrf_scale.py  ''
2023-12-30 23:30:14,718 T0117: INFO  #### gw2  routing/VRF/test_vrf_scale.py
2023-12-30 23:30:14,719 T0117: INFO  support post-module-prolog routing/VRF/test_vrf_scale.py Pass ''
2023-12-30 23:30:14,722 T0118: INFO  #### gw2  routing/VRF/test_vrf_scale.py
2023-12-30 23:30:14,722 T0118: INFO  support post-module-prolog routing/VRF/test_vrf_scale.py Pass ''
2023-12-30 23:30:49,604 T0142: INFO  #### gw2  routing/VRF/test_vrf_scale.py
2023-12-30 23:30:49,604 T0142: INFO  support pre-function-prolog test_vrf_scale  ''
2023-12-30 23:30:49,608 T0143: INFO  #### gw2  routing/VRF/test_vrf_scale.py
2023-12-30 23:30:49,608 T0143: INFO  support pre-function-prolog test_vrf_scale  ''
2023-12-30 23:30:49,622 T0144: INFO  #### gw2  routing/VRF/test_vrf_scale.py::test_vrf_scale
2023-12-30 23:30:49,622 T0144: INFO  support post-function-prolog test_vrf_scale Pass ''
2023-12-30 23:30:49,624 T0145: INFO  #### gw2  routing/VRF/test_vrf_scale.py::test_vrf_scale
2023-12-30 23:30:49,624 T0145: INFO  support post-function-prolog test_vrf_scale Pass ''
2023-12-30 23:34:11,510 T0000: ERROR #### gw2 WARN routing/VRF/test_vrf_scale.py::test_vrf_scale
2023-12-30 23:34:11,510 T0000: ERROR Traceback (most recent call last):
2023-12-30 23:34:11,510 T0000: ERROR   File "/repo/spytest/net.py", line 1910, in _try
2023-12-30 23:34:11,510 T0000: ERROR     output = hndl.send_command_new(fcli, new_cmd, expect_string,
2023-12-30 23:34:11,511 T0000: ERROR   File "/repo/spytest/access/netmiko_connection.py", line 725, in send_command_new
2023-12-30 23:34:11,511 T0000: ERROR     raise IOError(self.dmsg_str(dbg_msg, msg1))
2023-12-30 23:34:11,511 T0000: ERROR OSError: Prompt Not Detected in DF 2.0: 'admin@sonic:\~\$'
2023-12-30 23:34:11,511 T0000: ERROR =======================FASTER-CLI-DBG===================
2023-12-30 23:34:11,511 T0000: ERROR command_string: show vrf<LF>
2023-12-30 23:34:11,511 T0000: ERROR search_pattern: admin@sonic:\~\$
2023-12-30 23:34:11,511 T0000: ERROR cmd_issued: False
2023-12-30 23:34:11,511 T0000: ERROR CMP-OUT: show vrf<LF><LF>
2023-12-30 23:34:11,511 T0000: ERROR CMP-CMD: show vrf<LF>
2023-12-30 23:34:11,511 T0000: ERROR ECHOED OUTPUT: <LF>
2023-12-30 23:34:11,511 T0000: ERROR CMP-PROMPT: admin@sonic:\~\$
2023-12-30 23:34:11,511 T0000: ERROR CMP-OUTPUT: 
2023-12-30 23:34:11,511 T0000: ERROR CMP-OUTPUT: 
2023-12-30 23:34:11,511 T0000: ERROR Read Data: show vrf
2023-12-30 23:34:11,511 T0000: ERROR =========================================================
2023-12-30 23:34:11,511 T0000: ERROR StackTraceCallStack:
2023-12-30 23:34:11,511 T0000: ERROR [0] spytest/net.py:2138 _send_command output = self._try(access, line, fcli, cmd, expect,
2023-12-30 23:34:11,511 T0000: ERROR [1] spytest/net.py:6125 _send_cmd_opts output = self._send_command(access, cmd, expected_prompt,
2023-12-30 23:34:11,511 T0000: ERROR Truncated...
2023-12-30 23:37:10,671 T0146: WARN  #### gw2  routing/VRF/test_vrf_scale.py::test_vrf_scale
2023-12-30 23:37:10,671 T0146: WARN  support pre-function-epilog test_vrf_scale Fail 'Command 'show vrf' failed to give required prompt, recovered using CR'
2023-12-30 23:37:10,673 T0147: WARN  #### gw2  routing/VRF/test_vrf_scale.py::test_vrf_scale
2023-12-30 23:37:10,673 T0147: WARN  support pre-function-epilog test_vrf_scale Fail 'Command 'show vrf' failed to give required prompt, recovered using CR'
2023-12-30 23:37:11,453 T0148: WARN  #### gw2  routing/VRF/test_vrf_scale.py::test_vrf_scale
2023-12-30 23:37:11,453 T0148: WARN  support post-function-epilog test_vrf_scale ignore 'Command 'show vrf' failed to give required prompt, recovered using CR'
2023-12-30 23:37:11,458 T0149: WARN  #### gw2  routing/VRF/test_vrf_scale.py::test_vrf_scale
2023-12-30 23:37:11,458 T0149: WARN  support post-function-epilog test_vrf_scale ignore 'Command 'show vrf' failed to give required prompt, recovered using CR'
2023-12-30 23:37:17,751 T0155: INFO  #### gw2  routing/VRF/test_vrf_scale.py
2023-12-30 23:37:17,751 T0155: INFO  support pre-function-prolog test_vrf_route_leak  ''
2023-12-30 23:37:17,755 T0156: INFO  #### gw2  routing/VRF/test_vrf_scale.py
2023-12-30 23:37:17,755 T0156: INFO  support pre-function-prolog test_vrf_route_leak  ''
2023-12-30 23:39:22,435 T0161: INFO  #### gw2  routing/VRF/test_vrf_scale.py::test_vrf_route_leak
2023-12-30 23:39:22,435 T0161: INFO  support pre-function-epilog test_vrf_route_leak Pass 'Test case passed'
2023-12-30 23:39:22,437 T0162: INFO  #### gw2  routing/VRF/test_vrf_scale.py::test_vrf_route_leak
2023-12-30 23:39:22,437 T0162: INFO  support pre-function-epilog test_vrf_route_leak Pass 'Test case passed'
2023-12-30 23:39:22,444 T0163: INFO  #### gw2  routing/VRF/test_vrf_scale.py::test_vrf_route_leak
2023-12-30 23:39:22,444 T0163: INFO  support post-function-epilog test_vrf_route_leak Pass 'Test case passed'
2023-12-30 23:39:22,446 T0164: INFO  #### gw2  routing/VRF/test_vrf_scale.py::test_vrf_route_leak
2023-12-30 23:39:22,447 T0164: INFO  support post-function-epilog test_vrf_route_leak Pass 'Test case passed'
2023-12-30 23:39:31,592 T0170: INFO  #### gw2  routing/VRF/test_vrf_scale.py
2023-12-30 23:39:31,592 T0170: INFO  support pre-function-prolog test_vrf_bgp  ''
2023-12-30 23:39:31,596 T0171: INFO  #### gw2  routing/VRF/test_vrf_scale.py
2023-12-30 23:39:31,596 T0171: INFO  support pre-function-prolog test_vrf_bgp  ''
2023-12-30 23:52:08,603 T0564: WARN  #### gw2  routing/VRF/test_vrf_scale.py::test_vrf_bgp
2023-12-30 23:52:08,604 T0564: WARN  support pre-function-epilog test_vrf_bgp Fail 'Test case Failed.'
2023-12-30 23:52:08,607 T0565: WARN  #### gw2  routing/VRF/test_vrf_scale.py::test_vrf_bgp
2023-12-30 23:52:08,608 T0565: WARN  support pre-function-epilog test_vrf_bgp Fail 'Test case Failed.'
2023-12-30 23:52:08,993 T0566: WARN  #### gw2  routing/VRF/test_vrf_scale.py::test_vrf_bgp
2023-12-30 23:52:08,993 T0566: WARN  support post-function-epilog test_vrf_bgp ignore 'Test case Failed.'
2023-12-30 23:52:08,995 T0567: WARN  #### gw2  routing/VRF/test_vrf_scale.py::test_vrf_bgp
2023-12-30 23:52:08,995 T0567: WARN  support post-function-epilog test_vrf_bgp ignore 'Test case Failed.'
2023-12-30 23:52:17,029 T0573: INFO  #### gw2  routing/VRF/test_vrf_scale.py
2023-12-30 23:52:17,029 T0573: INFO  support pre-function-prolog test_vrf_reload  ''
2023-12-30 23:52:17,033 T0574: INFO  #### gw2  routing/VRF/test_vrf_scale.py
2023-12-30 23:52:17,033 T0574: INFO  support pre-function-prolog test_vrf_reload  ''
2023-12-30 23:54:53,827 T0000: WARN  #### gw2 IGNORED ERROR routing/VRF/test_vrf_scale.py::test_vrf_reload
2023-12-30 23:54:53,827 T0000: WARN  Skipped error checking but detected pattern: containing_python_traceback command: sudo -s fast-reboot
2023-12-30 23:58:44,271 T0000: ERROR #### gw2 WARN routing/VRF/test_vrf_scale.py::test_vrf_reload
2023-12-30 23:58:44,271 T0000: ERROR Traceback (most recent call last):
2023-12-30 23:58:44,271 T0000: ERROR   File "/repo/spytest/net.py", line 1910, in _try
2023-12-30 23:58:44,271 T0000: ERROR     output = hndl.send_command_new(fcli, new_cmd, expect_string,
2023-12-30 23:58:44,271 T0000: ERROR   File "/repo/spytest/access/netmiko_connection.py", line 725, in send_command_new
2023-12-30 23:58:44,271 T0000: ERROR     raise IOError(self.dmsg_str(dbg_msg, msg1))
2023-12-30 23:58:44,271 T0000: ERROR OSError: Prompt Not Detected in DF 2.0: 'admin@sonic:\~\$'
2023-12-30 23:58:44,271 T0000: ERROR =======================FASTER-CLI-DBG===================
2023-12-30 23:58:44,271 T0000: ERROR command_string: show vrf<LF>
2023-12-30 23:58:44,271 T0000: ERROR search_pattern: admin@sonic:\~\$
2023-12-30 23:58:44,271 T0000: ERROR cmd_issued: False
2023-12-30 23:58:44,271 T0000: ERROR CMP-OUT: show vrf<LF><LF>
2023-12-30 23:58:44,271 T0000: ERROR CMP-CMD: show vrf<LF>
2023-12-30 23:58:44,271 T0000: ERROR ECHOED OUTPUT: <LF>
2023-12-30 23:58:44,271 T0000: ERROR CMP-PROMPT: admin@sonic:\~\$
2023-12-30 23:58:44,271 T0000: ERROR CMP-OUTPUT: 
2023-12-30 23:58:44,271 T0000: ERROR CMP-OUTPUT: 
2023-12-30 23:58:44,271 T0000: ERROR Read Data: show vrf
2023-12-30 23:58:44,271 T0000: ERROR =========================================================
2023-12-30 23:58:44,271 T0000: ERROR StackTraceCallStack:
2023-12-30 23:58:44,272 T0000: ERROR [0] spytest/net.py:2138 _send_command output = self._try(access, line, fcli, cmd, expect,
2023-12-30 23:58:44,272 T0000: ERROR [1] spytest/net.py:6125 _send_cmd_opts output = self._send_command(access, cmd, expected_prompt,
2023-12-30 23:58:44,272 T0000: ERROR Truncated...
2023-12-31 00:01:54,245 T0575: WARN  #### gw2  routing/VRF/test_vrf_scale.py::test_vrf_reload
2023-12-31 00:01:54,246 T0575: WARN  support pre-function-epilog test_vrf_reload Fail 'Command 'show vrf' failed to give required prompt, recovered using CR'
2023-12-31 00:01:54,247 T0576: WARN  #### gw2  routing/VRF/test_vrf_scale.py::test_vrf_reload
2023-12-31 00:01:54,247 T0576: WARN  support pre-function-epilog test_vrf_reload Fail 'Command 'show vrf' failed to give required prompt, recovered using CR'
2023-12-31 00:01:55,027 T0577: WARN  #### gw2  routing/VRF/test_vrf_scale.py::test_vrf_reload
2023-12-31 00:01:55,027 T0577: WARN  support post-function-epilog test_vrf_reload ignore 'Command 'show vrf' failed to give required prompt, recovered using CR'
2023-12-31 00:01:55,029 T0578: WARN  #### gw2  routing/VRF/test_vrf_scale.py::test_vrf_reload
2023-12-31 00:01:55,029 T0578: WARN  support post-function-epilog test_vrf_reload ignore 'Command 'show vrf' failed to give required prompt, recovered using CR'
2023-12-31 00:01:55,078 T0579: WARN  #### gw2  routing/VRF/test_vrf_scale.py::test_vrf_reload
2023-12-31 00:01:55,078 T0579: WARN  support pre-module-epilog routing/VRF/test_vrf_scale.py fail ''
2023-12-31 00:01:55,080 T0580: WARN  #### gw2  routing/VRF/test_vrf_scale.py::test_vrf_reload
2023-12-31 00:01:55,080 T0580: WARN  support pre-module-epilog routing/VRF/test_vrf_scale.py fail ''
2023-12-31 00:02:19,192 T0597: WARN  #### gw2  routing/VRF/test_vrf_scale.py::test_vrf_scale
2023-12-31 00:02:19,192 T0597: WARN  support post-module-epilog routing/VRF/test_vrf_scale.py fail ''
2023-12-31 00:02:19,194 T0598: WARN  #### gw2  routing/VRF/test_vrf_scale.py::test_vrf_scale
2023-12-31 00:02:19,195 T0598: WARN  support post-module-epilog routing/VRF/test_vrf_scale.py fail ''
2023-12-31 00:08:08,502 T0648: INFO  #### gw2  
2023-12-31 00:08:08,503 T0648: INFO  support pre-module-prolog system/test_sflow.py  ''
2023-12-31 00:08:08,506 T0649: INFO  #### gw2  
2023-12-31 00:08:08,506 T0649: INFO  support pre-module-prolog system/test_sflow.py  ''
2023-12-31 00:09:12,016 T0673: INFO  #### gw2  system/test_sflow.py
2023-12-31 00:09:12,016 T0673: INFO  support post-module-prolog system/test_sflow.py Pass ''
2023-12-31 00:09:12,019 T0674: INFO  #### gw2  system/test_sflow.py
2023-12-31 00:09:12,019 T0674: INFO  support post-module-prolog system/test_sflow.py Pass ''
2023-12-31 00:09:45,049 T0698: INFO  #### gw2  system/test_sflow.py
2023-12-31 00:09:45,049 T0698: INFO  support pre-function-prolog test_ft_sflow_sampling_v6_sFlow_collector  ''
2023-12-31 00:09:45,053 T0699: INFO  #### gw2  system/test_sflow.py
2023-12-31 00:09:45,053 T0699: INFO  support pre-function-prolog test_ft_sflow_sampling_v6_sFlow_collector  ''
2023-12-31 00:09:45,066 T0700: INFO  #### gw2  system/test_sflow.py::test_ft_sflow_sampling_v6_sFlow_collector
2023-12-31 00:09:45,066 T0700: INFO  support post-function-prolog test_ft_sflow_sampling_v6_sFlow_collector Pass ''
2023-12-31 00:09:45,068 T0701: INFO  #### gw2  system/test_sflow.py::test_ft_sflow_sampling_v6_sFlow_collector
2023-12-31 00:09:45,068 T0701: INFO  support post-function-prolog test_ft_sflow_sampling_v6_sFlow_collector Pass ''
2023-12-31 00:10:22,515 T0704: INFO  #### gw2  system/test_sflow.py::test_ft_sflow_sampling_v6_sFlow_collector
2023-12-31 00:10:22,516 T0704: INFO  support testcase FtOpSfFn008 Pass 'Successfully verified sFlow sampling functionality.'
2023-12-31 00:10:22,518 T0705: INFO  #### gw2  system/test_sflow.py::test_ft_sflow_sampling_v6_sFlow_collector
2023-12-31 00:10:22,518 T0705: INFO  support testcase FtOpSfFn008 Pass 'Successfully verified sFlow sampling functionality.'
2023-12-31 00:11:54,415 T0712: WARN  #### gw2  system/test_sflow.py::test_ft_sflow_sampling_v6_sFlow_collector
2023-12-31 00:11:54,415 T0712: WARN  support testcase FtOpSfFn004 Fail 'sFlow collector failed to receive sflow sample packets with default sampling rate.'
2023-12-31 00:11:54,419 T0713: WARN  #### gw2  system/test_sflow.py::test_ft_sflow_sampling_v6_sFlow_collector
2023-12-31 00:11:54,419 T0713: WARN  support testcase FtOpSfFn004 Fail 'sFlow collector failed to receive sflow sample packets with default sampling rate.'
2023-12-31 00:11:58,859 T0718: WARN  #### gw2  system/test_sflow.py::test_ft_sflow_sampling_v6_sFlow_collector
2023-12-31 00:11:58,859 T0718: WARN  support pre-function-epilog test_ft_sflow_sampling_v6_sFlow_collector Fail 'Test case Failed.'
2023-12-31 00:11:58,863 T0719: WARN  #### gw2  system/test_sflow.py::test_ft_sflow_sampling_v6_sFlow_collector
2023-12-31 00:11:58,863 T0719: WARN  support pre-function-epilog test_ft_sflow_sampling_v6_sFlow_collector Fail 'Test case Failed.'
2023-12-31 00:12:04,930 T0720: WARN  #### gw2  system/test_sflow.py::test_ft_sflow_sampling_v6_sFlow_collector
2023-12-31 00:12:04,930 T0720: WARN  support post-function-epilog test_ft_sflow_sampling_v6_sFlow_collector ignore 'Test case Failed.'
2023-12-31 00:12:04,932 T0721: WARN  #### gw2  system/test_sflow.py::test_ft_sflow_sampling_v6_sFlow_collector
2023-12-31 00:12:04,932 T0721: WARN  support post-function-epilog test_ft_sflow_sampling_v6_sFlow_collector ignore 'Test case Failed.'
2023-12-31 00:12:04,949 T0000: ERROR #### gw2  system/test_sflow.py::test_ft_sflow_sampling_v6_sFlow_collector
2023-12-31 00:12:04,949 T0000: ERROR 

==================== REMOTE ALERTS ============================
################################################################################
drop the rate from 100000 to 100
################################################################################
===============================================================


2023-12-31 00:12:10,313 T0727: INFO  #### gw2  system/test_sflow.py
2023-12-31 00:12:10,313 T0727: INFO  support pre-function-prolog test_ft_sflow_max_sflow_collector_config  ''
2023-12-31 00:12:10,317 T0728: INFO  #### gw2  system/test_sflow.py
2023-12-31 00:12:10,317 T0728: INFO  support pre-function-prolog test_ft_sflow_max_sflow_collector_config  ''
2023-12-31 00:12:10,328 T0729: INFO  #### gw2  system/test_sflow.py::test_ft_sflow_max_sflow_collector_config
2023-12-31 00:12:10,329 T0729: INFO  support post-function-prolog test_ft_sflow_max_sflow_collector_config Pass ''
2023-12-31 00:12:10,331 T0730: INFO  #### gw2  system/test_sflow.py::test_ft_sflow_max_sflow_collector_config
2023-12-31 00:12:10,331 T0730: INFO  support post-function-prolog test_ft_sflow_max_sflow_collector_config Pass ''
2023-12-31 00:12:36,841 T0731: INFO  #### gw2  system/test_sflow.py::test_ft_sflow_max_sflow_collector_config
2023-12-31 00:12:36,841 T0731: INFO  support pre-function-epilog test_ft_sflow_max_sflow_collector_config Pass 'Successfully verified sFlow sampling functionality.'
2023-12-31 00:12:36,843 T0732: INFO  #### gw2  system/test_sflow.py::test_ft_sflow_max_sflow_collector_config
2023-12-31 00:12:36,843 T0732: INFO  support pre-function-epilog test_ft_sflow_max_sflow_collector_config Pass 'Successfully verified sFlow sampling functionality.'
2023-12-31 00:12:36,852 T0733: INFO  #### gw2  system/test_sflow.py::test_ft_sflow_max_sflow_collector_config
2023-12-31 00:12:36,852 T0733: INFO  support post-function-epilog test_ft_sflow_max_sflow_collector_config Pass 'Successfully verified sFlow sampling functionality.'
2023-12-31 00:12:36,854 T0734: INFO  #### gw2  system/test_sflow.py::test_ft_sflow_max_sflow_collector_config
2023-12-31 00:12:36,854 T0734: INFO  support post-function-epilog test_ft_sflow_max_sflow_collector_config Pass 'Successfully verified sFlow sampling functionality.'
2023-12-31 00:12:42,305 T0740: INFO  #### gw2  system/test_sflow.py
2023-12-31 00:12:42,306 T0740: INFO  support pre-function-prolog test_ft_system_config_mgmt_verifying_config_with_save_reboot_sflow  ''
2023-12-31 00:12:42,309 T0741: INFO  #### gw2  system/test_sflow.py
2023-12-31 00:12:42,309 T0741: INFO  support pre-function-prolog test_ft_system_config_mgmt_verifying_config_with_save_reboot_sflow  ''
2023-12-31 00:12:42,321 T0742: INFO  #### gw2  system/test_sflow.py::test_ft_system_config_mgmt_verifying_config_with_save_reboot_sflow
2023-12-31 00:12:42,322 T0742: INFO  support post-function-prolog test_ft_system_config_mgmt_verifying_config_with_save_reboot_sflow Pass ''
2023-12-31 00:12:42,323 T0743: INFO  #### gw2  system/test_sflow.py::test_ft_system_config_mgmt_verifying_config_with_save_reboot_sflow
2023-12-31 00:12:42,324 T0743: INFO  support post-function-prolog test_ft_system_config_mgmt_verifying_config_with_save_reboot_sflow Pass ''
2023-12-31 00:13:31,475 T0000: WARN  #### gw2 IGNORED ERROR system/test_sflow.py::test_ft_system_config_mgmt_verifying_config_with_save_reboot_sflow
2023-12-31 00:13:31,475 T0000: WARN  Skipped error checking but detected pattern: containing_failed command: sudo -s reboot
2023-12-31 00:13:57,524 T0744: INFO  #### gw2  system/test_sflow.py::test_ft_system_config_mgmt_verifying_config_with_save_reboot_sflow
2023-12-31 00:13:57,524 T0744: INFO  support pre-function-epilog test_ft_system_config_mgmt_verifying_config_with_save_reboot_sflow Pass 'Test case passed'
2023-12-31 00:13:57,526 T0745: INFO  #### gw2  system/test_sflow.py::test_ft_system_config_mgmt_verifying_config_with_save_reboot_sflow
2023-12-31 00:13:57,526 T0745: INFO  support pre-function-epilog test_ft_system_config_mgmt_verifying_config_with_save_reboot_sflow Pass 'Test case passed'
2023-12-31 00:13:57,534 T0746: INFO  #### gw2  system/test_sflow.py::test_ft_system_config_mgmt_verifying_config_with_save_reboot_sflow
2023-12-31 00:13:57,534 T0746: INFO  support post-function-epilog test_ft_system_config_mgmt_verifying_config_with_save_reboot_sflow Pass 'Test case passed'
2023-12-31 00:13:57,537 T0747: INFO  #### gw2  system/test_sflow.py::test_ft_system_config_mgmt_verifying_config_with_save_reboot_sflow
2023-12-31 00:13:57,537 T0747: INFO  support post-function-epilog test_ft_system_config_mgmt_verifying_config_with_save_reboot_sflow Pass 'Test case passed'
2023-12-31 00:13:57,573 T0748: WARN  #### gw2  system/test_sflow.py::test_ft_system_config_mgmt_verifying_config_with_save_reboot_sflow
2023-12-31 00:13:57,574 T0748: WARN  support pre-module-epilog system/test_sflow.py fail ''
2023-12-31 00:13:57,576 T0749: WARN  #### gw2  system/test_sflow.py::test_ft_system_config_mgmt_verifying_config_with_save_reboot_sflow
2023-12-31 00:13:57,576 T0749: WARN  support pre-module-epilog system/test_sflow.py fail ''
2023-12-31 00:14:58,603 T0766: ERROR #### gw2 ERROR system/test_sflow.py::test_ft_system_config_mgmt_verifying_config_with_save_reboot_sflow
2023-12-31 00:14:58,603 T0766: ERROR detected pattern: containing_error executing 'sudo -s config interface ip remove Ethernet48 100.168.2.1/24'
2023-12-31 00:14:59,625 T0767: ERROR #### gw2 ERROR system/test_sflow.py::test_ft_system_config_mgmt_verifying_config_with_save_reboot_sflow
2023-12-31 00:14:59,625 T0767: ERROR detected pattern: containing_error executing 'sudo -s config interface ip remove Ethernet48 100.168.2.2/24'
2023-12-31 00:14:59,629 T0768: WARN  #### gw2  system/test_sflow.py::test_ft_system_config_mgmt_verifying_config_with_save_reboot_sflow
2023-12-31 00:14:59,629 T0768: WARN  support post-module-epilog system/test_sflow.py fail ''
2023-12-31 00:14:59,631 T0769: WARN  #### gw2  system/test_sflow.py::test_ft_system_config_mgmt_verifying_config_with_save_reboot_sflow
2023-12-31 00:14:59,631 T0769: WARN  support post-module-epilog system/test_sflow.py fail ''
2023-12-31 00:20:01,562 T0819: INFO  #### gw2  
2023-12-31 00:20:01,562 T0819: INFO  support pre-module-prolog routing/BGP/test_bgp_rr_traffic.py  ''
2023-12-31 00:20:01,564 T0820: INFO  #### gw2  
2023-12-31 00:20:01,565 T0820: INFO  support pre-module-prolog routing/BGP/test_bgp_rr_traffic.py  ''
2023-12-31 00:23:14,279 T0847: INFO  #### gw2  routing/BGP/test_bgp_rr_traffic.py
2023-12-31 00:23:14,279 T0847: INFO  support post-class-prolog routing/BGP/test_bgp_rr_traffic.py Pass ''
2023-12-31 00:23:14,281 T0848: INFO  #### gw2  routing/BGP/test_bgp_rr_traffic.py
2023-12-31 00:23:14,281 T0848: INFO  support post-class-prolog routing/BGP/test_bgp_rr_traffic.py Pass ''
2023-12-31 00:23:14,289 T0849: INFO  #### gw2  routing/BGP/test_bgp_rr_traffic.py
2023-12-31 00:23:14,289 T0849: INFO  support post-module-prolog routing/BGP/test_bgp_rr_traffic.py Pass ''
2023-12-31 00:23:14,291 T0850: INFO  #### gw2  routing/BGP/test_bgp_rr_traffic.py
2023-12-31 00:23:14,291 T0850: INFO  support post-module-prolog routing/BGP/test_bgp_rr_traffic.py Pass ''
2023-12-31 00:23:47,017 T0874: INFO  #### gw2  routing/BGP/test_bgp_rr_traffic.py
2023-12-31 00:23:47,018 T0874: INFO  support pre-function-prolog TestBGPRrTraffic.test_ft_bgp6_rr_traffic_check  ''
2023-12-31 00:23:47,022 T0875: INFO  #### gw2  routing/BGP/test_bgp_rr_traffic.py
2023-12-31 00:23:47,022 T0875: INFO  support pre-function-prolog TestBGPRrTraffic.test_ft_bgp6_rr_traffic_check  ''
2023-12-31 00:26:16,895 T0876: INFO  #### gw2  routing/BGP/test_bgp_rr_traffic.py::TestBGPRrTraffic::test_ft_bgp6_rr_traffic_check
2023-12-31 00:26:16,895 T0876: INFO  support pre-function-epilog TestBGPRrTraffic.test_ft_bgp6_rr_traffic_check Pass 'Test case passed'
2023-12-31 00:26:16,897 T0877: INFO  #### gw2  routing/BGP/test_bgp_rr_traffic.py::TestBGPRrTraffic::test_ft_bgp6_rr_traffic_check
2023-12-31 00:26:16,897 T0877: INFO  support pre-function-epilog TestBGPRrTraffic.test_ft_bgp6_rr_traffic_check Pass 'Test case passed'
2023-12-31 00:26:16,905 T0878: INFO  #### gw2  routing/BGP/test_bgp_rr_traffic.py::TestBGPRrTraffic::test_ft_bgp6_rr_traffic_check
2023-12-31 00:26:16,905 T0878: INFO  support post-function-epilog TestBGPRrTraffic.test_ft_bgp6_rr_traffic_check Pass 'Test case passed'
2023-12-31 00:26:16,907 T0879: INFO  #### gw2  routing/BGP/test_bgp_rr_traffic.py::TestBGPRrTraffic::test_ft_bgp6_rr_traffic_check
2023-12-31 00:26:16,908 T0879: INFO  support post-function-epilog TestBGPRrTraffic.test_ft_bgp6_rr_traffic_check Pass 'Test case passed'
2023-12-31 00:26:45,038 T0890: WARN  #### gw2  routing/BGP/test_bgp_rr_traffic.py::TestBGPRrTraffic::test_ft_bgp6_rr_traffic_check
2023-12-31 00:26:45,038 T0890: WARN  support post-class-epilog routing/BGP/test_bgp_rr_traffic.py pass ''
2023-12-31 00:26:45,042 T0891: WARN  #### gw2  routing/BGP/test_bgp_rr_traffic.py::TestBGPRrTraffic::test_ft_bgp6_rr_traffic_check
2023-12-31 00:26:45,042 T0891: WARN  support post-class-epilog routing/BGP/test_bgp_rr_traffic.py pass ''
2023-12-31 00:26:45,050 T0892: WARN  #### gw2  routing/BGP/test_bgp_rr_traffic.py::TestBGPRrTraffic::test_ft_bgp6_rr_traffic_check
2023-12-31 00:26:45,050 T0892: WARN  support pre-module-epilog routing/BGP/test_bgp_rr_traffic.py pass ''
2023-12-31 00:26:45,053 T0893: WARN  #### gw2  routing/BGP/test_bgp_rr_traffic.py::TestBGPRrTraffic::test_ft_bgp6_rr_traffic_check
2023-12-31 00:26:45,053 T0893: WARN  support pre-module-epilog routing/BGP/test_bgp_rr_traffic.py pass ''
2023-12-31 00:27:28,445 T0916: WARN  #### gw2  routing/BGP/test_bgp_rr_traffic.py::TestBGPRrTraffic::test_ft_bgp6_rr_traffic_check
2023-12-31 00:27:28,446 T0916: WARN  support post-module-epilog routing/BGP/test_bgp_rr_traffic.py pass ''
2023-12-31 00:27:28,450 T0917: WARN  #### gw2  routing/BGP/test_bgp_rr_traffic.py::TestBGPRrTraffic::test_ft_bgp6_rr_traffic_check
2023-12-31 00:27:28,450 T0917: WARN  support post-module-epilog routing/BGP/test_bgp_rr_traffic.py pass ''
2023-12-31 00:29:42,914 T0956: WARN  #### gw2  batch/test_spytest_infra_1.py::test_spytest_infra_last
2023-12-31 00:29:42,915 T0956: WARN  support session-epilog session pass ''
2023-12-31 00:29:42,916 T0957: WARN  #### gw2  batch/test_spytest_infra_1.py::test_spytest_infra_last
2023-12-31 00:29:42,917 T0957: WARN  support session-epilog session pass ''
