2023-12-25 22:57:23,541 T0017: WARN  #### gw2  
2023-12-25 22:57:23,541 T0017: WARN  support post-session-prolog session pass ''
2023-12-25 22:57:23,543 T0018: WARN  #### gw2  
2023-12-25 22:57:23,543 T0018: WARN  support post-session-prolog session pass ''
2023-12-25 22:58:12,176 T0071: INFO  #### gw2  
2023-12-25 22:58:12,176 T0071: INFO  support pre-module-prolog routing/VRF/test_vrf_scale.py  ''
2023-12-25 22:58:12,179 T0072: INFO  #### gw2  
2023-12-25 22:58:12,180 T0072: INFO  support pre-module-prolog routing/VRF/test_vrf_scale.py  ''
2023-12-25 23:20:14,438 T0117: INFO  #### gw2  routing/VRF/test_vrf_scale.py
2023-12-25 23:20:14,439 T0117: INFO  support post-module-prolog routing/VRF/test_vrf_scale.py Pass ''
2023-12-25 23:20:14,443 T0118: INFO  #### gw2  routing/VRF/test_vrf_scale.py
2023-12-25 23:20:14,443 T0118: INFO  support post-module-prolog routing/VRF/test_vrf_scale.py Pass ''
2023-12-25 23:20:49,148 T0142: INFO  #### gw2  routing/VRF/test_vrf_scale.py
2023-12-25 23:20:49,149 T0142: INFO  support pre-function-prolog test_vrf_scale  ''
2023-12-25 23:20:49,152 T0143: INFO  #### gw2  routing/VRF/test_vrf_scale.py
2023-12-25 23:20:49,152 T0143: INFO  support pre-function-prolog test_vrf_scale  ''
2023-12-25 23:20:49,161 T0144: INFO  #### gw2  routing/VRF/test_vrf_scale.py::test_vrf_scale
2023-12-25 23:20:49,161 T0144: INFO  support post-function-prolog test_vrf_scale Pass ''
2023-12-25 23:20:49,163 T0145: INFO  #### gw2  routing/VRF/test_vrf_scale.py::test_vrf_scale
2023-12-25 23:20:49,163 T0145: INFO  support post-function-prolog test_vrf_scale Pass ''
2023-12-25 23:24:11,294 T0000: ERROR #### gw2 WARN routing/VRF/test_vrf_scale.py::test_vrf_scale
2023-12-25 23:24:11,294 T0000: ERROR Traceback (most recent call last):
2023-12-25 23:24:11,294 T0000: ERROR   File "/repo/spytest/net.py", line 1910, in _try
2023-12-25 23:24:11,294 T0000: ERROR     output = hndl.send_command_new(fcli, new_cmd, expect_string,
2023-12-25 23:24:11,294 T0000: ERROR   File "/repo/spytest/access/netmiko_connection.py", line 725, in send_command_new
2023-12-25 23:24:11,294 T0000: ERROR     raise IOError(self.dmsg_str(dbg_msg, msg1))
2023-12-25 23:24:11,294 T0000: ERROR OSError: Prompt Not Detected in DF 2.0: 'admin@sonic:\~\$'
2023-12-25 23:24:11,294 T0000: ERROR =======================FASTER-CLI-DBG===================
2023-12-25 23:24:11,294 T0000: ERROR command_string: show vrf<LF>
2023-12-25 23:24:11,294 T0000: ERROR search_pattern: admin@sonic:\~\$
2023-12-25 23:24:11,294 T0000: ERROR cmd_issued: False
2023-12-25 23:24:11,295 T0000: ERROR CMP-OUT: show vrf<LF><LF>
2023-12-25 23:24:11,295 T0000: ERROR CMP-CMD: show vrf<LF>
2023-12-25 23:24:11,295 T0000: ERROR ECHOED OUTPUT: <LF>
2023-12-25 23:24:11,295 T0000: ERROR CMP-PROMPT: admin@sonic:\~\$
2023-12-25 23:24:11,295 T0000: ERROR CMP-OUTPUT: 
2023-12-25 23:24:11,295 T0000: ERROR CMP-OUTPUT: 
2023-12-25 23:24:11,295 T0000: ERROR Read Data: show vrf
2023-12-25 23:24:11,295 T0000: ERROR =========================================================
2023-12-25 23:24:11,295 T0000: ERROR StackTraceCallStack:
2023-12-25 23:24:11,295 T0000: ERROR [0] spytest/net.py:2138 _send_command output = self._try(access, line, fcli, cmd, expect,
2023-12-25 23:24:11,295 T0000: ERROR [1] spytest/net.py:6125 _send_cmd_opts output = self._send_command(access, cmd, expected_prompt,
2023-12-25 23:24:11,295 T0000: ERROR Truncated...
2023-12-25 23:27:21,259 T0146: WARN  #### gw2  routing/VRF/test_vrf_scale.py::test_vrf_scale
2023-12-25 23:27:21,260 T0146: WARN  support pre-function-epilog test_vrf_scale Fail 'Command 'show vrf' failed to give required prompt, recovered using CR'
2023-12-25 23:27:21,261 T0147: WARN  #### gw2  routing/VRF/test_vrf_scale.py::test_vrf_scale
2023-12-25 23:27:21,261 T0147: WARN  support pre-function-epilog test_vrf_scale Fail 'Command 'show vrf' failed to give required prompt, recovered using CR'
2023-12-25 23:27:22,048 T0148: WARN  #### gw2  routing/VRF/test_vrf_scale.py::test_vrf_scale
2023-12-25 23:27:22,048 T0148: WARN  support post-function-epilog test_vrf_scale ignore 'Command 'show vrf' failed to give required prompt, recovered using CR'
2023-12-25 23:27:22,050 T0149: WARN  #### gw2  routing/VRF/test_vrf_scale.py::test_vrf_scale
2023-12-25 23:27:22,050 T0149: WARN  support post-function-epilog test_vrf_scale ignore 'Command 'show vrf' failed to give required prompt, recovered using CR'
2023-12-25 23:27:28,493 T0155: INFO  #### gw2  routing/VRF/test_vrf_scale.py
2023-12-25 23:27:28,493 T0155: INFO  support pre-function-prolog test_vrf_route_leak  ''
2023-12-25 23:27:28,497 T0156: INFO  #### gw2  routing/VRF/test_vrf_scale.py
2023-12-25 23:27:28,497 T0156: INFO  support pre-function-prolog test_vrf_route_leak  ''
2023-12-25 23:29:28,886 T0161: INFO  #### gw2  routing/VRF/test_vrf_scale.py::test_vrf_route_leak
2023-12-25 23:29:28,886 T0161: INFO  support pre-function-epilog test_vrf_route_leak Pass 'Test case passed'
2023-12-25 23:29:28,888 T0162: INFO  #### gw2  routing/VRF/test_vrf_scale.py::test_vrf_route_leak
2023-12-25 23:29:28,888 T0162: INFO  support pre-function-epilog test_vrf_route_leak Pass 'Test case passed'
2023-12-25 23:29:28,895 T0163: INFO  #### gw2  routing/VRF/test_vrf_scale.py::test_vrf_route_leak
2023-12-25 23:29:28,895 T0163: INFO  support post-function-epilog test_vrf_route_leak Pass 'Test case passed'
2023-12-25 23:29:28,897 T0164: INFO  #### gw2  routing/VRF/test_vrf_scale.py::test_vrf_route_leak
2023-12-25 23:29:28,897 T0164: INFO  support post-function-epilog test_vrf_route_leak Pass 'Test case passed'
2023-12-25 23:29:36,468 T0170: INFO  #### gw2  routing/VRF/test_vrf_scale.py
2023-12-25 23:29:36,468 T0170: INFO  support pre-function-prolog test_vrf_bgp  ''
2023-12-25 23:29:36,473 T0171: INFO  #### gw2  routing/VRF/test_vrf_scale.py
2023-12-25 23:29:36,473 T0171: INFO  support pre-function-prolog test_vrf_bgp  ''
2023-12-25 23:42:14,208 T0564: WARN  #### gw2  routing/VRF/test_vrf_scale.py::test_vrf_bgp
2023-12-25 23:42:14,208 T0564: WARN  support pre-function-epilog test_vrf_bgp Fail 'Test case Failed.'
2023-12-25 23:42:14,211 T0565: WARN  #### gw2  routing/VRF/test_vrf_scale.py::test_vrf_bgp
2023-12-25 23:42:14,211 T0565: WARN  support pre-function-epilog test_vrf_bgp Fail 'Test case Failed.'
2023-12-25 23:42:14,680 T0566: WARN  #### gw2  routing/VRF/test_vrf_scale.py::test_vrf_bgp
2023-12-25 23:42:14,681 T0566: WARN  support post-function-epilog test_vrf_bgp ignore 'Test case Failed.'
2023-12-25 23:42:14,682 T0567: WARN  #### gw2  routing/VRF/test_vrf_scale.py::test_vrf_bgp
2023-12-25 23:42:14,682 T0567: WARN  support post-function-epilog test_vrf_bgp ignore 'Test case Failed.'
2023-12-25 23:42:22,636 T0573: INFO  #### gw2  routing/VRF/test_vrf_scale.py
2023-12-25 23:42:22,636 T0573: INFO  support pre-function-prolog test_vrf_reload  ''
2023-12-25 23:42:22,639 T0574: INFO  #### gw2  routing/VRF/test_vrf_scale.py
2023-12-25 23:42:22,639 T0574: INFO  support pre-function-prolog test_vrf_reload  ''
2023-12-25 23:45:01,509 T0000: WARN  #### gw2 IGNORED ERROR routing/VRF/test_vrf_scale.py::test_vrf_reload
2023-12-25 23:45:01,509 T0000: WARN  Skipped error checking but detected pattern: containing_python_traceback command: sudo -s fast-reboot
2023-12-25 23:48:48,568 T0000: ERROR #### gw2 WARN routing/VRF/test_vrf_scale.py::test_vrf_reload
2023-12-25 23:48:48,568 T0000: ERROR Traceback (most recent call last):
2023-12-25 23:48:48,568 T0000: ERROR   File "/repo/spytest/net.py", line 1910, in _try
2023-12-25 23:48:48,568 T0000: ERROR     output = hndl.send_command_new(fcli, new_cmd, expect_string,
2023-12-25 23:48:48,568 T0000: ERROR   File "/repo/spytest/access/netmiko_connection.py", line 725, in send_command_new
2023-12-25 23:48:48,568 T0000: ERROR     raise IOError(self.dmsg_str(dbg_msg, msg1))
2023-12-25 23:48:48,568 T0000: ERROR OSError: Prompt Not Detected in DF 2.0: 'admin@sonic:\~\$'
2023-12-25 23:48:48,569 T0000: ERROR =======================FASTER-CLI-DBG===================
2023-12-25 23:48:48,569 T0000: ERROR command_string: show vrf<LF>
2023-12-25 23:48:48,569 T0000: ERROR search_pattern: admin@sonic:\~\$
2023-12-25 23:48:48,569 T0000: ERROR cmd_issued: False
2023-12-25 23:48:48,569 T0000: ERROR CMP-OUT: show vrf<LF><LF>
2023-12-25 23:48:48,569 T0000: ERROR CMP-CMD: show vrf<LF>
2023-12-25 23:48:48,569 T0000: ERROR ECHOED OUTPUT: <LF>
2023-12-25 23:48:48,569 T0000: ERROR CMP-PROMPT: admin@sonic:\~\$
2023-12-25 23:48:48,569 T0000: ERROR CMP-OUTPUT: 
2023-12-25 23:48:48,569 T0000: ERROR CMP-OUTPUT: 
2023-12-25 23:48:48,569 T0000: ERROR Read Data: show vrf
2023-12-25 23:48:48,569 T0000: ERROR =========================================================
2023-12-25 23:48:48,569 T0000: ERROR StackTraceCallStack:
2023-12-25 23:48:48,569 T0000: ERROR [0] spytest/net.py:2138 _send_command output = self._try(access, line, fcli, cmd, expect,
2023-12-25 23:48:48,569 T0000: ERROR [1] spytest/net.py:6125 _send_cmd_opts output = self._send_command(access, cmd, expected_prompt,
2023-12-25 23:48:48,569 T0000: ERROR Truncated...
2023-12-25 23:52:10,371 T0575: WARN  #### gw2  routing/VRF/test_vrf_scale.py::test_vrf_reload
2023-12-25 23:52:10,371 T0575: WARN  support pre-function-epilog test_vrf_reload Fail 'Command 'show vrf' failed to give required prompt, recovered using CR'
2023-12-25 23:52:10,372 T0576: WARN  #### gw2  routing/VRF/test_vrf_scale.py::test_vrf_reload
2023-12-25 23:52:10,373 T0576: WARN  support pre-function-epilog test_vrf_reload Fail 'Command 'show vrf' failed to give required prompt, recovered using CR'
2023-12-25 23:52:11,160 T0577: WARN  #### gw2  routing/VRF/test_vrf_scale.py::test_vrf_reload
2023-12-25 23:52:11,161 T0577: WARN  support post-function-epilog test_vrf_reload ignore 'Command 'show vrf' failed to give required prompt, recovered using CR'
2023-12-25 23:52:11,162 T0578: WARN  #### gw2  routing/VRF/test_vrf_scale.py::test_vrf_reload
2023-12-25 23:52:11,162 T0578: WARN  support post-function-epilog test_vrf_reload ignore 'Command 'show vrf' failed to give required prompt, recovered using CR'
2023-12-25 23:52:11,209 T0579: WARN  #### gw2  routing/VRF/test_vrf_scale.py::test_vrf_reload
2023-12-25 23:52:11,209 T0579: WARN  support pre-module-epilog routing/VRF/test_vrf_scale.py fail ''
2023-12-25 23:52:11,211 T0580: WARN  #### gw2  routing/VRF/test_vrf_scale.py::test_vrf_reload
2023-12-25 23:52:11,212 T0580: WARN  support pre-module-epilog routing/VRF/test_vrf_scale.py fail ''
2023-12-25 23:52:35,506 T0597: WARN  #### gw2  routing/VRF/test_vrf_scale.py::test_vrf_scale
2023-12-25 23:52:35,507 T0597: WARN  support post-module-epilog routing/VRF/test_vrf_scale.py fail ''
2023-12-25 23:52:35,510 T0598: WARN  #### gw2  routing/VRF/test_vrf_scale.py::test_vrf_scale
2023-12-25 23:52:35,510 T0598: WARN  support post-module-epilog routing/VRF/test_vrf_scale.py fail ''
2023-12-25 23:57:28,557 T0648: INFO  #### gw2  
2023-12-25 23:57:28,558 T0649: INFO  #### gw2  
2023-12-25 23:57:28,558 T0648: INFO  support pre-module-prolog system/test_sflow.py  ''
2023-12-25 23:57:28,558 T0649: INFO  support pre-module-prolog system/test_sflow.py  ''
2023-12-25 23:58:27,619 T0673: INFO  #### gw2  system/test_sflow.py
2023-12-25 23:58:27,620 T0673: INFO  support post-module-prolog system/test_sflow.py Pass ''
2023-12-25 23:58:27,622 T0674: INFO  #### gw2  system/test_sflow.py
2023-12-25 23:58:27,622 T0674: INFO  support post-module-prolog system/test_sflow.py Pass ''
2023-12-25 23:59:00,358 T0698: INFO  #### gw2  system/test_sflow.py
2023-12-25 23:59:00,359 T0698: INFO  support pre-function-prolog test_ft_sflow_sampling_v6_sFlow_collector  ''
2023-12-25 23:59:00,361 T0699: INFO  #### gw2  system/test_sflow.py
2023-12-25 23:59:00,361 T0699: INFO  support pre-function-prolog test_ft_sflow_sampling_v6_sFlow_collector  ''
2023-12-25 23:59:00,375 T0700: INFO  #### gw2  system/test_sflow.py::test_ft_sflow_sampling_v6_sFlow_collector
2023-12-25 23:59:00,376 T0700: INFO  support post-function-prolog test_ft_sflow_sampling_v6_sFlow_collector Pass ''
2023-12-25 23:59:00,377 T0701: INFO  #### gw2  system/test_sflow.py::test_ft_sflow_sampling_v6_sFlow_collector
2023-12-25 23:59:00,378 T0701: INFO  support post-function-prolog test_ft_sflow_sampling_v6_sFlow_collector Pass ''
2023-12-25 23:59:37,675 T0704: INFO  #### gw2  system/test_sflow.py::test_ft_sflow_sampling_v6_sFlow_collector
2023-12-25 23:59:37,675 T0704: INFO  support testcase FtOpSfFn008 Pass 'Successfully verified sFlow sampling functionality.'
2023-12-25 23:59:37,677 T0705: INFO  #### gw2  system/test_sflow.py::test_ft_sflow_sampling_v6_sFlow_collector
2023-12-25 23:59:37,677 T0705: INFO  support testcase FtOpSfFn008 Pass 'Successfully verified sFlow sampling functionality.'
2023-12-26 00:01:09,718 T0712: WARN  #### gw2  system/test_sflow.py::test_ft_sflow_sampling_v6_sFlow_collector
2023-12-26 00:01:09,718 T0712: WARN  support testcase FtOpSfFn004 Fail 'sFlow collector failed to receive sflow sample packets with default sampling rate.'
2023-12-26 00:01:09,722 T0713: WARN  #### gw2  system/test_sflow.py::test_ft_sflow_sampling_v6_sFlow_collector
2023-12-26 00:01:09,722 T0713: WARN  support testcase FtOpSfFn004 Fail 'sFlow collector failed to receive sflow sample packets with default sampling rate.'
2023-12-26 00:01:14,122 T0718: WARN  #### gw2  system/test_sflow.py::test_ft_sflow_sampling_v6_sFlow_collector
2023-12-26 00:01:14,123 T0718: WARN  support pre-function-epilog test_ft_sflow_sampling_v6_sFlow_collector Fail 'Test case Failed.'
2023-12-26 00:01:14,126 T0719: WARN  #### gw2  system/test_sflow.py::test_ft_sflow_sampling_v6_sFlow_collector
2023-12-26 00:01:14,127 T0719: WARN  support pre-function-epilog test_ft_sflow_sampling_v6_sFlow_collector Fail 'Test case Failed.'
2023-12-26 00:01:20,032 T0720: WARN  #### gw2  system/test_sflow.py::test_ft_sflow_sampling_v6_sFlow_collector
2023-12-26 00:01:20,032 T0720: WARN  support post-function-epilog test_ft_sflow_sampling_v6_sFlow_collector ignore 'Test case Failed.'
2023-12-26 00:01:20,033 T0721: WARN  #### gw2  system/test_sflow.py::test_ft_sflow_sampling_v6_sFlow_collector
2023-12-26 00:01:20,034 T0721: WARN  support post-function-epilog test_ft_sflow_sampling_v6_sFlow_collector ignore 'Test case Failed.'
2023-12-26 00:01:20,050 T0000: ERROR #### gw2  system/test_sflow.py::test_ft_sflow_sampling_v6_sFlow_collector
2023-12-26 00:01:20,050 T0000: ERROR 

==================== REMOTE ALERTS ============================
################################################################################
drop the rate from 100000 to 100
################################################################################
===============================================================


2023-12-26 00:01:25,393 T0727: INFO  #### gw2  system/test_sflow.py
2023-12-26 00:01:25,394 T0727: INFO  support pre-function-prolog test_ft_sflow_max_sflow_collector_config  ''
2023-12-26 00:01:25,397 T0728: INFO  #### gw2  system/test_sflow.py
2023-12-26 00:01:25,397 T0728: INFO  support pre-function-prolog test_ft_sflow_max_sflow_collector_config  ''
2023-12-26 00:01:25,409 T0729: INFO  #### gw2  system/test_sflow.py::test_ft_sflow_max_sflow_collector_config
2023-12-26 00:01:25,409 T0729: INFO  support post-function-prolog test_ft_sflow_max_sflow_collector_config Pass ''
2023-12-26 00:01:25,411 T0730: INFO  #### gw2  system/test_sflow.py::test_ft_sflow_max_sflow_collector_config
2023-12-26 00:01:25,411 T0730: INFO  support post-function-prolog test_ft_sflow_max_sflow_collector_config Pass ''
2023-12-26 00:01:52,024 T0731: INFO  #### gw2  system/test_sflow.py::test_ft_sflow_max_sflow_collector_config
2023-12-26 00:01:52,024 T0731: INFO  support pre-function-epilog test_ft_sflow_max_sflow_collector_config Pass 'Successfully verified sFlow sampling functionality.'
2023-12-26 00:01:52,026 T0732: INFO  #### gw2  system/test_sflow.py::test_ft_sflow_max_sflow_collector_config
2023-12-26 00:01:52,026 T0732: INFO  support pre-function-epilog test_ft_sflow_max_sflow_collector_config Pass 'Successfully verified sFlow sampling functionality.'
2023-12-26 00:01:52,035 T0733: INFO  #### gw2  system/test_sflow.py::test_ft_sflow_max_sflow_collector_config
2023-12-26 00:01:52,035 T0733: INFO  support post-function-epilog test_ft_sflow_max_sflow_collector_config Pass 'Successfully verified sFlow sampling functionality.'
2023-12-26 00:01:52,037 T0734: INFO  #### gw2  system/test_sflow.py::test_ft_sflow_max_sflow_collector_config
2023-12-26 00:01:52,037 T0734: INFO  support post-function-epilog test_ft_sflow_max_sflow_collector_config Pass 'Successfully verified sFlow sampling functionality.'
2023-12-26 00:01:57,600 T0740: INFO  #### gw2  system/test_sflow.py
2023-12-26 00:01:57,601 T0740: INFO  support pre-function-prolog test_ft_system_config_mgmt_verifying_config_with_save_reboot_sflow  ''
2023-12-26 00:01:57,605 T0741: INFO  #### gw2  system/test_sflow.py
2023-12-26 00:01:57,605 T0741: INFO  support pre-function-prolog test_ft_system_config_mgmt_verifying_config_with_save_reboot_sflow  ''
2023-12-26 00:01:57,616 T0742: INFO  #### gw2  system/test_sflow.py::test_ft_system_config_mgmt_verifying_config_with_save_reboot_sflow
2023-12-26 00:01:57,616 T0742: INFO  support post-function-prolog test_ft_system_config_mgmt_verifying_config_with_save_reboot_sflow Pass ''
2023-12-26 00:01:57,618 T0743: INFO  #### gw2  system/test_sflow.py::test_ft_system_config_mgmt_verifying_config_with_save_reboot_sflow
2023-12-26 00:01:57,618 T0743: INFO  support post-function-prolog test_ft_system_config_mgmt_verifying_config_with_save_reboot_sflow Pass ''
2023-12-26 00:02:48,717 T0000: WARN  #### gw2 IGNORED ERROR system/test_sflow.py::test_ft_system_config_mgmt_verifying_config_with_save_reboot_sflow
2023-12-26 00:02:48,717 T0000: WARN  Skipped error checking but detected pattern: containing_failed command: sudo -s reboot
2023-12-26 00:03:15,582 T0744: INFO  #### gw2  system/test_sflow.py::test_ft_system_config_mgmt_verifying_config_with_save_reboot_sflow
2023-12-26 00:03:15,582 T0744: INFO  support pre-function-epilog test_ft_system_config_mgmt_verifying_config_with_save_reboot_sflow Pass 'Test case passed'
2023-12-26 00:03:15,583 T0745: INFO  #### gw2  system/test_sflow.py::test_ft_system_config_mgmt_verifying_config_with_save_reboot_sflow
2023-12-26 00:03:15,584 T0745: INFO  support pre-function-epilog test_ft_system_config_mgmt_verifying_config_with_save_reboot_sflow Pass 'Test case passed'
2023-12-26 00:03:15,591 T0746: INFO  #### gw2  system/test_sflow.py::test_ft_system_config_mgmt_verifying_config_with_save_reboot_sflow
2023-12-26 00:03:15,592 T0746: INFO  support post-function-epilog test_ft_system_config_mgmt_verifying_config_with_save_reboot_sflow Pass 'Test case passed'
2023-12-26 00:03:15,593 T0747: INFO  #### gw2  system/test_sflow.py::test_ft_system_config_mgmt_verifying_config_with_save_reboot_sflow
2023-12-26 00:03:15,594 T0747: INFO  support post-function-epilog test_ft_system_config_mgmt_verifying_config_with_save_reboot_sflow Pass 'Test case passed'
2023-12-26 00:03:15,623 T0748: WARN  #### gw2  system/test_sflow.py::test_ft_system_config_mgmt_verifying_config_with_save_reboot_sflow
2023-12-26 00:03:15,623 T0748: WARN  support pre-module-epilog system/test_sflow.py fail ''
2023-12-26 00:03:15,625 T0749: WARN  #### gw2  system/test_sflow.py::test_ft_system_config_mgmt_verifying_config_with_save_reboot_sflow
2023-12-26 00:03:15,626 T0749: WARN  support pre-module-epilog system/test_sflow.py fail ''
2023-12-26 00:04:15,030 T0766: ERROR #### gw2 ERROR system/test_sflow.py::test_ft_system_config_mgmt_verifying_config_with_save_reboot_sflow
2023-12-26 00:04:15,030 T0766: ERROR detected pattern: containing_error executing 'sudo -s config interface ip remove Ethernet16 100.168.2.1/24'
2023-12-26 00:04:16,056 T0767: ERROR #### gw2 ERROR system/test_sflow.py::test_ft_system_config_mgmt_verifying_config_with_save_reboot_sflow
2023-12-26 00:04:16,056 T0767: ERROR detected pattern: containing_error executing 'sudo -s config interface ip remove Ethernet16 100.168.2.2/24'
2023-12-26 00:04:16,061 T0768: WARN  #### gw2  system/test_sflow.py::test_ft_system_config_mgmt_verifying_config_with_save_reboot_sflow
2023-12-26 00:04:16,062 T0768: WARN  support post-module-epilog system/test_sflow.py fail ''
2023-12-26 00:04:16,067 T0769: WARN  #### gw2  system/test_sflow.py::test_ft_system_config_mgmt_verifying_config_with_save_reboot_sflow
2023-12-26 00:04:16,067 T0769: WARN  support post-module-epilog system/test_sflow.py fail ''
2023-12-26 00:09:20,854 T0819: INFO  #### gw2  
2023-12-26 00:09:20,854 T0819: INFO  support pre-module-prolog sanity/test_sanity_l3.py  ''
2023-12-26 00:09:20,856 T0820: INFO  #### gw2  
2023-12-26 00:09:20,857 T0820: INFO  support pre-module-prolog sanity/test_sanity_l3.py  ''
2023-12-26 00:10:08,697 T0850: INFO  #### gw2  sanity/test_sanity_l3.py
2023-12-26 00:10:08,697 T0850: INFO  support post-module-prolog sanity/test_sanity_l3.py Pass ''
2023-12-26 00:10:08,700 T0851: INFO  #### gw2  sanity/test_sanity_l3.py
2023-12-26 00:10:08,700 T0851: INFO  support post-module-prolog sanity/test_sanity_l3.py Pass ''
2023-12-26 00:10:40,283 T0875: INFO  #### gw2  sanity/test_sanity_l3.py
2023-12-26 00:10:40,284 T0875: INFO  support pre-function-prolog test_l2_to_l3_port  ''
2023-12-26 00:10:40,288 T0876: INFO  #### gw2  sanity/test_sanity_l3.py
2023-12-26 00:10:40,288 T0876: INFO  support pre-function-prolog test_l2_to_l3_port  ''
2023-12-26 00:10:40,301 T0877: INFO  #### gw2  sanity/test_sanity_l3.py::test_l2_to_l3_port
2023-12-26 00:10:40,301 T0877: INFO  support post-function-prolog test_l2_to_l3_port Pass ''
2023-12-26 00:10:40,303 T0878: INFO  #### gw2  sanity/test_sanity_l3.py::test_l2_to_l3_port
2023-12-26 00:10:40,303 T0878: INFO  support post-function-prolog test_l2_to_l3_port Pass ''
2023-12-26 00:12:15,539 T0883: WARN  #### gw2  sanity/test_sanity_l3.py::test_l2_to_l3_port
2023-12-26 00:12:15,539 T0883: WARN  support pre-function-epilog test_l2_to_l3_port Fail 'Failed to port L2 config to L3 config'
2023-12-26 00:12:15,540 T0884: WARN  #### gw2  sanity/test_sanity_l3.py::test_l2_to_l3_port
2023-12-26 00:12:15,541 T0884: WARN  support pre-function-epilog test_l2_to_l3_port Fail 'Failed to port L2 config to L3 config'
2023-12-26 00:12:15,923 T0885: WARN  #### gw2  sanity/test_sanity_l3.py::test_l2_to_l3_port
2023-12-26 00:12:15,923 T0885: WARN  support post-function-epilog test_l2_to_l3_port ignore 'Failed to port L2 config to L3 config'
2023-12-26 00:12:15,925 T0886: WARN  #### gw2  sanity/test_sanity_l3.py::test_l2_to_l3_port
2023-12-26 00:12:15,925 T0886: WARN  support post-function-epilog test_l2_to_l3_port ignore 'Failed to port L2 config to L3 config'
2023-12-26 00:12:15,966 T0887: WARN  #### gw2  sanity/test_sanity_l3.py::test_l2_to_l3_port
2023-12-26 00:12:15,966 T0887: WARN  support pre-module-epilog sanity/test_sanity_l3.py fail ''
2023-12-26 00:12:15,968 T0888: WARN  #### gw2  sanity/test_sanity_l3.py::test_l2_to_l3_port
2023-12-26 00:12:15,968 T0888: WARN  support pre-module-epilog sanity/test_sanity_l3.py fail ''
2023-12-26 00:12:51,635 T0907: WARN  #### gw2  sanity/test_sanity_l3.py::test_l2_to_l3_port
2023-12-26 00:12:51,636 T0907: WARN  support post-module-epilog sanity/test_sanity_l3.py fail ''
2023-12-26 00:12:51,638 T0908: WARN  #### gw2  sanity/test_sanity_l3.py::test_l2_to_l3_port
2023-12-26 00:12:51,638 T0908: WARN  support post-module-epilog sanity/test_sanity_l3.py fail ''
2023-12-26 00:17:25,236 T0958: INFO  #### gw2  
2023-12-26 00:17:25,236 T0958: INFO  support pre-module-prolog routing/BGP/test_bgp_rr_traffic.py  ''
2023-12-26 00:17:25,239 T0959: INFO  #### gw2  
2023-12-26 00:17:25,240 T0959: INFO  support pre-module-prolog routing/BGP/test_bgp_rr_traffic.py  ''
2023-12-26 00:20:37,809 T0986: INFO  #### gw2  routing/BGP/test_bgp_rr_traffic.py
2023-12-26 00:20:37,810 T0986: INFO  support post-class-prolog routing/BGP/test_bgp_rr_traffic.py Pass ''
2023-12-26 00:20:37,811 T0987: INFO  #### gw2  routing/BGP/test_bgp_rr_traffic.py
2023-12-26 00:20:37,811 T0987: INFO  support post-class-prolog routing/BGP/test_bgp_rr_traffic.py Pass ''
2023-12-26 00:20:37,819 T0988: INFO  #### gw2  routing/BGP/test_bgp_rr_traffic.py
2023-12-26 00:20:37,820 T0988: INFO  support post-module-prolog routing/BGP/test_bgp_rr_traffic.py Pass ''
2023-12-26 00:20:37,822 T0989: INFO  #### gw2  routing/BGP/test_bgp_rr_traffic.py
2023-12-26 00:20:37,822 T0989: INFO  support post-module-prolog routing/BGP/test_bgp_rr_traffic.py Pass ''
2023-12-26 00:21:10,485 T1013: INFO  #### gw2  routing/BGP/test_bgp_rr_traffic.py
2023-12-26 00:21:10,485 T1013: INFO  support pre-function-prolog TestBGPRrTraffic.test_ft_bgp6_rr_traffic_check  ''
2023-12-26 00:21:10,488 T1014: INFO  #### gw2  routing/BGP/test_bgp_rr_traffic.py
2023-12-26 00:21:10,488 T1014: INFO  support pre-function-prolog TestBGPRrTraffic.test_ft_bgp6_rr_traffic_check  ''
2023-12-26 00:23:40,357 T1015: INFO  #### gw2  routing/BGP/test_bgp_rr_traffic.py::TestBGPRrTraffic::test_ft_bgp6_rr_traffic_check
2023-12-26 00:23:40,357 T1015: INFO  support pre-function-epilog TestBGPRrTraffic.test_ft_bgp6_rr_traffic_check Pass 'Test case passed'
2023-12-26 00:23:40,360 T1016: INFO  #### gw2  routing/BGP/test_bgp_rr_traffic.py::TestBGPRrTraffic::test_ft_bgp6_rr_traffic_check
2023-12-26 00:23:40,361 T1016: INFO  support pre-function-epilog TestBGPRrTraffic.test_ft_bgp6_rr_traffic_check Pass 'Test case passed'
2023-12-26 00:23:40,369 T1017: INFO  #### gw2  routing/BGP/test_bgp_rr_traffic.py::TestBGPRrTraffic::test_ft_bgp6_rr_traffic_check
2023-12-26 00:23:40,369 T1017: INFO  support post-function-epilog TestBGPRrTraffic.test_ft_bgp6_rr_traffic_check Pass 'Test case passed'
2023-12-26 00:23:40,371 T1018: INFO  #### gw2  routing/BGP/test_bgp_rr_traffic.py::TestBGPRrTraffic::test_ft_bgp6_rr_traffic_check
2023-12-26 00:23:40,371 T1018: INFO  support post-function-epilog TestBGPRrTraffic.test_ft_bgp6_rr_traffic_check Pass 'Test case passed'
2023-12-26 00:24:09,121 T1029: WARN  #### gw2  routing/BGP/test_bgp_rr_traffic.py::TestBGPRrTraffic::test_ft_bgp6_rr_traffic_check
2023-12-26 00:24:09,122 T1029: WARN  support post-class-epilog routing/BGP/test_bgp_rr_traffic.py pass ''
2023-12-26 00:24:09,125 T1030: WARN  #### gw2  routing/BGP/test_bgp_rr_traffic.py::TestBGPRrTraffic::test_ft_bgp6_rr_traffic_check
2023-12-26 00:24:09,125 T1030: WARN  support post-class-epilog routing/BGP/test_bgp_rr_traffic.py pass ''
2023-12-26 00:24:09,133 T1031: WARN  #### gw2  routing/BGP/test_bgp_rr_traffic.py::TestBGPRrTraffic::test_ft_bgp6_rr_traffic_check
2023-12-26 00:24:09,134 T1031: WARN  support pre-module-epilog routing/BGP/test_bgp_rr_traffic.py pass ''
2023-12-26 00:24:09,135 T1032: WARN  #### gw2  routing/BGP/test_bgp_rr_traffic.py::TestBGPRrTraffic::test_ft_bgp6_rr_traffic_check
2023-12-26 00:24:09,135 T1032: WARN  support pre-module-epilog routing/BGP/test_bgp_rr_traffic.py pass ''
2023-12-26 00:24:52,442 T1055: WARN  #### gw2  routing/BGP/test_bgp_rr_traffic.py::TestBGPRrTraffic::test_ft_bgp6_rr_traffic_check
2023-12-26 00:24:52,442 T1055: WARN  support post-module-epilog routing/BGP/test_bgp_rr_traffic.py pass ''
2023-12-26 00:24:52,445 T1056: WARN  #### gw2  routing/BGP/test_bgp_rr_traffic.py::TestBGPRrTraffic::test_ft_bgp6_rr_traffic_check
2023-12-26 00:24:52,445 T1056: WARN  support post-module-epilog routing/BGP/test_bgp_rr_traffic.py pass ''
2023-12-26 00:27:11,904 T1095: WARN  #### gw2  batch/test_spytest_infra_1.py::test_spytest_infra_last
2023-12-26 00:27:11,905 T1095: WARN  support session-epilog session pass ''
2023-12-26 00:27:11,906 T1096: WARN  #### gw2  batch/test_spytest_infra_1.py::test_spytest_infra_last
2023-12-26 00:27:11,906 T1096: WARN  support session-epilog session pass ''
