2023-12-27 22:57:37,922 T0017: WARN  #### gw3  
2023-12-27 22:57:37,922 T0017: WARN  support post-session-prolog session pass ''
2023-12-27 22:57:37,924 T0018: WARN  #### gw3  
2023-12-27 22:57:37,924 T0018: WARN  support post-session-prolog session pass ''
2023-12-27 22:58:26,880 T0071: INFO  #### gw3  
2023-12-27 22:58:26,881 T0071: INFO  support pre-module-prolog routing/VRF/test_vrf_scale.py  ''
2023-12-27 22:58:26,883 T0072: INFO  #### gw3  
2023-12-27 22:58:26,883 T0072: INFO  support pre-module-prolog routing/VRF/test_vrf_scale.py  ''
2023-12-27 23:20:57,468 T0117: INFO  #### gw3  routing/VRF/test_vrf_scale.py
2023-12-27 23:20:57,468 T0117: INFO  support post-module-prolog routing/VRF/test_vrf_scale.py Pass ''
2023-12-27 23:20:57,471 T0118: INFO  #### gw3  routing/VRF/test_vrf_scale.py
2023-12-27 23:20:57,472 T0118: INFO  support post-module-prolog routing/VRF/test_vrf_scale.py Pass ''
2023-12-27 23:21:32,173 T0142: INFO  #### gw3  routing/VRF/test_vrf_scale.py
2023-12-27 23:21:32,174 T0142: INFO  support pre-function-prolog test_vrf_scale  ''
2023-12-27 23:21:32,178 T0143: INFO  #### gw3  routing/VRF/test_vrf_scale.py
2023-12-27 23:21:32,178 T0143: INFO  support pre-function-prolog test_vrf_scale  ''
2023-12-27 23:21:32,255 T0144: INFO  #### gw3  routing/VRF/test_vrf_scale.py::test_vrf_scale
2023-12-27 23:21:32,255 T0144: INFO  support post-function-prolog test_vrf_scale Pass ''
2023-12-27 23:21:32,256 T0145: INFO  #### gw3  routing/VRF/test_vrf_scale.py::test_vrf_scale
2023-12-27 23:21:32,257 T0145: INFO  support post-function-prolog test_vrf_scale Pass ''
2023-12-27 23:24:54,391 T0000: ERROR #### gw3 WARN routing/VRF/test_vrf_scale.py::test_vrf_scale
2023-12-27 23:24:54,391 T0000: ERROR Traceback (most recent call last):
2023-12-27 23:24:54,391 T0000: ERROR   File "/repo/spytest/net.py", line 1910, in _try
2023-12-27 23:24:54,391 T0000: ERROR     output = hndl.send_command_new(fcli, new_cmd, expect_string,
2023-12-27 23:24:54,391 T0000: ERROR   File "/repo/spytest/access/netmiko_connection.py", line 725, in send_command_new
2023-12-27 23:24:54,392 T0000: ERROR     raise IOError(self.dmsg_str(dbg_msg, msg1))
2023-12-27 23:24:54,392 T0000: ERROR OSError: Prompt Not Detected in DF 2.0: 'admin@sonic:\~\$'
2023-12-27 23:24:54,392 T0000: ERROR =======================FASTER-CLI-DBG===================
2023-12-27 23:24:54,392 T0000: ERROR command_string: show vrf<LF>
2023-12-27 23:24:54,392 T0000: ERROR search_pattern: admin@sonic:\~\$
2023-12-27 23:24:54,392 T0000: ERROR cmd_issued: False
2023-12-27 23:24:54,392 T0000: ERROR CMP-OUT: show vrf<LF><LF>
2023-12-27 23:24:54,392 T0000: ERROR CMP-CMD: show vrf<LF>
2023-12-27 23:24:54,392 T0000: ERROR ECHOED OUTPUT: <LF>
2023-12-27 23:24:54,392 T0000: ERROR CMP-PROMPT: admin@sonic:\~\$
2023-12-27 23:24:54,392 T0000: ERROR CMP-OUTPUT: 
2023-12-27 23:24:54,392 T0000: ERROR CMP-OUTPUT: 
2023-12-27 23:24:54,392 T0000: ERROR Read Data: show vrf
2023-12-27 23:24:54,392 T0000: ERROR =========================================================
2023-12-27 23:24:54,392 T0000: ERROR StackTraceCallStack:
2023-12-27 23:24:54,392 T0000: ERROR [0] spytest/net.py:2138 _send_command output = self._try(access, line, fcli, cmd, expect,
2023-12-27 23:24:54,392 T0000: ERROR [1] spytest/net.py:6125 _send_cmd_opts output = self._send_command(access, cmd, expected_prompt,
2023-12-27 23:24:54,392 T0000: ERROR Truncated...
2023-12-27 23:28:16,187 T0146: WARN  #### gw3  routing/VRF/test_vrf_scale.py::test_vrf_scale
2023-12-27 23:28:16,187 T0146: WARN  support pre-function-epilog test_vrf_scale Fail 'Command 'show vrf' failed to give required prompt, recovered using CR'
2023-12-27 23:28:16,189 T0147: WARN  #### gw3  routing/VRF/test_vrf_scale.py::test_vrf_scale
2023-12-27 23:28:16,189 T0147: WARN  support pre-function-epilog test_vrf_scale Fail 'Command 'show vrf' failed to give required prompt, recovered using CR'
2023-12-27 23:28:16,972 T0148: WARN  #### gw3  routing/VRF/test_vrf_scale.py::test_vrf_scale
2023-12-27 23:28:16,972 T0148: WARN  support post-function-epilog test_vrf_scale ignore 'Command 'show vrf' failed to give required prompt, recovered using CR'
2023-12-27 23:28:16,973 T0149: WARN  #### gw3  routing/VRF/test_vrf_scale.py::test_vrf_scale
2023-12-27 23:28:16,974 T0149: WARN  support post-function-epilog test_vrf_scale ignore 'Command 'show vrf' failed to give required prompt, recovered using CR'
2023-12-27 23:28:23,472 T0155: INFO  #### gw3  routing/VRF/test_vrf_scale.py
2023-12-27 23:28:23,472 T0155: INFO  support pre-function-prolog test_vrf_route_leak  ''
2023-12-27 23:28:23,476 T0156: INFO  #### gw3  routing/VRF/test_vrf_scale.py
2023-12-27 23:28:23,476 T0156: INFO  support pre-function-prolog test_vrf_route_leak  ''
2023-12-27 23:30:24,350 T0161: INFO  #### gw3  routing/VRF/test_vrf_scale.py::test_vrf_route_leak
2023-12-27 23:30:24,351 T0161: INFO  support pre-function-epilog test_vrf_route_leak Pass 'Test case passed'
2023-12-27 23:30:24,353 T0162: INFO  #### gw3  routing/VRF/test_vrf_scale.py::test_vrf_route_leak
2023-12-27 23:30:24,353 T0162: INFO  support pre-function-epilog test_vrf_route_leak Pass 'Test case passed'
2023-12-27 23:30:24,360 T0163: INFO  #### gw3  routing/VRF/test_vrf_scale.py::test_vrf_route_leak
2023-12-27 23:30:24,360 T0163: INFO  support post-function-epilog test_vrf_route_leak Pass 'Test case passed'
2023-12-27 23:30:24,362 T0164: INFO  #### gw3  routing/VRF/test_vrf_scale.py::test_vrf_route_leak
2023-12-27 23:30:24,362 T0164: INFO  support post-function-epilog test_vrf_route_leak Pass 'Test case passed'
2023-12-27 23:30:33,094 T0170: INFO  #### gw3  routing/VRF/test_vrf_scale.py
2023-12-27 23:30:33,095 T0170: INFO  support pre-function-prolog test_vrf_bgp  ''
2023-12-27 23:30:33,097 T0171: INFO  #### gw3  routing/VRF/test_vrf_scale.py
2023-12-27 23:30:33,097 T0171: INFO  support pre-function-prolog test_vrf_bgp  ''
2023-12-27 23:43:09,817 T0564: WARN  #### gw3  routing/VRF/test_vrf_scale.py::test_vrf_bgp
2023-12-27 23:43:09,817 T0564: WARN  support pre-function-epilog test_vrf_bgp Fail 'Test case Failed.'
2023-12-27 23:43:09,821 T0565: WARN  #### gw3  routing/VRF/test_vrf_scale.py::test_vrf_bgp
2023-12-27 23:43:09,821 T0565: WARN  support pre-function-epilog test_vrf_bgp Fail 'Test case Failed.'
2023-12-27 23:43:10,212 T0566: WARN  #### gw3  routing/VRF/test_vrf_scale.py::test_vrf_bgp
2023-12-27 23:43:10,212 T0566: WARN  support post-function-epilog test_vrf_bgp ignore 'Test case Failed.'
2023-12-27 23:43:10,214 T0567: WARN  #### gw3  routing/VRF/test_vrf_scale.py::test_vrf_bgp
2023-12-27 23:43:10,214 T0567: WARN  support post-function-epilog test_vrf_bgp ignore 'Test case Failed.'
2023-12-27 23:43:18,157 T0573: INFO  #### gw3  routing/VRF/test_vrf_scale.py
2023-12-27 23:43:18,157 T0573: INFO  support pre-function-prolog test_vrf_reload  ''
2023-12-27 23:43:18,161 T0574: INFO  #### gw3  routing/VRF/test_vrf_scale.py
2023-12-27 23:43:18,161 T0574: INFO  support pre-function-prolog test_vrf_reload  ''
2023-12-27 23:45:59,102 T0000: WARN  #### gw3 IGNORED ERROR routing/VRF/test_vrf_scale.py::test_vrf_reload
2023-12-27 23:45:59,102 T0000: WARN  Skipped error checking but detected pattern: containing_python_traceback command: sudo -s fast-reboot
2023-12-27 23:49:46,337 T0000: ERROR #### gw3 WARN routing/VRF/test_vrf_scale.py::test_vrf_reload
2023-12-27 23:49:46,337 T0000: ERROR Traceback (most recent call last):
2023-12-27 23:49:46,337 T0000: ERROR   File "/repo/spytest/net.py", line 1910, in _try
2023-12-27 23:49:46,338 T0000: ERROR     output = hndl.send_command_new(fcli, new_cmd, expect_string,
2023-12-27 23:49:46,338 T0000: ERROR   File "/repo/spytest/access/netmiko_connection.py", line 725, in send_command_new
2023-12-27 23:49:46,338 T0000: ERROR     raise IOError(self.dmsg_str(dbg_msg, msg1))
2023-12-27 23:49:46,338 T0000: ERROR OSError: Prompt Not Detected in DF 2.0: 'admin@sonic:\~\$'
2023-12-27 23:49:46,338 T0000: ERROR =======================FASTER-CLI-DBG===================
2023-12-27 23:49:46,338 T0000: ERROR command_string: show vrf<LF>
2023-12-27 23:49:46,338 T0000: ERROR search_pattern: admin@sonic:\~\$
2023-12-27 23:49:46,338 T0000: ERROR cmd_issued: False
2023-12-27 23:49:46,338 T0000: ERROR CMP-OUT: show vrf<LF><LF>
2023-12-27 23:49:46,338 T0000: ERROR CMP-CMD: show vrf<LF>
2023-12-27 23:49:46,338 T0000: ERROR ECHOED OUTPUT: <LF>
2023-12-27 23:49:46,338 T0000: ERROR CMP-PROMPT: admin@sonic:\~\$
2023-12-27 23:49:46,338 T0000: ERROR CMP-OUTPUT: 
2023-12-27 23:49:46,338 T0000: ERROR CMP-OUTPUT: 
2023-12-27 23:49:46,338 T0000: ERROR Read Data: show vrf
2023-12-27 23:49:46,338 T0000: ERROR =========================================================
2023-12-27 23:49:46,338 T0000: ERROR StackTraceCallStack:
2023-12-27 23:49:46,338 T0000: ERROR [0] spytest/net.py:2138 _send_command output = self._try(access, line, fcli, cmd, expect,
2023-12-27 23:49:46,338 T0000: ERROR [1] spytest/net.py:6125 _send_cmd_opts output = self._send_command(access, cmd, expected_prompt,
2023-12-27 23:49:46,338 T0000: ERROR Truncated...
2023-12-27 23:53:08,111 T0575: WARN  #### gw3  routing/VRF/test_vrf_scale.py::test_vrf_reload
2023-12-27 23:53:08,111 T0575: WARN  support pre-function-epilog test_vrf_reload Fail 'Command 'show vrf' failed to give required prompt, recovered using CR'
2023-12-27 23:53:08,112 T0576: WARN  #### gw3  routing/VRF/test_vrf_scale.py::test_vrf_reload
2023-12-27 23:53:08,113 T0576: WARN  support pre-function-epilog test_vrf_reload Fail 'Command 'show vrf' failed to give required prompt, recovered using CR'
2023-12-27 23:53:08,950 T0577: WARN  #### gw3  routing/VRF/test_vrf_scale.py::test_vrf_reload
2023-12-27 23:53:08,951 T0577: WARN  support post-function-epilog test_vrf_reload ignore 'Command 'show vrf' failed to give required prompt, recovered using CR'
2023-12-27 23:53:08,952 T0578: WARN  #### gw3  routing/VRF/test_vrf_scale.py::test_vrf_reload
2023-12-27 23:53:08,952 T0578: WARN  support post-function-epilog test_vrf_reload ignore 'Command 'show vrf' failed to give required prompt, recovered using CR'
2023-12-27 23:53:08,991 T0579: WARN  #### gw3  routing/VRF/test_vrf_scale.py::test_vrf_reload
2023-12-27 23:53:08,991 T0579: WARN  support pre-module-epilog routing/VRF/test_vrf_scale.py fail ''
2023-12-27 23:53:08,993 T0580: WARN  #### gw3  routing/VRF/test_vrf_scale.py::test_vrf_reload
2023-12-27 23:53:08,993 T0580: WARN  support pre-module-epilog routing/VRF/test_vrf_scale.py fail ''
2023-12-27 23:53:33,183 T0597: WARN  #### gw3  routing/VRF/test_vrf_scale.py::test_vrf_scale
2023-12-27 23:53:33,183 T0597: WARN  support post-module-epilog routing/VRF/test_vrf_scale.py fail ''
2023-12-27 23:53:33,185 T0598: WARN  #### gw3  routing/VRF/test_vrf_scale.py::test_vrf_scale
2023-12-27 23:53:33,185 T0598: WARN  support post-module-epilog routing/VRF/test_vrf_scale.py fail ''
2023-12-27 23:59:11,317 T0648: INFO  #### gw3  
2023-12-27 23:59:11,317 T0648: INFO  support pre-module-prolog system/test_sflow.py  ''
2023-12-27 23:59:11,319 T0649: INFO  #### gw3  
2023-12-27 23:59:11,319 T0649: INFO  support pre-module-prolog system/test_sflow.py  ''
2023-12-28 00:00:10,543 T0673: INFO  #### gw3  system/test_sflow.py
2023-12-28 00:00:10,543 T0673: INFO  support post-module-prolog system/test_sflow.py Pass ''
2023-12-28 00:00:10,545 T0674: INFO  #### gw3  system/test_sflow.py
2023-12-28 00:00:10,545 T0674: INFO  support post-module-prolog system/test_sflow.py Pass ''
2023-12-28 00:00:43,309 T0698: INFO  #### gw3  system/test_sflow.py
2023-12-28 00:00:43,309 T0698: INFO  support pre-function-prolog test_ft_sflow_sampling_v6_sFlow_collector  ''
2023-12-28 00:00:43,313 T0699: INFO  #### gw3  system/test_sflow.py
2023-12-28 00:00:43,313 T0699: INFO  support pre-function-prolog test_ft_sflow_sampling_v6_sFlow_collector  ''
2023-12-28 00:00:43,349 T0700: INFO  #### gw3  system/test_sflow.py::test_ft_sflow_sampling_v6_sFlow_collector
2023-12-28 00:00:43,349 T0700: INFO  support post-function-prolog test_ft_sflow_sampling_v6_sFlow_collector Pass ''
2023-12-28 00:00:43,353 T0701: INFO  #### gw3  system/test_sflow.py::test_ft_sflow_sampling_v6_sFlow_collector
2023-12-28 00:00:43,353 T0701: INFO  support post-function-prolog test_ft_sflow_sampling_v6_sFlow_collector Pass ''
2023-12-28 00:01:20,942 T0704: INFO  #### gw3  system/test_sflow.py::test_ft_sflow_sampling_v6_sFlow_collector
2023-12-28 00:01:20,943 T0704: INFO  support testcase FtOpSfFn008 Pass 'Successfully verified sFlow sampling functionality.'
2023-12-28 00:01:20,944 T0705: INFO  #### gw3  system/test_sflow.py::test_ft_sflow_sampling_v6_sFlow_collector
2023-12-28 00:01:20,944 T0705: INFO  support testcase FtOpSfFn008 Pass 'Successfully verified sFlow sampling functionality.'
2023-12-28 00:02:52,859 T0712: WARN  #### gw3  system/test_sflow.py::test_ft_sflow_sampling_v6_sFlow_collector
2023-12-28 00:02:52,860 T0712: WARN  support testcase FtOpSfFn004 Fail 'sFlow collector failed to receive sflow sample packets with default sampling rate.'
2023-12-28 00:02:52,862 T0713: WARN  #### gw3  system/test_sflow.py::test_ft_sflow_sampling_v6_sFlow_collector
2023-12-28 00:02:52,862 T0713: WARN  support testcase FtOpSfFn004 Fail 'sFlow collector failed to receive sflow sample packets with default sampling rate.'
2023-12-28 00:02:57,326 T0718: WARN  #### gw3  system/test_sflow.py::test_ft_sflow_sampling_v6_sFlow_collector
2023-12-28 00:02:57,326 T0718: WARN  support pre-function-epilog test_ft_sflow_sampling_v6_sFlow_collector Fail 'Test case Failed.'
2023-12-28 00:02:57,330 T0719: WARN  #### gw3  system/test_sflow.py::test_ft_sflow_sampling_v6_sFlow_collector
2023-12-28 00:02:57,330 T0719: WARN  support pre-function-epilog test_ft_sflow_sampling_v6_sFlow_collector Fail 'Test case Failed.'
2023-12-28 00:03:03,241 T0720: WARN  #### gw3  system/test_sflow.py::test_ft_sflow_sampling_v6_sFlow_collector
2023-12-28 00:03:03,242 T0720: WARN  support post-function-epilog test_ft_sflow_sampling_v6_sFlow_collector ignore 'Test case Failed.'
2023-12-28 00:03:03,243 T0721: WARN  #### gw3  system/test_sflow.py::test_ft_sflow_sampling_v6_sFlow_collector
2023-12-28 00:03:03,243 T0721: WARN  support post-function-epilog test_ft_sflow_sampling_v6_sFlow_collector ignore 'Test case Failed.'
2023-12-28 00:03:03,260 T0000: ERROR #### gw3  system/test_sflow.py::test_ft_sflow_sampling_v6_sFlow_collector
2023-12-28 00:03:03,260 T0000: ERROR 

==================== REMOTE ALERTS ============================
################################################################################
drop the rate from 100000 to 100
################################################################################
===============================================================


2023-12-28 00:03:08,751 T0727: INFO  #### gw3  system/test_sflow.py
2023-12-28 00:03:08,751 T0727: INFO  support pre-function-prolog test_ft_sflow_max_sflow_collector_config  ''
2023-12-28 00:03:08,755 T0728: INFO  #### gw3  system/test_sflow.py
2023-12-28 00:03:08,756 T0728: INFO  support pre-function-prolog test_ft_sflow_max_sflow_collector_config  ''
2023-12-28 00:03:08,769 T0729: INFO  #### gw3  system/test_sflow.py::test_ft_sflow_max_sflow_collector_config
2023-12-28 00:03:08,770 T0729: INFO  support post-function-prolog test_ft_sflow_max_sflow_collector_config Pass ''
2023-12-28 00:03:08,772 T0730: INFO  #### gw3  system/test_sflow.py::test_ft_sflow_max_sflow_collector_config
2023-12-28 00:03:08,772 T0730: INFO  support post-function-prolog test_ft_sflow_max_sflow_collector_config Pass ''
2023-12-28 00:03:35,649 T0731: INFO  #### gw3  system/test_sflow.py::test_ft_sflow_max_sflow_collector_config
2023-12-28 00:03:35,649 T0731: INFO  support pre-function-epilog test_ft_sflow_max_sflow_collector_config Pass 'Successfully verified sFlow sampling functionality.'
2023-12-28 00:03:35,651 T0732: INFO  #### gw3  system/test_sflow.py::test_ft_sflow_max_sflow_collector_config
2023-12-28 00:03:35,651 T0732: INFO  support pre-function-epilog test_ft_sflow_max_sflow_collector_config Pass 'Successfully verified sFlow sampling functionality.'
2023-12-28 00:03:35,660 T0733: INFO  #### gw3  system/test_sflow.py::test_ft_sflow_max_sflow_collector_config
2023-12-28 00:03:35,660 T0733: INFO  support post-function-epilog test_ft_sflow_max_sflow_collector_config Pass 'Successfully verified sFlow sampling functionality.'
2023-12-28 00:03:35,662 T0734: INFO  #### gw3  system/test_sflow.py::test_ft_sflow_max_sflow_collector_config
2023-12-28 00:03:35,662 T0734: INFO  support post-function-epilog test_ft_sflow_max_sflow_collector_config Pass 'Successfully verified sFlow sampling functionality.'
2023-12-28 00:03:41,032 T0740: INFO  #### gw3  system/test_sflow.py
2023-12-28 00:03:41,032 T0740: INFO  support pre-function-prolog test_ft_system_config_mgmt_verifying_config_with_save_reboot_sflow  ''
2023-12-28 00:03:41,037 T0741: INFO  #### gw3  system/test_sflow.py
2023-12-28 00:03:41,037 T0741: INFO  support pre-function-prolog test_ft_system_config_mgmt_verifying_config_with_save_reboot_sflow  ''
2023-12-28 00:03:41,048 T0742: INFO  #### gw3  system/test_sflow.py::test_ft_system_config_mgmt_verifying_config_with_save_reboot_sflow
2023-12-28 00:03:41,048 T0742: INFO  support post-function-prolog test_ft_system_config_mgmt_verifying_config_with_save_reboot_sflow Pass ''
2023-12-28 00:03:41,050 T0743: INFO  #### gw3  system/test_sflow.py::test_ft_system_config_mgmt_verifying_config_with_save_reboot_sflow
2023-12-28 00:03:41,050 T0743: INFO  support post-function-prolog test_ft_system_config_mgmt_verifying_config_with_save_reboot_sflow Pass ''
2023-12-28 00:04:32,147 T0000: WARN  #### gw3 IGNORED ERROR system/test_sflow.py::test_ft_system_config_mgmt_verifying_config_with_save_reboot_sflow
2023-12-28 00:04:32,147 T0000: WARN  Skipped error checking but detected pattern: containing_failed command: sudo -s reboot
2023-12-28 00:04:58,505 T0744: INFO  #### gw3  system/test_sflow.py::test_ft_system_config_mgmt_verifying_config_with_save_reboot_sflow
2023-12-28 00:04:58,505 T0744: INFO  support pre-function-epilog test_ft_system_config_mgmt_verifying_config_with_save_reboot_sflow Pass 'Test case passed'
2023-12-28 00:04:58,507 T0745: INFO  #### gw3  system/test_sflow.py::test_ft_system_config_mgmt_verifying_config_with_save_reboot_sflow
2023-12-28 00:04:58,507 T0745: INFO  support pre-function-epilog test_ft_system_config_mgmt_verifying_config_with_save_reboot_sflow Pass 'Test case passed'
2023-12-28 00:04:58,518 T0746: INFO  #### gw3  system/test_sflow.py::test_ft_system_config_mgmt_verifying_config_with_save_reboot_sflow
2023-12-28 00:04:58,519 T0746: INFO  support post-function-epilog test_ft_system_config_mgmt_verifying_config_with_save_reboot_sflow Pass 'Test case passed'
2023-12-28 00:04:58,521 T0747: INFO  #### gw3  system/test_sflow.py::test_ft_system_config_mgmt_verifying_config_with_save_reboot_sflow
2023-12-28 00:04:58,522 T0747: INFO  support post-function-epilog test_ft_system_config_mgmt_verifying_config_with_save_reboot_sflow Pass 'Test case passed'
2023-12-28 00:04:58,577 T0748: WARN  #### gw3  system/test_sflow.py::test_ft_system_config_mgmt_verifying_config_with_save_reboot_sflow
2023-12-28 00:04:58,578 T0748: WARN  support pre-module-epilog system/test_sflow.py fail ''
2023-12-28 00:04:58,580 T0749: WARN  #### gw3  system/test_sflow.py::test_ft_system_config_mgmt_verifying_config_with_save_reboot_sflow
2023-12-28 00:04:58,580 T0749: WARN  support pre-module-epilog system/test_sflow.py fail ''
2023-12-28 00:05:59,533 T0766: ERROR #### gw3 ERROR system/test_sflow.py::test_ft_system_config_mgmt_verifying_config_with_save_reboot_sflow
2023-12-28 00:05:59,533 T0766: ERROR detected pattern: containing_error executing 'sudo -s config interface ip remove Ethernet48 100.168.2.1/24'
2023-12-28 00:06:00,513 T0767: ERROR #### gw3 ERROR system/test_sflow.py::test_ft_system_config_mgmt_verifying_config_with_save_reboot_sflow
2023-12-28 00:06:00,513 T0767: ERROR detected pattern: containing_error executing 'sudo -s config interface ip remove Ethernet48 100.168.2.2/24'
2023-12-28 00:06:00,519 T0768: WARN  #### gw3  system/test_sflow.py::test_ft_system_config_mgmt_verifying_config_with_save_reboot_sflow
2023-12-28 00:06:00,520 T0768: WARN  support post-module-epilog system/test_sflow.py fail ''
2023-12-28 00:06:00,522 T0769: WARN  #### gw3  system/test_sflow.py::test_ft_system_config_mgmt_verifying_config_with_save_reboot_sflow
2023-12-28 00:06:00,523 T0769: WARN  support post-module-epilog system/test_sflow.py fail ''
2023-12-28 00:11:02,646 T0819: INFO  #### gw3  
2023-12-28 00:11:02,647 T0819: INFO  support pre-module-prolog sanity/test_sanity_l3.py  ''
2023-12-28 00:11:02,649 T0820: INFO  #### gw3  
2023-12-28 00:11:02,649 T0820: INFO  support pre-module-prolog sanity/test_sanity_l3.py  ''
2023-12-28 00:11:50,311 T0850: INFO  #### gw3  sanity/test_sanity_l3.py
2023-12-28 00:11:50,311 T0850: INFO  support post-module-prolog sanity/test_sanity_l3.py Pass ''
2023-12-28 00:11:50,316 T0851: INFO  #### gw3  sanity/test_sanity_l3.py
2023-12-28 00:11:50,317 T0851: INFO  support post-module-prolog sanity/test_sanity_l3.py Pass ''
2023-12-28 00:12:22,107 T0875: INFO  #### gw3  sanity/test_sanity_l3.py
2023-12-28 00:12:22,107 T0875: INFO  support pre-function-prolog test_l2_to_l3_port  ''
2023-12-28 00:12:22,110 T0876: INFO  #### gw3  sanity/test_sanity_l3.py
2023-12-28 00:12:22,111 T0876: INFO  support pre-function-prolog test_l2_to_l3_port  ''
2023-12-28 00:12:22,123 T0877: INFO  #### gw3  sanity/test_sanity_l3.py::test_l2_to_l3_port
2023-12-28 00:12:22,123 T0877: INFO  support post-function-prolog test_l2_to_l3_port Pass ''
2023-12-28 00:12:22,125 T0878: INFO  #### gw3  sanity/test_sanity_l3.py::test_l2_to_l3_port
2023-12-28 00:12:22,125 T0878: INFO  support post-function-prolog test_l2_to_l3_port Pass ''
2023-12-28 00:14:00,179 T0883: WARN  #### gw3  sanity/test_sanity_l3.py::test_l2_to_l3_port
2023-12-28 00:14:00,180 T0883: WARN  support pre-function-epilog test_l2_to_l3_port Fail 'Failed to port L2 config to L3 config'
2023-12-28 00:14:00,181 T0884: WARN  #### gw3  sanity/test_sanity_l3.py::test_l2_to_l3_port
2023-12-28 00:14:00,181 T0884: WARN  support pre-function-epilog test_l2_to_l3_port Fail 'Failed to port L2 config to L3 config'
2023-12-28 00:14:00,540 T0885: WARN  #### gw3  sanity/test_sanity_l3.py::test_l2_to_l3_port
2023-12-28 00:14:00,540 T0885: WARN  support post-function-epilog test_l2_to_l3_port ignore 'Failed to port L2 config to L3 config'
2023-12-28 00:14:00,542 T0886: WARN  #### gw3  sanity/test_sanity_l3.py::test_l2_to_l3_port
2023-12-28 00:14:00,542 T0886: WARN  support post-function-epilog test_l2_to_l3_port ignore 'Failed to port L2 config to L3 config'
2023-12-28 00:14:00,583 T0887: WARN  #### gw3  sanity/test_sanity_l3.py::test_l2_to_l3_port
2023-12-28 00:14:00,583 T0887: WARN  support pre-module-epilog sanity/test_sanity_l3.py fail ''
2023-12-28 00:14:00,584 T0888: WARN  #### gw3  sanity/test_sanity_l3.py::test_l2_to_l3_port
2023-12-28 00:14:00,585 T0888: WARN  support pre-module-epilog sanity/test_sanity_l3.py fail ''
2023-12-28 00:14:36,223 T0907: WARN  #### gw3  sanity/test_sanity_l3.py::test_l2_to_l3_port
2023-12-28 00:14:36,223 T0907: WARN  support post-module-epilog sanity/test_sanity_l3.py fail ''
2023-12-28 00:14:36,225 T0908: WARN  #### gw3  sanity/test_sanity_l3.py::test_l2_to_l3_port
2023-12-28 00:14:36,225 T0908: WARN  support post-module-epilog sanity/test_sanity_l3.py fail ''
2023-12-28 00:19:16,157 T0958: INFO  #### gw3  
2023-12-28 00:19:16,157 T0958: INFO  support pre-module-prolog routing/BGP/test_bgp_rr_traffic.py  ''
2023-12-28 00:19:16,159 T0959: INFO  #### gw3  
2023-12-28 00:19:16,160 T0959: INFO  support pre-module-prolog routing/BGP/test_bgp_rr_traffic.py  ''
2023-12-28 00:22:28,418 T0986: INFO  #### gw3  routing/BGP/test_bgp_rr_traffic.py
2023-12-28 00:22:28,419 T0986: INFO  support post-class-prolog routing/BGP/test_bgp_rr_traffic.py Pass ''
2023-12-28 00:22:28,421 T0987: INFO  #### gw3  routing/BGP/test_bgp_rr_traffic.py
2023-12-28 00:22:28,421 T0987: INFO  support post-class-prolog routing/BGP/test_bgp_rr_traffic.py Pass ''
2023-12-28 00:22:28,432 T0988: INFO  #### gw3  routing/BGP/test_bgp_rr_traffic.py
2023-12-28 00:22:28,433 T0988: INFO  support post-module-prolog routing/BGP/test_bgp_rr_traffic.py Pass ''
2023-12-28 00:22:28,435 T0989: INFO  #### gw3  routing/BGP/test_bgp_rr_traffic.py
2023-12-28 00:22:28,435 T0989: INFO  support post-module-prolog routing/BGP/test_bgp_rr_traffic.py Pass ''
2023-12-28 00:23:01,315 T1013: INFO  #### gw3  routing/BGP/test_bgp_rr_traffic.py
2023-12-28 00:23:01,316 T1013: INFO  support pre-function-prolog TestBGPRrTraffic.test_ft_bgp6_rr_traffic_check  ''
2023-12-28 00:23:01,319 T1014: INFO  #### gw3  routing/BGP/test_bgp_rr_traffic.py
2023-12-28 00:23:01,319 T1014: INFO  support pre-function-prolog TestBGPRrTraffic.test_ft_bgp6_rr_traffic_check  ''
2023-12-28 00:25:31,137 T1015: INFO  #### gw3  routing/BGP/test_bgp_rr_traffic.py::TestBGPRrTraffic::test_ft_bgp6_rr_traffic_check
2023-12-28 00:25:31,137 T1015: INFO  support pre-function-epilog TestBGPRrTraffic.test_ft_bgp6_rr_traffic_check Pass 'Test case passed'
2023-12-28 00:25:31,140 T1016: INFO  #### gw3  routing/BGP/test_bgp_rr_traffic.py::TestBGPRrTraffic::test_ft_bgp6_rr_traffic_check
2023-12-28 00:25:31,140 T1016: INFO  support pre-function-epilog TestBGPRrTraffic.test_ft_bgp6_rr_traffic_check Pass 'Test case passed'
2023-12-28 00:25:31,148 T1017: INFO  #### gw3  routing/BGP/test_bgp_rr_traffic.py::TestBGPRrTraffic::test_ft_bgp6_rr_traffic_check
2023-12-28 00:25:31,149 T1017: INFO  support post-function-epilog TestBGPRrTraffic.test_ft_bgp6_rr_traffic_check Pass 'Test case passed'
2023-12-28 00:25:31,150 T1018: INFO  #### gw3  routing/BGP/test_bgp_rr_traffic.py::TestBGPRrTraffic::test_ft_bgp6_rr_traffic_check
2023-12-28 00:25:31,150 T1018: INFO  support post-function-epilog TestBGPRrTraffic.test_ft_bgp6_rr_traffic_check Pass 'Test case passed'
2023-12-28 00:25:59,375 T1029: WARN  #### gw3  routing/BGP/test_bgp_rr_traffic.py::TestBGPRrTraffic::test_ft_bgp6_rr_traffic_check
2023-12-28 00:25:59,375 T1029: WARN  support post-class-epilog routing/BGP/test_bgp_rr_traffic.py pass ''
2023-12-28 00:25:59,378 T1030: WARN  #### gw3  routing/BGP/test_bgp_rr_traffic.py::TestBGPRrTraffic::test_ft_bgp6_rr_traffic_check
2023-12-28 00:25:59,378 T1030: WARN  support post-class-epilog routing/BGP/test_bgp_rr_traffic.py pass ''
2023-12-28 00:25:59,386 T1031: WARN  #### gw3  routing/BGP/test_bgp_rr_traffic.py::TestBGPRrTraffic::test_ft_bgp6_rr_traffic_check
2023-12-28 00:25:59,386 T1031: WARN  support pre-module-epilog routing/BGP/test_bgp_rr_traffic.py pass ''
2023-12-28 00:25:59,387 T1032: WARN  #### gw3  routing/BGP/test_bgp_rr_traffic.py::TestBGPRrTraffic::test_ft_bgp6_rr_traffic_check
2023-12-28 00:25:59,388 T1032: WARN  support pre-module-epilog routing/BGP/test_bgp_rr_traffic.py pass ''
2023-12-28 00:26:43,022 T1055: WARN  #### gw3  routing/BGP/test_bgp_rr_traffic.py::TestBGPRrTraffic::test_ft_bgp6_rr_traffic_check
2023-12-28 00:26:43,022 T1055: WARN  support post-module-epilog routing/BGP/test_bgp_rr_traffic.py pass ''
2023-12-28 00:26:43,026 T1056: WARN  #### gw3  routing/BGP/test_bgp_rr_traffic.py::TestBGPRrTraffic::test_ft_bgp6_rr_traffic_check
2023-12-28 00:26:43,027 T1056: WARN  support post-module-epilog routing/BGP/test_bgp_rr_traffic.py pass ''
2023-12-28 00:31:04,255 T1081: WARN  #### gw3 IGNORED ERROR 
2023-12-28 00:31:04,255 T1081: WARN  Skipped error checking but detected pattern: containing_no_response_from_container command: sudo python /etc/spytest/remote/spytest-helper.py --apply-base-config  --load-config-method reload --no-swss-copp-config  
2023-12-28 00:31:51,070 T1081: WARN  #### gw3 IGNORED ERROR 
2023-12-28 00:31:51,070 T1081: WARN  Skipped error checking but detected pattern: containing_failed command: sudo -s reboot
2023-12-28 00:32:39,355 T1098: WARN  #### gw3  batch/test_spytest_infra_1.py::test_spytest_infra_last
2023-12-28 00:32:39,355 T1098: WARN  support session-epilog session pass ''
2023-12-28 00:32:39,357 T1099: WARN  #### gw3  batch/test_spytest_infra_1.py::test_spytest_infra_last
2023-12-28 00:32:39,357 T1099: WARN  support session-epilog session pass ''
