2023-12-30 00:59:50,543 T0021: WARN  #### gw2  
2023-12-30 00:59:50,543 T0021: WARN  support post-session-prolog session pass ''
2023-12-30 00:59:50,547 T0022: WARN  #### gw2  
2023-12-30 00:59:50,547 T0022: WARN  support post-session-prolog session pass ''
2023-12-30 01:00:19,266 T0067: INFO  #### gw2  
2023-12-30 01:00:19,266 T0067: INFO  support pre-module-prolog routing/VRF/test_vrf.py  ''
2023-12-30 01:00:19,269 T0068: INFO  #### gw2  
2023-12-30 01:00:19,269 T0068: INFO  support pre-module-prolog routing/VRF/test_vrf.py  ''
2023-12-30 01:07:53,842 T0207: INFO  #### gw2  routing/VRF/test_vrf.py
2023-12-30 01:07:53,843 T0207: INFO  support post-module-prolog routing/VRF/test_vrf.py Pass ''
2023-12-30 01:07:53,845 T0208: INFO  #### gw2  routing/VRF/test_vrf.py
2023-12-30 01:07:53,846 T0208: INFO  support post-module-prolog routing/VRF/test_vrf.py Pass ''
2023-12-30 01:08:06,598 T0224: INFO  #### gw2  routing/VRF/test_vrf.py
2023-12-30 01:08:06,598 T0224: INFO  support pre-function-prolog test_VrfFun001_06  ''
2023-12-30 01:08:06,602 T0225: INFO  #### gw2  routing/VRF/test_vrf.py
2023-12-30 01:08:06,603 T0225: INFO  support pre-function-prolog test_VrfFun001_06  ''
2023-12-30 01:08:09,746 T0226: WARN  #### gw2  routing/VRF/test_vrf.py::test_VrfFun001_06
2023-12-30 01:08:09,746 T0226: WARN  support pre-function-epilog test_VrfFun001_06 DUTFail 'config command 'sudo sonic_installer list' failed'
2023-12-30 01:08:09,748 T0227: WARN  #### gw2  routing/VRF/test_vrf.py::test_VrfFun001_06
2023-12-30 01:08:09,748 T0227: WARN  support pre-function-epilog test_VrfFun001_06 DUTFail 'config command 'sudo sonic_installer list' failed'
2023-12-30 01:08:10,858 T0228: WARN  #### gw2  routing/VRF/test_vrf.py::test_VrfFun001_06
2023-12-30 01:08:10,858 T0228: WARN  support post-function-epilog test_VrfFun001_06 ignore 'config command 'sudo sonic_installer list' failed'
2023-12-30 01:08:10,860 T0229: WARN  #### gw2  routing/VRF/test_vrf.py::test_VrfFun001_06
2023-12-30 01:08:10,860 T0229: WARN  support post-function-epilog test_VrfFun001_06 ignore 'config command 'sudo sonic_installer list' failed'
2023-12-30 01:08:15,698 T0235: INFO  #### gw2  routing/VRF/test_vrf.py
2023-12-30 01:08:15,698 T0235: INFO  support pre-function-prolog test_VrfFun_26_27  ''
2023-12-30 01:08:15,702 T0236: INFO  #### gw2  routing/VRF/test_vrf.py
2023-12-30 01:08:15,703 T0236: INFO  support pre-function-prolog test_VrfFun_26_27  ''
2023-12-30 01:08:38,898 T0237: INFO  #### gw2  routing/VRF/test_vrf.py::test_VrfFun_26_27
2023-12-30 01:08:38,898 T0237: INFO  support pre-function-epilog test_VrfFun_26_27 Pass 'Test case passed'
2023-12-30 01:08:38,900 T0238: INFO  #### gw2  routing/VRF/test_vrf.py::test_VrfFun_26_27
2023-12-30 01:08:38,900 T0238: INFO  support pre-function-epilog test_VrfFun_26_27 Pass 'Test case passed'
2023-12-30 01:08:38,910 T0239: INFO  #### gw2  routing/VRF/test_vrf.py::test_VrfFun_26_27
2023-12-30 01:08:38,910 T0239: INFO  support post-function-epilog test_VrfFun_26_27 Pass 'Test case passed'
2023-12-30 01:08:38,911 T0240: INFO  #### gw2  routing/VRF/test_vrf.py::test_VrfFun_26_27
2023-12-30 01:08:38,912 T0240: INFO  support post-function-epilog test_VrfFun_26_27 Pass 'Test case passed'
2023-12-30 01:08:45,106 T0246: INFO  #### gw2  routing/VRF/test_vrf.py
2023-12-30 01:08:45,107 T0246: INFO  support pre-function-prolog test_VrfFun_10_12_14  ''
2023-12-30 01:08:45,111 T0247: INFO  #### gw2  routing/VRF/test_vrf.py
2023-12-30 01:08:45,112 T0247: INFO  support pre-function-prolog test_VrfFun_10_12_14  ''
2023-12-30 01:08:45,122 T0248: INFO  #### gw2  routing/VRF/test_vrf.py::test_VrfFun_10_12_14
2023-12-30 01:08:45,122 T0248: INFO  support post-function-prolog test_VrfFun_10_12_14 Pass ''
2023-12-30 01:08:45,124 T0249: INFO  #### gw2  routing/VRF/test_vrf.py::test_VrfFun_10_12_14
2023-12-30 01:08:45,125 T0249: INFO  support post-function-prolog test_VrfFun_10_12_14 Pass ''
2023-12-30 01:09:14,685 T0268: INFO  #### gw2  routing/VRF/test_vrf.py::test_VrfFun_10_12_14
2023-12-30 01:09:14,685 T0268: INFO  support pre-function-epilog test_VrfFun_10_12_14 Pass 'Test case passed'
2023-12-30 01:09:14,687 T0269: INFO  #### gw2  routing/VRF/test_vrf.py::test_VrfFun_10_12_14
2023-12-30 01:09:14,687 T0269: INFO  support pre-function-epilog test_VrfFun_10_12_14 Pass 'Test case passed'
2023-12-30 01:10:29,160 T0306: INFO  #### gw2  routing/VRF/test_vrf.py::test_VrfFun_10_12_14
2023-12-30 01:10:29,160 T0306: INFO  support post-function-epilog test_VrfFun_10_12_14 Pass 'Test case passed'
2023-12-30 01:10:29,162 T0307: INFO  #### gw2  routing/VRF/test_vrf.py::test_VrfFun_10_12_14
2023-12-30 01:10:29,162 T0307: INFO  support post-function-epilog test_VrfFun_10_12_14 Pass 'Test case passed'
2023-12-30 01:10:35,114 T0313: INFO  #### gw2  routing/VRF/test_vrf.py
2023-12-30 01:10:35,115 T0313: INFO  support pre-function-prolog test_VrfFun_20_24_25_32_33_44_45  ''
2023-12-30 01:10:35,119 T0314: INFO  #### gw2  routing/VRF/test_vrf.py
2023-12-30 01:10:35,120 T0314: INFO  support pre-function-prolog test_VrfFun_20_24_25_32_33_44_45  ''
2023-12-30 01:10:35,133 T0315: INFO  #### gw2  routing/VRF/test_vrf.py::test_VrfFun_20_24_25_32_33_44_45
2023-12-30 01:10:35,133 T0315: INFO  support post-function-prolog test_VrfFun_20_24_25_32_33_44_45 Pass ''
2023-12-30 01:10:35,135 T0316: INFO  #### gw2  routing/VRF/test_vrf.py::test_VrfFun_20_24_25_32_33_44_45
2023-12-30 01:10:35,135 T0316: INFO  support post-function-prolog test_VrfFun_20_24_25_32_33_44_45 Pass ''
2023-12-30 01:11:00,086 T0325: INFO  #### gw2  routing/VRF/test_vrf.py::test_VrfFun_20_24_25_32_33_44_45
2023-12-30 01:11:00,087 T0325: INFO  support pre-function-epilog test_VrfFun_20_24_25_32_33_44_45 Pass 'Test case passed'
2023-12-30 01:11:00,090 T0326: INFO  #### gw2  routing/VRF/test_vrf.py::test_VrfFun_20_24_25_32_33_44_45
2023-12-30 01:11:00,090 T0326: INFO  support pre-function-epilog test_VrfFun_20_24_25_32_33_44_45 Pass 'Test case passed'
2023-12-30 01:11:12,655 T0335: INFO  #### gw2  routing/VRF/test_vrf.py::test_VrfFun_20_24_25_32_33_44_45
2023-12-30 01:11:12,655 T0335: INFO  support post-function-epilog test_VrfFun_20_24_25_32_33_44_45 Pass 'Test case passed'
2023-12-30 01:11:12,659 T0336: INFO  #### gw2  routing/VRF/test_vrf.py::test_VrfFun_20_24_25_32_33_44_45
2023-12-30 01:11:12,659 T0336: INFO  support post-function-epilog test_VrfFun_20_24_25_32_33_44_45 Pass 'Test case passed'
2023-12-30 01:11:18,662 T0342: INFO  #### gw2  routing/VRF/test_vrf.py
2023-12-30 01:11:18,662 T0342: INFO  support pre-function-prolog test_VrfFun_05_50  ''
2023-12-30 01:11:18,666 T0343: INFO  #### gw2  routing/VRF/test_vrf.py
2023-12-30 01:11:18,666 T0343: INFO  support pre-function-prolog test_VrfFun_05_50  ''
2023-12-30 01:11:29,971 T0000: WARN  #### gw2 IGNORED ERROR routing/VRF/test_vrf.py::test_VrfFun_05_50
2023-12-30 01:11:29,971 T0000: WARN  Skipped error checking but detected pattern: containing_python_traceback command: sudo -s fast-reboot
2023-12-30 01:18:09,725 T0346: INFO  #### gw2  routing/VRF/test_vrf.py::test_VrfFun_05_50
2023-12-30 01:18:09,725 T0346: INFO  support pre-function-epilog test_VrfFun_05_50 Pass 'Test case passed'
2023-12-30 01:18:09,727 T0347: INFO  #### gw2  routing/VRF/test_vrf.py::test_VrfFun_05_50
2023-12-30 01:18:09,727 T0347: INFO  support pre-function-epilog test_VrfFun_05_50 Pass 'Test case passed'
2023-12-30 01:18:09,735 T0348: INFO  #### gw2  routing/VRF/test_vrf.py::test_VrfFun_05_50
2023-12-30 01:18:09,736 T0348: INFO  support post-function-epilog test_VrfFun_05_50 Pass 'Test case passed'
2023-12-30 01:18:09,737 T0349: INFO  #### gw2  routing/VRF/test_vrf.py::test_VrfFun_05_50
2023-12-30 01:18:09,737 T0349: INFO  support post-function-epilog test_VrfFun_05_50 Pass 'Test case passed'
2023-12-30 01:18:09,768 T0350: WARN  #### gw2  routing/VRF/test_vrf.py::test_VrfFun_05_50
2023-12-30 01:18:09,768 T0350: WARN  support pre-module-epilog routing/VRF/test_vrf.py fail ''
2023-12-30 01:18:09,770 T0351: WARN  #### gw2  routing/VRF/test_vrf.py::test_VrfFun_05_50
2023-12-30 01:18:09,770 T0351: WARN  support pre-module-epilog routing/VRF/test_vrf.py fail ''
2023-12-30 01:18:14,363 T0360: WARN  #### gw2  routing/VRF/test_vrf.py::test_VrfFun_10_12_14
2023-12-30 01:18:14,364 T0360: WARN  support post-module-epilog routing/VRF/test_vrf.py fail ''
2023-12-30 01:18:14,367 T0361: WARN  #### gw2  routing/VRF/test_vrf.py::test_VrfFun_10_12_14
2023-12-30 01:18:14,367 T0361: WARN  support post-module-epilog routing/VRF/test_vrf.py fail ''
2023-12-30 01:20:16,684 T0412: INFO  #### gw2  
2023-12-30 01:20:16,685 T0412: INFO  support pre-module-prolog routing/VRF/test_vrf_scale.py  ''
2023-12-30 01:20:16,687 T0413: INFO  #### gw2  
2023-12-30 01:20:16,687 T0413: INFO  support pre-module-prolog routing/VRF/test_vrf_scale.py  ''
2023-12-30 01:47:49,571 T0442: INFO  #### gw2  routing/VRF/test_vrf_scale.py
2023-12-30 01:47:49,571 T0442: INFO  support post-module-prolog routing/VRF/test_vrf_scale.py Pass ''
2023-12-30 01:47:49,573 T0443: INFO  #### gw2  routing/VRF/test_vrf_scale.py
2023-12-30 01:47:49,574 T0443: INFO  support post-module-prolog routing/VRF/test_vrf_scale.py Pass ''
2023-12-30 01:48:05,377 T0459: INFO  #### gw2  routing/VRF/test_vrf_scale.py
2023-12-30 01:48:05,377 T0459: INFO  support pre-function-prolog test_vrf_scale  ''
2023-12-30 01:48:05,381 T0460: INFO  #### gw2  routing/VRF/test_vrf_scale.py
2023-12-30 01:48:05,381 T0460: INFO  support pre-function-prolog test_vrf_scale  ''
2023-12-30 01:48:05,418 T0461: INFO  #### gw2  routing/VRF/test_vrf_scale.py::test_vrf_scale
2023-12-30 01:48:05,418 T0461: INFO  support post-function-prolog test_vrf_scale Pass ''
2023-12-30 01:48:05,422 T0462: INFO  #### gw2  routing/VRF/test_vrf_scale.py::test_vrf_scale
2023-12-30 01:48:05,422 T0462: INFO  support post-function-prolog test_vrf_scale Pass ''
2023-12-30 01:51:27,146 T0000: ERROR #### gw2 WARN routing/VRF/test_vrf_scale.py::test_vrf_scale
2023-12-30 01:51:27,146 T0000: ERROR Traceback (most recent call last):
2023-12-30 01:51:27,146 T0000: ERROR   File "/repo/spytest/net.py", line 1910, in _try
2023-12-30 01:51:27,146 T0000: ERROR     output = hndl.send_command_new(fcli, new_cmd, expect_string,
2023-12-30 01:51:27,146 T0000: ERROR   File "/repo/spytest/access/netmiko_connection.py", line 725, in send_command_new
2023-12-30 01:51:27,146 T0000: ERROR     raise IOError(self.dmsg_str(dbg_msg, msg1))
2023-12-30 01:51:27,146 T0000: ERROR OSError: Prompt Not Detected in DF 2.0: 'admin@sonic:\~\$'
2023-12-30 01:51:27,146 T0000: ERROR =======================FASTER-CLI-DBG===================
2023-12-30 01:51:27,146 T0000: ERROR command_string: show vrf<LF>
2023-12-30 01:51:27,146 T0000: ERROR search_pattern: admin@sonic:\~\$
2023-12-30 01:51:27,146 T0000: ERROR cmd_issued: False
2023-12-30 01:51:27,146 T0000: ERROR CMP-OUT: show vrf<LF><LF>
2023-12-30 01:51:27,146 T0000: ERROR CMP-CMD: show vrf<LF>
2023-12-30 01:51:27,146 T0000: ERROR ECHOED OUTPUT: <LF>
2023-12-30 01:51:27,146 T0000: ERROR CMP-PROMPT: admin@sonic:\~\$
2023-12-30 01:51:27,146 T0000: ERROR CMP-OUTPUT: 
2023-12-30 01:51:27,146 T0000: ERROR CMP-OUTPUT: 
2023-12-30 01:51:27,146 T0000: ERROR Read Data: show vrf
2023-12-30 01:51:27,146 T0000: ERROR =========================================================
2023-12-30 01:51:27,146 T0000: ERROR StackTraceCallStack:
2023-12-30 01:51:27,146 T0000: ERROR [0] spytest/net.py:2138 _send_command output = self._try(access, line, fcli, cmd, expect,
2023-12-30 01:51:27,146 T0000: ERROR [1] spytest/net.py:6125 _send_cmd_opts output = self._send_command(access, cmd, expected_prompt,
2023-12-30 01:51:27,146 T0000: ERROR Truncated...
2023-12-30 01:55:28,162 T0465: WARN  #### gw2  routing/VRF/test_vrf_scale.py::test_vrf_scale
2023-12-30 01:55:28,162 T0465: WARN  support pre-function-epilog test_vrf_scale Fail 'Command 'show vrf' failed to give prompt, recovered using CTRL+C'
2023-12-30 01:55:28,202 T0466: WARN  #### gw2  routing/VRF/test_vrf_scale.py::test_vrf_scale
2023-12-30 01:55:28,202 T0466: WARN  support pre-function-epilog test_vrf_scale Fail 'Command 'show vrf' failed to give prompt, recovered using CTRL+C'
2023-12-30 01:55:28,947 T0467: WARN  #### gw2  routing/VRF/test_vrf_scale.py::test_vrf_scale
2023-12-30 01:55:28,947 T0467: WARN  support post-function-epilog test_vrf_scale ignore 'Command 'show vrf' failed to give prompt, recovered using CTRL+C'
2023-12-30 01:55:28,949 T0468: WARN  #### gw2  routing/VRF/test_vrf_scale.py::test_vrf_scale
2023-12-30 01:55:28,950 T0468: WARN  support post-function-epilog test_vrf_scale ignore 'Command 'show vrf' failed to give prompt, recovered using CTRL+C'
2023-12-30 01:55:36,106 T0474: INFO  #### gw2  routing/VRF/test_vrf_scale.py
2023-12-30 01:55:36,106 T0474: INFO  support pre-function-prolog test_vrf_route_leak  ''
2023-12-30 01:55:36,110 T0475: INFO  #### gw2  routing/VRF/test_vrf_scale.py
2023-12-30 01:55:36,110 T0475: INFO  support pre-function-prolog test_vrf_route_leak  ''
2023-12-30 01:57:35,782 T0480: INFO  #### gw2  routing/VRF/test_vrf_scale.py::test_vrf_route_leak
2023-12-30 01:57:35,782 T0480: INFO  support pre-function-epilog test_vrf_route_leak Pass 'Test case passed'
2023-12-30 01:57:35,785 T0481: INFO  #### gw2  routing/VRF/test_vrf_scale.py::test_vrf_route_leak
2023-12-30 01:57:35,786 T0481: INFO  support pre-function-epilog test_vrf_route_leak Pass 'Test case passed'
2023-12-30 01:57:35,798 T0482: INFO  #### gw2  routing/VRF/test_vrf_scale.py::test_vrf_route_leak
2023-12-30 01:57:35,798 T0482: INFO  support post-function-epilog test_vrf_route_leak Pass 'Test case passed'
2023-12-30 01:57:35,800 T0483: INFO  #### gw2  routing/VRF/test_vrf_scale.py::test_vrf_route_leak
2023-12-30 01:57:35,800 T0483: INFO  support post-function-epilog test_vrf_route_leak Pass 'Test case passed'
2023-12-30 01:57:44,066 T0489: INFO  #### gw2  routing/VRF/test_vrf_scale.py
2023-12-30 01:57:44,066 T0489: INFO  support pre-function-prolog test_vrf_bgp  ''
2023-12-30 01:57:44,070 T0490: INFO  #### gw2  routing/VRF/test_vrf_scale.py
2023-12-30 01:57:44,070 T0490: INFO  support pre-function-prolog test_vrf_bgp  ''
2023-12-30 02:07:18,526 T0883: INFO  #### gw2  routing/VRF/test_vrf_scale.py::test_vrf_bgp
2023-12-30 02:07:18,526 T0883: INFO  support pre-function-epilog test_vrf_bgp Pass 'Test case passed'
2023-12-30 02:07:18,528 T0884: INFO  #### gw2  routing/VRF/test_vrf_scale.py::test_vrf_bgp
2023-12-30 02:07:18,528 T0884: INFO  support pre-function-epilog test_vrf_bgp Pass 'Test case passed'
2023-12-30 02:07:18,537 T0885: INFO  #### gw2  routing/VRF/test_vrf_scale.py::test_vrf_bgp
2023-12-30 02:07:18,537 T0885: INFO  support post-function-epilog test_vrf_bgp Pass 'Test case passed'
2023-12-30 02:07:18,539 T0886: INFO  #### gw2  routing/VRF/test_vrf_scale.py::test_vrf_bgp
2023-12-30 02:07:18,539 T0886: INFO  support post-function-epilog test_vrf_bgp Pass 'Test case passed'
2023-12-30 02:07:26,537 T0892: INFO  #### gw2  routing/VRF/test_vrf_scale.py
2023-12-30 02:07:26,537 T0892: INFO  support pre-function-prolog test_vrf_reload  ''
2023-12-30 02:07:26,541 T0893: INFO  #### gw2  routing/VRF/test_vrf_scale.py
2023-12-30 02:07:26,542 T0893: INFO  support pre-function-prolog test_vrf_reload  ''
2023-12-30 02:07:34,653 T0000: WARN  #### gw2 IGNORED ERROR routing/VRF/test_vrf_scale.py::test_vrf_reload
2023-12-30 02:07:34,653 T0000: WARN  Skipped error checking but detected pattern: containing_python_traceback command: sudo -s fast-reboot
2023-12-30 02:16:52,929 T0000: ERROR #### gw2 WARN routing/VRF/test_vrf_scale.py::test_vrf_reload
2023-12-30 02:16:52,929 T0000: ERROR Traceback (most recent call last):
2023-12-30 02:16:52,929 T0000: ERROR   File "/repo/spytest/net.py", line 1910, in _try
2023-12-30 02:16:52,929 T0000: ERROR     output = hndl.send_command_new(fcli, new_cmd, expect_string,
2023-12-30 02:16:52,929 T0000: ERROR   File "/repo/spytest/access/netmiko_connection.py", line 725, in send_command_new
2023-12-30 02:16:52,929 T0000: ERROR     raise IOError(self.dmsg_str(dbg_msg, msg1))
2023-12-30 02:16:52,929 T0000: ERROR OSError: Prompt Not Detected in DF 2.0: 'admin@sonic:\~\$'
2023-12-30 02:16:52,929 T0000: ERROR =======================FASTER-CLI-DBG===================
2023-12-30 02:16:52,929 T0000: ERROR command_string: show vrf<LF>
2023-12-30 02:16:52,929 T0000: ERROR search_pattern: admin@sonic:\~\$
2023-12-30 02:16:52,929 T0000: ERROR cmd_issued: False
2023-12-30 02:16:52,929 T0000: ERROR CMP-OUT: show vrf<LF><LF>
2023-12-30 02:16:52,929 T0000: ERROR CMP-CMD: show vrf<LF>
2023-12-30 02:16:52,929 T0000: ERROR ECHOED OUTPUT: <LF>
2023-12-30 02:16:52,929 T0000: ERROR CMP-PROMPT: admin@sonic:\~\$
2023-12-30 02:16:52,929 T0000: ERROR CMP-OUTPUT: 
2023-12-30 02:16:52,929 T0000: ERROR CMP-OUTPUT: 
2023-12-30 02:16:52,929 T0000: ERROR Read Data: show vrf
2023-12-30 02:16:52,929 T0000: ERROR =========================================================
2023-12-30 02:16:52,929 T0000: ERROR StackTraceCallStack:
2023-12-30 02:16:52,929 T0000: ERROR [0] spytest/net.py:2138 _send_command output = self._try(access, line, fcli, cmd, expect,
2023-12-30 02:16:52,929 T0000: ERROR [1] spytest/net.py:6125 _send_cmd_opts output = self._send_command(access, cmd, expected_prompt,
2023-12-30 02:16:52,929 T0000: ERROR Truncated...
2023-12-30 02:20:51,829 T0898: WARN  #### gw2  routing/VRF/test_vrf_scale.py::test_vrf_reload
2023-12-30 02:20:51,830 T0898: WARN  support pre-function-epilog test_vrf_reload Fail 'Command 'show vrf' failed to give prompt, recovered using CTRL+C'
2023-12-30 02:20:51,832 T0899: WARN  #### gw2  routing/VRF/test_vrf_scale.py::test_vrf_reload
2023-12-30 02:20:51,832 T0899: WARN  support pre-function-epilog test_vrf_reload Fail 'Command 'show vrf' failed to give prompt, recovered using CTRL+C'
2023-12-30 02:20:52,562 T0900: WARN  #### gw2  routing/VRF/test_vrf_scale.py::test_vrf_reload
2023-12-30 02:20:52,562 T0900: WARN  support post-function-epilog test_vrf_reload ignore 'Command 'show vrf' failed to give prompt, recovered using CTRL+C'
2023-12-30 02:20:52,563 T0901: WARN  #### gw2  routing/VRF/test_vrf_scale.py::test_vrf_reload
2023-12-30 02:20:52,564 T0901: WARN  support post-function-epilog test_vrf_reload ignore 'Command 'show vrf' failed to give prompt, recovered using CTRL+C'
2023-12-30 02:20:52,605 T0902: WARN  #### gw2  routing/VRF/test_vrf_scale.py::test_vrf_reload
2023-12-30 02:20:52,605 T0902: WARN  support pre-module-epilog routing/VRF/test_vrf_scale.py fail ''
2023-12-30 02:20:52,607 T0903: WARN  #### gw2  routing/VRF/test_vrf_scale.py::test_vrf_reload
2023-12-30 02:20:52,607 T0903: WARN  support pre-module-epilog routing/VRF/test_vrf_scale.py fail ''
2023-12-30 02:20:57,297 T0912: WARN  #### gw2  routing/VRF/test_vrf_scale.py::test_vrf_scale
2023-12-30 02:20:57,297 T0912: WARN  support post-module-epilog routing/VRF/test_vrf_scale.py fail ''
2023-12-30 02:20:57,301 T0913: WARN  #### gw2  routing/VRF/test_vrf_scale.py::test_vrf_scale
2023-12-30 02:20:57,302 T0913: WARN  support post-module-epilog routing/VRF/test_vrf_scale.py fail ''
2023-12-30 02:26:48,787 T0985: INFO  #### gw2  
2023-12-30 02:26:48,788 T0985: INFO  support pre-module-prolog routing/BGP/test_bgp_rr_traffic.py  ''
2023-12-30 02:26:48,790 T0986: INFO  #### gw2  
2023-12-30 02:26:48,790 T0986: INFO  support pre-module-prolog routing/BGP/test_bgp_rr_traffic.py  ''
2023-12-30 02:29:41,242 T1005: INFO  #### gw2  routing/BGP/test_bgp_rr_traffic.py
2023-12-30 02:29:41,242 T1005: INFO  support post-class-prolog routing/BGP/test_bgp_rr_traffic.py Pass ''
2023-12-30 02:29:41,244 T1006: INFO  #### gw2  routing/BGP/test_bgp_rr_traffic.py
2023-12-30 02:29:41,244 T1006: INFO  support post-class-prolog routing/BGP/test_bgp_rr_traffic.py Pass ''
2023-12-30 02:29:41,252 T1007: INFO  #### gw2  routing/BGP/test_bgp_rr_traffic.py
2023-12-30 02:29:41,252 T1007: INFO  support post-module-prolog routing/BGP/test_bgp_rr_traffic.py Pass ''
2023-12-30 02:29:41,254 T1008: INFO  #### gw2  routing/BGP/test_bgp_rr_traffic.py
2023-12-30 02:29:41,254 T1008: INFO  support post-module-prolog routing/BGP/test_bgp_rr_traffic.py Pass ''
2023-12-30 02:29:54,464 T1024: INFO  #### gw2  routing/BGP/test_bgp_rr_traffic.py
2023-12-30 02:29:54,464 T1024: INFO  support pre-function-prolog TestBGPRrTraffic.test_ft_bgp6_rr_traffic_check  ''
2023-12-30 02:29:54,468 T1025: INFO  #### gw2  routing/BGP/test_bgp_rr_traffic.py
2023-12-30 02:29:54,468 T1025: INFO  support pre-function-prolog TestBGPRrTraffic.test_ft_bgp6_rr_traffic_check  ''
2023-12-30 02:32:24,559 T1026: INFO  #### gw2  routing/BGP/test_bgp_rr_traffic.py::TestBGPRrTraffic::test_ft_bgp6_rr_traffic_check
2023-12-30 02:32:24,559 T1026: INFO  support pre-function-epilog TestBGPRrTraffic.test_ft_bgp6_rr_traffic_check Pass 'Test case passed'
2023-12-30 02:32:24,563 T1027: INFO  #### gw2  routing/BGP/test_bgp_rr_traffic.py::TestBGPRrTraffic::test_ft_bgp6_rr_traffic_check
2023-12-30 02:32:24,563 T1027: INFO  support pre-function-epilog TestBGPRrTraffic.test_ft_bgp6_rr_traffic_check Pass 'Test case passed'
2023-12-30 02:32:24,571 T1028: INFO  #### gw2  routing/BGP/test_bgp_rr_traffic.py::TestBGPRrTraffic::test_ft_bgp6_rr_traffic_check
2023-12-30 02:32:24,572 T1028: INFO  support post-function-epilog TestBGPRrTraffic.test_ft_bgp6_rr_traffic_check Pass 'Test case passed'
2023-12-30 02:32:24,573 T1029: INFO  #### gw2  routing/BGP/test_bgp_rr_traffic.py::TestBGPRrTraffic::test_ft_bgp6_rr_traffic_check
2023-12-30 02:32:24,573 T1029: INFO  support post-function-epilog TestBGPRrTraffic.test_ft_bgp6_rr_traffic_check Pass 'Test case passed'
2023-12-30 02:32:53,019 T1040: WARN  #### gw2  routing/BGP/test_bgp_rr_traffic.py::TestBGPRrTraffic::test_ft_bgp6_rr_traffic_check
2023-12-30 02:32:53,019 T1040: WARN  support post-class-epilog routing/BGP/test_bgp_rr_traffic.py pass ''
2023-12-30 02:32:53,023 T1041: WARN  #### gw2  routing/BGP/test_bgp_rr_traffic.py::TestBGPRrTraffic::test_ft_bgp6_rr_traffic_check
2023-12-30 02:32:53,023 T1041: WARN  support post-class-epilog routing/BGP/test_bgp_rr_traffic.py pass ''
2023-12-30 02:32:53,030 T1042: WARN  #### gw2  routing/BGP/test_bgp_rr_traffic.py::TestBGPRrTraffic::test_ft_bgp6_rr_traffic_check
2023-12-30 02:32:53,030 T1042: WARN  support pre-module-epilog routing/BGP/test_bgp_rr_traffic.py pass ''
2023-12-30 02:32:53,033 T1043: WARN  #### gw2  routing/BGP/test_bgp_rr_traffic.py::TestBGPRrTraffic::test_ft_bgp6_rr_traffic_check
2023-12-30 02:32:53,033 T1043: WARN  support pre-module-epilog routing/BGP/test_bgp_rr_traffic.py pass ''
2023-12-30 02:33:16,651 T1058: WARN  #### gw2  routing/BGP/test_bgp_rr_traffic.py::TestBGPRrTraffic::test_ft_bgp6_rr_traffic_check
2023-12-30 02:33:16,651 T1058: WARN  support post-module-epilog routing/BGP/test_bgp_rr_traffic.py pass ''
2023-12-30 02:33:16,655 T1059: WARN  #### gw2  routing/BGP/test_bgp_rr_traffic.py::TestBGPRrTraffic::test_ft_bgp6_rr_traffic_check
2023-12-30 02:33:16,656 T1059: WARN  support post-module-epilog routing/BGP/test_bgp_rr_traffic.py pass ''
2023-12-30 02:35:16,979 T1090: WARN  #### gw2  batch/test_spytest_infra_1.py::test_spytest_infra_last
2023-12-30 02:35:16,979 T1090: WARN  support session-epilog session pass ''
2023-12-30 02:35:16,980 T1091: WARN  #### gw2  batch/test_spytest_infra_1.py::test_spytest_infra_last
2023-12-30 02:35:16,981 T1091: WARN  support session-epilog session pass ''
