2024-01-07 22:58:27,039 T0017: WARN  #### gw3  
2024-01-07 22:58:27,039 T0017: WARN  support post-session-prolog session pass ''
2024-01-07 22:58:27,041 T0018: WARN  #### gw3  
2024-01-07 22:58:27,042 T0018: WARN  support post-session-prolog session pass ''
2024-01-07 22:59:15,990 T0071: INFO  #### gw3  
2024-01-07 22:59:15,990 T0071: INFO  support pre-module-prolog routing/VRF/test_vrf_scale.py  ''
2024-01-07 22:59:15,993 T0072: INFO  #### gw3  
2024-01-07 22:59:15,993 T0072: INFO  support pre-module-prolog routing/VRF/test_vrf_scale.py  ''
2024-01-07 23:22:11,124 T0117: INFO  #### gw3  routing/VRF/test_vrf_scale.py
2024-01-07 23:22:11,124 T0117: INFO  support post-module-prolog routing/VRF/test_vrf_scale.py Pass ''
2024-01-07 23:22:11,130 T0118: INFO  #### gw3  routing/VRF/test_vrf_scale.py
2024-01-07 23:22:11,130 T0118: INFO  support post-module-prolog routing/VRF/test_vrf_scale.py Pass ''
2024-01-07 23:22:45,799 T0142: INFO  #### gw3  routing/VRF/test_vrf_scale.py
2024-01-07 23:22:45,799 T0142: INFO  support pre-function-prolog test_vrf_scale  ''
2024-01-07 23:22:45,803 T0143: INFO  #### gw3  routing/VRF/test_vrf_scale.py
2024-01-07 23:22:45,804 T0143: INFO  support pre-function-prolog test_vrf_scale  ''
2024-01-07 23:22:45,816 T0144: INFO  #### gw3  routing/VRF/test_vrf_scale.py::test_vrf_scale
2024-01-07 23:22:45,816 T0144: INFO  support post-function-prolog test_vrf_scale Pass ''
2024-01-07 23:22:45,818 T0145: INFO  #### gw3  routing/VRF/test_vrf_scale.py::test_vrf_scale
2024-01-07 23:22:45,818 T0145: INFO  support post-function-prolog test_vrf_scale Pass ''
2024-01-07 23:26:07,813 T0000: ERROR #### gw3 WARN routing/VRF/test_vrf_scale.py::test_vrf_scale
2024-01-07 23:26:07,813 T0000: ERROR Traceback (most recent call last):
2024-01-07 23:26:07,813 T0000: ERROR   File "/repo/spytest/net.py", line 1910, in _try
2024-01-07 23:26:07,813 T0000: ERROR     output = hndl.send_command_new(fcli, new_cmd, expect_string,
2024-01-07 23:26:07,813 T0000: ERROR   File "/repo/spytest/access/netmiko_connection.py", line 725, in send_command_new
2024-01-07 23:26:07,813 T0000: ERROR     raise IOError(self.dmsg_str(dbg_msg, msg1))
2024-01-07 23:26:07,813 T0000: ERROR OSError: Prompt Not Detected in DF 2.0: 'admin@sonic:\~\$'
2024-01-07 23:26:07,813 T0000: ERROR =======================FASTER-CLI-DBG===================
2024-01-07 23:26:07,813 T0000: ERROR command_string: show vrf<LF>
2024-01-07 23:26:07,813 T0000: ERROR search_pattern: admin@sonic:\~\$
2024-01-07 23:26:07,814 T0000: ERROR cmd_issued: False
2024-01-07 23:26:07,814 T0000: ERROR CMP-OUT: show vrf<LF><LF>
2024-01-07 23:26:07,814 T0000: ERROR CMP-CMD: show vrf<LF>
2024-01-07 23:26:07,814 T0000: ERROR ECHOED OUTPUT: <LF>
2024-01-07 23:26:07,814 T0000: ERROR CMP-PROMPT: admin@sonic:\~\$
2024-01-07 23:26:07,814 T0000: ERROR CMP-OUTPUT: 
2024-01-07 23:26:07,814 T0000: ERROR CMP-OUTPUT: 
2024-01-07 23:26:07,814 T0000: ERROR Read Data: show vrf
2024-01-07 23:26:07,814 T0000: ERROR =========================================================
2024-01-07 23:26:07,814 T0000: ERROR StackTraceCallStack:
2024-01-07 23:26:07,814 T0000: ERROR [0] spytest/net.py:2138 _send_command output = self._try(access, line, fcli, cmd, expect,
2024-01-07 23:26:07,814 T0000: ERROR [1] spytest/net.py:6125 _send_cmd_opts output = self._send_command(access, cmd, expected_prompt,
2024-01-07 23:26:07,814 T0000: ERROR Truncated...
2024-01-07 23:30:04,749 T0146: WARN  #### gw3  routing/VRF/test_vrf_scale.py::test_vrf_scale
2024-01-07 23:30:04,750 T0146: WARN  support pre-function-epilog test_vrf_scale Fail 'Command 'show vrf' failed to give prompt, recovered using CTRL+C'
2024-01-07 23:30:04,755 T0147: WARN  #### gw3  routing/VRF/test_vrf_scale.py::test_vrf_scale
2024-01-07 23:30:04,755 T0147: WARN  support pre-function-epilog test_vrf_scale Fail 'Command 'show vrf' failed to give prompt, recovered using CTRL+C'
2024-01-07 23:30:05,500 T0148: WARN  #### gw3  routing/VRF/test_vrf_scale.py::test_vrf_scale
2024-01-07 23:30:05,501 T0148: WARN  support post-function-epilog test_vrf_scale ignore 'Command 'show vrf' failed to give prompt, recovered using CTRL+C'
2024-01-07 23:30:05,502 T0149: WARN  #### gw3  routing/VRF/test_vrf_scale.py::test_vrf_scale
2024-01-07 23:30:05,503 T0149: WARN  support post-function-epilog test_vrf_scale ignore 'Command 'show vrf' failed to give prompt, recovered using CTRL+C'
2024-01-07 23:30:11,912 T0155: INFO  #### gw3  routing/VRF/test_vrf_scale.py
2024-01-07 23:30:11,912 T0155: INFO  support pre-function-prolog test_vrf_route_leak  ''
2024-01-07 23:30:11,916 T0156: INFO  #### gw3  routing/VRF/test_vrf_scale.py
2024-01-07 23:30:11,916 T0156: INFO  support pre-function-prolog test_vrf_route_leak  ''
2024-01-07 23:32:15,338 T0161: INFO  #### gw3  routing/VRF/test_vrf_scale.py::test_vrf_route_leak
2024-01-07 23:32:15,338 T0161: INFO  support pre-function-epilog test_vrf_route_leak Pass 'Test case passed'
2024-01-07 23:32:15,340 T0162: INFO  #### gw3  routing/VRF/test_vrf_scale.py::test_vrf_route_leak
2024-01-07 23:32:15,340 T0162: INFO  support pre-function-epilog test_vrf_route_leak Pass 'Test case passed'
2024-01-07 23:32:15,351 T0163: INFO  #### gw3  routing/VRF/test_vrf_scale.py::test_vrf_route_leak
2024-01-07 23:32:15,351 T0163: INFO  support post-function-epilog test_vrf_route_leak Pass 'Test case passed'
2024-01-07 23:32:15,354 T0164: INFO  #### gw3  routing/VRF/test_vrf_scale.py::test_vrf_route_leak
2024-01-07 23:32:15,354 T0164: INFO  support post-function-epilog test_vrf_route_leak Pass 'Test case passed'
2024-01-07 23:32:23,016 T0170: INFO  #### gw3  routing/VRF/test_vrf_scale.py
2024-01-07 23:32:23,016 T0170: INFO  support pre-function-prolog test_vrf_bgp  ''
2024-01-07 23:32:23,020 T0171: INFO  #### gw3  routing/VRF/test_vrf_scale.py
2024-01-07 23:32:23,021 T0171: INFO  support pre-function-prolog test_vrf_bgp  ''
2024-01-07 23:45:00,926 T0564: WARN  #### gw3  routing/VRF/test_vrf_scale.py::test_vrf_bgp
2024-01-07 23:45:00,926 T0564: WARN  support pre-function-epilog test_vrf_bgp Fail 'Test case Failed.'
2024-01-07 23:45:00,931 T0565: WARN  #### gw3  routing/VRF/test_vrf_scale.py::test_vrf_bgp
2024-01-07 23:45:00,931 T0565: WARN  support pre-function-epilog test_vrf_bgp Fail 'Test case Failed.'
2024-01-07 23:45:01,320 T0566: WARN  #### gw3  routing/VRF/test_vrf_scale.py::test_vrf_bgp
2024-01-07 23:45:01,320 T0566: WARN  support post-function-epilog test_vrf_bgp ignore 'Test case Failed.'
2024-01-07 23:45:01,322 T0567: WARN  #### gw3  routing/VRF/test_vrf_scale.py::test_vrf_bgp
2024-01-07 23:45:01,322 T0567: WARN  support post-function-epilog test_vrf_bgp ignore 'Test case Failed.'
2024-01-07 23:45:09,257 T0573: INFO  #### gw3  routing/VRF/test_vrf_scale.py
2024-01-07 23:45:09,257 T0573: INFO  support pre-function-prolog test_vrf_reload  ''
2024-01-07 23:45:09,261 T0574: INFO  #### gw3  routing/VRF/test_vrf_scale.py
2024-01-07 23:45:09,261 T0574: INFO  support pre-function-prolog test_vrf_reload  ''
2024-01-07 23:47:52,167 T0000: WARN  #### gw3 IGNORED ERROR routing/VRF/test_vrf_scale.py::test_vrf_reload
2024-01-07 23:47:52,167 T0000: WARN  Skipped error checking but detected pattern: containing_python_traceback command: sudo -s fast-reboot
2024-01-07 23:51:41,420 T0000: ERROR #### gw3 WARN routing/VRF/test_vrf_scale.py::test_vrf_reload
2024-01-07 23:51:41,420 T0000: ERROR Traceback (most recent call last):
2024-01-07 23:51:41,420 T0000: ERROR   File "/repo/spytest/net.py", line 1910, in _try
2024-01-07 23:51:41,420 T0000: ERROR     output = hndl.send_command_new(fcli, new_cmd, expect_string,
2024-01-07 23:51:41,420 T0000: ERROR   File "/repo/spytest/access/netmiko_connection.py", line 725, in send_command_new
2024-01-07 23:51:41,420 T0000: ERROR     raise IOError(self.dmsg_str(dbg_msg, msg1))
2024-01-07 23:51:41,420 T0000: ERROR OSError: Prompt Not Detected in DF 2.0: 'admin@sonic:\~\$'
2024-01-07 23:51:41,420 T0000: ERROR =======================FASTER-CLI-DBG===================
2024-01-07 23:51:41,420 T0000: ERROR command_string: show vrf<LF>
2024-01-07 23:51:41,420 T0000: ERROR search_pattern: admin@sonic:\~\$
2024-01-07 23:51:41,420 T0000: ERROR cmd_issued: False
2024-01-07 23:51:41,420 T0000: ERROR CMP-OUT: show vrf<LF><LF>
2024-01-07 23:51:41,420 T0000: ERROR CMP-CMD: show vrf<LF>
2024-01-07 23:51:41,420 T0000: ERROR ECHOED OUTPUT: <LF>
2024-01-07 23:51:41,420 T0000: ERROR CMP-PROMPT: admin@sonic:\~\$
2024-01-07 23:51:41,420 T0000: ERROR CMP-OUTPUT: 
2024-01-07 23:51:41,420 T0000: ERROR CMP-OUTPUT: 
2024-01-07 23:51:41,420 T0000: ERROR Read Data: show vrf
2024-01-07 23:51:41,420 T0000: ERROR =========================================================
2024-01-07 23:51:41,420 T0000: ERROR StackTraceCallStack:
2024-01-07 23:51:41,420 T0000: ERROR [0] spytest/net.py:2138 _send_command output = self._try(access, line, fcli, cmd, expect,
2024-01-07 23:51:41,420 T0000: ERROR [1] spytest/net.py:6125 _send_cmd_opts output = self._send_command(access, cmd, expected_prompt,
2024-01-07 23:51:41,420 T0000: ERROR Truncated...
2024-01-07 23:54:51,388 T0575: WARN  #### gw3  routing/VRF/test_vrf_scale.py::test_vrf_reload
2024-01-07 23:54:51,388 T0575: WARN  support pre-function-epilog test_vrf_reload Fail 'Command 'show vrf' failed to give required prompt, recovered using CR'
2024-01-07 23:54:51,389 T0576: WARN  #### gw3  routing/VRF/test_vrf_scale.py::test_vrf_reload
2024-01-07 23:54:51,389 T0576: WARN  support pre-function-epilog test_vrf_reload Fail 'Command 'show vrf' failed to give required prompt, recovered using CR'
2024-01-07 23:54:52,217 T0577: WARN  #### gw3  routing/VRF/test_vrf_scale.py::test_vrf_reload
2024-01-07 23:54:52,218 T0577: WARN  support post-function-epilog test_vrf_reload ignore 'Command 'show vrf' failed to give required prompt, recovered using CR'
2024-01-07 23:54:52,219 T0578: WARN  #### gw3  routing/VRF/test_vrf_scale.py::test_vrf_reload
2024-01-07 23:54:52,219 T0578: WARN  support post-function-epilog test_vrf_reload ignore 'Command 'show vrf' failed to give required prompt, recovered using CR'
2024-01-07 23:54:52,261 T0579: WARN  #### gw3  routing/VRF/test_vrf_scale.py::test_vrf_reload
2024-01-07 23:54:52,261 T0579: WARN  support pre-module-epilog routing/VRF/test_vrf_scale.py fail ''
2024-01-07 23:54:52,263 T0580: WARN  #### gw3  routing/VRF/test_vrf_scale.py::test_vrf_reload
2024-01-07 23:54:52,263 T0580: WARN  support pre-module-epilog routing/VRF/test_vrf_scale.py fail ''
2024-01-07 23:55:16,556 T0597: WARN  #### gw3  routing/VRF/test_vrf_scale.py::test_vrf_scale
2024-01-07 23:55:16,556 T0597: WARN  support post-module-epilog routing/VRF/test_vrf_scale.py fail ''
2024-01-07 23:55:16,558 T0598: WARN  #### gw3  routing/VRF/test_vrf_scale.py::test_vrf_scale
2024-01-07 23:55:16,559 T0598: WARN  support post-module-epilog routing/VRF/test_vrf_scale.py fail ''
2024-01-08 00:01:32,725 T0644: ERROR #### gw3 WARN 
2024-01-08 00:01:32,725 T0644: ERROR Traceback (most recent call last):
2024-01-08 00:01:32,725 T0644: ERROR   File "/repo/spytest/net.py", line 1910, in _try
2024-01-08 00:01:32,725 T0644: ERROR     output = hndl.send_command_new(fcli, new_cmd, expect_string,
2024-01-08 00:01:32,725 T0644: ERROR   File "/repo/spytest/access/netmiko_connection.py", line 725, in send_command_new
2024-01-08 00:01:32,725 T0644: ERROR     raise IOError(self.dmsg_str(dbg_msg, msg1))
2024-01-08 00:01:32,725 T0644: ERROR OSError: Prompt Not Detected in DF 2.0: '(sonic|{})#'
2024-01-08 00:01:32,725 T0644: ERROR =======================FASTER-CLI-DBG===================
2024-01-08 00:01:32,725 T0644: ERROR command_string: sudo vtysh<LF>
2024-01-08 00:01:32,725 T0644: ERROR search_pattern: (sonic|{})#
2024-01-08 00:01:32,725 T0644: ERROR cmd_issued: False
2024-01-08 00:01:32,725 T0644: ERROR CMP-OUT: sudo vtysh<LF><LF>
2024-01-08 00:01:32,725 T0644: ERROR CMP-CMD: sudo vtysh<LF>
2024-01-08 00:01:32,725 T0644: ERROR ECHOED OUTPUT: <LF>
2024-01-08 00:01:32,725 T0644: ERROR CMP-PROMPT: (sonic|{})#
2024-01-08 00:01:32,725 T0644: ERROR CMP-OUTPUT: 
2024-01-08 00:01:32,725 T0644: ERROR CMP-OUTPUT: 
2024-01-08 00:01:32,725 T0644: ERROR cmd_issued: True
2024-01-08 00:01:32,725 T0644: ERROR CMP-PROMPT: (sonic|{})#
2024-01-08 00:01:32,725 T0644: ERROR CMP-OUTPUT: Error response from daemon: Container 0044999e30f059fdf242d4655a85b3d676424b15875d70df0eee8e0088311002 is not running
2024-01-08 00:01:32,725 T0644: ERROR CMP-OUTPUT:  admin@sonic:~$ 
2024-01-08 00:01:32,725 T0644: ERROR CMP-OUTPUT: 
2024-01-08 00:01:32,725 T0644: ERROR Truncated...
2024-01-08 00:01:35,450 T0644: WARN  #### gw3  
2024-01-08 00:01:35,450 T0644: WARN  support function  ConfigFail 'Command 'sudo vtysh' failed to give required prompt, recovered using CR'
