2024-01-04 00:53:29,987 T0021: WARN  #### gw2  
2024-01-04 00:53:29,988 T0021: WARN  support post-session-prolog session pass ''
2024-01-04 00:53:29,990 T0022: WARN  #### gw2  
2024-01-04 00:53:29,990 T0022: WARN  support post-session-prolog session pass ''
2024-01-04 00:53:58,592 T0067: INFO  #### gw2  
2024-01-04 00:53:58,592 T0067: INFO  support pre-module-prolog routing/VRF/test_vrf_scale.py  ''
2024-01-04 00:53:58,596 T0068: INFO  #### gw2  
2024-01-04 00:53:58,596 T0068: INFO  support pre-module-prolog routing/VRF/test_vrf_scale.py  ''
2024-01-04 01:22:45,972 T0097: INFO  #### gw2  routing/VRF/test_vrf_scale.py
2024-01-04 01:22:45,973 T0097: INFO  support post-module-prolog routing/VRF/test_vrf_scale.py Pass ''
2024-01-04 01:22:45,975 T0098: INFO  #### gw2  routing/VRF/test_vrf_scale.py
2024-01-04 01:22:45,975 T0098: INFO  support post-module-prolog routing/VRF/test_vrf_scale.py Pass ''
2024-01-04 01:23:02,001 T0114: INFO  #### gw2  routing/VRF/test_vrf_scale.py
2024-01-04 01:23:02,001 T0114: INFO  support pre-function-prolog test_vrf_scale  ''
2024-01-04 01:23:02,005 T0115: INFO  #### gw2  routing/VRF/test_vrf_scale.py
2024-01-04 01:23:02,006 T0115: INFO  support pre-function-prolog test_vrf_scale  ''
2024-01-04 01:23:02,016 T0116: INFO  #### gw2  routing/VRF/test_vrf_scale.py::test_vrf_scale
2024-01-04 01:23:02,016 T0116: INFO  support post-function-prolog test_vrf_scale Pass ''
2024-01-04 01:23:02,018 T0117: INFO  #### gw2  routing/VRF/test_vrf_scale.py::test_vrf_scale
2024-01-04 01:23:02,018 T0117: INFO  support post-function-prolog test_vrf_scale Pass ''
2024-01-04 01:26:23,871 T0000: ERROR #### gw2 WARN routing/VRF/test_vrf_scale.py::test_vrf_scale
2024-01-04 01:26:23,871 T0000: ERROR Traceback (most recent call last):
2024-01-04 01:26:23,871 T0000: ERROR   File "/repo/spytest/net.py", line 1910, in _try
2024-01-04 01:26:23,871 T0000: ERROR     output = hndl.send_command_new(fcli, new_cmd, expect_string,
2024-01-04 01:26:23,871 T0000: ERROR   File "/repo/spytest/access/netmiko_connection.py", line 725, in send_command_new
2024-01-04 01:26:23,871 T0000: ERROR     raise IOError(self.dmsg_str(dbg_msg, msg1))
2024-01-04 01:26:23,871 T0000: ERROR OSError: Prompt Not Detected in DF 2.0: 'admin@sonic:\~\$'
2024-01-04 01:26:23,871 T0000: ERROR =======================FASTER-CLI-DBG===================
2024-01-04 01:26:23,871 T0000: ERROR command_string: show vrf<LF>
2024-01-04 01:26:23,871 T0000: ERROR search_pattern: admin@sonic:\~\$
2024-01-04 01:26:23,871 T0000: ERROR cmd_issued: False
2024-01-04 01:26:23,871 T0000: ERROR CMP-OUT: show vrf<LF><LF>
2024-01-04 01:26:23,871 T0000: ERROR CMP-CMD: show vrf<LF>
2024-01-04 01:26:23,871 T0000: ERROR ECHOED OUTPUT: <LF>
2024-01-04 01:26:23,871 T0000: ERROR CMP-PROMPT: admin@sonic:\~\$
2024-01-04 01:26:23,871 T0000: ERROR CMP-OUTPUT: 
2024-01-04 01:26:23,871 T0000: ERROR CMP-OUTPUT: 
2024-01-04 01:26:23,871 T0000: ERROR Read Data: show vrf
2024-01-04 01:26:23,871 T0000: ERROR =========================================================
2024-01-04 01:26:23,871 T0000: ERROR StackTraceCallStack:
2024-01-04 01:26:23,871 T0000: ERROR [0] spytest/net.py:2138 _send_command output = self._try(access, line, fcli, cmd, expect,
2024-01-04 01:26:23,871 T0000: ERROR [1] spytest/net.py:6125 _send_cmd_opts output = self._send_command(access, cmd, expected_prompt,
2024-01-04 01:26:23,871 T0000: ERROR Truncated...
2024-01-04 01:30:24,885 T0120: WARN  #### gw2  routing/VRF/test_vrf_scale.py::test_vrf_scale
2024-01-04 01:30:24,886 T0120: WARN  support pre-function-epilog test_vrf_scale Fail 'Command 'show vrf' failed to give prompt, recovered using CTRL+C'
2024-01-04 01:30:24,887 T0121: WARN  #### gw2  routing/VRF/test_vrf_scale.py::test_vrf_scale
2024-01-04 01:30:24,887 T0121: WARN  support pre-function-epilog test_vrf_scale Fail 'Command 'show vrf' failed to give prompt, recovered using CTRL+C'
2024-01-04 01:30:25,655 T0122: WARN  #### gw2  routing/VRF/test_vrf_scale.py::test_vrf_scale
2024-01-04 01:30:25,655 T0122: WARN  support post-function-epilog test_vrf_scale ignore 'Command 'show vrf' failed to give prompt, recovered using CTRL+C'
2024-01-04 01:30:25,656 T0123: WARN  #### gw2  routing/VRF/test_vrf_scale.py::test_vrf_scale
2024-01-04 01:30:25,657 T0123: WARN  support post-function-epilog test_vrf_scale ignore 'Command 'show vrf' failed to give prompt, recovered using CTRL+C'
2024-01-04 01:30:32,713 T0129: INFO  #### gw2  routing/VRF/test_vrf_scale.py
2024-01-04 01:30:32,713 T0129: INFO  support pre-function-prolog test_vrf_route_leak  ''
2024-01-04 01:30:32,717 T0130: INFO  #### gw2  routing/VRF/test_vrf_scale.py
2024-01-04 01:30:32,717 T0130: INFO  support pre-function-prolog test_vrf_route_leak  ''
2024-01-04 01:32:32,444 T0135: INFO  #### gw2  routing/VRF/test_vrf_scale.py::test_vrf_route_leak
2024-01-04 01:32:32,444 T0135: INFO  support pre-function-epilog test_vrf_route_leak Pass 'Test case passed'
2024-01-04 01:32:32,447 T0136: INFO  #### gw2  routing/VRF/test_vrf_scale.py::test_vrf_route_leak
2024-01-04 01:32:32,447 T0136: INFO  support pre-function-epilog test_vrf_route_leak Pass 'Test case passed'
2024-01-04 01:32:32,456 T0137: INFO  #### gw2  routing/VRF/test_vrf_scale.py::test_vrf_route_leak
2024-01-04 01:32:32,457 T0137: INFO  support post-function-epilog test_vrf_route_leak Pass 'Test case passed'
2024-01-04 01:32:32,459 T0138: INFO  #### gw2  routing/VRF/test_vrf_scale.py::test_vrf_route_leak
2024-01-04 01:32:32,459 T0138: INFO  support post-function-epilog test_vrf_route_leak Pass 'Test case passed'
2024-01-04 01:32:40,714 T0144: INFO  #### gw2  routing/VRF/test_vrf_scale.py
2024-01-04 01:32:40,715 T0144: INFO  support pre-function-prolog test_vrf_bgp  ''
2024-01-04 01:32:40,718 T0145: INFO  #### gw2  routing/VRF/test_vrf_scale.py
2024-01-04 01:32:40,718 T0145: INFO  support pre-function-prolog test_vrf_bgp  ''
2024-01-04 01:42:17,034 T0538: INFO  #### gw2  routing/VRF/test_vrf_scale.py::test_vrf_bgp
2024-01-04 01:42:17,034 T0538: INFO  support pre-function-epilog test_vrf_bgp Pass 'Test case passed'
2024-01-04 01:42:17,036 T0539: INFO  #### gw2  routing/VRF/test_vrf_scale.py::test_vrf_bgp
2024-01-04 01:42:17,036 T0539: INFO  support pre-function-epilog test_vrf_bgp Pass 'Test case passed'
2024-01-04 01:42:17,045 T0540: INFO  #### gw2  routing/VRF/test_vrf_scale.py::test_vrf_bgp
2024-01-04 01:42:17,045 T0540: INFO  support post-function-epilog test_vrf_bgp Pass 'Test case passed'
2024-01-04 01:42:17,046 T0541: INFO  #### gw2  routing/VRF/test_vrf_scale.py::test_vrf_bgp
2024-01-04 01:42:17,047 T0541: INFO  support post-function-epilog test_vrf_bgp Pass 'Test case passed'
2024-01-04 01:42:25,465 T0547: INFO  #### gw2  routing/VRF/test_vrf_scale.py
2024-01-04 01:42:25,466 T0547: INFO  support pre-function-prolog test_vrf_reload  ''
2024-01-04 01:42:25,468 T0548: INFO  #### gw2  routing/VRF/test_vrf_scale.py
2024-01-04 01:42:25,468 T0548: INFO  support pre-function-prolog test_vrf_reload  ''
2024-01-04 01:42:33,597 T0000: WARN  #### gw2 IGNORED ERROR routing/VRF/test_vrf_scale.py::test_vrf_reload
2024-01-04 01:42:33,597 T0000: WARN  Skipped error checking but detected pattern: containing_python_traceback command: sudo -s fast-reboot
2024-01-04 01:51:50,861 T0000: ERROR #### gw2 WARN routing/VRF/test_vrf_scale.py::test_vrf_reload
2024-01-04 01:51:50,861 T0000: ERROR Traceback (most recent call last):
2024-01-04 01:51:50,861 T0000: ERROR   File "/repo/spytest/net.py", line 1910, in _try
2024-01-04 01:51:50,861 T0000: ERROR     output = hndl.send_command_new(fcli, new_cmd, expect_string,
2024-01-04 01:51:50,861 T0000: ERROR   File "/repo/spytest/access/netmiko_connection.py", line 725, in send_command_new
2024-01-04 01:51:50,861 T0000: ERROR     raise IOError(self.dmsg_str(dbg_msg, msg1))
2024-01-04 01:51:50,861 T0000: ERROR OSError: Prompt Not Detected in DF 2.0: 'admin@sonic:\~\$'
2024-01-04 01:51:50,861 T0000: ERROR =======================FASTER-CLI-DBG===================
2024-01-04 01:51:50,861 T0000: ERROR command_string: show vrf<LF>
2024-01-04 01:51:50,861 T0000: ERROR search_pattern: admin@sonic:\~\$
2024-01-04 01:51:50,861 T0000: ERROR cmd_issued: False
2024-01-04 01:51:50,861 T0000: ERROR CMP-OUT: show vrf<LF><LF>
2024-01-04 01:51:50,861 T0000: ERROR CMP-CMD: show vrf<LF>
2024-01-04 01:51:50,861 T0000: ERROR ECHOED OUTPUT: <LF>
2024-01-04 01:51:50,861 T0000: ERROR CMP-PROMPT: admin@sonic:\~\$
2024-01-04 01:51:50,861 T0000: ERROR CMP-OUTPUT: 
2024-01-04 01:51:50,861 T0000: ERROR CMP-OUTPUT: 
2024-01-04 01:51:50,861 T0000: ERROR Read Data: show vrf
2024-01-04 01:51:50,861 T0000: ERROR =========================================================
2024-01-04 01:51:50,861 T0000: ERROR StackTraceCallStack:
2024-01-04 01:51:50,861 T0000: ERROR [0] spytest/net.py:2138 _send_command output = self._try(access, line, fcli, cmd, expect,
2024-01-04 01:51:50,861 T0000: ERROR [1] spytest/net.py:6125 _send_cmd_opts output = self._send_command(access, cmd, expected_prompt,
2024-01-04 01:51:50,861 T0000: ERROR Truncated...
2024-01-04 01:55:52,185 T0553: WARN  #### gw2  routing/VRF/test_vrf_scale.py::test_vrf_reload
2024-01-04 01:55:52,186 T0553: WARN  support pre-function-epilog test_vrf_reload Fail 'Command 'show vrf' failed to give prompt, recovered using CTRL+C'
2024-01-04 01:55:52,188 T0554: WARN  #### gw2  routing/VRF/test_vrf_scale.py::test_vrf_reload
2024-01-04 01:55:52,188 T0554: WARN  support pre-function-epilog test_vrf_reload Fail 'Command 'show vrf' failed to give prompt, recovered using CTRL+C'
2024-01-04 01:55:52,935 T0555: WARN  #### gw2  routing/VRF/test_vrf_scale.py::test_vrf_reload
2024-01-04 01:55:52,935 T0555: WARN  support post-function-epilog test_vrf_reload ignore 'Command 'show vrf' failed to give prompt, recovered using CTRL+C'
2024-01-04 01:55:52,937 T0556: WARN  #### gw2  routing/VRF/test_vrf_scale.py::test_vrf_reload
2024-01-04 01:55:52,937 T0556: WARN  support post-function-epilog test_vrf_reload ignore 'Command 'show vrf' failed to give prompt, recovered using CTRL+C'
2024-01-04 01:55:52,979 T0557: WARN  #### gw2  routing/VRF/test_vrf_scale.py::test_vrf_reload
2024-01-04 01:55:52,979 T0557: WARN  support pre-module-epilog routing/VRF/test_vrf_scale.py fail ''
2024-01-04 01:55:52,981 T0558: WARN  #### gw2  routing/VRF/test_vrf_scale.py::test_vrf_reload
2024-01-04 01:55:52,981 T0558: WARN  support pre-module-epilog routing/VRF/test_vrf_scale.py fail ''
2024-01-04 01:55:57,993 T0567: WARN  #### gw2  routing/VRF/test_vrf_scale.py::test_vrf_scale
2024-01-04 01:55:57,993 T0567: WARN  support post-module-epilog routing/VRF/test_vrf_scale.py fail ''
2024-01-04 01:55:57,995 T0568: WARN  #### gw2  routing/VRF/test_vrf_scale.py::test_vrf_scale
2024-01-04 01:55:57,996 T0568: WARN  support post-module-epilog routing/VRF/test_vrf_scale.py fail ''
2024-01-04 02:00:14,179 T0626: WARN  #### gw2  
2024-01-04 02:00:14,180 T0626: WARN  support port-status-module mlog_batch_test_spytest_infra_1 fail ''
2024-01-04 02:00:14,182 T0627: WARN  #### gw2  
2024-01-04 02:00:14,183 T0627: WARN  support port-status-module mlog_batch_test_spytest_infra_1 fail ''
2024-01-04 02:00:14,194 T0628: WARN  #### gw2  
2024-01-04 02:00:14,194 T0628: WARN  support post-module-prolog  Fail ''
2024-01-04 02:00:14,196 T0629: WARN  #### gw2  
2024-01-04 02:00:14,196 T0629: WARN  support post-module-prolog  Fail ''
2024-01-04 02:00:19,362 T0629: WARN  #### gw2 IGNORED ERROR 
2024-01-04 02:00:19,362 T0629: WARN  Skipped error checking but detected pattern: containing_no_response_from_container command: sudo vtysh -c 'show running-config' > /tmp/vtysh-runcfg-V2-post-module-prolog-.txt
