2023-12-30 03:37:20,177 T0025: WARN  #### gw3  
2023-12-30 03:37:20,177 T0025: WARN  support post-session-prolog session pass ''
2023-12-30 03:37:20,179 T0026: WARN  #### gw3  
2023-12-30 03:37:20,180 T0026: WARN  support post-session-prolog session pass ''
2023-12-30 03:37:48,515 T0071: INFO  #### gw3  
2023-12-30 03:37:48,515 T0071: INFO  support pre-module-prolog switching/test_portchannel.py  ''
2023-12-30 03:37:48,518 T0072: INFO  #### gw3  
2023-12-30 03:37:48,518 T0072: INFO  support pre-module-prolog switching/test_portchannel.py  ''
2023-12-30 03:38:12,040 T0088: INFO  #### gw3  switching/test_portchannel.py
2023-12-30 03:38:12,040 T0088: INFO  support post-module-prolog switching/test_portchannel.py Pass ''
2023-12-30 03:38:12,043 T0089: INFO  #### gw3  switching/test_portchannel.py
2023-12-30 03:38:12,043 T0089: INFO  support post-module-prolog switching/test_portchannel.py Pass ''
2023-12-30 03:38:23,702 T0105: INFO  #### gw3  switching/test_portchannel.py
2023-12-30 03:38:23,703 T0105: INFO  support pre-function-prolog test_ft_portchannel_with_vlan_variations  ''
2023-12-30 03:38:23,707 T0106: INFO  #### gw3  switching/test_portchannel.py
2023-12-30 03:38:23,707 T0106: INFO  support pre-function-prolog test_ft_portchannel_with_vlan_variations  ''
2023-12-30 03:38:27,691 T0109: INFO  #### gw3  switching/test_portchannel.py::test_ft_portchannel_with_vlan_variations
2023-12-30 03:38:27,691 T0109: INFO  support post-function-prolog test_ft_portchannel_with_vlan_variations Pass ''
2023-12-30 03:38:27,695 T0110: INFO  #### gw3  switching/test_portchannel.py::test_ft_portchannel_with_vlan_variations
2023-12-30 03:38:27,695 T0110: INFO  support post-function-prolog test_ft_portchannel_with_vlan_variations Pass ''
2023-12-30 03:38:52,269 T0125: INFO  #### gw3  switching/test_portchannel.py::test_ft_portchannel_with_vlan_variations
2023-12-30 03:38:52,270 T0125: INFO  support pre-function-epilog test_ft_portchannel_with_vlan_variations Pass 'Test case passed'
2023-12-30 03:38:52,273 T0126: INFO  #### gw3  switching/test_portchannel.py::test_ft_portchannel_with_vlan_variations
2023-12-30 03:38:52,273 T0126: INFO  support pre-function-epilog test_ft_portchannel_with_vlan_variations Pass 'Test case passed'
2023-12-30 03:38:54,332 T0129: INFO  #### gw3  switching/test_portchannel.py::test_ft_portchannel_with_vlan_variations
2023-12-30 03:38:54,333 T0129: INFO  support post-function-epilog test_ft_portchannel_with_vlan_variations Pass 'Test case passed'
2023-12-30 03:38:54,337 T0130: INFO  #### gw3  switching/test_portchannel.py::test_ft_portchannel_with_vlan_variations
2023-12-30 03:38:54,337 T0130: INFO  support post-function-epilog test_ft_portchannel_with_vlan_variations Pass 'Test case passed'
2023-12-30 03:38:59,175 T0136: INFO  #### gw3  switching/test_portchannel.py
2023-12-30 03:38:59,175 T0136: INFO  support pre-function-prolog test_ft_verify_min_links_functionality_by_flapping_all_member_ports_007  ''
2023-12-30 03:38:59,179 T0137: INFO  #### gw3  switching/test_portchannel.py
2023-12-30 03:38:59,180 T0137: INFO  support pre-function-prolog test_ft_verify_min_links_functionality_by_flapping_all_member_ports_007  ''
2023-12-30 03:39:02,309 T0140: INFO  #### gw3  switching/test_portchannel.py::test_ft_verify_min_links_functionality_by_flapping_all_member_ports_007
2023-12-30 03:39:02,310 T0140: INFO  support post-function-prolog test_ft_verify_min_links_functionality_by_flapping_all_member_ports_007 Pass ''
2023-12-30 03:39:02,314 T0141: INFO  #### gw3  switching/test_portchannel.py::test_ft_verify_min_links_functionality_by_flapping_all_member_ports_007
2023-12-30 03:39:02,314 T0141: INFO  support post-function-prolog test_ft_verify_min_links_functionality_by_flapping_all_member_ports_007 Pass ''
2023-12-30 03:39:03,303 T0142: WARN  #### gw3 IGNORED ERROR switching/test_portchannel.py::test_ft_verify_min_links_functionality_by_flapping_all_member_ports_007
2023-12-30 03:39:03,303 T0142: WARN  Skipped error checking but detected pattern: containing_error command: sudo -s config portchannel add PortChannel7  --min-links 4
2023-12-30 03:39:03,305 T0143: WARN  #### gw3 IGNORED ERROR switching/test_portchannel.py::test_ft_verify_min_links_functionality_by_flapping_all_member_ports_007
2023-12-30 03:39:03,306 T0143: WARN  Skipped error checking but detected pattern: containing_error command: sudo -s config portchannel add PortChannel7  --min-links 4
2023-12-30 03:39:13,710 T0148: INFO  #### gw3  switching/test_portchannel.py::test_ft_verify_min_links_functionality_by_flapping_all_member_ports_007
2023-12-30 03:39:13,712 T0148: INFO  support pre-function-epilog test_ft_verify_min_links_functionality_by_flapping_all_member_ports_007 Pass 'Test case passed'
2023-12-30 03:39:13,715 T0149: INFO  #### gw3  switching/test_portchannel.py::test_ft_verify_min_links_functionality_by_flapping_all_member_ports_007
2023-12-30 03:39:13,715 T0149: INFO  support pre-function-epilog test_ft_verify_min_links_functionality_by_flapping_all_member_ports_007 Pass 'Test case passed'
2023-12-30 03:39:14,706 T0151: WARN  #### gw3 IGNORED ERROR switching/test_portchannel.py::test_ft_verify_min_links_functionality_by_flapping_all_member_ports_007
2023-12-30 03:39:14,706 T0151: WARN  Skipped error checking but detected pattern: containing_error command: sudo -s config portchannel add PortChannel7  --min-links True
2023-12-30 03:39:14,754 T0150: WARN  #### gw3 IGNORED ERROR switching/test_portchannel.py::test_ft_verify_min_links_functionality_by_flapping_all_member_ports_007
2023-12-30 03:39:14,754 T0150: WARN  Skipped error checking but detected pattern: containing_error command: sudo -s config portchannel add PortChannel7  --min-links True
2023-12-30 03:39:14,758 T0152: INFO  #### gw3  switching/test_portchannel.py::test_ft_verify_min_links_functionality_by_flapping_all_member_ports_007
2023-12-30 03:39:14,758 T0152: INFO  support post-function-epilog test_ft_verify_min_links_functionality_by_flapping_all_member_ports_007 Pass 'Test case passed'
2023-12-30 03:39:14,762 T0153: INFO  #### gw3  switching/test_portchannel.py::test_ft_verify_min_links_functionality_by_flapping_all_member_ports_007
2023-12-30 03:39:14,763 T0153: INFO  support post-function-epilog test_ft_verify_min_links_functionality_by_flapping_all_member_ports_007 Pass 'Test case passed'
2023-12-30 03:39:14,797 T0154: WARN  #### gw3  switching/test_portchannel.py::test_ft_verify_min_links_functionality_by_flapping_all_member_ports_007
2023-12-30 03:39:14,798 T0154: WARN  support pre-module-epilog switching/test_portchannel.py pass ''
2023-12-30 03:39:14,799 T0155: WARN  #### gw3  switching/test_portchannel.py::test_ft_verify_min_links_functionality_by_flapping_all_member_ports_007
2023-12-30 03:39:14,800 T0155: WARN  support pre-module-epilog switching/test_portchannel.py pass ''
2023-12-30 03:39:26,758 T0167: ERROR #### gw3 ERROR switching/test_portchannel.py::test_ft_verify_min_links_functionality_by_flapping_all_member_ports_007
2023-12-30 03:39:26,758 T0167: ERROR detected pattern: containing_error executing 'sudo -s config portchannel del PortChannel7'
2023-12-30 03:39:27,060 T0166: ERROR #### gw3 ERROR switching/test_portchannel.py::test_ft_verify_min_links_functionality_by_flapping_all_member_ports_007
2023-12-30 03:39:27,060 T0166: ERROR detected pattern: containing_error executing 'sudo -s config portchannel del PortChannel7'
2023-12-30 03:39:27,065 T0168: WARN  #### gw3  switching/test_portchannel.py::test_ft_verify_min_links_functionality_by_flapping_all_member_ports_007
2023-12-30 03:39:27,065 T0168: WARN  support post-module-epilog switching/test_portchannel.py pass ''
2023-12-30 03:39:27,069 T0169: WARN  #### gw3  switching/test_portchannel.py::test_ft_verify_min_links_functionality_by_flapping_all_member_ports_007
2023-12-30 03:39:27,070 T0169: WARN  support post-module-epilog switching/test_portchannel.py pass ''
2023-12-30 03:41:25,677 T0220: INFO  #### gw3  
2023-12-30 03:41:25,678 T0220: INFO  support pre-module-prolog system/test_lldp.py  ''
2023-12-30 03:41:25,687 T0221: INFO  #### gw3  
2023-12-30 03:41:25,687 T0221: INFO  support pre-module-prolog system/test_lldp.py  ''
2023-12-30 03:42:54,768 T0230: WARN  #### gw3  system/test_lldp.py
2023-12-30 03:42:54,768 T0230: WARN  support post-module-epilog system/test_lldp.py fail ''
2023-12-30 03:42:54,770 T0231: WARN  #### gw3  system/test_lldp.py
2023-12-30 03:42:54,770 T0231: WARN  support post-module-epilog system/test_lldp.py fail ''
2023-12-30 03:44:55,773 T0282: INFO  #### gw3  
2023-12-30 03:44:55,773 T0282: INFO  support pre-module-prolog system/test_ssh.py  ''
2023-12-30 03:44:55,776 T0283: INFO  #### gw3  
2023-12-30 03:44:55,776 T0283: INFO  support pre-module-prolog system/test_ssh.py  ''
2023-12-30 03:45:13,365 T0302: INFO  #### gw3  system/test_ssh.py
2023-12-30 03:45:13,365 T0302: INFO  support post-module-prolog system/test_ssh.py Pass ''
2023-12-30 03:45:13,370 T0303: INFO  #### gw3  system/test_ssh.py
2023-12-30 03:45:13,370 T0303: INFO  support post-module-prolog system/test_ssh.py Pass ''
2023-12-30 03:45:24,890 T0319: INFO  #### gw3  system/test_ssh.py
2023-12-30 03:45:24,890 T0319: INFO  support pre-function-prolog test_ft_ssh_service_disable  ''
2023-12-30 03:45:24,892 T0320: INFO  #### gw3  system/test_ssh.py
2023-12-30 03:45:24,892 T0320: INFO  support pre-function-prolog test_ft_ssh_service_disable  ''
2023-12-30 03:45:24,907 T0321: INFO  #### gw3  system/test_ssh.py::test_ft_ssh_service_disable
2023-12-30 03:45:24,907 T0321: INFO  support post-function-prolog test_ft_ssh_service_disable Pass ''
2023-12-30 03:45:24,909 T0322: INFO  #### gw3  system/test_ssh.py::test_ft_ssh_service_disable
2023-12-30 03:45:24,909 T0322: INFO  support post-function-prolog test_ft_ssh_service_disable Pass ''
2023-12-30 03:45:27,671 T0323: INFO  #### gw3  system/test_ssh.py::test_ft_ssh_service_disable
2023-12-30 03:45:27,672 T0323: INFO  support pre-function-epilog test_ft_ssh_service_disable Pass 'Test case passed'
2023-12-30 03:45:27,673 T0324: INFO  #### gw3  system/test_ssh.py::test_ft_ssh_service_disable
2023-12-30 03:45:27,673 T0324: INFO  support pre-function-epilog test_ft_ssh_service_disable Pass 'Test case passed'
2023-12-30 03:45:27,683 T0325: INFO  #### gw3  system/test_ssh.py::test_ft_ssh_service_disable
2023-12-30 03:45:27,683 T0325: INFO  support post-function-epilog test_ft_ssh_service_disable Pass 'Test case passed'
2023-12-30 03:45:27,685 T0326: INFO  #### gw3  system/test_ssh.py::test_ft_ssh_service_disable
2023-12-30 03:45:27,685 T0326: INFO  support post-function-epilog test_ft_ssh_service_disable Pass 'Test case passed'
2023-12-30 03:45:32,422 T0332: INFO  #### gw3  system/test_ssh.py
2023-12-30 03:45:32,423 T0332: INFO  support pre-function-prolog test_ft_ssh_add_user_verify  ''
2023-12-30 03:45:32,427 T0333: INFO  #### gw3  system/test_ssh.py
2023-12-30 03:45:32,428 T0333: INFO  support pre-function-prolog test_ft_ssh_add_user_verify  ''
2023-12-30 03:45:32,441 T0334: INFO  #### gw3  system/test_ssh.py::test_ft_ssh_add_user_verify
2023-12-30 03:45:32,442 T0334: INFO  support post-function-prolog test_ft_ssh_add_user_verify Pass ''
2023-12-30 03:45:32,443 T0335: INFO  #### gw3  system/test_ssh.py::test_ft_ssh_add_user_verify
2023-12-30 03:45:32,444 T0335: INFO  support post-function-prolog test_ft_ssh_add_user_verify Pass ''
2023-12-30 03:48:05,278 T0000: WARN  #### gw3 IGNORED ERROR system/test_ssh.py::test_ft_ssh_add_user_verify
2023-12-30 03:48:05,278 T0000: WARN  Skipped error checking but detected pattern: containing_failed command: sudo apt-get update;sudo apt-get -f install -y sshpass
2023-12-30 03:48:06,001 T0000: ERROR #### gw3 ERROR system/test_ssh.py::test_ft_ssh_add_user_verify
2023-12-30 03:48:06,001 T0000: ERROR detected pattern: bash_command_not_found executing 'sshpass -p 'YourPaSsWoRd' ssh -o UserKnownHostsFile=/dev/null -o StrictHostKeyChecking=no -o ConnectTimeout=30 admin@2.2.3.1 sudo show vlan config'
2023-12-30 03:48:06,733 T0000: ERROR #### gw3 Exception system/test_ssh.py::test_ft_ssh_add_user_verify
2023-12-30 03:48:06,733 T0000: ERROR Exception SPyTestCmdException Command Exception: sshpass -p 'YourPaSsWoRd' ssh -o UserKnownHostsFile=/dev/null -o StrictHostKeyChecking=no -o ConnectTimeout=30 admin@2.2.3.1 sudo show vlan config in file /spytest/net.py at line 1636
2023-12-30 03:48:06,733 T0000: ERROR [0] /spytest/net.py:1636 _report_cmd_fail raise SPyTestCmdException(cmd)
2023-12-30 03:48:06,733 T0000: ERROR [1] /spytest/net.py:1708 _check_error self._report_cmd_fail(devname, cmd2, line, skip_error_report)
2023-12-30 03:48:06,733 T0000: ERROR [2] /spytest/net.py:2152 _send_command output = self._check_error(access, cmd, output, skip_error_check, line,
2023-12-30 03:48:06,733 T0000: ERROR [3] /spytest/net.py:6125 _send_cmd_opts output = self._send_command(access, cmd, expected_prompt,
2023-12-30 03:48:06,733 T0000: ERROR [4] /spytest/net.py:5959 _show output = self._send_cmd_opts(devname, cmd, expected_prompt, opts)
2023-12-30 03:48:06,733 T0000: ERROR [5] /spytest/net.py:5868 show retval = self._show(line, devname, cmd, **kwargs)
2023-12-30 03:48:06,733 T0000: ERROR [6] /spytest/framework.py:3909 show retval = self.net.show(dut, cmd, **kwargs)
2023-12-30 03:48:06,733 T0000: ERROR [7] /spytest/infra.py:497 show return getwa().show(dut, cmd, **kwargs)
2023-12-30 03:48:06,733 T0000: ERROR [8] /apis/system/basic.py:2564 exec_ssh_remote_dut return st.show(dut, exec_command, skip_tmpl=True, **kwargs)
2023-12-30 03:48:06,733 T0000: ERROR [9] /apis/common/sonic_hooks.py:347 exec_ssh_remote_dut return basic.exec_ssh_remote_dut(dut, ipaddress, username, password, command, timeout, **kwargs)
2023-12-30 03:48:06,733 T0000: ERROR [10] /apis/common/hooks.py:161 exec_ssh_remote_dut return self._impl(dut).exec_ssh_remote_dut(dut, ipaddress, username, password, command, timeout, **kwargs)
2023-12-30 03:48:06,733 T0000: ERROR [11] /spytest/net.py:6219 exec_ssh_remote_dut return self.wa.hooks.exec_ssh_remote_dut(devname, ipaddress, username, password, command, timeout, **kwargs)
2023-12-30 03:48:06,733 T0000: ERROR [12] /spytest/framework.py:3924 exec_ssh_remote_dut return self.net.exec_ssh_remote_dut(dut, ipaddress, username, password, command, timeout, **kwargs)
2023-12-30 03:48:06,733 T0000: ERROR [13] /spytest/infra.py:488 exec_ssh_remote_dut return getwa().exec_ssh_remote_dut(dut, ipaddress, username, password, command, timeout, **kwargs)
2023-12-30 03:48:06,733 T0000: ERROR [14] /tests/system/test_ssh.py:171 verify_ssh_connection output = st.exec_ssh_remote_dut(dut, ip, username, password, cmds)
2023-12-30 03:48:06,733 T0000: ERROR [15] /tests/system/test_ssh.py:238 test_ft_ssh_add_user_verify output = verify_ssh_connection(vars.D2, ssh_data.ipv4_address_D1D2P2, ssh_data.usr_default, ssh_data.pwd_final)
2023-12-30 03:48:06,736 T0342: WARN  #### gw3  system/test_ssh.py::test_ft_ssh_add_user_verify
2023-12-30 03:48:06,736 T0342: WARN  support post-function-epilog test_ft_ssh_add_user_verify ScriptError 'Exception SPyTestCmdException Command Exception: sshpass -p 'YourPaSsWoRd' ssh -o UserKnownHostsFile=/dev/null -o StrictHostKeyChecking=no -o ConnectTimeout=30 admin@2.2.3.1 sudo show vlan config in file /spytest/net.py at line 1636'
2023-12-30 03:48:06,737 T0343: WARN  #### gw3  system/test_ssh.py::test_ft_ssh_add_user_verify
2023-12-30 03:48:06,738 T0343: WARN  support post-function-epilog test_ft_ssh_add_user_verify ScriptError 'Exception SPyTestCmdException Command Exception: sshpass -p 'YourPaSsWoRd' ssh -o UserKnownHostsFile=/dev/null -o StrictHostKeyChecking=no -o ConnectTimeout=30 admin@2.2.3.1 sudo show vlan config in file /spytest/net.py at line 1636'
2023-12-30 03:48:12,297 T0349: INFO  #### gw3  system/test_ssh.py
2023-12-30 03:48:12,297 T0349: INFO  support pre-function-prolog test_ft_verify_logs_at_the_time_of_ssh_login_success  ''
2023-12-30 03:48:12,301 T0350: INFO  #### gw3  system/test_ssh.py
2023-12-30 03:48:12,301 T0350: INFO  support pre-function-prolog test_ft_verify_logs_at_the_time_of_ssh_login_success  ''
2023-12-30 03:48:12,313 T0351: INFO  #### gw3  system/test_ssh.py::test_ft_verify_logs_at_the_time_of_ssh_login_success
2023-12-30 03:48:12,313 T0351: INFO  support post-function-prolog test_ft_verify_logs_at_the_time_of_ssh_login_success Pass ''
2023-12-30 03:48:12,315 T0352: INFO  #### gw3  system/test_ssh.py::test_ft_verify_logs_at_the_time_of_ssh_login_success
2023-12-30 03:48:12,315 T0352: INFO  support post-function-prolog test_ft_verify_logs_at_the_time_of_ssh_login_success Pass ''
2023-12-30 03:48:27,925 T0355: INFO  #### gw3  system/test_ssh.py::test_ft_verify_logs_at_the_time_of_ssh_login_success
2023-12-30 03:48:27,925 T0355: INFO  support pre-function-epilog test_ft_verify_logs_at_the_time_of_ssh_login_success Pass 'Test case passed'
2023-12-30 03:48:27,927 T0356: INFO  #### gw3  system/test_ssh.py::test_ft_verify_logs_at_the_time_of_ssh_login_success
2023-12-30 03:48:27,927 T0356: INFO  support pre-function-epilog test_ft_verify_logs_at_the_time_of_ssh_login_success Pass 'Test case passed'
2023-12-30 03:48:27,936 T0357: INFO  #### gw3  system/test_ssh.py::test_ft_verify_logs_at_the_time_of_ssh_login_success
2023-12-30 03:48:27,936 T0357: INFO  support post-function-epilog test_ft_verify_logs_at_the_time_of_ssh_login_success Pass 'Test case passed'
2023-12-30 03:48:27,938 T0358: INFO  #### gw3  system/test_ssh.py::test_ft_verify_logs_at_the_time_of_ssh_login_success
2023-12-30 03:48:27,938 T0358: INFO  support post-function-epilog test_ft_verify_logs_at_the_time_of_ssh_login_success Pass 'Test case passed'
2023-12-30 03:48:27,974 T0359: WARN  #### gw3  system/test_ssh.py::test_ft_verify_logs_at_the_time_of_ssh_login_success
2023-12-30 03:48:27,975 T0359: WARN  support pre-module-epilog system/test_ssh.py fail ''
2023-12-30 03:48:27,979 T0360: WARN  #### gw3  system/test_ssh.py::test_ft_verify_logs_at_the_time_of_ssh_login_success
2023-12-30 03:48:27,979 T0360: WARN  support pre-module-epilog system/test_ssh.py fail ''
2023-12-30 03:48:58,933 T0377: WARN  #### gw3  system/test_ssh.py::test_ft_verify_logs_at_the_time_of_ssh_login_success
2023-12-30 03:48:58,934 T0377: WARN  support post-module-epilog system/test_ssh.py fail ''
2023-12-30 03:48:58,936 T0378: WARN  #### gw3  system/test_ssh.py::test_ft_verify_logs_at_the_time_of_ssh_login_success
2023-12-30 03:48:58,936 T0378: WARN  support post-module-epilog system/test_ssh.py fail ''
2023-12-30 03:52:54,713 T0438: INFO  #### gw3  
2023-12-30 03:52:54,714 T0438: INFO  support pre-module-prolog system/test_interface.py  ''
2023-12-30 03:52:54,716 T0439: INFO  #### gw3  
2023-12-30 03:52:54,717 T0439: INFO  support pre-module-prolog system/test_interface.py  ''
2023-12-30 03:53:17,017 T0448: INFO  #### gw3  system/test_interface.py
2023-12-30 03:53:17,017 T0448: INFO  support post-module-prolog system/test_interface.py Pass ''
2023-12-30 03:53:17,019 T0449: INFO  #### gw3  system/test_interface.py
2023-12-30 03:53:17,020 T0449: INFO  support post-module-prolog system/test_interface.py Pass ''
2023-12-30 03:53:28,573 T0465: INFO  #### gw3  system/test_interface.py
2023-12-30 03:53:28,574 T0465: INFO  support pre-function-prolog test_ft_port_fn_verify_shut_noshut  ''
2023-12-30 03:53:28,577 T0466: INFO  #### gw3  system/test_interface.py
2023-12-30 03:53:28,578 T0466: INFO  support pre-function-prolog test_ft_port_fn_verify_shut_noshut  ''
2023-12-30 03:53:28,589 T0467: INFO  #### gw3  system/test_interface.py::test_ft_port_fn_verify_shut_noshut
2023-12-30 03:53:28,589 T0467: INFO  support post-function-prolog test_ft_port_fn_verify_shut_noshut Pass ''
2023-12-30 03:53:28,591 T0468: INFO  #### gw3  system/test_interface.py::test_ft_port_fn_verify_shut_noshut
2023-12-30 03:53:28,591 T0468: INFO  support post-function-prolog test_ft_port_fn_verify_shut_noshut Pass ''
2023-12-30 03:55:17,819 T0469: WARN  #### gw3  system/test_interface.py::test_ft_port_fn_verify_shut_noshut
2023-12-30 03:55:17,819 T0469: WARN  support pre-function-epilog test_ft_port_fn_verify_shut_noshut Fail 'interface is down on DUT ['Ethernet16']'
2023-12-30 03:55:17,823 T0470: WARN  #### gw3  system/test_interface.py::test_ft_port_fn_verify_shut_noshut
2023-12-30 03:55:17,823 T0470: WARN  support pre-function-epilog test_ft_port_fn_verify_shut_noshut Fail 'interface is down on DUT ['Ethernet16']'
2023-12-30 03:55:18,187 T0471: WARN  #### gw3  system/test_interface.py::test_ft_port_fn_verify_shut_noshut
2023-12-30 03:55:18,187 T0471: WARN  support post-function-epilog test_ft_port_fn_verify_shut_noshut ignore 'interface is down on DUT ['Ethernet16']'
2023-12-30 03:55:18,189 T0472: WARN  #### gw3  system/test_interface.py::test_ft_port_fn_verify_shut_noshut
2023-12-30 03:55:18,189 T0472: WARN  support post-function-epilog test_ft_port_fn_verify_shut_noshut ignore 'interface is down on DUT ['Ethernet16']'
2023-12-30 03:55:18,231 T0473: WARN  #### gw3  system/test_interface.py::test_ft_port_fn_verify_shut_noshut
2023-12-30 03:55:18,232 T0473: WARN  support pre-module-epilog system/test_interface.py fail ''
2023-12-30 03:55:18,233 T0474: WARN  #### gw3  system/test_interface.py::test_ft_port_fn_verify_shut_noshut
2023-12-30 03:55:18,234 T0474: WARN  support pre-module-epilog system/test_interface.py fail ''
2023-12-30 03:55:27,193 T0485: WARN  #### gw3  system/test_interface.py::test_ft_port_fn_verify_shut_noshut
2023-12-30 03:55:27,193 T0485: WARN  support post-module-epilog system/test_interface.py fail ''
2023-12-30 03:55:27,197 T0486: WARN  #### gw3  system/test_interface.py::test_ft_port_fn_verify_shut_noshut
2023-12-30 03:55:27,197 T0486: WARN  support post-module-epilog system/test_interface.py fail ''
2023-12-30 03:58:06,705 T0526: WARN  #### gw3  batch/test_spytest_infra_1.py::test_spytest_infra_last
2023-12-30 03:58:06,705 T0526: WARN  support session-epilog session pass ''
2023-12-30 03:58:06,707 T0527: WARN  #### gw3  batch/test_spytest_infra_1.py::test_spytest_infra_last
2023-12-30 03:58:06,707 T0527: WARN  support session-epilog session pass ''
