2024-01-07 01:09:41,695 T0021: WARN  #### gw3  
2024-01-07 01:09:41,695 T0021: WARN  support post-session-prolog session pass ''
2024-01-07 01:09:41,697 T0022: WARN  #### gw3  
2024-01-07 01:09:41,698 T0022: WARN  support post-session-prolog session pass ''
2024-01-07 01:10:10,927 T0067: INFO  #### gw3  
2024-01-07 01:10:10,927 T0067: INFO  support pre-module-prolog routing/VRF/test_vrf.py  ''
2024-01-07 01:10:10,929 T0068: INFO  #### gw3  
2024-01-07 01:10:10,929 T0068: INFO  support pre-module-prolog routing/VRF/test_vrf.py  ''
2024-01-07 01:17:48,922 T0207: INFO  #### gw3  routing/VRF/test_vrf.py
2024-01-07 01:17:48,922 T0207: INFO  support post-module-prolog routing/VRF/test_vrf.py Pass ''
2024-01-07 01:17:48,925 T0208: INFO  #### gw3  routing/VRF/test_vrf.py
2024-01-07 01:17:48,925 T0208: INFO  support post-module-prolog routing/VRF/test_vrf.py Pass ''
2024-01-07 01:18:01,760 T0224: INFO  #### gw3  routing/VRF/test_vrf.py
2024-01-07 01:18:01,761 T0224: INFO  support pre-function-prolog test_VrfFun001_06  ''
2024-01-07 01:18:01,765 T0225: INFO  #### gw3  routing/VRF/test_vrf.py
2024-01-07 01:18:01,765 T0225: INFO  support pre-function-prolog test_VrfFun001_06  ''
2024-01-07 01:18:05,084 T0226: WARN  #### gw3  routing/VRF/test_vrf.py::test_VrfFun001_06
2024-01-07 01:18:05,084 T0226: WARN  support pre-function-epilog test_VrfFun001_06 DUTFail 'config command 'sudo sonic_installer list' failed'
2024-01-07 01:18:05,085 T0227: WARN  #### gw3  routing/VRF/test_vrf.py::test_VrfFun001_06
2024-01-07 01:18:05,086 T0227: WARN  support pre-function-epilog test_VrfFun001_06 DUTFail 'config command 'sudo sonic_installer list' failed'
2024-01-07 01:18:06,079 T0228: WARN  #### gw3  routing/VRF/test_vrf.py::test_VrfFun001_06
2024-01-07 01:18:06,079 T0228: WARN  support post-function-epilog test_VrfFun001_06 ignore 'config command 'sudo sonic_installer list' failed'
2024-01-07 01:18:06,080 T0229: WARN  #### gw3  routing/VRF/test_vrf.py::test_VrfFun001_06
2024-01-07 01:18:06,080 T0229: WARN  support post-function-epilog test_VrfFun001_06 ignore 'config command 'sudo sonic_installer list' failed'
2024-01-07 01:18:10,813 T0235: INFO  #### gw3  routing/VRF/test_vrf.py
2024-01-07 01:18:10,814 T0235: INFO  support pre-function-prolog test_VrfFun_26_27  ''
2024-01-07 01:18:10,849 T0236: INFO  #### gw3  routing/VRF/test_vrf.py
2024-01-07 01:18:10,849 T0236: INFO  support pre-function-prolog test_VrfFun_26_27  ''
2024-01-07 01:18:33,950 T0237: INFO  #### gw3  routing/VRF/test_vrf.py::test_VrfFun_26_27
2024-01-07 01:18:33,950 T0237: INFO  support pre-function-epilog test_VrfFun_26_27 Pass 'Test case passed'
2024-01-07 01:18:33,952 T0238: INFO  #### gw3  routing/VRF/test_vrf.py::test_VrfFun_26_27
2024-01-07 01:18:33,952 T0238: INFO  support pre-function-epilog test_VrfFun_26_27 Pass 'Test case passed'
2024-01-07 01:18:33,959 T0239: INFO  #### gw3  routing/VRF/test_vrf.py::test_VrfFun_26_27
2024-01-07 01:18:33,959 T0239: INFO  support post-function-epilog test_VrfFun_26_27 Pass 'Test case passed'
2024-01-07 01:18:33,961 T0240: INFO  #### gw3  routing/VRF/test_vrf.py::test_VrfFun_26_27
2024-01-07 01:18:33,961 T0240: INFO  support post-function-epilog test_VrfFun_26_27 Pass 'Test case passed'
2024-01-07 01:18:40,155 T0246: INFO  #### gw3  routing/VRF/test_vrf.py
2024-01-07 01:18:40,155 T0246: INFO  support pre-function-prolog test_VrfFun_10_12_14  ''
2024-01-07 01:18:40,158 T0247: INFO  #### gw3  routing/VRF/test_vrf.py
2024-01-07 01:18:40,158 T0247: INFO  support pre-function-prolog test_VrfFun_10_12_14  ''
2024-01-07 01:18:40,169 T0248: INFO  #### gw3  routing/VRF/test_vrf.py::test_VrfFun_10_12_14
2024-01-07 01:18:40,169 T0248: INFO  support post-function-prolog test_VrfFun_10_12_14 Pass ''
2024-01-07 01:18:40,171 T0249: INFO  #### gw3  routing/VRF/test_vrf.py::test_VrfFun_10_12_14
2024-01-07 01:18:40,171 T0249: INFO  support post-function-prolog test_VrfFun_10_12_14 Pass ''
2024-01-07 01:19:09,716 T0268: INFO  #### gw3  routing/VRF/test_vrf.py::test_VrfFun_10_12_14
2024-01-07 01:19:09,716 T0268: INFO  support pre-function-epilog test_VrfFun_10_12_14 Pass 'Test case passed'
2024-01-07 01:19:09,718 T0269: INFO  #### gw3  routing/VRF/test_vrf.py::test_VrfFun_10_12_14
2024-01-07 01:19:09,718 T0269: INFO  support pre-function-epilog test_VrfFun_10_12_14 Pass 'Test case passed'
2024-01-07 01:20:24,201 T0306: INFO  #### gw3  routing/VRF/test_vrf.py::test_VrfFun_10_12_14
2024-01-07 01:20:24,201 T0306: INFO  support post-function-epilog test_VrfFun_10_12_14 Pass 'Test case passed'
2024-01-07 01:20:24,203 T0307: INFO  #### gw3  routing/VRF/test_vrf.py::test_VrfFun_10_12_14
2024-01-07 01:20:24,203 T0307: INFO  support post-function-epilog test_VrfFun_10_12_14 Pass 'Test case passed'
2024-01-07 01:20:30,201 T0313: INFO  #### gw3  routing/VRF/test_vrf.py
2024-01-07 01:20:30,201 T0313: INFO  support pre-function-prolog test_VrfFun_20_24_25_32_33_44_45  ''
2024-01-07 01:20:30,205 T0314: INFO  #### gw3  routing/VRF/test_vrf.py
2024-01-07 01:20:30,205 T0314: INFO  support pre-function-prolog test_VrfFun_20_24_25_32_33_44_45  ''
2024-01-07 01:20:30,215 T0315: INFO  #### gw3  routing/VRF/test_vrf.py::test_VrfFun_20_24_25_32_33_44_45
2024-01-07 01:20:30,215 T0315: INFO  support post-function-prolog test_VrfFun_20_24_25_32_33_44_45 Pass ''
2024-01-07 01:20:30,217 T0316: INFO  #### gw3  routing/VRF/test_vrf.py::test_VrfFun_20_24_25_32_33_44_45
2024-01-07 01:20:30,217 T0316: INFO  support post-function-prolog test_VrfFun_20_24_25_32_33_44_45 Pass ''
2024-01-07 01:20:55,323 T0325: INFO  #### gw3  routing/VRF/test_vrf.py::test_VrfFun_20_24_25_32_33_44_45
2024-01-07 01:20:55,323 T0325: INFO  support pre-function-epilog test_VrfFun_20_24_25_32_33_44_45 Pass 'Test case passed'
2024-01-07 01:20:55,324 T0326: INFO  #### gw3  routing/VRF/test_vrf.py::test_VrfFun_20_24_25_32_33_44_45
2024-01-07 01:20:55,324 T0326: INFO  support pre-function-epilog test_VrfFun_20_24_25_32_33_44_45 Pass 'Test case passed'
2024-01-07 01:21:07,946 T0335: INFO  #### gw3  routing/VRF/test_vrf.py::test_VrfFun_20_24_25_32_33_44_45
2024-01-07 01:21:07,946 T0335: INFO  support post-function-epilog test_VrfFun_20_24_25_32_33_44_45 Pass 'Test case passed'
2024-01-07 01:21:07,949 T0336: INFO  #### gw3  routing/VRF/test_vrf.py::test_VrfFun_20_24_25_32_33_44_45
2024-01-07 01:21:07,949 T0336: INFO  support post-function-epilog test_VrfFun_20_24_25_32_33_44_45 Pass 'Test case passed'
2024-01-07 01:21:13,915 T0342: INFO  #### gw3  routing/VRF/test_vrf.py
2024-01-07 01:21:13,915 T0342: INFO  support pre-function-prolog test_VrfFun_05_50  ''
2024-01-07 01:21:13,919 T0343: INFO  #### gw3  routing/VRF/test_vrf.py
2024-01-07 01:21:13,919 T0343: INFO  support pre-function-prolog test_VrfFun_05_50  ''
2024-01-07 01:21:25,227 T0000: WARN  #### gw3 IGNORED ERROR routing/VRF/test_vrf.py::test_VrfFun_05_50
2024-01-07 01:21:25,227 T0000: WARN  Skipped error checking but detected pattern: containing_python_traceback command: sudo -s fast-reboot
2024-01-07 01:28:04,739 T0346: INFO  #### gw3  routing/VRF/test_vrf.py::test_VrfFun_05_50
2024-01-07 01:28:04,740 T0346: INFO  support pre-function-epilog test_VrfFun_05_50 Pass 'Test case passed'
2024-01-07 01:28:04,741 T0347: INFO  #### gw3  routing/VRF/test_vrf.py::test_VrfFun_05_50
2024-01-07 01:28:04,741 T0347: INFO  support pre-function-epilog test_VrfFun_05_50 Pass 'Test case passed'
2024-01-07 01:28:04,750 T0348: INFO  #### gw3  routing/VRF/test_vrf.py::test_VrfFun_05_50
2024-01-07 01:28:04,750 T0348: INFO  support post-function-epilog test_VrfFun_05_50 Pass 'Test case passed'
2024-01-07 01:28:04,752 T0349: INFO  #### gw3  routing/VRF/test_vrf.py::test_VrfFun_05_50
2024-01-07 01:28:04,752 T0349: INFO  support post-function-epilog test_VrfFun_05_50 Pass 'Test case passed'
2024-01-07 01:28:04,786 T0350: WARN  #### gw3  routing/VRF/test_vrf.py::test_VrfFun_05_50
2024-01-07 01:28:04,786 T0350: WARN  support pre-module-epilog routing/VRF/test_vrf.py fail ''
2024-01-07 01:28:04,788 T0351: WARN  #### gw3  routing/VRF/test_vrf.py::test_VrfFun_05_50
2024-01-07 01:28:04,788 T0351: WARN  support pre-module-epilog routing/VRF/test_vrf.py fail ''
2024-01-07 01:28:09,297 T0360: WARN  #### gw3  routing/VRF/test_vrf.py::test_VrfFun_10_12_14
2024-01-07 01:28:09,297 T0360: WARN  support post-module-epilog routing/VRF/test_vrf.py fail ''
2024-01-07 01:28:09,303 T0361: WARN  #### gw3  routing/VRF/test_vrf.py::test_VrfFun_10_12_14
2024-01-07 01:28:09,303 T0361: WARN  support post-module-epilog routing/VRF/test_vrf.py fail ''
2024-01-07 01:30:15,527 T0412: INFO  #### gw3  
2024-01-07 01:30:15,528 T0412: INFO  support pre-module-prolog routing/VRF/test_vrf_scale.py  ''
2024-01-07 01:30:15,530 T0413: INFO  #### gw3  
2024-01-07 01:30:15,530 T0413: INFO  support pre-module-prolog routing/VRF/test_vrf_scale.py  ''
2024-01-07 01:58:14,912 T0442: INFO  #### gw3  routing/VRF/test_vrf_scale.py
2024-01-07 01:58:14,912 T0442: INFO  support post-module-prolog routing/VRF/test_vrf_scale.py Pass ''
2024-01-07 01:58:14,914 T0443: INFO  #### gw3  routing/VRF/test_vrf_scale.py
2024-01-07 01:58:14,914 T0443: INFO  support post-module-prolog routing/VRF/test_vrf_scale.py Pass ''
2024-01-07 01:58:31,134 T0459: INFO  #### gw3  routing/VRF/test_vrf_scale.py
2024-01-07 01:58:31,134 T0459: INFO  support pre-function-prolog test_vrf_scale  ''
2024-01-07 01:58:31,139 T0460: INFO  #### gw3  routing/VRF/test_vrf_scale.py
2024-01-07 01:58:31,139 T0460: INFO  support pre-function-prolog test_vrf_scale  ''
2024-01-07 01:58:31,151 T0461: INFO  #### gw3  routing/VRF/test_vrf_scale.py::test_vrf_scale
2024-01-07 01:58:31,152 T0461: INFO  support post-function-prolog test_vrf_scale Pass ''
2024-01-07 01:58:31,156 T0462: INFO  #### gw3  routing/VRF/test_vrf_scale.py::test_vrf_scale
2024-01-07 01:58:31,156 T0462: INFO  support post-function-prolog test_vrf_scale Pass ''
2024-01-07 02:01:52,867 T0000: ERROR #### gw3 WARN routing/VRF/test_vrf_scale.py::test_vrf_scale
2024-01-07 02:01:52,867 T0000: ERROR Traceback (most recent call last):
2024-01-07 02:01:52,867 T0000: ERROR   File "/repo/spytest/net.py", line 1910, in _try
2024-01-07 02:01:52,867 T0000: ERROR     output = hndl.send_command_new(fcli, new_cmd, expect_string,
2024-01-07 02:01:52,867 T0000: ERROR   File "/repo/spytest/access/netmiko_connection.py", line 725, in send_command_new
2024-01-07 02:01:52,867 T0000: ERROR     raise IOError(self.dmsg_str(dbg_msg, msg1))
2024-01-07 02:01:52,867 T0000: ERROR OSError: Prompt Not Detected in DF 2.0: 'admin@sonic:\~\$'
2024-01-07 02:01:52,867 T0000: ERROR =======================FASTER-CLI-DBG===================
2024-01-07 02:01:52,867 T0000: ERROR command_string: show vrf<LF>
2024-01-07 02:01:52,867 T0000: ERROR search_pattern: admin@sonic:\~\$
2024-01-07 02:01:52,867 T0000: ERROR cmd_issued: False
2024-01-07 02:01:52,867 T0000: ERROR CMP-OUT: show vrf<LF><LF>
2024-01-07 02:01:52,867 T0000: ERROR CMP-CMD: show vrf<LF>
2024-01-07 02:01:52,867 T0000: ERROR ECHOED OUTPUT: <LF>
2024-01-07 02:01:52,867 T0000: ERROR CMP-PROMPT: admin@sonic:\~\$
2024-01-07 02:01:52,867 T0000: ERROR CMP-OUTPUT: 
2024-01-07 02:01:52,867 T0000: ERROR CMP-OUTPUT: 
2024-01-07 02:01:52,867 T0000: ERROR Read Data: show vrf
2024-01-07 02:01:52,867 T0000: ERROR =========================================================
2024-01-07 02:01:52,867 T0000: ERROR StackTraceCallStack:
2024-01-07 02:01:52,867 T0000: ERROR [0] spytest/net.py:2138 _send_command output = self._try(access, line, fcli, cmd, expect,
2024-01-07 02:01:52,867 T0000: ERROR [1] spytest/net.py:6125 _send_cmd_opts output = self._send_command(access, cmd, expected_prompt,
2024-01-07 02:01:52,867 T0000: ERROR Truncated...
2024-01-07 02:05:52,123 T0465: WARN  #### gw3  routing/VRF/test_vrf_scale.py::test_vrf_scale
2024-01-07 02:05:52,123 T0465: WARN  support pre-function-epilog test_vrf_scale Fail 'Command 'show vrf' failed to give prompt, recovered using CTRL+C'
2024-01-07 02:05:52,125 T0466: WARN  #### gw3  routing/VRF/test_vrf_scale.py::test_vrf_scale
2024-01-07 02:05:52,125 T0466: WARN  support pre-function-epilog test_vrf_scale Fail 'Command 'show vrf' failed to give prompt, recovered using CTRL+C'
2024-01-07 02:05:52,843 T0467: WARN  #### gw3  routing/VRF/test_vrf_scale.py::test_vrf_scale
2024-01-07 02:05:52,843 T0467: WARN  support post-function-epilog test_vrf_scale ignore 'Command 'show vrf' failed to give prompt, recovered using CTRL+C'
2024-01-07 02:05:52,845 T0468: WARN  #### gw3  routing/VRF/test_vrf_scale.py::test_vrf_scale
2024-01-07 02:05:52,845 T0468: WARN  support post-function-epilog test_vrf_scale ignore 'Command 'show vrf' failed to give prompt, recovered using CTRL+C'
2024-01-07 02:05:59,774 T0474: INFO  #### gw3  routing/VRF/test_vrf_scale.py
2024-01-07 02:05:59,775 T0474: INFO  support pre-function-prolog test_vrf_route_leak  ''
2024-01-07 02:05:59,778 T0475: INFO  #### gw3  routing/VRF/test_vrf_scale.py
2024-01-07 02:05:59,778 T0475: INFO  support pre-function-prolog test_vrf_route_leak  ''
2024-01-07 02:07:59,491 T0480: INFO  #### gw3  routing/VRF/test_vrf_scale.py::test_vrf_route_leak
2024-01-07 02:07:59,492 T0480: INFO  support pre-function-epilog test_vrf_route_leak Pass 'Test case passed'
2024-01-07 02:07:59,494 T0481: INFO  #### gw3  routing/VRF/test_vrf_scale.py::test_vrf_route_leak
2024-01-07 02:07:59,494 T0481: INFO  support pre-function-epilog test_vrf_route_leak Pass 'Test case passed'
2024-01-07 02:07:59,502 T0482: INFO  #### gw3  routing/VRF/test_vrf_scale.py::test_vrf_route_leak
2024-01-07 02:07:59,502 T0482: INFO  support post-function-epilog test_vrf_route_leak Pass 'Test case passed'
2024-01-07 02:07:59,504 T0483: INFO  #### gw3  routing/VRF/test_vrf_scale.py::test_vrf_route_leak
2024-01-07 02:07:59,504 T0483: INFO  support post-function-epilog test_vrf_route_leak Pass 'Test case passed'
2024-01-07 02:08:07,610 T0489: INFO  #### gw3  routing/VRF/test_vrf_scale.py
2024-01-07 02:08:07,611 T0489: INFO  support pre-function-prolog test_vrf_bgp  ''
2024-01-07 02:08:07,615 T0490: INFO  #### gw3  routing/VRF/test_vrf_scale.py
2024-01-07 02:08:07,615 T0490: INFO  support pre-function-prolog test_vrf_bgp  ''
2024-01-07 02:17:42,956 T0883: INFO  #### gw3  routing/VRF/test_vrf_scale.py::test_vrf_bgp
2024-01-07 02:17:42,957 T0883: INFO  support pre-function-epilog test_vrf_bgp Pass 'Test case passed'
2024-01-07 02:17:42,958 T0884: INFO  #### gw3  routing/VRF/test_vrf_scale.py::test_vrf_bgp
2024-01-07 02:17:42,958 T0884: INFO  support pre-function-epilog test_vrf_bgp Pass 'Test case passed'
2024-01-07 02:17:42,966 T0885: INFO  #### gw3  routing/VRF/test_vrf_scale.py::test_vrf_bgp
2024-01-07 02:17:42,966 T0885: INFO  support post-function-epilog test_vrf_bgp Pass 'Test case passed'
2024-01-07 02:17:42,968 T0886: INFO  #### gw3  routing/VRF/test_vrf_scale.py::test_vrf_bgp
2024-01-07 02:17:42,968 T0886: INFO  support post-function-epilog test_vrf_bgp Pass 'Test case passed'
2024-01-07 02:17:50,970 T0892: INFO  #### gw3  routing/VRF/test_vrf_scale.py
2024-01-07 02:17:50,970 T0892: INFO  support pre-function-prolog test_vrf_reload  ''
2024-01-07 02:17:50,974 T0893: INFO  #### gw3  routing/VRF/test_vrf_scale.py
2024-01-07 02:17:50,974 T0893: INFO  support pre-function-prolog test_vrf_reload  ''
2024-01-07 02:17:58,987 T0000: WARN  #### gw3 IGNORED ERROR routing/VRF/test_vrf_scale.py::test_vrf_reload
2024-01-07 02:17:58,987 T0000: WARN  Skipped error checking but detected pattern: containing_python_traceback command: sudo -s fast-reboot
2024-01-07 02:27:18,776 T0000: ERROR #### gw3 WARN routing/VRF/test_vrf_scale.py::test_vrf_reload
2024-01-07 02:27:18,776 T0000: ERROR Traceback (most recent call last):
2024-01-07 02:27:18,776 T0000: ERROR   File "/repo/spytest/net.py", line 1910, in _try
2024-01-07 02:27:18,776 T0000: ERROR     output = hndl.send_command_new(fcli, new_cmd, expect_string,
2024-01-07 02:27:18,776 T0000: ERROR   File "/repo/spytest/access/netmiko_connection.py", line 725, in send_command_new
2024-01-07 02:27:18,776 T0000: ERROR     raise IOError(self.dmsg_str(dbg_msg, msg1))
2024-01-07 02:27:18,776 T0000: ERROR OSError: Prompt Not Detected in DF 2.0: 'admin@sonic:\~\$'
2024-01-07 02:27:18,776 T0000: ERROR =======================FASTER-CLI-DBG===================
2024-01-07 02:27:18,776 T0000: ERROR command_string: show vrf<LF>
2024-01-07 02:27:18,776 T0000: ERROR search_pattern: admin@sonic:\~\$
2024-01-07 02:27:18,776 T0000: ERROR cmd_issued: False
2024-01-07 02:27:18,776 T0000: ERROR CMP-OUT: show vrf<LF><LF>
2024-01-07 02:27:18,776 T0000: ERROR CMP-CMD: show vrf<LF>
2024-01-07 02:27:18,776 T0000: ERROR ECHOED OUTPUT: <LF>
2024-01-07 02:27:18,776 T0000: ERROR CMP-PROMPT: admin@sonic:\~\$
2024-01-07 02:27:18,776 T0000: ERROR CMP-OUTPUT: 
2024-01-07 02:27:18,776 T0000: ERROR CMP-OUTPUT: 
2024-01-07 02:27:18,776 T0000: ERROR Read Data: show vrf
2024-01-07 02:27:18,776 T0000: ERROR =========================================================
2024-01-07 02:27:18,776 T0000: ERROR StackTraceCallStack:
2024-01-07 02:27:18,776 T0000: ERROR [0] spytest/net.py:2138 _send_command output = self._try(access, line, fcli, cmd, expect,
2024-01-07 02:27:18,776 T0000: ERROR [1] spytest/net.py:6125 _send_cmd_opts output = self._send_command(access, cmd, expected_prompt,
2024-01-07 02:27:18,776 T0000: ERROR Truncated...
2024-01-07 02:31:17,868 T0898: WARN  #### gw3  routing/VRF/test_vrf_scale.py::test_vrf_reload
2024-01-07 02:31:17,868 T0898: WARN  support pre-function-epilog test_vrf_reload Fail 'Command 'show vrf' failed to give prompt, recovered using CTRL+C'
2024-01-07 02:31:17,870 T0899: WARN  #### gw3  routing/VRF/test_vrf_scale.py::test_vrf_reload
2024-01-07 02:31:17,870 T0899: WARN  support pre-function-epilog test_vrf_reload Fail 'Command 'show vrf' failed to give prompt, recovered using CTRL+C'
2024-01-07 02:31:18,588 T0900: WARN  #### gw3  routing/VRF/test_vrf_scale.py::test_vrf_reload
2024-01-07 02:31:18,588 T0900: WARN  support post-function-epilog test_vrf_reload ignore 'Command 'show vrf' failed to give prompt, recovered using CTRL+C'
2024-01-07 02:31:18,590 T0901: WARN  #### gw3  routing/VRF/test_vrf_scale.py::test_vrf_reload
2024-01-07 02:31:18,590 T0901: WARN  support post-function-epilog test_vrf_reload ignore 'Command 'show vrf' failed to give prompt, recovered using CTRL+C'
2024-01-07 02:31:18,630 T0902: WARN  #### gw3  routing/VRF/test_vrf_scale.py::test_vrf_reload
2024-01-07 02:31:18,630 T0902: WARN  support pre-module-epilog routing/VRF/test_vrf_scale.py fail ''
2024-01-07 02:31:18,632 T0903: WARN  #### gw3  routing/VRF/test_vrf_scale.py::test_vrf_reload
2024-01-07 02:31:18,632 T0903: WARN  support pre-module-epilog routing/VRF/test_vrf_scale.py fail ''
2024-01-07 02:31:23,221 T0912: WARN  #### gw3  routing/VRF/test_vrf_scale.py::test_vrf_scale
2024-01-07 02:31:23,221 T0912: WARN  support post-module-epilog routing/VRF/test_vrf_scale.py fail ''
2024-01-07 02:31:23,223 T0913: WARN  #### gw3  routing/VRF/test_vrf_scale.py::test_vrf_scale
2024-01-07 02:31:23,223 T0913: WARN  support post-module-epilog routing/VRF/test_vrf_scale.py fail ''
2024-01-07 02:37:19,661 T0964: INFO  #### gw3  
2024-01-07 02:37:19,661 T0964: INFO  support pre-module-prolog sanity/test_sanity_l3.py  ''
2024-01-07 02:37:19,663 T0965: INFO  #### gw3  
2024-01-07 02:37:19,664 T0965: INFO  support pre-module-prolog sanity/test_sanity_l3.py  ''
2024-01-07 02:37:48,259 T0987: INFO  #### gw3  sanity/test_sanity_l3.py
2024-01-07 02:37:48,260 T0987: INFO  support post-module-prolog sanity/test_sanity_l3.py Pass ''
2024-01-07 02:37:48,265 T0988: INFO  #### gw3  sanity/test_sanity_l3.py
2024-01-07 02:37:48,265 T0988: INFO  support post-module-prolog sanity/test_sanity_l3.py Pass ''
2024-01-07 02:38:00,479 T1004: INFO  #### gw3  sanity/test_sanity_l3.py
2024-01-07 02:38:00,480 T1004: INFO  support pre-function-prolog test_l2_to_l3_port  ''
2024-01-07 02:38:00,483 T1005: INFO  #### gw3  sanity/test_sanity_l3.py
2024-01-07 02:38:00,484 T1005: INFO  support pre-function-prolog test_l2_to_l3_port  ''
2024-01-07 02:38:00,495 T1006: INFO  #### gw3  sanity/test_sanity_l3.py::test_l2_to_l3_port
2024-01-07 02:38:00,495 T1006: INFO  support post-function-prolog test_l2_to_l3_port Pass ''
2024-01-07 02:38:00,497 T1007: INFO  #### gw3  sanity/test_sanity_l3.py::test_l2_to_l3_port
2024-01-07 02:38:00,497 T1007: INFO  support post-function-prolog test_l2_to_l3_port Pass ''
2024-01-07 02:38:46,050 T1012: WARN  #### gw3  sanity/test_sanity_l3.py::test_l2_to_l3_port
2024-01-07 02:38:46,050 T1012: WARN  support pre-function-epilog test_l2_to_l3_port Fail 'Failed to port L2 config to L3 config'
2024-01-07 02:38:46,052 T1013: WARN  #### gw3  sanity/test_sanity_l3.py::test_l2_to_l3_port
2024-01-07 02:38:46,052 T1013: WARN  support pre-function-epilog test_l2_to_l3_port Fail 'Failed to port L2 config to L3 config'
2024-01-07 02:38:46,391 T1014: WARN  #### gw3  sanity/test_sanity_l3.py::test_l2_to_l3_port
2024-01-07 02:38:46,391 T1014: WARN  support post-function-epilog test_l2_to_l3_port ignore 'Failed to port L2 config to L3 config'
2024-01-07 02:38:46,393 T1015: WARN  #### gw3  sanity/test_sanity_l3.py::test_l2_to_l3_port
2024-01-07 02:38:46,393 T1015: WARN  support post-function-epilog test_l2_to_l3_port ignore 'Failed to port L2 config to L3 config'
2024-01-07 02:38:46,433 T1016: WARN  #### gw3  sanity/test_sanity_l3.py::test_l2_to_l3_port
2024-01-07 02:38:46,433 T1016: WARN  support pre-module-epilog sanity/test_sanity_l3.py fail ''
2024-01-07 02:38:46,434 T1017: WARN  #### gw3  sanity/test_sanity_l3.py::test_l2_to_l3_port
2024-01-07 02:38:46,435 T1017: WARN  support pre-module-epilog sanity/test_sanity_l3.py fail ''
2024-01-07 02:39:02,560 T1028: WARN  #### gw3  sanity/test_sanity_l3.py::test_l2_to_l3_port
2024-01-07 02:39:02,561 T1028: WARN  support post-module-epilog sanity/test_sanity_l3.py fail ''
2024-01-07 02:39:02,563 T1029: WARN  #### gw3  sanity/test_sanity_l3.py::test_l2_to_l3_port
2024-01-07 02:39:02,563 T1029: WARN  support post-module-epilog sanity/test_sanity_l3.py fail ''
2024-01-07 02:43:27,350 T1071: INFO  #### gw3  
2024-01-07 02:43:27,350 T1071: INFO  support pre-module-prolog routing/BGP/test_bgp_rr_traffic.py  ''
2024-01-07 02:43:27,353 T1072: INFO  #### gw3  
2024-01-07 02:43:27,353 T1072: INFO  support pre-module-prolog routing/BGP/test_bgp_rr_traffic.py  ''
2024-01-07 02:46:00,306 T1091: INFO  #### gw3  routing/BGP/test_bgp_rr_traffic.py
2024-01-07 02:46:00,306 T1091: INFO  support post-class-prolog routing/BGP/test_bgp_rr_traffic.py Pass ''
2024-01-07 02:46:00,308 T1092: INFO  #### gw3  routing/BGP/test_bgp_rr_traffic.py
2024-01-07 02:46:00,308 T1092: INFO  support post-class-prolog routing/BGP/test_bgp_rr_traffic.py Pass ''
2024-01-07 02:46:00,316 T1093: INFO  #### gw3  routing/BGP/test_bgp_rr_traffic.py
2024-01-07 02:46:00,317 T1093: INFO  support post-module-prolog routing/BGP/test_bgp_rr_traffic.py Pass ''
2024-01-07 02:46:00,319 T1094: INFO  #### gw3  routing/BGP/test_bgp_rr_traffic.py
2024-01-07 02:46:00,319 T1094: INFO  support post-module-prolog routing/BGP/test_bgp_rr_traffic.py Pass ''
2024-01-07 02:46:13,440 T1110: INFO  #### gw3  routing/BGP/test_bgp_rr_traffic.py
2024-01-07 02:46:13,440 T1110: INFO  support pre-function-prolog TestBGPRrTraffic.test_ft_bgp6_rr_traffic_check  ''
2024-01-07 02:46:13,444 T1111: INFO  #### gw3  routing/BGP/test_bgp_rr_traffic.py
2024-01-07 02:46:13,444 T1111: INFO  support pre-function-prolog TestBGPRrTraffic.test_ft_bgp6_rr_traffic_check  ''
2024-01-07 02:48:43,408 T1112: INFO  #### gw3  routing/BGP/test_bgp_rr_traffic.py::TestBGPRrTraffic::test_ft_bgp6_rr_traffic_check
2024-01-07 02:48:43,408 T1112: INFO  support pre-function-epilog TestBGPRrTraffic.test_ft_bgp6_rr_traffic_check Pass 'Test case passed'
2024-01-07 02:48:43,411 T1113: INFO  #### gw3  routing/BGP/test_bgp_rr_traffic.py::TestBGPRrTraffic::test_ft_bgp6_rr_traffic_check
2024-01-07 02:48:43,412 T1113: INFO  support pre-function-epilog TestBGPRrTraffic.test_ft_bgp6_rr_traffic_check Pass 'Test case passed'
2024-01-07 02:48:43,419 T1114: INFO  #### gw3  routing/BGP/test_bgp_rr_traffic.py::TestBGPRrTraffic::test_ft_bgp6_rr_traffic_check
2024-01-07 02:48:43,420 T1114: INFO  support post-function-epilog TestBGPRrTraffic.test_ft_bgp6_rr_traffic_check Pass 'Test case passed'
2024-01-07 02:48:43,421 T1115: INFO  #### gw3  routing/BGP/test_bgp_rr_traffic.py::TestBGPRrTraffic::test_ft_bgp6_rr_traffic_check
2024-01-07 02:48:43,422 T1115: INFO  support post-function-epilog TestBGPRrTraffic.test_ft_bgp6_rr_traffic_check Pass 'Test case passed'
2024-01-07 02:49:11,778 T1126: WARN  #### gw3  routing/BGP/test_bgp_rr_traffic.py::TestBGPRrTraffic::test_ft_bgp6_rr_traffic_check
2024-01-07 02:49:11,779 T1126: WARN  support post-class-epilog routing/BGP/test_bgp_rr_traffic.py pass ''
2024-01-07 02:49:11,782 T1127: WARN  #### gw3  routing/BGP/test_bgp_rr_traffic.py::TestBGPRrTraffic::test_ft_bgp6_rr_traffic_check
2024-01-07 02:49:11,783 T1127: WARN  support post-class-epilog routing/BGP/test_bgp_rr_traffic.py pass ''
2024-01-07 02:49:11,788 T1128: WARN  #### gw3  routing/BGP/test_bgp_rr_traffic.py::TestBGPRrTraffic::test_ft_bgp6_rr_traffic_check
2024-01-07 02:49:11,788 T1128: WARN  support pre-module-epilog routing/BGP/test_bgp_rr_traffic.py pass ''
2024-01-07 02:49:11,791 T1129: WARN  #### gw3  routing/BGP/test_bgp_rr_traffic.py::TestBGPRrTraffic::test_ft_bgp6_rr_traffic_check
2024-01-07 02:49:11,791 T1129: WARN  support pre-module-epilog routing/BGP/test_bgp_rr_traffic.py pass ''
2024-01-07 02:49:35,380 T1144: WARN  #### gw3  routing/BGP/test_bgp_rr_traffic.py::TestBGPRrTraffic::test_ft_bgp6_rr_traffic_check
2024-01-07 02:49:35,381 T1144: WARN  support post-module-epilog routing/BGP/test_bgp_rr_traffic.py pass ''
2024-01-07 02:49:35,386 T1145: WARN  #### gw3  routing/BGP/test_bgp_rr_traffic.py::TestBGPRrTraffic::test_ft_bgp6_rr_traffic_check
2024-01-07 02:49:35,386 T1145: WARN  support post-module-epilog routing/BGP/test_bgp_rr_traffic.py pass ''
2024-01-07 02:51:36,815 T1176: WARN  #### gw3  batch/test_spytest_infra_1.py::test_spytest_infra_last
2024-01-07 02:51:36,816 T1176: WARN  support session-epilog session pass ''
2024-01-07 02:51:36,817 T1177: WARN  #### gw3  batch/test_spytest_infra_1.py::test_spytest_infra_last
2024-01-07 02:51:36,817 T1177: WARN  support session-epilog session pass ''
