ordering items took 0:00:01
tcmap verify took 0:00:00
Tests considered 72 and ignored 317
tech_cfg_always global = False
tech_cfg_always system-not-ready = True
tech_cfg_always portlist-not-ready = True
tech_cfg_always console_hang = True
tech_cfg_always port-status = True
tech_cfg_always port-status-module = True
tech_cfg_always port-status-function = True
tech_cfg_always pre-module-prolog = False
tech_cfg_always post-module-prolog = False
tech_cfg_always pre-module-epilog = False
tech_cfg_always post-module-epilog = False
tech_cfg_always pre-function-prolog = False
tech_cfg_always post-function-prolog = False
tech_cfg_always pre-function-epilog = False
tech_cfg_always post-function-epilog = False
tech_cfg_always session-epilog = False
tech_cfg_fail pre-module-prolog = False
tech_cfg_fail post-module-prolog = False
tech_cfg_fail pre-module-epilog = False
tech_cfg_fail post-module-epilog = False
tech_cfg_fail pre-function-prolog = False
tech_cfg_fail post-function-prolog = False
tech_cfg_fail pre-function-epilog = False
tech_cfg_fail post-function-epilog = False
tech_cfg_fail function = False
tech_cfg_fail testcase = False
core_cfg_always global = False
core_cfg_always system-not-ready = False
core_cfg_always portlist-not-ready = False
core_cfg_always console_hang = True
core_cfg_always port-status = False
core_cfg_always port-status-module = False
core_cfg_always port-status-function = False
core_cfg_always pre-module-prolog = False
core_cfg_always post-module-prolog = False
core_cfg_always pre-module-epilog = False
core_cfg_always post-module-epilog = False
core_cfg_always pre-function-prolog = False
core_cfg_always post-function-prolog = False
core_cfg_always pre-function-epilog = False
core_cfg_always post-function-epilog = False
core_cfg_always session-epilog = False
core_cfg_fail pre-module-prolog = False
core_cfg_fail post-module-prolog = False
core_cfg_fail pre-module-epilog = False
core_cfg_fail post-module-epilog = False
core_cfg_fail pre-function-prolog = False
core_cfg_fail post-function-prolog = False
core_cfg_fail pre-function-epilog = False
core_cfg_fail post-function-epilog = False
core_cfg_fail function = False
core_cfg_fail testcase = False
sysinfo_cfg global = False
sysinfo_cfg pre-module-prolog = False
sysinfo_cfg post-module-prolog = False
sysinfo_cfg pre-module-epilog = False
sysinfo_cfg post-module-epilog = False
sysinfo_cfg pre-function-prolog = False
sysinfo_cfg post-function-prolog = False
sysinfo_cfg pre-function-epilog = False
sysinfo_cfg post-function-epilog = False
sairedis_cfg global = False
sairedis_cfg pre-module-prolog = False
sairedis_cfg post-module-prolog = False
sairedis_cfg pre-module-epilog = False
sairedis_cfg post-module-epilog = False
sairedis_cfg pre-function-prolog = False
sairedis_cfg post-function-prolog = False
sairedis_cfg pre-function-epilog = False
sairedis_cfg post-function-epilog = False
syslog_cfg global = False
syslog_cfg pre-module-prolog = True
syslog_cfg post-module-prolog = True
syslog_cfg pre-module-epilog = True
syslog_cfg post-module-epilog = True
syslog_cfg pre-function-prolog = True
syslog_cfg post-function-prolog = False
syslog_cfg pre-function-epilog = False
syslog_cfg post-function-epilog = True
config_db_cfg global = True
config_db_cfg pre-module-prolog = True
config_db_cfg post-module-prolog = True
config_db_cfg pre-module-epilog = True
config_db_cfg post-module-epilog = True
config_db_cfg pre-function-prolog = False
config_db_cfg post-function-prolog = False
config_db_cfg pre-function-epilog = False
config_db_cfg post-function-epilog = False
config_db_cfg post-session-prolog = True
show_run_cfg global = False
show_run_cfg pre-module-prolog = True
show_run_cfg post-module-prolog = True
show_run_cfg pre-module-epilog = True
show_run_cfg post-module-epilog = True
show_run_cfg pre-function-prolog = False
show_run_cfg post-function-prolog = False
show_run_cfg pre-function-epilog = False
show_run_cfg post-function-epilog = False
TEMPLATE USED: show_version.tmpl: show version
TEMPLATE USED: show_interfaces_status_qa.tmpl: show interfaces status
TEMPLATE USED: unix_ifcfg.tmpl: /sbin/ifconfig eth0
[V3] : SKIP saving running config post-session-prolog session pass
[V3] : SKIP saving syslog post-session-prolog session pass
[V3] : SKIP generating tech-support post-session-prolog session pass
[V3] : SKIP collect core-files post-session-prolog session pass
[V3] : SKIP saving sai_redis post-session-prolog session pass
[V3] : SKIP generating sysinfo post-session-prolog session pass
[V4] : SKIP saving running config post-session-prolog session pass
[V4] : SKIP saving syslog post-session-prolog session pass
[V4] : SKIP generating tech-support post-session-prolog session pass
[V4] : SKIP collect core-files post-session-prolog session pass
[V4] : SKIP saving sai_redis post-session-prolog session pass
[V4] : SKIP generating sysinfo post-session-prolog session pass
ensure_min_topology, , None
TEMPLATE USED: show_interfaces_status_qa.tmpl: show interfaces status Ethernet124
ensure_min_topology, , D1D2:4 D1T1:2 D2T1:2 TGEN=ixia
[V3] : SKIP saving running config pre-module-prolog routing/VRF/test_vrf.py 
[V3] : SKIP saving syslog pre-module-prolog routing/VRF/test_vrf.py 
[V3] : SKIP generating tech-support pre-module-prolog routing/VRF/test_vrf.py 
[V3] : SKIP collect core-files pre-module-prolog routing/VRF/test_vrf.py 
[V3] : SKIP saving sai_redis pre-module-prolog routing/VRF/test_vrf.py 
[V3] : SKIP generating sysinfo pre-module-prolog routing/VRF/test_vrf.py 
[V4] : SKIP saving running config pre-module-prolog routing/VRF/test_vrf.py 
[V4] : SKIP saving syslog pre-module-prolog routing/VRF/test_vrf.py 
[V4] : SKIP generating tech-support pre-module-prolog routing/VRF/test_vrf.py 
[V4] : SKIP collect core-files pre-module-prolog routing/VRF/test_vrf.py 
[V4] : SKIP saving sai_redis pre-module-prolog routing/VRF/test_vrf.py 
[V4] : SKIP generating sysinfo pre-module-prolog routing/VRF/test_vrf.py 
TEMPLATE USED: show_platform_summary.tmpl: show platform summary
[V3] : SKIP saving running config post-module-prolog routing/VRF/test_vrf.py Pass
[V3] : SKIP saving syslog post-module-prolog routing/VRF/test_vrf.py Pass
[V3] : SKIP generating tech-support post-module-prolog routing/VRF/test_vrf.py Pass
[V3] : SKIP collect core-files post-module-prolog routing/VRF/test_vrf.py Pass
[V3] : SKIP saving sai_redis post-module-prolog routing/VRF/test_vrf.py Pass
[V3] : SKIP generating sysinfo post-module-prolog routing/VRF/test_vrf.py Pass
[V4] : SKIP saving running config post-module-prolog routing/VRF/test_vrf.py Pass
[V4] : SKIP saving syslog post-module-prolog routing/VRF/test_vrf.py Pass
[V4] : SKIP generating tech-support post-module-prolog routing/VRF/test_vrf.py Pass
[V4] : SKIP collect core-files post-module-prolog routing/VRF/test_vrf.py Pass
[V4] : SKIP saving sai_redis post-module-prolog routing/VRF/test_vrf.py Pass
[V4] : SKIP generating sysinfo post-module-prolog routing/VRF/test_vrf.py Pass
[V3] : SKIP saving config_db pre-function-prolog test_VrfFun001_06 
[V3] : SKIP saving running config pre-function-prolog test_VrfFun001_06 
[V3] : SKIP saving syslog pre-function-prolog test_VrfFun001_06 
[V3] : SKIP generating tech-support pre-function-prolog test_VrfFun001_06 
[V3] : SKIP collect core-files pre-function-prolog test_VrfFun001_06 
[V4] : SKIP saving config_db pre-function-prolog test_VrfFun001_06 
[V3] : SKIP saving sai_redis pre-function-prolog test_VrfFun001_06 
[V4] : SKIP saving running config pre-function-prolog test_VrfFun001_06 
[V3] : SKIP generating sysinfo pre-function-prolog test_VrfFun001_06 
[V4] : SKIP saving syslog pre-function-prolog test_VrfFun001_06 
[V4] : SKIP generating tech-support pre-function-prolog test_VrfFun001_06 
[V4] : SKIP collect core-files pre-function-prolog test_VrfFun001_06 
[V4] : SKIP saving sai_redis pre-function-prolog test_VrfFun001_06 
[V4] : SKIP generating sysinfo pre-function-prolog test_VrfFun001_06 
TEMPLATE USED: show_vrf.tmpl: show vrf
[V3] : SKIP saving config_db pre-function-epilog test_VrfFun001_06 DUTFail
[V3] : SKIP saving running config pre-function-epilog test_VrfFun001_06 DUTFail
[V4] : SKIP saving config_db pre-function-epilog test_VrfFun001_06 DUTFail
[V3] : SKIP saving syslog pre-function-epilog test_VrfFun001_06 DUTFail
[V4] : SKIP saving running config pre-function-epilog test_VrfFun001_06 DUTFail
[V4] : SKIP saving syslog pre-function-epilog test_VrfFun001_06 DUTFail
[V3] : SKIP saving sai_redis pre-function-epilog test_VrfFun001_06 DUTFail
[V3] : SKIP generating sysinfo pre-function-epilog test_VrfFun001_06 DUTFail
[V4] : SKIP saving sai_redis pre-function-epilog test_VrfFun001_06 DUTFail
[V4] : SKIP generating sysinfo pre-function-epilog test_VrfFun001_06 DUTFail
[V3] : SKIP saving config_db post-function-epilog test_VrfFun001_06 ignore
[V3] : SKIP saving running config post-function-epilog test_VrfFun001_06 ignore
[V3] : SKIP saving syslog post-function-epilog test_VrfFun001_06 ignore
[V4] : SKIP saving config_db post-function-epilog test_VrfFun001_06 ignore
[V4] : SKIP saving running config post-function-epilog test_VrfFun001_06 ignore
[V3] : SKIP saving sai_redis post-function-epilog test_VrfFun001_06 ignore
[V4] : SKIP saving syslog post-function-epilog test_VrfFun001_06 ignore
[V3] : SKIP generating sysinfo post-function-epilog test_VrfFun001_06 ignore
[V4] : SKIP saving sai_redis post-function-epilog test_VrfFun001_06 ignore
[V4] : SKIP generating sysinfo post-function-epilog test_VrfFun001_06 ignore

################################################################################
#       yet to be parallized: routing/VRF/test_vrf.py::test_VrfFun001_06       #
################################################################################

2024-01-08 01:07:47.635786, show vrf, D2, D1

################################################################################

[V3] : SKIP saving config_db pre-function-prolog test_VrfFun_26_27 
[V3] : SKIP saving running config pre-function-prolog test_VrfFun_26_27 
[V3] : SKIP saving syslog pre-function-prolog test_VrfFun_26_27 
[V3] : SKIP generating tech-support pre-function-prolog test_VrfFun_26_27 
[V4] : SKIP saving config_db pre-function-prolog test_VrfFun_26_27 
[V3] : SKIP collect core-files pre-function-prolog test_VrfFun_26_27 
[V4] : SKIP saving running config pre-function-prolog test_VrfFun_26_27 
[V3] : SKIP saving sai_redis pre-function-prolog test_VrfFun_26_27 
[V4] : SKIP saving syslog pre-function-prolog test_VrfFun_26_27 
[V3] : SKIP generating sysinfo pre-function-prolog test_VrfFun_26_27 
[V4] : SKIP generating tech-support pre-function-prolog test_VrfFun_26_27 
[V4] : SKIP collect core-files pre-function-prolog test_VrfFun_26_27 
[V4] : SKIP saving sai_redis pre-function-prolog test_VrfFun_26_27 
[V4] : SKIP generating sysinfo pre-function-prolog test_VrfFun_26_27 
TEMPLATE USED: show_ip_route.tmpl: show ip route vrf Vrf-101
[V3] : SKIP saving config_db pre-function-epilog test_VrfFun_26_27 Pass
[V3] : SKIP saving running config pre-function-epilog test_VrfFun_26_27 Pass
[V4] : SKIP saving config_db pre-function-epilog test_VrfFun_26_27 Pass
[V3] : SKIP saving syslog pre-function-epilog test_VrfFun_26_27 Pass
[V4] : SKIP saving running config pre-function-epilog test_VrfFun_26_27 Pass
[V3] : SKIP generating tech-support pre-function-epilog test_VrfFun_26_27 Pass
[V4] : SKIP saving syslog pre-function-epilog test_VrfFun_26_27 Pass
[V3] : SKIP collect core-files pre-function-epilog test_VrfFun_26_27 Pass
[V4] : SKIP generating tech-support pre-function-epilog test_VrfFun_26_27 Pass
[V3] : SKIP saving sai_redis pre-function-epilog test_VrfFun_26_27 Pass
[V4] : SKIP collect core-files pre-function-epilog test_VrfFun_26_27 Pass
[V3] : SKIP generating sysinfo pre-function-epilog test_VrfFun_26_27 Pass
[V4] : SKIP saving sai_redis pre-function-epilog test_VrfFun_26_27 Pass
[V4] : SKIP generating sysinfo pre-function-epilog test_VrfFun_26_27 Pass
[V3] : SKIP saving config_db post-function-epilog test_VrfFun_26_27 Pass
[V3] : SKIP saving running config post-function-epilog test_VrfFun_26_27 Pass
[V4] : SKIP saving config_db post-function-epilog test_VrfFun_26_27 Pass
[V3] : SKIP saving syslog post-function-epilog test_VrfFun_26_27 Pass
[V4] : SKIP saving running config post-function-epilog test_VrfFun_26_27 Pass
[V3] : SKIP generating tech-support post-function-epilog test_VrfFun_26_27 Pass
[V4] : SKIP saving syslog post-function-epilog test_VrfFun_26_27 Pass
[V3] : SKIP collect core-files post-function-epilog test_VrfFun_26_27 Pass
[V4] : SKIP generating tech-support post-function-epilog test_VrfFun_26_27 Pass
[V3] : SKIP saving sai_redis post-function-epilog test_VrfFun_26_27 Pass
[V4] : SKIP collect core-files post-function-epilog test_VrfFun_26_27 Pass
[V3] : SKIP generating sysinfo post-function-epilog test_VrfFun_26_27 Pass
[V4] : SKIP saving sai_redis post-function-epilog test_VrfFun_26_27 Pass
[V4] : SKIP generating sysinfo post-function-epilog test_VrfFun_26_27 Pass
[V3] : SKIP saving config_db pre-function-prolog test_VrfFun_10_12_14 
[V3] : SKIP saving running config pre-function-prolog test_VrfFun_10_12_14 
[V3] : SKIP saving syslog pre-function-prolog test_VrfFun_10_12_14 
[V3] : SKIP generating tech-support pre-function-prolog test_VrfFun_10_12_14 
[V3] : SKIP collect core-files pre-function-prolog test_VrfFun_10_12_14 
[V4] : SKIP saving config_db pre-function-prolog test_VrfFun_10_12_14 
[V3] : SKIP saving sai_redis pre-function-prolog test_VrfFun_10_12_14 
[V4] : SKIP saving running config pre-function-prolog test_VrfFun_10_12_14 
[V3] : SKIP generating sysinfo pre-function-prolog test_VrfFun_10_12_14 
[V4] : SKIP saving syslog pre-function-prolog test_VrfFun_10_12_14 
[V4] : SKIP generating tech-support pre-function-prolog test_VrfFun_10_12_14 
[V4] : SKIP collect core-files pre-function-prolog test_VrfFun_10_12_14 
[V4] : SKIP saving sai_redis pre-function-prolog test_VrfFun_10_12_14 
[V4] : SKIP generating sysinfo pre-function-prolog test_VrfFun_10_12_14 
[V3] : SKIP saving config_db post-function-prolog test_VrfFun_10_12_14 Pass
[V3] : SKIP saving running config post-function-prolog test_VrfFun_10_12_14 Pass
[V3] : SKIP saving syslog post-function-prolog test_VrfFun_10_12_14 Pass
[V4] : SKIP saving config_db post-function-prolog test_VrfFun_10_12_14 Pass
[V3] : SKIP generating tech-support post-function-prolog test_VrfFun_10_12_14 Pass
[V4] : SKIP saving running config post-function-prolog test_VrfFun_10_12_14 Pass
[V3] : SKIP collect core-files post-function-prolog test_VrfFun_10_12_14 Pass
[V4] : SKIP saving syslog post-function-prolog test_VrfFun_10_12_14 Pass
[V3] : SKIP saving sai_redis post-function-prolog test_VrfFun_10_12_14 Pass
[V4] : SKIP generating tech-support post-function-prolog test_VrfFun_10_12_14 Pass
[V3] : SKIP generating sysinfo post-function-prolog test_VrfFun_10_12_14 Pass
[V4] : SKIP collect core-files post-function-prolog test_VrfFun_10_12_14 Pass
[V4] : SKIP saving sai_redis post-function-prolog test_VrfFun_10_12_14 Pass
[V4] : SKIP generating sysinfo post-function-prolog test_VrfFun_10_12_14 Pass
[V3] : SKIP saving config_db pre-function-epilog test_VrfFun_10_12_14 Pass
[V3] : SKIP saving running config pre-function-epilog test_VrfFun_10_12_14 Pass
[V4] : SKIP saving config_db pre-function-epilog test_VrfFun_10_12_14 Pass
[V3] : SKIP saving syslog pre-function-epilog test_VrfFun_10_12_14 Pass
[V4] : SKIP saving running config pre-function-epilog test_VrfFun_10_12_14 Pass
[V3] : SKIP generating tech-support pre-function-epilog test_VrfFun_10_12_14 Pass
[V4] : SKIP saving syslog pre-function-epilog test_VrfFun_10_12_14 Pass
[V3] : SKIP collect core-files pre-function-epilog test_VrfFun_10_12_14 Pass
[V4] : SKIP generating tech-support pre-function-epilog test_VrfFun_10_12_14 Pass
[V3] : SKIP saving sai_redis pre-function-epilog test_VrfFun_10_12_14 Pass
[V4] : SKIP collect core-files pre-function-epilog test_VrfFun_10_12_14 Pass
[V3] : SKIP generating sysinfo pre-function-epilog test_VrfFun_10_12_14 Pass
[V4] : SKIP saving sai_redis pre-function-epilog test_VrfFun_10_12_14 Pass
[V4] : SKIP generating sysinfo pre-function-epilog test_VrfFun_10_12_14 Pass
[V3] : SKIP saving config_db post-function-epilog test_VrfFun_10_12_14 Pass
[V3] : SKIP saving running config post-function-epilog test_VrfFun_10_12_14 Pass
[V4] : SKIP saving config_db post-function-epilog test_VrfFun_10_12_14 Pass
[V3] : SKIP saving syslog post-function-epilog test_VrfFun_10_12_14 Pass
[V4] : SKIP saving running config post-function-epilog test_VrfFun_10_12_14 Pass
[V3] : SKIP generating tech-support post-function-epilog test_VrfFun_10_12_14 Pass
[V4] : SKIP saving syslog post-function-epilog test_VrfFun_10_12_14 Pass
[V3] : SKIP collect core-files post-function-epilog test_VrfFun_10_12_14 Pass
[V4] : SKIP generating tech-support post-function-epilog test_VrfFun_10_12_14 Pass
[V3] : SKIP saving sai_redis post-function-epilog test_VrfFun_10_12_14 Pass
[V4] : SKIP collect core-files post-function-epilog test_VrfFun_10_12_14 Pass
[V3] : SKIP generating sysinfo post-function-epilog test_VrfFun_10_12_14 Pass
[V4] : SKIP saving sai_redis post-function-epilog test_VrfFun_10_12_14 Pass
[V4] : SKIP generating sysinfo post-function-epilog test_VrfFun_10_12_14 Pass
[V3] : SKIP saving config_db pre-function-prolog test_VrfFun_20_24_25_32_33_44_45 
[V3] : SKIP saving running config pre-function-prolog test_VrfFun_20_24_25_32_33_44_45 
[V3] : SKIP saving syslog pre-function-prolog test_VrfFun_20_24_25_32_33_44_45 
[V3] : SKIP generating tech-support pre-function-prolog test_VrfFun_20_24_25_32_33_44_45 
[V3] : SKIP collect core-files pre-function-prolog test_VrfFun_20_24_25_32_33_44_45 
[V3] : SKIP saving sai_redis pre-function-prolog test_VrfFun_20_24_25_32_33_44_45 
[V4] : SKIP saving config_db pre-function-prolog test_VrfFun_20_24_25_32_33_44_45 
[V3] : SKIP generating sysinfo pre-function-prolog test_VrfFun_20_24_25_32_33_44_45 
[V4] : SKIP saving running config pre-function-prolog test_VrfFun_20_24_25_32_33_44_45 
[V4] : SKIP saving syslog pre-function-prolog test_VrfFun_20_24_25_32_33_44_45 
[V4] : SKIP generating tech-support pre-function-prolog test_VrfFun_20_24_25_32_33_44_45 
[V4] : SKIP collect core-files pre-function-prolog test_VrfFun_20_24_25_32_33_44_45 
[V4] : SKIP saving sai_redis pre-function-prolog test_VrfFun_20_24_25_32_33_44_45 
[V4] : SKIP generating sysinfo pre-function-prolog test_VrfFun_20_24_25_32_33_44_45 
[V3] : SKIP saving config_db post-function-prolog test_VrfFun_20_24_25_32_33_44_45 Pass
[V3] : SKIP saving running config post-function-prolog test_VrfFun_20_24_25_32_33_44_45 Pass
[V3] : SKIP saving syslog post-function-prolog test_VrfFun_20_24_25_32_33_44_45 Pass
[V4] : SKIP saving config_db post-function-prolog test_VrfFun_20_24_25_32_33_44_45 Pass
[V3] : SKIP generating tech-support post-function-prolog test_VrfFun_20_24_25_32_33_44_45 Pass
[V4] : SKIP saving running config post-function-prolog test_VrfFun_20_24_25_32_33_44_45 Pass
[V3] : SKIP collect core-files post-function-prolog test_VrfFun_20_24_25_32_33_44_45 Pass
[V4] : SKIP saving syslog post-function-prolog test_VrfFun_20_24_25_32_33_44_45 Pass
[V3] : SKIP saving sai_redis post-function-prolog test_VrfFun_20_24_25_32_33_44_45 Pass
[V4] : SKIP generating tech-support post-function-prolog test_VrfFun_20_24_25_32_33_44_45 Pass
[V3] : SKIP generating sysinfo post-function-prolog test_VrfFun_20_24_25_32_33_44_45 Pass
[V4] : SKIP collect core-files post-function-prolog test_VrfFun_20_24_25_32_33_44_45 Pass
[V4] : SKIP saving sai_redis post-function-prolog test_VrfFun_20_24_25_32_33_44_45 Pass
[V4] : SKIP generating sysinfo post-function-prolog test_VrfFun_20_24_25_32_33_44_45 Pass
TEMPLATE USED: show_ip_route.tmpl: show ip route vrf Vrf-102
TEMPLATE USED: show_ip_route.tmpl: show ipv6 route vrf Vrf-102
TEMPLATE USED: show_ip_route.tmpl: show ip route vrf Vrf-103
TEMPLATE USED: show_ip_route.tmpl: show ipv6 route vrf Vrf-103
TEMPLATE USED: show_ip_bgp_summary.tmpl: show bgp vrf Vrf-102 ipv4 summary
TEMPLATE USED: show_ip_bgp_summary.tmpl: show bgp vrf Vrf-102 ipv6 summary
TEMPLATE USED: show_ip_bgp_summary.tmpl: show bgp vrf Vrf-103 ipv4 summary
TEMPLATE USED: show_ip_bgp_summary.tmpl: show bgp vrf Vrf-103 ipv6 summary
[V3] : SKIP saving config_db pre-function-epilog test_VrfFun_20_24_25_32_33_44_45 Pass
[V3] : SKIP saving running config pre-function-epilog test_VrfFun_20_24_25_32_33_44_45 Pass
[V4] : SKIP saving config_db pre-function-epilog test_VrfFun_20_24_25_32_33_44_45 Pass
[V3] : SKIP saving syslog pre-function-epilog test_VrfFun_20_24_25_32_33_44_45 Pass
[V4] : SKIP saving running config pre-function-epilog test_VrfFun_20_24_25_32_33_44_45 Pass
[V3] : SKIP generating tech-support pre-function-epilog test_VrfFun_20_24_25_32_33_44_45 Pass
[V4] : SKIP saving syslog pre-function-epilog test_VrfFun_20_24_25_32_33_44_45 Pass
[V3] : SKIP collect core-files pre-function-epilog test_VrfFun_20_24_25_32_33_44_45 Pass
[V4] : SKIP generating tech-support pre-function-epilog test_VrfFun_20_24_25_32_33_44_45 Pass
[V3] : SKIP saving sai_redis pre-function-epilog test_VrfFun_20_24_25_32_33_44_45 Pass
[V4] : SKIP collect core-files pre-function-epilog test_VrfFun_20_24_25_32_33_44_45 Pass
[V3] : SKIP generating sysinfo pre-function-epilog test_VrfFun_20_24_25_32_33_44_45 Pass
[V4] : SKIP saving sai_redis pre-function-epilog test_VrfFun_20_24_25_32_33_44_45 Pass
[V4] : SKIP generating sysinfo pre-function-epilog test_VrfFun_20_24_25_32_33_44_45 Pass
[V3] : SKIP saving config_db post-function-epilog test_VrfFun_20_24_25_32_33_44_45 Pass
[V3] : SKIP saving running config post-function-epilog test_VrfFun_20_24_25_32_33_44_45 Pass
[V3] : SKIP saving syslog post-function-epilog test_VrfFun_20_24_25_32_33_44_45 Pass
[V3] : SKIP generating tech-support post-function-epilog test_VrfFun_20_24_25_32_33_44_45 Pass
[V4] : SKIP saving config_db post-function-epilog test_VrfFun_20_24_25_32_33_44_45 Pass
[V3] : SKIP collect core-files post-function-epilog test_VrfFun_20_24_25_32_33_44_45 Pass
[V4] : SKIP saving running config post-function-epilog test_VrfFun_20_24_25_32_33_44_45 Pass
[V3] : SKIP saving sai_redis post-function-epilog test_VrfFun_20_24_25_32_33_44_45 Pass
[V4] : SKIP saving syslog post-function-epilog test_VrfFun_20_24_25_32_33_44_45 Pass
[V3] : SKIP generating sysinfo post-function-epilog test_VrfFun_20_24_25_32_33_44_45 Pass
[V4] : SKIP generating tech-support post-function-epilog test_VrfFun_20_24_25_32_33_44_45 Pass
[V4] : SKIP collect core-files post-function-epilog test_VrfFun_20_24_25_32_33_44_45 Pass
[V4] : SKIP saving sai_redis post-function-epilog test_VrfFun_20_24_25_32_33_44_45 Pass
[V4] : SKIP generating sysinfo post-function-epilog test_VrfFun_20_24_25_32_33_44_45 Pass
[V3] : SKIP saving config_db pre-function-prolog test_VrfFun_05_50 
[V3] : SKIP saving running config pre-function-prolog test_VrfFun_05_50 
[V3] : SKIP saving syslog pre-function-prolog test_VrfFun_05_50 
[V3] : SKIP generating tech-support pre-function-prolog test_VrfFun_05_50 
[V3] : SKIP collect core-files pre-function-prolog test_VrfFun_05_50 
[V3] : SKIP saving sai_redis pre-function-prolog test_VrfFun_05_50 
[V4] : SKIP saving config_db pre-function-prolog test_VrfFun_05_50 
[V3] : SKIP generating sysinfo pre-function-prolog test_VrfFun_05_50 
[V4] : SKIP saving running config pre-function-prolog test_VrfFun_05_50 
[V4] : SKIP saving syslog pre-function-prolog test_VrfFun_05_50 
[V4] : SKIP generating tech-support pre-function-prolog test_VrfFun_05_50 
[V4] : SKIP collect core-files pre-function-prolog test_VrfFun_05_50 
[V4] : SKIP saving sai_redis pre-function-prolog test_VrfFun_05_50 
[V4] : SKIP generating sysinfo pre-function-prolog test_VrfFun_05_50 
static-wait-debug V3 
Traceback (most recent call last):
  File "/usr/local/bin/sonic-installer", line 8, in <module>
    sys.exit(sonic_installer())
  File "/usr/local/lib/python3.9/dist-packages/click/core.py", line 764, in __call__
    return self.main(*args, **kwargs)
  File "/usr/local/lib/python3.9/dist-packages/click/core.py", line 717, in main
    rv = self.invoke(ctx)
  File "/usr/local/lib/python3.9/dist-packages/click/core.py", line 1137, in invoke
    return _process_result(sub_ctx.command.invoke(sub_ctx))
  File "/usr/local/lib/python3.9/dist-packages/click/core.py", line 956, in invoke
    return ctx.invoke(self.callback, **ctx.params)
  File "/usr/local/lib/python3.9/dist-packages/click/core.py", line 555, in invoke
    return callback(*args, **kwargs)
  File "/usr/local/lib/python3.9/dist-packages/sonic_installer/main.py", line 577, in list_command
    bootloader = get_bootloader()
  File "/usr/local/lib/python3.9/dist-packages/sonic_installer/bootloader/__init__.py", line 16, in get_bootloader
    raise RuntimeError('Bootloader could not be detected')
RuntimeError: Bootloader could not be detected
Unknown ONIE platform bootloader. fast-reboot is not supported.
 admin@sonic:~$ 
[V3] : SKIP saving config_db pre-function-epilog test_VrfFun_05_50 Pass
[V3] : SKIP saving running config pre-function-epilog test_VrfFun_05_50 Pass
[V4] : SKIP saving config_db pre-function-epilog test_VrfFun_05_50 Pass
[V3] : SKIP saving syslog pre-function-epilog test_VrfFun_05_50 Pass
[V4] : SKIP saving running config pre-function-epilog test_VrfFun_05_50 Pass
[V3] : SKIP generating tech-support pre-function-epilog test_VrfFun_05_50 Pass
[V4] : SKIP saving syslog pre-function-epilog test_VrfFun_05_50 Pass
[V3] : SKIP collect core-files pre-function-epilog test_VrfFun_05_50 Pass
[V4] : SKIP generating tech-support pre-function-epilog test_VrfFun_05_50 Pass
[V3] : SKIP saving sai_redis pre-function-epilog test_VrfFun_05_50 Pass
[V4] : SKIP collect core-files pre-function-epilog test_VrfFun_05_50 Pass
[V3] : SKIP generating sysinfo pre-function-epilog test_VrfFun_05_50 Pass
[V4] : SKIP saving sai_redis pre-function-epilog test_VrfFun_05_50 Pass
[V4] : SKIP generating sysinfo pre-function-epilog test_VrfFun_05_50 Pass
[V3] : SKIP saving config_db post-function-epilog test_VrfFun_05_50 Pass
[V3] : SKIP saving running config post-function-epilog test_VrfFun_05_50 Pass
[V3] : SKIP saving syslog post-function-epilog test_VrfFun_05_50 Pass
[V4] : SKIP saving config_db post-function-epilog test_VrfFun_05_50 Pass
[V3] : SKIP generating tech-support post-function-epilog test_VrfFun_05_50 Pass
[V4] : SKIP saving running config post-function-epilog test_VrfFun_05_50 Pass
[V3] : SKIP collect core-files post-function-epilog test_VrfFun_05_50 Pass
[V4] : SKIP saving syslog post-function-epilog test_VrfFun_05_50 Pass
[V3] : SKIP saving sai_redis post-function-epilog test_VrfFun_05_50 Pass
[V4] : SKIP generating tech-support post-function-epilog test_VrfFun_05_50 Pass
[V3] : SKIP generating sysinfo post-function-epilog test_VrfFun_05_50 Pass
[V4] : SKIP collect core-files post-function-epilog test_VrfFun_05_50 Pass
[V4] : SKIP saving sai_redis post-function-epilog test_VrfFun_05_50 Pass
[V4] : SKIP generating sysinfo post-function-epilog test_VrfFun_05_50 Pass
[V4] : SKIP saving running config pre-module-epilog routing/VRF/test_vrf.py fail
[V4] : SKIP saving syslog pre-module-epilog routing/VRF/test_vrf.py fail
[V4] : SKIP saving sai_redis pre-module-epilog routing/VRF/test_vrf.py fail
[V4] : SKIP generating sysinfo pre-module-epilog routing/VRF/test_vrf.py fail
[V3] : SKIP saving running config pre-module-epilog routing/VRF/test_vrf.py fail
[V3] : SKIP saving syslog pre-module-epilog routing/VRF/test_vrf.py fail
[V3] : SKIP saving sai_redis pre-module-epilog routing/VRF/test_vrf.py fail
[V3] : SKIP generating sysinfo pre-module-epilog routing/VRF/test_vrf.py fail
[V3] : SKIP saving running config post-module-epilog routing/VRF/test_vrf.py fail
[V3] : SKIP saving syslog post-module-epilog routing/VRF/test_vrf.py fail
[V3] : SKIP saving sai_redis post-module-epilog routing/VRF/test_vrf.py fail
[V3] : SKIP generating sysinfo post-module-epilog routing/VRF/test_vrf.py fail
[V4] : SKIP saving running config post-module-epilog routing/VRF/test_vrf.py fail
[V4] : SKIP saving syslog post-module-epilog routing/VRF/test_vrf.py fail
[V4] : SKIP saving sai_redis post-module-epilog routing/VRF/test_vrf.py fail
[V4] : SKIP generating sysinfo post-module-epilog routing/VRF/test_vrf.py fail
ensure_min_topology, , None
ensure_min_topology, , D1D2:4 D1T1:2 D2T1:2 CHIP_REV=!X2
[V3] : SKIP saving running config pre-module-prolog routing/VRF/test_vrf_scale.py 
[V3] : SKIP saving syslog pre-module-prolog routing/VRF/test_vrf_scale.py 
[V3] : SKIP generating tech-support pre-module-prolog routing/VRF/test_vrf_scale.py 
[V3] : SKIP collect core-files pre-module-prolog routing/VRF/test_vrf_scale.py 
[V3] : SKIP saving sai_redis pre-module-prolog routing/VRF/test_vrf_scale.py 
[V3] : SKIP generating sysinfo pre-module-prolog routing/VRF/test_vrf_scale.py 
[V4] : SKIP saving running config pre-module-prolog routing/VRF/test_vrf_scale.py 
[V4] : SKIP saving syslog pre-module-prolog routing/VRF/test_vrf_scale.py 
[V4] : SKIP generating tech-support pre-module-prolog routing/VRF/test_vrf_scale.py 
[V4] : SKIP collect core-files pre-module-prolog routing/VRF/test_vrf_scale.py 
[V4] : SKIP saving sai_redis pre-module-prolog routing/VRF/test_vrf_scale.py 
[V4] : SKIP generating sysinfo pre-module-prolog routing/VRF/test_vrf_scale.py 
TEMPLATE USED: unix_ifcfg.tmpl: /sbin/ifconfig Ethernet0

################################################################################
#             yet to be parallized: routing/VRF/test_vrf_scale.py              #
################################################################################

2024-01-08 01:20:02.857296, show platform summary, D2, D1

################################################################################

[V4] : SKIP saving running config post-module-prolog routing/VRF/test_vrf_scale.py Pass
[V4] : SKIP saving syslog post-module-prolog routing/VRF/test_vrf_scale.py Pass
[V4] : SKIP generating tech-support post-module-prolog routing/VRF/test_vrf_scale.py Pass
[V4] : SKIP collect core-files post-module-prolog routing/VRF/test_vrf_scale.py Pass
[V4] : SKIP saving sai_redis post-module-prolog routing/VRF/test_vrf_scale.py Pass
[V4] : SKIP generating sysinfo post-module-prolog routing/VRF/test_vrf_scale.py Pass
[V3] : SKIP saving running config post-module-prolog routing/VRF/test_vrf_scale.py Pass
[V3] : SKIP saving syslog post-module-prolog routing/VRF/test_vrf_scale.py Pass
[V3] : SKIP generating tech-support post-module-prolog routing/VRF/test_vrf_scale.py Pass
[V3] : SKIP collect core-files post-module-prolog routing/VRF/test_vrf_scale.py Pass
[V3] : SKIP saving sai_redis post-module-prolog routing/VRF/test_vrf_scale.py Pass
[V3] : SKIP generating sysinfo post-module-prolog routing/VRF/test_vrf_scale.py Pass
[V3] : SKIP saving config_db pre-function-prolog test_vrf_scale 
[V3] : SKIP saving running config pre-function-prolog test_vrf_scale 
[V3] : SKIP saving syslog pre-function-prolog test_vrf_scale 
[V4] : SKIP saving config_db pre-function-prolog test_vrf_scale 
[V3] : SKIP generating tech-support pre-function-prolog test_vrf_scale 
[V4] : SKIP saving running config pre-function-prolog test_vrf_scale 
[V3] : SKIP collect core-files pre-function-prolog test_vrf_scale 
[V4] : SKIP saving syslog pre-function-prolog test_vrf_scale 
[V3] : SKIP saving sai_redis pre-function-prolog test_vrf_scale 
[V4] : SKIP generating tech-support pre-function-prolog test_vrf_scale 
[V3] : SKIP generating sysinfo pre-function-prolog test_vrf_scale 
[V4] : SKIP collect core-files pre-function-prolog test_vrf_scale 
[V4] : SKIP saving sai_redis pre-function-prolog test_vrf_scale 
[V4] : SKIP generating sysinfo pre-function-prolog test_vrf_scale 
[V3] : SKIP saving config_db post-function-prolog test_vrf_scale Pass
[V3] : SKIP saving running config post-function-prolog test_vrf_scale Pass
[V3] : SKIP saving syslog post-function-prolog test_vrf_scale Pass
[V3] : SKIP generating tech-support post-function-prolog test_vrf_scale Pass
[V3] : SKIP collect core-files post-function-prolog test_vrf_scale Pass
[V4] : SKIP saving config_db post-function-prolog test_vrf_scale Pass
[V3] : SKIP saving sai_redis post-function-prolog test_vrf_scale Pass
[V4] : SKIP saving running config post-function-prolog test_vrf_scale Pass
[V3] : SKIP generating sysinfo post-function-prolog test_vrf_scale Pass
[V4] : SKIP saving syslog post-function-prolog test_vrf_scale Pass
[V4] : SKIP generating tech-support post-function-prolog test_vrf_scale Pass
[V4] : SKIP collect core-files post-function-prolog test_vrf_scale Pass
[V4] : SKIP saving sai_redis post-function-prolog test_vrf_scale Pass
[V4] : SKIP generating sysinfo post-function-prolog test_vrf_scale Pass
[V3] : SKIP saving config_db pre-function-epilog test_vrf_scale Fail
[V3] : SKIP saving running config pre-function-epilog test_vrf_scale Fail
[V4] : SKIP saving config_db pre-function-epilog test_vrf_scale Fail
[V3] : SKIP saving syslog pre-function-epilog test_vrf_scale Fail
[V4] : SKIP saving running config pre-function-epilog test_vrf_scale Fail
[V4] : SKIP saving syslog pre-function-epilog test_vrf_scale Fail
[V3] : SKIP saving sai_redis pre-function-epilog test_vrf_scale Fail
[V3] : SKIP generating sysinfo pre-function-epilog test_vrf_scale Fail
[V4] : SKIP saving sai_redis pre-function-epilog test_vrf_scale Fail
[V4] : SKIP generating sysinfo pre-function-epilog test_vrf_scale Fail
[V3] : SKIP saving config_db post-function-epilog test_vrf_scale ignore
[V3] : SKIP saving running config post-function-epilog test_vrf_scale ignore
[V4] : SKIP saving config_db post-function-epilog test_vrf_scale ignore
[V3] : SKIP saving syslog post-function-epilog test_vrf_scale ignore
[V4] : SKIP saving running config post-function-epilog test_vrf_scale ignore
[V4] : SKIP saving syslog post-function-epilog test_vrf_scale ignore
[V3] : SKIP saving sai_redis post-function-epilog test_vrf_scale ignore
[V3] : SKIP generating sysinfo post-function-epilog test_vrf_scale ignore
[V4] : SKIP saving sai_redis post-function-epilog test_vrf_scale ignore
[V4] : SKIP generating sysinfo post-function-epilog test_vrf_scale ignore
[V3] : SKIP saving config_db pre-function-prolog test_vrf_route_leak 
[V3] : SKIP saving running config pre-function-prolog test_vrf_route_leak 
[V3] : SKIP saving syslog pre-function-prolog test_vrf_route_leak 
[V3] : SKIP generating tech-support pre-function-prolog test_vrf_route_leak 
[V3] : SKIP collect core-files pre-function-prolog test_vrf_route_leak 
[V3] : SKIP saving sai_redis pre-function-prolog test_vrf_route_leak 
[V4] : SKIP saving config_db pre-function-prolog test_vrf_route_leak 
[V3] : SKIP generating sysinfo pre-function-prolog test_vrf_route_leak 
[V4] : SKIP saving running config pre-function-prolog test_vrf_route_leak 
[V4] : SKIP saving syslog pre-function-prolog test_vrf_route_leak 
[V4] : SKIP generating tech-support pre-function-prolog test_vrf_route_leak 
[V4] : SKIP collect core-files pre-function-prolog test_vrf_route_leak 
[V4] : SKIP saving sai_redis pre-function-prolog test_vrf_route_leak 
[V4] : SKIP generating sysinfo pre-function-prolog test_vrf_route_leak 
[V3] : SKIP saving config_db pre-function-epilog test_vrf_route_leak Pass
[V3] : SKIP saving running config pre-function-epilog test_vrf_route_leak Pass
[V4] : SKIP saving config_db pre-function-epilog test_vrf_route_leak Pass
[V3] : SKIP saving syslog pre-function-epilog test_vrf_route_leak Pass
[V4] : SKIP saving running config pre-function-epilog test_vrf_route_leak Pass
[V3] : SKIP generating tech-support pre-function-epilog test_vrf_route_leak Pass
[V4] : SKIP saving syslog pre-function-epilog test_vrf_route_leak Pass
[V3] : SKIP collect core-files pre-function-epilog test_vrf_route_leak Pass
[V4] : SKIP generating tech-support pre-function-epilog test_vrf_route_leak Pass
[V3] : SKIP saving sai_redis pre-function-epilog test_vrf_route_leak Pass
[V4] : SKIP collect core-files pre-function-epilog test_vrf_route_leak Pass
[V3] : SKIP generating sysinfo pre-function-epilog test_vrf_route_leak Pass
[V4] : SKIP saving sai_redis pre-function-epilog test_vrf_route_leak Pass
[V4] : SKIP generating sysinfo pre-function-epilog test_vrf_route_leak Pass
[V3] : SKIP saving config_db post-function-epilog test_vrf_route_leak Pass
[V3] : SKIP saving running config post-function-epilog test_vrf_route_leak Pass
[V3] : SKIP saving syslog post-function-epilog test_vrf_route_leak Pass
[V3] : SKIP generating tech-support post-function-epilog test_vrf_route_leak Pass
[V4] : SKIP saving config_db post-function-epilog test_vrf_route_leak Pass
[V3] : SKIP collect core-files post-function-epilog test_vrf_route_leak Pass
[V4] : SKIP saving running config post-function-epilog test_vrf_route_leak Pass
[V3] : SKIP saving sai_redis post-function-epilog test_vrf_route_leak Pass
[V4] : SKIP saving syslog post-function-epilog test_vrf_route_leak Pass
[V3] : SKIP generating sysinfo post-function-epilog test_vrf_route_leak Pass
[V4] : SKIP generating tech-support post-function-epilog test_vrf_route_leak Pass
[V4] : SKIP collect core-files post-function-epilog test_vrf_route_leak Pass
[V4] : SKIP saving sai_redis post-function-epilog test_vrf_route_leak Pass
[V4] : SKIP generating sysinfo post-function-epilog test_vrf_route_leak Pass
[V3] : SKIP saving config_db pre-function-prolog test_vrf_bgp 
[V3] : SKIP saving running config pre-function-prolog test_vrf_bgp 
[V3] : SKIP saving syslog pre-function-prolog test_vrf_bgp 
[V3] : SKIP generating tech-support pre-function-prolog test_vrf_bgp 
[V4] : SKIP saving config_db pre-function-prolog test_vrf_bgp 
[V3] : SKIP collect core-files pre-function-prolog test_vrf_bgp 
[V4] : SKIP saving running config pre-function-prolog test_vrf_bgp 
[V3] : SKIP saving sai_redis pre-function-prolog test_vrf_bgp 
[V4] : SKIP saving syslog pre-function-prolog test_vrf_bgp 
[V3] : SKIP generating sysinfo pre-function-prolog test_vrf_bgp 
[V4] : SKIP generating tech-support pre-function-prolog test_vrf_bgp 
[V4] : SKIP collect core-files pre-function-prolog test_vrf_bgp 
[V4] : SKIP saving sai_redis pre-function-prolog test_vrf_bgp 
[V4] : SKIP generating sysinfo pre-function-prolog test_vrf_bgp 
TEMPLATE USED: show_bgp_neighbor.tmpl: show bgp vrf Vrf-900 neighbors 5.3.131.2
TEMPLATE USED: show_bgp_neighbor.tmpl: show bgp vrf Vrf-997 neighbors 5.3.228.2
[V3] : SKIP saving config_db pre-function-epilog test_vrf_bgp Pass
[V3] : SKIP saving running config pre-function-epilog test_vrf_bgp Pass
[V3] : SKIP saving syslog pre-function-epilog test_vrf_bgp Pass
[V4] : SKIP saving config_db pre-function-epilog test_vrf_bgp Pass
[V3] : SKIP generating tech-support pre-function-epilog test_vrf_bgp Pass
[V4] : SKIP saving running config pre-function-epilog test_vrf_bgp Pass
[V3] : SKIP collect core-files pre-function-epilog test_vrf_bgp Pass
[V4] : SKIP saving syslog pre-function-epilog test_vrf_bgp Pass
[V3] : SKIP saving sai_redis pre-function-epilog test_vrf_bgp Pass
[V4] : SKIP generating tech-support pre-function-epilog test_vrf_bgp Pass
[V3] : SKIP generating sysinfo pre-function-epilog test_vrf_bgp Pass
[V4] : SKIP collect core-files pre-function-epilog test_vrf_bgp Pass
[V4] : SKIP saving sai_redis pre-function-epilog test_vrf_bgp Pass
[V4] : SKIP generating sysinfo pre-function-epilog test_vrf_bgp Pass
[V3] : SKIP saving config_db post-function-epilog test_vrf_bgp Pass
[V3] : SKIP saving running config post-function-epilog test_vrf_bgp Pass
[V3] : SKIP saving syslog post-function-epilog test_vrf_bgp Pass
[V3] : SKIP generating tech-support post-function-epilog test_vrf_bgp Pass
[V4] : SKIP saving config_db post-function-epilog test_vrf_bgp Pass
[V3] : SKIP collect core-files post-function-epilog test_vrf_bgp Pass
[V4] : SKIP saving running config post-function-epilog test_vrf_bgp Pass
[V3] : SKIP saving sai_redis post-function-epilog test_vrf_bgp Pass
[V4] : SKIP saving syslog post-function-epilog test_vrf_bgp Pass
[V3] : SKIP generating sysinfo post-function-epilog test_vrf_bgp Pass
[V4] : SKIP generating tech-support post-function-epilog test_vrf_bgp Pass
[V4] : SKIP collect core-files post-function-epilog test_vrf_bgp Pass
[V4] : SKIP saving sai_redis post-function-epilog test_vrf_bgp Pass
[V4] : SKIP generating sysinfo post-function-epilog test_vrf_bgp Pass
[V3] : SKIP saving config_db pre-function-prolog test_vrf_reload 
[V3] : SKIP saving running config pre-function-prolog test_vrf_reload 
[V3] : SKIP saving syslog pre-function-prolog test_vrf_reload 
[V3] : SKIP generating tech-support pre-function-prolog test_vrf_reload 
[V3] : SKIP collect core-files pre-function-prolog test_vrf_reload 
[V3] : SKIP saving sai_redis pre-function-prolog test_vrf_reload 
[V4] : SKIP saving config_db pre-function-prolog test_vrf_reload 
[V3] : SKIP generating sysinfo pre-function-prolog test_vrf_reload 
[V4] : SKIP saving running config pre-function-prolog test_vrf_reload 
[V4] : SKIP saving syslog pre-function-prolog test_vrf_reload 
[V4] : SKIP generating tech-support pre-function-prolog test_vrf_reload 
[V4] : SKIP collect core-files pre-function-prolog test_vrf_reload 
[V4] : SKIP saving sai_redis pre-function-prolog test_vrf_reload 
[V4] : SKIP generating sysinfo pre-function-prolog test_vrf_reload 
static-wait-debug V3 
Traceback (most recent call last):
  File "/usr/local/bin/sonic-installer", line 8, in <module>
    sys.exit(sonic_installer())
  File "/usr/local/lib/python3.9/dist-packages/click/core.py", line 764, in __call__
    return self.main(*args, **kwargs)
  File "/usr/local/lib/python3.9/dist-packages/click/core.py", line 717, in main
    rv = self.invoke(ctx)
  File "/usr/local/lib/python3.9/dist-packages/click/core.py", line 1137, in invoke
    return _process_result(sub_ctx.command.invoke(sub_ctx))
  File "/usr/local/lib/python3.9/dist-packages/click/core.py", line 956, in invoke
    return ctx.invoke(self.callback, **ctx.params)
  File "/usr/local/lib/python3.9/dist-packages/click/core.py", line 555, in invoke
    return callback(*args, **kwargs)
  File "/usr/local/lib/python3.9/dist-packages/sonic_installer/main.py", line 577, in list_command
    bootloader = get_bootloader()
  File "/usr/local/lib/python3.9/dist-packages/sonic_installer/bootloader/__init__.py", line 16, in get_bootloader
    raise RuntimeError('Bootloader could not be detected')
RuntimeError: Bootloader could not be detected
Unknown ONIE platform bootloader. fast-reboot is not supported.
 admin@sonic:~$ 
[V3] : SKIP saving config_db pre-function-epilog test_vrf_reload Fail
[V3] : SKIP saving running config pre-function-epilog test_vrf_reload Fail
[V4] : SKIP saving config_db pre-function-epilog test_vrf_reload Fail
[V3] : SKIP saving syslog pre-function-epilog test_vrf_reload Fail
[V4] : SKIP saving running config pre-function-epilog test_vrf_reload Fail
[V4] : SKIP saving syslog pre-function-epilog test_vrf_reload Fail
[V3] : SKIP saving sai_redis pre-function-epilog test_vrf_reload Fail
[V3] : SKIP generating sysinfo pre-function-epilog test_vrf_reload Fail
[V4] : SKIP saving sai_redis pre-function-epilog test_vrf_reload Fail
[V4] : SKIP generating sysinfo pre-function-epilog test_vrf_reload Fail
[V3] : SKIP saving config_db post-function-epilog test_vrf_reload ignore
[V3] : SKIP saving running config post-function-epilog test_vrf_reload ignore
[V4] : SKIP saving config_db post-function-epilog test_vrf_reload ignore
[V3] : SKIP saving syslog post-function-epilog test_vrf_reload ignore
[V4] : SKIP saving running config post-function-epilog test_vrf_reload ignore
[V4] : SKIP saving syslog post-function-epilog test_vrf_reload ignore
[V3] : SKIP saving sai_redis post-function-epilog test_vrf_reload ignore
[V3] : SKIP generating sysinfo post-function-epilog test_vrf_reload ignore
[V4] : SKIP saving sai_redis post-function-epilog test_vrf_reload ignore
[V4] : SKIP generating sysinfo post-function-epilog test_vrf_reload ignore
[V3] : SKIP saving running config pre-module-epilog routing/VRF/test_vrf_scale.py fail
[V3] : SKIP saving syslog pre-module-epilog routing/VRF/test_vrf_scale.py fail
[V3] : SKIP saving sai_redis pre-module-epilog routing/VRF/test_vrf_scale.py fail
[V3] : SKIP generating sysinfo pre-module-epilog routing/VRF/test_vrf_scale.py fail
[V4] : SKIP saving running config pre-module-epilog routing/VRF/test_vrf_scale.py fail
[V4] : SKIP saving syslog pre-module-epilog routing/VRF/test_vrf_scale.py fail
[V4] : SKIP saving sai_redis pre-module-epilog routing/VRF/test_vrf_scale.py fail
[V4] : SKIP generating sysinfo pre-module-epilog routing/VRF/test_vrf_scale.py fail
[V3] : SKIP saving running config post-module-epilog routing/VRF/test_vrf_scale.py fail
[V3] : SKIP saving syslog post-module-epilog routing/VRF/test_vrf_scale.py fail
[V3] : SKIP saving sai_redis post-module-epilog routing/VRF/test_vrf_scale.py fail
[V3] : SKIP generating sysinfo post-module-epilog routing/VRF/test_vrf_scale.py fail
[V4] : SKIP saving running config post-module-epilog routing/VRF/test_vrf_scale.py fail
[V4] : SKIP saving syslog post-module-epilog routing/VRF/test_vrf_scale.py fail
[V4] : SKIP saving sai_redis post-module-epilog routing/VRF/test_vrf_scale.py fail
[V4] : SKIP generating sysinfo post-module-epilog routing/VRF/test_vrf_scale.py fail
ensure_min_topology, , None
ensure_min_topology, , D1D2:1 D1T1:1 D2T1:1
[V3] : SKIP saving running config pre-module-prolog sanity/test_sanity_l3.py 
[V3] : SKIP saving syslog pre-module-prolog sanity/test_sanity_l3.py 
[V3] : SKIP generating tech-support pre-module-prolog sanity/test_sanity_l3.py 
[V3] : SKIP collect core-files pre-module-prolog sanity/test_sanity_l3.py 
[V3] : SKIP saving sai_redis pre-module-prolog sanity/test_sanity_l3.py 
[V3] : SKIP generating sysinfo pre-module-prolog sanity/test_sanity_l3.py 
[V4] : SKIP saving running config pre-module-prolog sanity/test_sanity_l3.py 
[V4] : SKIP saving syslog pre-module-prolog sanity/test_sanity_l3.py 
[V4] : SKIP generating tech-support pre-module-prolog sanity/test_sanity_l3.py 
[V4] : SKIP collect core-files pre-module-prolog sanity/test_sanity_l3.py 
[V4] : SKIP saving sai_redis pre-module-prolog sanity/test_sanity_l3.py 
[V4] : SKIP generating sysinfo pre-module-prolog sanity/test_sanity_l3.py 
TEMPLATE USED: show_ip_interfaces.tmpl: show ip interface
TEMPLATE USED: show_ip_interfaces.tmpl: show ipv6 interface
TEMPLATE USED: show_Vlan.tmpl: show vlan config
TEMPLATE USED: show_interfaces_portchannel_qa.tmpl: show interfaces portchannel
[V3] : SKIP saving running config post-module-prolog sanity/test_sanity_l3.py Pass
[V3] : SKIP saving syslog post-module-prolog sanity/test_sanity_l3.py Pass
[V3] : SKIP generating tech-support post-module-prolog sanity/test_sanity_l3.py Pass
[V3] : SKIP collect core-files post-module-prolog sanity/test_sanity_l3.py Pass
[V3] : SKIP saving sai_redis post-module-prolog sanity/test_sanity_l3.py Pass
[V3] : SKIP generating sysinfo post-module-prolog sanity/test_sanity_l3.py Pass
[V4] : SKIP saving running config post-module-prolog sanity/test_sanity_l3.py Pass
[V4] : SKIP saving syslog post-module-prolog sanity/test_sanity_l3.py Pass
[V4] : SKIP generating tech-support post-module-prolog sanity/test_sanity_l3.py Pass
[V4] : SKIP collect core-files post-module-prolog sanity/test_sanity_l3.py Pass
[V4] : SKIP saving sai_redis post-module-prolog sanity/test_sanity_l3.py Pass
[V4] : SKIP generating sysinfo post-module-prolog sanity/test_sanity_l3.py Pass
[V3] : SKIP saving config_db pre-function-prolog test_l2_to_l3_port 
[V3] : SKIP saving running config pre-function-prolog test_l2_to_l3_port 
[V3] : SKIP saving syslog pre-function-prolog test_l2_to_l3_port 
[V3] : SKIP generating tech-support pre-function-prolog test_l2_to_l3_port 
[V3] : SKIP collect core-files pre-function-prolog test_l2_to_l3_port 
[V3] : SKIP saving sai_redis pre-function-prolog test_l2_to_l3_port 
[V4] : SKIP saving config_db pre-function-prolog test_l2_to_l3_port 
[V3] : SKIP generating sysinfo pre-function-prolog test_l2_to_l3_port 
[V4] : SKIP saving running config pre-function-prolog test_l2_to_l3_port 
[V4] : SKIP saving syslog pre-function-prolog test_l2_to_l3_port 
[V4] : SKIP generating tech-support pre-function-prolog test_l2_to_l3_port 
[V4] : SKIP collect core-files pre-function-prolog test_l2_to_l3_port 
[V4] : SKIP saving sai_redis pre-function-prolog test_l2_to_l3_port 
[V4] : SKIP generating sysinfo pre-function-prolog test_l2_to_l3_port 
[V3] : SKIP saving config_db post-function-prolog test_l2_to_l3_port Pass
[V3] : SKIP saving running config post-function-prolog test_l2_to_l3_port Pass
[V3] : SKIP saving syslog post-function-prolog test_l2_to_l3_port Pass
[V4] : SKIP saving config_db post-function-prolog test_l2_to_l3_port Pass
[V3] : SKIP generating tech-support post-function-prolog test_l2_to_l3_port Pass
[V4] : SKIP saving running config post-function-prolog test_l2_to_l3_port Pass
[V3] : SKIP collect core-files post-function-prolog test_l2_to_l3_port Pass
[V4] : SKIP saving syslog post-function-prolog test_l2_to_l3_port Pass
[V3] : SKIP saving sai_redis post-function-prolog test_l2_to_l3_port Pass
[V4] : SKIP generating tech-support post-function-prolog test_l2_to_l3_port Pass
[V3] : SKIP generating sysinfo post-function-prolog test_l2_to_l3_port Pass
[V4] : SKIP collect core-files post-function-prolog test_l2_to_l3_port Pass
[V4] : SKIP saving sai_redis post-function-prolog test_l2_to_l3_port Pass
[V4] : SKIP generating sysinfo post-function-prolog test_l2_to_l3_port Pass
[V3] : SKIP saving config_db pre-function-epilog test_l2_to_l3_port Fail
[V3] : SKIP saving running config pre-function-epilog test_l2_to_l3_port Fail
[V4] : SKIP saving config_db pre-function-epilog test_l2_to_l3_port Fail
[V3] : SKIP saving syslog pre-function-epilog test_l2_to_l3_port Fail
[V4] : SKIP saving running config pre-function-epilog test_l2_to_l3_port Fail
[V4] : SKIP saving syslog pre-function-epilog test_l2_to_l3_port Fail
[V3] : SKIP saving sai_redis pre-function-epilog test_l2_to_l3_port Fail
[V3] : SKIP generating sysinfo pre-function-epilog test_l2_to_l3_port Fail
[V4] : SKIP saving sai_redis pre-function-epilog test_l2_to_l3_port Fail
[V4] : SKIP generating sysinfo pre-function-epilog test_l2_to_l3_port Fail
[V3] : SKIP saving config_db post-function-epilog test_l2_to_l3_port ignore
[V3] : SKIP saving running config post-function-epilog test_l2_to_l3_port ignore
[V3] : SKIP saving syslog post-function-epilog test_l2_to_l3_port ignore
[V4] : SKIP saving config_db post-function-epilog test_l2_to_l3_port ignore
[V4] : SKIP saving running config post-function-epilog test_l2_to_l3_port ignore
[V4] : SKIP saving syslog post-function-epilog test_l2_to_l3_port ignore
[V3] : SKIP saving sai_redis post-function-epilog test_l2_to_l3_port ignore
[V3] : SKIP generating sysinfo post-function-epilog test_l2_to_l3_port ignore
[V4] : SKIP saving sai_redis post-function-epilog test_l2_to_l3_port ignore
[V4] : SKIP generating sysinfo post-function-epilog test_l2_to_l3_port ignore
[V3] : SKIP saving running config pre-module-epilog sanity/test_sanity_l3.py fail
[V3] : SKIP saving syslog pre-module-epilog sanity/test_sanity_l3.py fail
[V3] : SKIP saving sai_redis pre-module-epilog sanity/test_sanity_l3.py fail
[V3] : SKIP generating sysinfo pre-module-epilog sanity/test_sanity_l3.py fail
[V4] : SKIP saving running config pre-module-epilog sanity/test_sanity_l3.py fail
[V4] : SKIP saving syslog pre-module-epilog sanity/test_sanity_l3.py fail
[V4] : SKIP saving sai_redis pre-module-epilog sanity/test_sanity_l3.py fail
[V4] : SKIP generating sysinfo pre-module-epilog sanity/test_sanity_l3.py fail
[V3] : SKIP saving running config post-module-epilog sanity/test_sanity_l3.py fail
[V3] : SKIP saving syslog post-module-epilog sanity/test_sanity_l3.py fail
[V3] : SKIP saving sai_redis post-module-epilog sanity/test_sanity_l3.py fail
[V3] : SKIP generating sysinfo post-module-epilog sanity/test_sanity_l3.py fail
[V4] : SKIP saving running config post-module-epilog sanity/test_sanity_l3.py fail
[V4] : SKIP saving syslog post-module-epilog sanity/test_sanity_l3.py fail
[V4] : SKIP saving sai_redis post-module-epilog sanity/test_sanity_l3.py fail
[V4] : SKIP generating sysinfo post-module-epilog sanity/test_sanity_l3.py fail
ensure_min_topology, , None
ensure_min_topology, , D1D2:1 D1T1:1 D2T1:1 TGEN=ixia
[V3] : SKIP saving running config pre-module-prolog routing/BGP/test_bgp_rr_traffic.py 
[V3] : SKIP saving syslog pre-module-prolog routing/BGP/test_bgp_rr_traffic.py 
[V3] : SKIP generating tech-support pre-module-prolog routing/BGP/test_bgp_rr_traffic.py 
[V3] : SKIP collect core-files pre-module-prolog routing/BGP/test_bgp_rr_traffic.py 
[V3] : SKIP saving sai_redis pre-module-prolog routing/BGP/test_bgp_rr_traffic.py 
[V3] : SKIP generating sysinfo pre-module-prolog routing/BGP/test_bgp_rr_traffic.py 
[V4] : SKIP saving running config pre-module-prolog routing/BGP/test_bgp_rr_traffic.py 
[V4] : SKIP saving syslog pre-module-prolog routing/BGP/test_bgp_rr_traffic.py 
[V4] : SKIP generating tech-support pre-module-prolog routing/BGP/test_bgp_rr_traffic.py 
[V4] : SKIP collect core-files pre-module-prolog routing/BGP/test_bgp_rr_traffic.py 
[V4] : SKIP saving sai_redis pre-module-prolog routing/BGP/test_bgp_rr_traffic.py 
[V4] : SKIP generating sysinfo pre-module-prolog routing/BGP/test_bgp_rr_traffic.py 
TEMPLATE USED: show_ip_bgp_summary.tmpl: show bgp ipv4 summary
TEMPLATE USED: show_ip_bgp_summary.tmpl: show bgp ipv6 summary
[V3] : SKIP saving config_db post-class-prolog routing/BGP/test_bgp_rr_traffic.py Pass
[V3] : SKIP saving running config post-class-prolog routing/BGP/test_bgp_rr_traffic.py Pass
[V3] : SKIP saving syslog post-class-prolog routing/BGP/test_bgp_rr_traffic.py Pass
[V4] : SKIP saving config_db post-class-prolog routing/BGP/test_bgp_rr_traffic.py Pass
[V3] : SKIP generating tech-support post-class-prolog routing/BGP/test_bgp_rr_traffic.py Pass
[V4] : SKIP saving running config post-class-prolog routing/BGP/test_bgp_rr_traffic.py Pass
[V3] : SKIP collect core-files post-class-prolog routing/BGP/test_bgp_rr_traffic.py Pass
[V4] : SKIP saving syslog post-class-prolog routing/BGP/test_bgp_rr_traffic.py Pass
[V3] : SKIP saving sai_redis post-class-prolog routing/BGP/test_bgp_rr_traffic.py Pass
[V4] : SKIP generating tech-support post-class-prolog routing/BGP/test_bgp_rr_traffic.py Pass
[V3] : SKIP generating sysinfo post-class-prolog routing/BGP/test_bgp_rr_traffic.py Pass
[V4] : SKIP collect core-files post-class-prolog routing/BGP/test_bgp_rr_traffic.py Pass
[V4] : SKIP saving sai_redis post-class-prolog routing/BGP/test_bgp_rr_traffic.py Pass
[V4] : SKIP generating sysinfo post-class-prolog routing/BGP/test_bgp_rr_traffic.py Pass
[V3] : SKIP saving running config post-module-prolog routing/BGP/test_bgp_rr_traffic.py Pass
[V3] : SKIP saving syslog post-module-prolog routing/BGP/test_bgp_rr_traffic.py Pass
[V3] : SKIP generating tech-support post-module-prolog routing/BGP/test_bgp_rr_traffic.py Pass
[V3] : SKIP collect core-files post-module-prolog routing/BGP/test_bgp_rr_traffic.py Pass
[V3] : SKIP saving sai_redis post-module-prolog routing/BGP/test_bgp_rr_traffic.py Pass
[V3] : SKIP generating sysinfo post-module-prolog routing/BGP/test_bgp_rr_traffic.py Pass
[V4] : SKIP saving running config post-module-prolog routing/BGP/test_bgp_rr_traffic.py Pass
[V4] : SKIP saving syslog post-module-prolog routing/BGP/test_bgp_rr_traffic.py Pass
[V4] : SKIP generating tech-support post-module-prolog routing/BGP/test_bgp_rr_traffic.py Pass
[V4] : SKIP collect core-files post-module-prolog routing/BGP/test_bgp_rr_traffic.py Pass
[V4] : SKIP saving sai_redis post-module-prolog routing/BGP/test_bgp_rr_traffic.py Pass
[V4] : SKIP generating sysinfo post-module-prolog routing/BGP/test_bgp_rr_traffic.py Pass
[V3] : SKIP saving config_db pre-function-prolog TestBGPRrTraffic.test_ft_bgp6_rr_traffic_check 
[V3] : SKIP saving running config pre-function-prolog TestBGPRrTraffic.test_ft_bgp6_rr_traffic_check 
[V3] : SKIP saving syslog pre-function-prolog TestBGPRrTraffic.test_ft_bgp6_rr_traffic_check 
[V3] : SKIP generating tech-support pre-function-prolog TestBGPRrTraffic.test_ft_bgp6_rr_traffic_check 
[V3] : SKIP collect core-files pre-function-prolog TestBGPRrTraffic.test_ft_bgp6_rr_traffic_check 
[V3] : SKIP saving sai_redis pre-function-prolog TestBGPRrTraffic.test_ft_bgp6_rr_traffic_check 
[V4] : SKIP saving config_db pre-function-prolog TestBGPRrTraffic.test_ft_bgp6_rr_traffic_check 
[V3] : SKIP generating sysinfo pre-function-prolog TestBGPRrTraffic.test_ft_bgp6_rr_traffic_check 
[V4] : SKIP saving running config pre-function-prolog TestBGPRrTraffic.test_ft_bgp6_rr_traffic_check 
[V4] : SKIP saving syslog pre-function-prolog TestBGPRrTraffic.test_ft_bgp6_rr_traffic_check 
[V4] : SKIP generating tech-support pre-function-prolog TestBGPRrTraffic.test_ft_bgp6_rr_traffic_check 
[V4] : SKIP collect core-files pre-function-prolog TestBGPRrTraffic.test_ft_bgp6_rr_traffic_check 
[V4] : SKIP saving sai_redis pre-function-prolog TestBGPRrTraffic.test_ft_bgp6_rr_traffic_check 
[V4] : SKIP generating sysinfo pre-function-prolog TestBGPRrTraffic.test_ft_bgp6_rr_traffic_check 
[V3] : SKIP saving config_db pre-function-epilog TestBGPRrTraffic.test_ft_bgp6_rr_traffic_check Pass
[V3] : SKIP saving running config pre-function-epilog TestBGPRrTraffic.test_ft_bgp6_rr_traffic_check Pass
[V4] : SKIP saving config_db pre-function-epilog TestBGPRrTraffic.test_ft_bgp6_rr_traffic_check Pass
[V3] : SKIP saving syslog pre-function-epilog TestBGPRrTraffic.test_ft_bgp6_rr_traffic_check Pass
[V4] : SKIP saving running config pre-function-epilog TestBGPRrTraffic.test_ft_bgp6_rr_traffic_check Pass
[V3] : SKIP generating tech-support pre-function-epilog TestBGPRrTraffic.test_ft_bgp6_rr_traffic_check Pass
[V4] : SKIP saving syslog pre-function-epilog TestBGPRrTraffic.test_ft_bgp6_rr_traffic_check Pass
[V3] : SKIP collect core-files pre-function-epilog TestBGPRrTraffic.test_ft_bgp6_rr_traffic_check Pass
[V4] : SKIP generating tech-support pre-function-epilog TestBGPRrTraffic.test_ft_bgp6_rr_traffic_check Pass
[V3] : SKIP saving sai_redis pre-function-epilog TestBGPRrTraffic.test_ft_bgp6_rr_traffic_check Pass
[V4] : SKIP collect core-files pre-function-epilog TestBGPRrTraffic.test_ft_bgp6_rr_traffic_check Pass
[V3] : SKIP generating sysinfo pre-function-epilog TestBGPRrTraffic.test_ft_bgp6_rr_traffic_check Pass
[V4] : SKIP saving sai_redis pre-function-epilog TestBGPRrTraffic.test_ft_bgp6_rr_traffic_check Pass
[V4] : SKIP generating sysinfo pre-function-epilog TestBGPRrTraffic.test_ft_bgp6_rr_traffic_check Pass
[V3] : SKIP saving config_db post-function-epilog TestBGPRrTraffic.test_ft_bgp6_rr_traffic_check Pass
[V3] : SKIP saving running config post-function-epilog TestBGPRrTraffic.test_ft_bgp6_rr_traffic_check Pass
[V3] : SKIP saving syslog post-function-epilog TestBGPRrTraffic.test_ft_bgp6_rr_traffic_check Pass
[V4] : SKIP saving config_db post-function-epilog TestBGPRrTraffic.test_ft_bgp6_rr_traffic_check Pass
[V3] : SKIP generating tech-support post-function-epilog TestBGPRrTraffic.test_ft_bgp6_rr_traffic_check Pass
[V4] : SKIP saving running config post-function-epilog TestBGPRrTraffic.test_ft_bgp6_rr_traffic_check Pass
[V3] : SKIP collect core-files post-function-epilog TestBGPRrTraffic.test_ft_bgp6_rr_traffic_check Pass
[V4] : SKIP saving syslog post-function-epilog TestBGPRrTraffic.test_ft_bgp6_rr_traffic_check Pass
[V3] : SKIP saving sai_redis post-function-epilog TestBGPRrTraffic.test_ft_bgp6_rr_traffic_check Pass
[V4] : SKIP generating tech-support post-function-epilog TestBGPRrTraffic.test_ft_bgp6_rr_traffic_check Pass
[V3] : SKIP generating sysinfo post-function-epilog TestBGPRrTraffic.test_ft_bgp6_rr_traffic_check Pass
[V4] : SKIP collect core-files post-function-epilog TestBGPRrTraffic.test_ft_bgp6_rr_traffic_check Pass
[V4] : SKIP saving sai_redis post-function-epilog TestBGPRrTraffic.test_ft_bgp6_rr_traffic_check Pass
[V4] : SKIP generating sysinfo post-function-epilog TestBGPRrTraffic.test_ft_bgp6_rr_traffic_check Pass
[V3] : SKIP saving config_db post-class-epilog routing/BGP/test_bgp_rr_traffic.py pass
[V3] : SKIP saving running config post-class-epilog routing/BGP/test_bgp_rr_traffic.py pass
[V3] : SKIP saving syslog post-class-epilog routing/BGP/test_bgp_rr_traffic.py pass
[V3] : SKIP generating tech-support post-class-epilog routing/BGP/test_bgp_rr_traffic.py pass
[V3] : SKIP collect core-files post-class-epilog routing/BGP/test_bgp_rr_traffic.py pass
[V3] : SKIP saving sai_redis post-class-epilog routing/BGP/test_bgp_rr_traffic.py pass
[V3] : SKIP generating sysinfo post-class-epilog routing/BGP/test_bgp_rr_traffic.py pass
[V4] : SKIP saving config_db post-class-epilog routing/BGP/test_bgp_rr_traffic.py pass
[V4] : SKIP saving running config post-class-epilog routing/BGP/test_bgp_rr_traffic.py pass
[V4] : SKIP saving syslog post-class-epilog routing/BGP/test_bgp_rr_traffic.py pass
[V4] : SKIP generating tech-support post-class-epilog routing/BGP/test_bgp_rr_traffic.py pass
[V4] : SKIP collect core-files post-class-epilog routing/BGP/test_bgp_rr_traffic.py pass
[V4] : SKIP saving sai_redis post-class-epilog routing/BGP/test_bgp_rr_traffic.py pass
[V4] : SKIP generating sysinfo post-class-epilog routing/BGP/test_bgp_rr_traffic.py pass
[V3] : SKIP saving running config pre-module-epilog routing/BGP/test_bgp_rr_traffic.py pass
[V3] : SKIP saving syslog pre-module-epilog routing/BGP/test_bgp_rr_traffic.py pass
[V3] : SKIP generating tech-support pre-module-epilog routing/BGP/test_bgp_rr_traffic.py pass
[V3] : SKIP collect core-files pre-module-epilog routing/BGP/test_bgp_rr_traffic.py pass
[V3] : SKIP saving sai_redis pre-module-epilog routing/BGP/test_bgp_rr_traffic.py pass
[V3] : SKIP generating sysinfo pre-module-epilog routing/BGP/test_bgp_rr_traffic.py pass
[V4] : SKIP saving running config pre-module-epilog routing/BGP/test_bgp_rr_traffic.py pass
[V4] : SKIP saving syslog pre-module-epilog routing/BGP/test_bgp_rr_traffic.py pass
[V4] : SKIP generating tech-support pre-module-epilog routing/BGP/test_bgp_rr_traffic.py pass
[V4] : SKIP collect core-files pre-module-epilog routing/BGP/test_bgp_rr_traffic.py pass
[V4] : SKIP saving sai_redis pre-module-epilog routing/BGP/test_bgp_rr_traffic.py pass
[V4] : SKIP generating sysinfo pre-module-epilog routing/BGP/test_bgp_rr_traffic.py pass
[V3] : SKIP saving running config post-module-epilog routing/BGP/test_bgp_rr_traffic.py pass
[V3] : SKIP saving syslog post-module-epilog routing/BGP/test_bgp_rr_traffic.py pass
[V3] : SKIP generating tech-support post-module-epilog routing/BGP/test_bgp_rr_traffic.py pass
[V3] : SKIP collect core-files post-module-epilog routing/BGP/test_bgp_rr_traffic.py pass
[V3] : SKIP saving sai_redis post-module-epilog routing/BGP/test_bgp_rr_traffic.py pass
[V3] : SKIP generating sysinfo post-module-epilog routing/BGP/test_bgp_rr_traffic.py pass
[V4] : SKIP saving running config post-module-epilog routing/BGP/test_bgp_rr_traffic.py pass
[V4] : SKIP saving syslog post-module-epilog routing/BGP/test_bgp_rr_traffic.py pass
[V4] : SKIP generating tech-support post-module-epilog routing/BGP/test_bgp_rr_traffic.py pass
[V4] : SKIP collect core-files post-module-epilog routing/BGP/test_bgp_rr_traffic.py pass
[V4] : SKIP saving sai_redis post-module-epilog routing/BGP/test_bgp_rr_traffic.py pass
[V4] : SKIP generating sysinfo post-module-epilog routing/BGP/test_bgp_rr_traffic.py pass
ensure_min_topology, , None
static-wait-debug V3 
Traceback (most recent call last):
  File "/usr/local/bin/sonic-installer", line 8, in <module>
    sys.exit(sonic_installer())
  File "/usr/local/lib/python3.9/dist-packages/click/core.py", line 764, in __call__
    return self.main(*args, **kwargs)
  File "/usr/local/lib/python3.9/dist-packages/click/core.py", line 717, in main
    rv = self.invoke(ctx)
  File "/usr/local/lib/python3.9/dist-packages/click/core.py", line 1137, in invoke
    return _process_result(sub_ctx.command.invoke(sub_ctx))
  File "/usr/local/lib/python3.9/dist-packages/click/core.py", line 956, in invoke
    return ctx.invoke(self.callback, **ctx.params)
  File "/usr/local/lib/python3.9/dist-packages/click/core.py", line 555, in invoke
    return callback(*args, **kwargs)
  File "/usr/local/lib/python3.9/dist-packages/sonic_installer/main.py", line 577, in list_command
    bootloader = get_bootloader()
  File "/usr/local/lib/python3.9/dist-packages/sonic_installer/bootloader/__init__.py", line 16, in get_bootloader
    raise RuntimeError('Bootloader could not be detected')
RuntimeError: Bootloader could not be detected
requested COLD shutdown
fstrim: /var/log: the discard operation is not supported
Mon 08 Jan 2024 02:44:12 AM UTC Issuing OS-level reboot ...
 admin@sonic:~$ 
[V3] : SKIP saving config_db port-status-module mlog_batch_test_spytest_infra_1 fail
[V3] : SKIP saving running config port-status-module mlog_batch_test_spytest_infra_1 fail
[V4] : SKIP saving config_db port-status-module mlog_batch_test_spytest_infra_1 fail
[V3] : SKIP saving syslog port-status-module mlog_batch_test_spytest_infra_1 fail
[V4] : SKIP saving running config port-status-module mlog_batch_test_spytest_infra_1 fail
[V4] : SKIP saving syslog port-status-module mlog_batch_test_spytest_infra_1 fail
[V3] : SKIP saving sai_redis port-status-module mlog_batch_test_spytest_infra_1 fail
[V3] : SKIP generating sysinfo port-status-module mlog_batch_test_spytest_infra_1 fail
[V4] : SKIP saving sai_redis port-status-module mlog_batch_test_spytest_infra_1 fail
[V4] : SKIP generating sysinfo port-status-module mlog_batch_test_spytest_infra_1 fail
[V3] : SKIP saving running config post-module-prolog  Fail
[V3] : SKIP saving syslog post-module-prolog  Fail
[V3] : SKIP saving sai_redis post-module-prolog  Fail
[V3] : SKIP generating sysinfo post-module-prolog  Fail
[V4] : SKIP saving running config post-module-prolog  Fail
[V4] : SKIP saving syslog post-module-prolog  Fail
[V4] : SKIP saving sai_redis post-module-prolog  Fail
[V4] : SKIP generating sysinfo post-module-prolog  Fail
Test case execution is skipped Port(s) not ready before module:  
V3(D1)/Ethernet0 
V3(D1)/Ethernet4 
V3(D1)/Ethernet8 
V3(D1)/Ethernet12 
V3(D1)/Ethernet48 
V3(D1)/Ethernet52 
V3(D1)/Ethernet56 
V3(D1)/Ethernet60 
V3(D1)/Ethernet64 
V3(D1)/Ethernet68 in test_spytest_infra_last
