2024-01-08 00:59:28,070 T0021: WARN  #### gw2  
2024-01-08 00:59:28,070 T0021: WARN  support post-session-prolog session pass ''
2024-01-08 00:59:28,073 T0022: WARN  #### gw2  
2024-01-08 00:59:28,073 T0022: WARN  support post-session-prolog session pass ''
2024-01-08 00:59:56,435 T0067: INFO  #### gw2  
2024-01-08 00:59:56,435 T0067: INFO  support pre-module-prolog routing/VRF/test_vrf.py  ''
2024-01-08 00:59:56,438 T0068: INFO  #### gw2  
2024-01-08 00:59:56,438 T0068: INFO  support pre-module-prolog routing/VRF/test_vrf.py  ''
2024-01-08 01:07:33,354 T0207: INFO  #### gw2  routing/VRF/test_vrf.py
2024-01-08 01:07:33,354 T0207: INFO  support post-module-prolog routing/VRF/test_vrf.py Pass ''
2024-01-08 01:07:33,357 T0208: INFO  #### gw2  routing/VRF/test_vrf.py
2024-01-08 01:07:33,358 T0208: INFO  support post-module-prolog routing/VRF/test_vrf.py Pass ''
2024-01-08 01:07:46,056 T0224: INFO  #### gw2  routing/VRF/test_vrf.py
2024-01-08 01:07:46,056 T0224: INFO  support pre-function-prolog test_VrfFun001_06  ''
2024-01-08 01:07:46,060 T0225: INFO  #### gw2  routing/VRF/test_vrf.py
2024-01-08 01:07:46,060 T0225: INFO  support pre-function-prolog test_VrfFun001_06  ''
2024-01-08 01:07:49,362 T0226: WARN  #### gw2  routing/VRF/test_vrf.py::test_VrfFun001_06
2024-01-08 01:07:49,362 T0226: WARN  support pre-function-epilog test_VrfFun001_06 DUTFail 'config command 'sudo sonic_installer list' failed'
2024-01-08 01:07:49,364 T0227: WARN  #### gw2  routing/VRF/test_vrf.py::test_VrfFun001_06
2024-01-08 01:07:49,364 T0227: WARN  support pre-function-epilog test_VrfFun001_06 DUTFail 'config command 'sudo sonic_installer list' failed'
2024-01-08 01:07:50,444 T0228: WARN  #### gw2  routing/VRF/test_vrf.py::test_VrfFun001_06
2024-01-08 01:07:50,444 T0228: WARN  support post-function-epilog test_VrfFun001_06 ignore 'config command 'sudo sonic_installer list' failed'
2024-01-08 01:07:50,446 T0229: WARN  #### gw2  routing/VRF/test_vrf.py::test_VrfFun001_06
2024-01-08 01:07:50,446 T0229: WARN  support post-function-epilog test_VrfFun001_06 ignore 'config command 'sudo sonic_installer list' failed'
2024-01-08 01:07:55,256 T0235: INFO  #### gw2  routing/VRF/test_vrf.py
2024-01-08 01:07:55,257 T0235: INFO  support pre-function-prolog test_VrfFun_26_27  ''
2024-01-08 01:07:55,260 T0236: INFO  #### gw2  routing/VRF/test_vrf.py
2024-01-08 01:07:55,260 T0236: INFO  support pre-function-prolog test_VrfFun_26_27  ''
2024-01-08 01:08:18,398 T0237: INFO  #### gw2  routing/VRF/test_vrf.py::test_VrfFun_26_27
2024-01-08 01:08:18,398 T0237: INFO  support pre-function-epilog test_VrfFun_26_27 Pass 'Test case passed'
2024-01-08 01:08:18,399 T0238: INFO  #### gw2  routing/VRF/test_vrf.py::test_VrfFun_26_27
2024-01-08 01:08:18,400 T0238: INFO  support pre-function-epilog test_VrfFun_26_27 Pass 'Test case passed'
2024-01-08 01:08:18,405 T0239: INFO  #### gw2  routing/VRF/test_vrf.py::test_VrfFun_26_27
2024-01-08 01:08:18,406 T0239: INFO  support post-function-epilog test_VrfFun_26_27 Pass 'Test case passed'
2024-01-08 01:08:18,407 T0240: INFO  #### gw2  routing/VRF/test_vrf.py::test_VrfFun_26_27
2024-01-08 01:08:18,407 T0240: INFO  support post-function-epilog test_VrfFun_26_27 Pass 'Test case passed'
2024-01-08 01:08:24,545 T0246: INFO  #### gw2  routing/VRF/test_vrf.py
2024-01-08 01:08:24,545 T0246: INFO  support pre-function-prolog test_VrfFun_10_12_14  ''
2024-01-08 01:08:24,549 T0247: INFO  #### gw2  routing/VRF/test_vrf.py
2024-01-08 01:08:24,549 T0247: INFO  support pre-function-prolog test_VrfFun_10_12_14  ''
2024-01-08 01:08:24,562 T0248: INFO  #### gw2  routing/VRF/test_vrf.py::test_VrfFun_10_12_14
2024-01-08 01:08:24,563 T0248: INFO  support post-function-prolog test_VrfFun_10_12_14 Pass ''
2024-01-08 01:08:24,564 T0249: INFO  #### gw2  routing/VRF/test_vrf.py::test_VrfFun_10_12_14
2024-01-08 01:08:24,564 T0249: INFO  support post-function-prolog test_VrfFun_10_12_14 Pass ''
2024-01-08 01:08:54,154 T0268: INFO  #### gw2  routing/VRF/test_vrf.py::test_VrfFun_10_12_14
2024-01-08 01:08:54,155 T0268: INFO  support pre-function-epilog test_VrfFun_10_12_14 Pass 'Test case passed'
2024-01-08 01:08:54,156 T0269: INFO  #### gw2  routing/VRF/test_vrf.py::test_VrfFun_10_12_14
2024-01-08 01:08:54,156 T0269: INFO  support pre-function-epilog test_VrfFun_10_12_14 Pass 'Test case passed'
2024-01-08 01:10:08,666 T0306: INFO  #### gw2  routing/VRF/test_vrf.py::test_VrfFun_10_12_14
2024-01-08 01:10:08,666 T0306: INFO  support post-function-epilog test_VrfFun_10_12_14 Pass 'Test case passed'
2024-01-08 01:10:08,668 T0307: INFO  #### gw2  routing/VRF/test_vrf.py::test_VrfFun_10_12_14
2024-01-08 01:10:08,668 T0307: INFO  support post-function-epilog test_VrfFun_10_12_14 Pass 'Test case passed'
2024-01-08 01:10:14,639 T0313: INFO  #### gw2  routing/VRF/test_vrf.py
2024-01-08 01:10:14,640 T0313: INFO  support pre-function-prolog test_VrfFun_20_24_25_32_33_44_45  ''
2024-01-08 01:10:14,643 T0314: INFO  #### gw2  routing/VRF/test_vrf.py
2024-01-08 01:10:14,644 T0314: INFO  support pre-function-prolog test_VrfFun_20_24_25_32_33_44_45  ''
2024-01-08 01:10:14,654 T0315: INFO  #### gw2  routing/VRF/test_vrf.py::test_VrfFun_20_24_25_32_33_44_45
2024-01-08 01:10:14,655 T0315: INFO  support post-function-prolog test_VrfFun_20_24_25_32_33_44_45 Pass ''
2024-01-08 01:10:14,657 T0316: INFO  #### gw2  routing/VRF/test_vrf.py::test_VrfFun_20_24_25_32_33_44_45
2024-01-08 01:10:14,657 T0316: INFO  support post-function-prolog test_VrfFun_20_24_25_32_33_44_45 Pass ''
2024-01-08 01:10:39,449 T0325: INFO  #### gw2  routing/VRF/test_vrf.py::test_VrfFun_20_24_25_32_33_44_45
2024-01-08 01:10:39,449 T0325: INFO  support pre-function-epilog test_VrfFun_20_24_25_32_33_44_45 Pass 'Test case passed'
2024-01-08 01:10:39,451 T0326: INFO  #### gw2  routing/VRF/test_vrf.py::test_VrfFun_20_24_25_32_33_44_45
2024-01-08 01:10:39,451 T0326: INFO  support pre-function-epilog test_VrfFun_20_24_25_32_33_44_45 Pass 'Test case passed'
2024-01-08 01:10:52,073 T0335: INFO  #### gw2  routing/VRF/test_vrf.py::test_VrfFun_20_24_25_32_33_44_45
2024-01-08 01:10:52,073 T0335: INFO  support post-function-epilog test_VrfFun_20_24_25_32_33_44_45 Pass 'Test case passed'
2024-01-08 01:10:52,076 T0336: INFO  #### gw2  routing/VRF/test_vrf.py::test_VrfFun_20_24_25_32_33_44_45
2024-01-08 01:10:52,076 T0336: INFO  support post-function-epilog test_VrfFun_20_24_25_32_33_44_45 Pass 'Test case passed'
2024-01-08 01:10:58,035 T0342: INFO  #### gw2  routing/VRF/test_vrf.py
2024-01-08 01:10:58,036 T0342: INFO  support pre-function-prolog test_VrfFun_05_50  ''
2024-01-08 01:10:58,039 T0343: INFO  #### gw2  routing/VRF/test_vrf.py
2024-01-08 01:10:58,040 T0343: INFO  support pre-function-prolog test_VrfFun_05_50  ''
2024-01-08 01:11:09,593 T0000: WARN  #### gw2 IGNORED ERROR routing/VRF/test_vrf.py::test_VrfFun_05_50
2024-01-08 01:11:09,593 T0000: WARN  Skipped error checking but detected pattern: containing_python_traceback command: sudo -s fast-reboot
2024-01-08 01:17:48,778 T0346: INFO  #### gw2  routing/VRF/test_vrf.py::test_VrfFun_05_50
2024-01-08 01:17:48,778 T0346: INFO  support pre-function-epilog test_VrfFun_05_50 Pass 'Test case passed'
2024-01-08 01:17:48,780 T0347: INFO  #### gw2  routing/VRF/test_vrf.py::test_VrfFun_05_50
2024-01-08 01:17:48,780 T0347: INFO  support pre-function-epilog test_VrfFun_05_50 Pass 'Test case passed'
2024-01-08 01:17:48,789 T0348: INFO  #### gw2  routing/VRF/test_vrf.py::test_VrfFun_05_50
2024-01-08 01:17:48,789 T0348: INFO  support post-function-epilog test_VrfFun_05_50 Pass 'Test case passed'
2024-01-08 01:17:48,791 T0349: INFO  #### gw2  routing/VRF/test_vrf.py::test_VrfFun_05_50
2024-01-08 01:17:48,791 T0349: INFO  support post-function-epilog test_VrfFun_05_50 Pass 'Test case passed'
2024-01-08 01:17:48,824 T0350: WARN  #### gw2  routing/VRF/test_vrf.py::test_VrfFun_05_50
2024-01-08 01:17:48,824 T0350: WARN  support pre-module-epilog routing/VRF/test_vrf.py fail ''
2024-01-08 01:17:48,827 T0351: WARN  #### gw2  routing/VRF/test_vrf.py::test_VrfFun_05_50
2024-01-08 01:17:48,827 T0351: WARN  support pre-module-epilog routing/VRF/test_vrf.py fail ''
2024-01-08 01:17:53,358 T0360: WARN  #### gw2  routing/VRF/test_vrf.py::test_VrfFun_10_12_14
2024-01-08 01:17:53,359 T0360: WARN  support post-module-epilog routing/VRF/test_vrf.py fail ''
2024-01-08 01:17:53,363 T0361: WARN  #### gw2  routing/VRF/test_vrf.py::test_VrfFun_10_12_14
2024-01-08 01:17:53,363 T0361: WARN  support post-module-epilog routing/VRF/test_vrf.py fail ''
2024-01-08 01:19:57,429 T0412: INFO  #### gw2  
2024-01-08 01:19:57,430 T0412: INFO  support pre-module-prolog routing/VRF/test_vrf_scale.py  ''
2024-01-08 01:19:57,432 T0413: INFO  #### gw2  
2024-01-08 01:19:57,432 T0413: INFO  support pre-module-prolog routing/VRF/test_vrf_scale.py  ''
2024-01-08 01:47:18,632 T0442: INFO  #### gw2  routing/VRF/test_vrf_scale.py
2024-01-08 01:47:18,632 T0442: INFO  support post-module-prolog routing/VRF/test_vrf_scale.py Pass ''
2024-01-08 01:47:18,635 T0443: INFO  #### gw2  routing/VRF/test_vrf_scale.py
2024-01-08 01:47:18,635 T0443: INFO  support post-module-prolog routing/VRF/test_vrf_scale.py Pass ''
2024-01-08 01:47:35,325 T0459: INFO  #### gw2  routing/VRF/test_vrf_scale.py
2024-01-08 01:47:35,325 T0459: INFO  support pre-function-prolog test_vrf_scale  ''
2024-01-08 01:47:35,326 T0460: INFO  #### gw2  routing/VRF/test_vrf_scale.py
2024-01-08 01:47:35,327 T0460: INFO  support pre-function-prolog test_vrf_scale  ''
2024-01-08 01:47:35,337 T0461: INFO  #### gw2  routing/VRF/test_vrf_scale.py::test_vrf_scale
2024-01-08 01:47:35,338 T0461: INFO  support post-function-prolog test_vrf_scale Pass ''
2024-01-08 01:47:35,340 T0462: INFO  #### gw2  routing/VRF/test_vrf_scale.py::test_vrf_scale
2024-01-08 01:47:35,340 T0462: INFO  support post-function-prolog test_vrf_scale Pass ''
2024-01-08 01:50:57,130 T0000: ERROR #### gw2 WARN routing/VRF/test_vrf_scale.py::test_vrf_scale
2024-01-08 01:50:57,130 T0000: ERROR Traceback (most recent call last):
2024-01-08 01:50:57,130 T0000: ERROR   File "/repo/spytest/net.py", line 1910, in _try
2024-01-08 01:50:57,130 T0000: ERROR     output = hndl.send_command_new(fcli, new_cmd, expect_string,
2024-01-08 01:50:57,130 T0000: ERROR   File "/repo/spytest/access/netmiko_connection.py", line 725, in send_command_new
2024-01-08 01:50:57,130 T0000: ERROR     raise IOError(self.dmsg_str(dbg_msg, msg1))
2024-01-08 01:50:57,130 T0000: ERROR OSError: Prompt Not Detected in DF 2.0: 'admin@sonic:\~\$'
2024-01-08 01:50:57,130 T0000: ERROR =======================FASTER-CLI-DBG===================
2024-01-08 01:50:57,130 T0000: ERROR command_string: show vrf<LF>
2024-01-08 01:50:57,130 T0000: ERROR search_pattern: admin@sonic:\~\$
2024-01-08 01:50:57,130 T0000: ERROR cmd_issued: False
2024-01-08 01:50:57,130 T0000: ERROR CMP-OUT: show vrf<LF><LF>
2024-01-08 01:50:57,130 T0000: ERROR CMP-CMD: show vrf<LF>
2024-01-08 01:50:57,130 T0000: ERROR ECHOED OUTPUT: <LF>
2024-01-08 01:50:57,130 T0000: ERROR CMP-PROMPT: admin@sonic:\~\$
2024-01-08 01:50:57,130 T0000: ERROR CMP-OUTPUT: 
2024-01-08 01:50:57,130 T0000: ERROR CMP-OUTPUT: 
2024-01-08 01:50:57,131 T0000: ERROR Read Data: show vrf
2024-01-08 01:50:57,131 T0000: ERROR =========================================================
2024-01-08 01:50:57,131 T0000: ERROR StackTraceCallStack:
2024-01-08 01:50:57,131 T0000: ERROR [0] spytest/net.py:2138 _send_command output = self._try(access, line, fcli, cmd, expect,
2024-01-08 01:50:57,131 T0000: ERROR [1] spytest/net.py:6125 _send_cmd_opts output = self._send_command(access, cmd, expected_prompt,
2024-01-08 01:50:57,131 T0000: ERROR Truncated...
2024-01-08 01:54:56,019 T0465: WARN  #### gw2  routing/VRF/test_vrf_scale.py::test_vrf_scale
2024-01-08 01:54:56,019 T0465: WARN  support pre-function-epilog test_vrf_scale Fail 'Command 'show vrf' failed to give prompt, recovered using CTRL+C'
2024-01-08 01:54:56,021 T0466: WARN  #### gw2  routing/VRF/test_vrf_scale.py::test_vrf_scale
2024-01-08 01:54:56,022 T0466: WARN  support pre-function-epilog test_vrf_scale Fail 'Command 'show vrf' failed to give prompt, recovered using CTRL+C'
2024-01-08 01:54:56,863 T0467: WARN  #### gw2  routing/VRF/test_vrf_scale.py::test_vrf_scale
2024-01-08 01:54:56,863 T0467: WARN  support post-function-epilog test_vrf_scale ignore 'Command 'show vrf' failed to give prompt, recovered using CTRL+C'
2024-01-08 01:54:56,864 T0468: WARN  #### gw2  routing/VRF/test_vrf_scale.py::test_vrf_scale
2024-01-08 01:54:56,865 T0468: WARN  support post-function-epilog test_vrf_scale ignore 'Command 'show vrf' failed to give prompt, recovered using CTRL+C'
2024-01-08 01:55:03,788 T0474: INFO  #### gw2  routing/VRF/test_vrf_scale.py
2024-01-08 01:55:03,789 T0474: INFO  support pre-function-prolog test_vrf_route_leak  ''
2024-01-08 01:55:03,793 T0475: INFO  #### gw2  routing/VRF/test_vrf_scale.py
2024-01-08 01:55:03,794 T0475: INFO  support pre-function-prolog test_vrf_route_leak  ''
2024-01-08 01:57:03,492 T0480: INFO  #### gw2  routing/VRF/test_vrf_scale.py::test_vrf_route_leak
2024-01-08 01:57:03,492 T0480: INFO  support pre-function-epilog test_vrf_route_leak Pass 'Test case passed'
2024-01-08 01:57:03,494 T0481: INFO  #### gw2  routing/VRF/test_vrf_scale.py::test_vrf_route_leak
2024-01-08 01:57:03,494 T0481: INFO  support pre-function-epilog test_vrf_route_leak Pass 'Test case passed'
2024-01-08 01:57:03,503 T0482: INFO  #### gw2  routing/VRF/test_vrf_scale.py::test_vrf_route_leak
2024-01-08 01:57:03,503 T0482: INFO  support post-function-epilog test_vrf_route_leak Pass 'Test case passed'
2024-01-08 01:57:03,505 T0483: INFO  #### gw2  routing/VRF/test_vrf_scale.py::test_vrf_route_leak
2024-01-08 01:57:03,505 T0483: INFO  support post-function-epilog test_vrf_route_leak Pass 'Test case passed'
2024-01-08 01:57:11,595 T0489: INFO  #### gw2  routing/VRF/test_vrf_scale.py
2024-01-08 01:57:11,595 T0489: INFO  support pre-function-prolog test_vrf_bgp  ''
2024-01-08 01:57:11,598 T0490: INFO  #### gw2  routing/VRF/test_vrf_scale.py
2024-01-08 01:57:11,598 T0490: INFO  support pre-function-prolog test_vrf_bgp  ''
2024-01-08 02:06:46,804 T0883: INFO  #### gw2  routing/VRF/test_vrf_scale.py::test_vrf_bgp
2024-01-08 02:06:46,804 T0883: INFO  support pre-function-epilog test_vrf_bgp Pass 'Test case passed'
2024-01-08 02:06:46,806 T0884: INFO  #### gw2  routing/VRF/test_vrf_scale.py::test_vrf_bgp
2024-01-08 02:06:46,806 T0884: INFO  support pre-function-epilog test_vrf_bgp Pass 'Test case passed'
2024-01-08 02:06:46,815 T0885: INFO  #### gw2  routing/VRF/test_vrf_scale.py::test_vrf_bgp
2024-01-08 02:06:46,815 T0885: INFO  support post-function-epilog test_vrf_bgp Pass 'Test case passed'
2024-01-08 02:06:46,817 T0886: INFO  #### gw2  routing/VRF/test_vrf_scale.py::test_vrf_bgp
2024-01-08 02:06:46,817 T0886: INFO  support post-function-epilog test_vrf_bgp Pass 'Test case passed'
2024-01-08 02:06:54,824 T0892: INFO  #### gw2  routing/VRF/test_vrf_scale.py
2024-01-08 02:06:54,824 T0892: INFO  support pre-function-prolog test_vrf_reload  ''
2024-01-08 02:06:54,828 T0893: INFO  #### gw2  routing/VRF/test_vrf_scale.py
2024-01-08 02:06:54,829 T0893: INFO  support pre-function-prolog test_vrf_reload  ''
2024-01-08 02:07:02,970 T0000: WARN  #### gw2 IGNORED ERROR routing/VRF/test_vrf_scale.py::test_vrf_reload
2024-01-08 02:07:02,970 T0000: WARN  Skipped error checking but detected pattern: containing_python_traceback command: sudo -s fast-reboot
2024-01-08 02:16:22,731 T0000: ERROR #### gw2 WARN routing/VRF/test_vrf_scale.py::test_vrf_reload
2024-01-08 02:16:22,731 T0000: ERROR Traceback (most recent call last):
2024-01-08 02:16:22,731 T0000: ERROR   File "/repo/spytest/net.py", line 1910, in _try
2024-01-08 02:16:22,731 T0000: ERROR     output = hndl.send_command_new(fcli, new_cmd, expect_string,
2024-01-08 02:16:22,731 T0000: ERROR   File "/repo/spytest/access/netmiko_connection.py", line 725, in send_command_new
2024-01-08 02:16:22,731 T0000: ERROR     raise IOError(self.dmsg_str(dbg_msg, msg1))
2024-01-08 02:16:22,731 T0000: ERROR OSError: Prompt Not Detected in DF 2.0: 'admin@sonic:\~\$'
2024-01-08 02:16:22,731 T0000: ERROR =======================FASTER-CLI-DBG===================
2024-01-08 02:16:22,731 T0000: ERROR command_string: show vrf<LF>
2024-01-08 02:16:22,731 T0000: ERROR search_pattern: admin@sonic:\~\$
2024-01-08 02:16:22,731 T0000: ERROR cmd_issued: False
2024-01-08 02:16:22,731 T0000: ERROR CMP-OUT: show vrf<LF><LF>
2024-01-08 02:16:22,732 T0000: ERROR CMP-CMD: show vrf<LF>
2024-01-08 02:16:22,732 T0000: ERROR ECHOED OUTPUT: <LF>
2024-01-08 02:16:22,732 T0000: ERROR CMP-PROMPT: admin@sonic:\~\$
2024-01-08 02:16:22,732 T0000: ERROR CMP-OUTPUT: 
2024-01-08 02:16:22,732 T0000: ERROR CMP-OUTPUT: 
2024-01-08 02:16:22,732 T0000: ERROR Read Data: show vrf
2024-01-08 02:16:22,732 T0000: ERROR =========================================================
2024-01-08 02:16:22,732 T0000: ERROR StackTraceCallStack:
2024-01-08 02:16:22,732 T0000: ERROR [0] spytest/net.py:2138 _send_command output = self._try(access, line, fcli, cmd, expect,
2024-01-08 02:16:22,732 T0000: ERROR [1] spytest/net.py:6125 _send_cmd_opts output = self._send_command(access, cmd, expected_prompt,
2024-01-08 02:16:22,732 T0000: ERROR Truncated...
2024-01-08 02:20:23,743 T0898: WARN  #### gw2  routing/VRF/test_vrf_scale.py::test_vrf_reload
2024-01-08 02:20:23,743 T0898: WARN  support pre-function-epilog test_vrf_reload Fail 'Command 'show vrf' failed to give prompt, recovered using CTRL+C'
2024-01-08 02:20:23,746 T0899: WARN  #### gw2  routing/VRF/test_vrf_scale.py::test_vrf_reload
2024-01-08 02:20:23,746 T0899: WARN  support pre-function-epilog test_vrf_reload Fail 'Command 'show vrf' failed to give prompt, recovered using CTRL+C'
2024-01-08 02:20:24,506 T0900: WARN  #### gw2  routing/VRF/test_vrf_scale.py::test_vrf_reload
2024-01-08 02:20:24,507 T0900: WARN  support post-function-epilog test_vrf_reload ignore 'Command 'show vrf' failed to give prompt, recovered using CTRL+C'
2024-01-08 02:20:24,508 T0901: WARN  #### gw2  routing/VRF/test_vrf_scale.py::test_vrf_reload
2024-01-08 02:20:24,508 T0901: WARN  support post-function-epilog test_vrf_reload ignore 'Command 'show vrf' failed to give prompt, recovered using CTRL+C'
2024-01-08 02:20:24,551 T0902: WARN  #### gw2  routing/VRF/test_vrf_scale.py::test_vrf_reload
2024-01-08 02:20:24,551 T0902: WARN  support pre-module-epilog routing/VRF/test_vrf_scale.py fail ''
2024-01-08 02:20:24,553 T0903: WARN  #### gw2  routing/VRF/test_vrf_scale.py::test_vrf_reload
2024-01-08 02:20:24,553 T0903: WARN  support pre-module-epilog routing/VRF/test_vrf_scale.py fail ''
2024-01-08 02:20:29,359 T0912: WARN  #### gw2  routing/VRF/test_vrf_scale.py::test_vrf_scale
2024-01-08 02:20:29,360 T0912: WARN  support post-module-epilog routing/VRF/test_vrf_scale.py fail ''
2024-01-08 02:20:29,364 T0913: WARN  #### gw2  routing/VRF/test_vrf_scale.py::test_vrf_scale
2024-01-08 02:20:29,364 T0913: WARN  support post-module-epilog routing/VRF/test_vrf_scale.py fail ''
2024-01-08 02:27:28,284 T0979: INFO  #### gw2  
2024-01-08 02:27:28,284 T0979: INFO  support pre-module-prolog sanity/test_sanity_l3.py  ''
2024-01-08 02:27:28,288 T0980: INFO  #### gw2  
2024-01-08 02:27:28,288 T0980: INFO  support pre-module-prolog sanity/test_sanity_l3.py  ''
2024-01-08 02:27:56,892 T1002: INFO  #### gw2  sanity/test_sanity_l3.py
2024-01-08 02:27:56,892 T1002: INFO  support post-module-prolog sanity/test_sanity_l3.py Pass ''
2024-01-08 02:27:56,896 T1003: INFO  #### gw2  sanity/test_sanity_l3.py
2024-01-08 02:27:56,897 T1003: INFO  support post-module-prolog sanity/test_sanity_l3.py Pass ''
2024-01-08 02:28:09,285 T1019: INFO  #### gw2  sanity/test_sanity_l3.py
2024-01-08 02:28:09,286 T1019: INFO  support pre-function-prolog test_l2_to_l3_port  ''
2024-01-08 02:28:09,290 T1020: INFO  #### gw2  sanity/test_sanity_l3.py
2024-01-08 02:28:09,290 T1020: INFO  support pre-function-prolog test_l2_to_l3_port  ''
2024-01-08 02:28:09,301 T1021: INFO  #### gw2  sanity/test_sanity_l3.py::test_l2_to_l3_port
2024-01-08 02:28:09,301 T1021: INFO  support post-function-prolog test_l2_to_l3_port Pass ''
2024-01-08 02:28:09,303 T1022: INFO  #### gw2  sanity/test_sanity_l3.py::test_l2_to_l3_port
2024-01-08 02:28:09,303 T1022: INFO  support post-function-prolog test_l2_to_l3_port Pass ''
2024-01-08 02:28:57,503 T1027: WARN  #### gw2  sanity/test_sanity_l3.py::test_l2_to_l3_port
2024-01-08 02:28:57,503 T1027: WARN  support pre-function-epilog test_l2_to_l3_port Fail 'Failed to port L2 config to L3 config'
2024-01-08 02:28:57,504 T1028: WARN  #### gw2  sanity/test_sanity_l3.py::test_l2_to_l3_port
2024-01-08 02:28:57,505 T1028: WARN  support pre-function-epilog test_l2_to_l3_port Fail 'Failed to port L2 config to L3 config'
2024-01-08 02:28:57,846 T1029: WARN  #### gw2  sanity/test_sanity_l3.py::test_l2_to_l3_port
2024-01-08 02:28:57,847 T1029: WARN  support post-function-epilog test_l2_to_l3_port ignore 'Failed to port L2 config to L3 config'
2024-01-08 02:28:57,848 T1030: WARN  #### gw2  sanity/test_sanity_l3.py::test_l2_to_l3_port
2024-01-08 02:28:57,848 T1030: WARN  support post-function-epilog test_l2_to_l3_port ignore 'Failed to port L2 config to L3 config'
2024-01-08 02:28:57,888 T1031: WARN  #### gw2  sanity/test_sanity_l3.py::test_l2_to_l3_port
2024-01-08 02:28:57,888 T1031: WARN  support pre-module-epilog sanity/test_sanity_l3.py fail ''
2024-01-08 02:28:57,890 T1032: WARN  #### gw2  sanity/test_sanity_l3.py::test_l2_to_l3_port
2024-01-08 02:28:57,890 T1032: WARN  support pre-module-epilog sanity/test_sanity_l3.py fail ''
2024-01-08 02:29:14,105 T1043: WARN  #### gw2  sanity/test_sanity_l3.py::test_l2_to_l3_port
2024-01-08 02:29:14,105 T1043: WARN  support post-module-epilog sanity/test_sanity_l3.py fail ''
2024-01-08 02:29:14,107 T1044: WARN  #### gw2  sanity/test_sanity_l3.py::test_l2_to_l3_port
2024-01-08 02:29:14,107 T1044: WARN  support post-module-epilog sanity/test_sanity_l3.py fail ''
2024-01-08 02:33:32,977 T1086: INFO  #### gw2  
2024-01-08 02:33:32,977 T1086: INFO  support pre-module-prolog routing/BGP/test_bgp_rr_traffic.py  ''
2024-01-08 02:33:32,979 T1087: INFO  #### gw2  
2024-01-08 02:33:32,980 T1087: INFO  support pre-module-prolog routing/BGP/test_bgp_rr_traffic.py  ''
2024-01-08 02:36:26,082 T1106: INFO  #### gw2  routing/BGP/test_bgp_rr_traffic.py
2024-01-08 02:36:26,082 T1106: INFO  support post-class-prolog routing/BGP/test_bgp_rr_traffic.py Pass ''
2024-01-08 02:36:26,084 T1107: INFO  #### gw2  routing/BGP/test_bgp_rr_traffic.py
2024-01-08 02:36:26,084 T1107: INFO  support post-class-prolog routing/BGP/test_bgp_rr_traffic.py Pass ''
2024-01-08 02:36:26,091 T1108: INFO  #### gw2  routing/BGP/test_bgp_rr_traffic.py
2024-01-08 02:36:26,092 T1108: INFO  support post-module-prolog routing/BGP/test_bgp_rr_traffic.py Pass ''
2024-01-08 02:36:26,094 T1109: INFO  #### gw2  routing/BGP/test_bgp_rr_traffic.py
2024-01-08 02:36:26,094 T1109: INFO  support post-module-prolog routing/BGP/test_bgp_rr_traffic.py Pass ''
2024-01-08 02:36:39,341 T1125: INFO  #### gw2  routing/BGP/test_bgp_rr_traffic.py
2024-01-08 02:36:39,342 T1125: INFO  support pre-function-prolog TestBGPRrTraffic.test_ft_bgp6_rr_traffic_check  ''
2024-01-08 02:36:39,346 T1126: INFO  #### gw2  routing/BGP/test_bgp_rr_traffic.py
2024-01-08 02:36:39,346 T1126: INFO  support pre-function-prolog TestBGPRrTraffic.test_ft_bgp6_rr_traffic_check  ''
2024-01-08 02:39:09,290 T1127: INFO  #### gw2  routing/BGP/test_bgp_rr_traffic.py::TestBGPRrTraffic::test_ft_bgp6_rr_traffic_check
2024-01-08 02:39:09,290 T1127: INFO  support pre-function-epilog TestBGPRrTraffic.test_ft_bgp6_rr_traffic_check Pass 'Test case passed'
2024-01-08 02:39:09,292 T1128: INFO  #### gw2  routing/BGP/test_bgp_rr_traffic.py::TestBGPRrTraffic::test_ft_bgp6_rr_traffic_check
2024-01-08 02:39:09,292 T1128: INFO  support pre-function-epilog TestBGPRrTraffic.test_ft_bgp6_rr_traffic_check Pass 'Test case passed'
2024-01-08 02:39:09,302 T1129: INFO  #### gw2  routing/BGP/test_bgp_rr_traffic.py::TestBGPRrTraffic::test_ft_bgp6_rr_traffic_check
2024-01-08 02:39:09,302 T1129: INFO  support post-function-epilog TestBGPRrTraffic.test_ft_bgp6_rr_traffic_check Pass 'Test case passed'
2024-01-08 02:39:09,304 T1130: INFO  #### gw2  routing/BGP/test_bgp_rr_traffic.py::TestBGPRrTraffic::test_ft_bgp6_rr_traffic_check
2024-01-08 02:39:09,304 T1130: INFO  support post-function-epilog TestBGPRrTraffic.test_ft_bgp6_rr_traffic_check Pass 'Test case passed'
2024-01-08 02:39:38,025 T1141: WARN  #### gw2  routing/BGP/test_bgp_rr_traffic.py::TestBGPRrTraffic::test_ft_bgp6_rr_traffic_check
2024-01-08 02:39:38,025 T1141: WARN  support post-class-epilog routing/BGP/test_bgp_rr_traffic.py pass ''
2024-01-08 02:39:38,028 T1142: WARN  #### gw2  routing/BGP/test_bgp_rr_traffic.py::TestBGPRrTraffic::test_ft_bgp6_rr_traffic_check
2024-01-08 02:39:38,028 T1142: WARN  support post-class-epilog routing/BGP/test_bgp_rr_traffic.py pass ''
2024-01-08 02:39:38,035 T1143: WARN  #### gw2  routing/BGP/test_bgp_rr_traffic.py::TestBGPRrTraffic::test_ft_bgp6_rr_traffic_check
2024-01-08 02:39:38,036 T1143: WARN  support pre-module-epilog routing/BGP/test_bgp_rr_traffic.py pass ''
2024-01-08 02:39:38,038 T1144: WARN  #### gw2  routing/BGP/test_bgp_rr_traffic.py::TestBGPRrTraffic::test_ft_bgp6_rr_traffic_check
2024-01-08 02:39:38,038 T1144: WARN  support pre-module-epilog routing/BGP/test_bgp_rr_traffic.py pass ''
2024-01-08 02:40:01,731 T1159: WARN  #### gw2  routing/BGP/test_bgp_rr_traffic.py::TestBGPRrTraffic::test_ft_bgp6_rr_traffic_check
2024-01-08 02:40:01,732 T1159: WARN  support post-module-epilog routing/BGP/test_bgp_rr_traffic.py pass ''
2024-01-08 02:40:01,735 T1160: WARN  #### gw2  routing/BGP/test_bgp_rr_traffic.py::TestBGPRrTraffic::test_ft_bgp6_rr_traffic_check
2024-01-08 02:40:01,735 T1160: WARN  support post-module-epilog routing/BGP/test_bgp_rr_traffic.py pass ''
2024-01-08 02:44:03,457 T1177: WARN  #### gw2 IGNORED ERROR 
2024-01-08 02:44:03,457 T1177: WARN  Skipped error checking but detected pattern: containing_no_response_from_container command: sudo python /etc/spytest/remote/spytest-helper.py --apply-base-config  --load-config-method reload --no-swss-copp-config  
2024-01-08 02:44:12,772 T1177: WARN  #### gw2 IGNORED ERROR 
2024-01-08 02:44:12,772 T1177: WARN  Skipped error checking but detected pattern: containing_python_traceback command: sudo -s reboot
2024-01-08 02:51:50,326 T1222: WARN  #### gw2  
2024-01-08 02:51:50,326 T1222: WARN  support port-status-module mlog_batch_test_spytest_infra_1 fail ''
2024-01-08 02:51:50,328 T1223: WARN  #### gw2  
2024-01-08 02:51:50,328 T1223: WARN  support port-status-module mlog_batch_test_spytest_infra_1 fail ''
2024-01-08 02:51:50,340 T1224: WARN  #### gw2  
2024-01-08 02:51:50,341 T1224: WARN  support post-module-prolog  Fail ''
2024-01-08 02:51:50,343 T1225: WARN  #### gw2  
2024-01-08 02:51:50,343 T1225: WARN  support post-module-prolog  Fail ''
