2024-01-05 00:59:38,317 T0021: WARN  #### gw3  
2024-01-05 00:59:38,317 T0021: WARN  support post-session-prolog session pass ''
2024-01-05 00:59:38,319 T0022: WARN  #### gw3  
2024-01-05 00:59:38,319 T0022: WARN  support post-session-prolog session pass ''
2024-01-05 01:00:07,848 T0067: INFO  #### gw3  
2024-01-05 01:00:07,848 T0067: INFO  support pre-module-prolog routing/VRF/test_vrf.py  ''
2024-01-05 01:00:07,850 T0068: INFO  #### gw3  
2024-01-05 01:00:07,850 T0068: INFO  support pre-module-prolog routing/VRF/test_vrf.py  ''
2024-01-05 01:07:58,368 T0207: INFO  #### gw3  routing/VRF/test_vrf.py
2024-01-05 01:07:58,368 T0207: INFO  support post-module-prolog routing/VRF/test_vrf.py Pass ''
2024-01-05 01:07:58,370 T0208: INFO  #### gw3  routing/VRF/test_vrf.py
2024-01-05 01:07:58,370 T0208: INFO  support post-module-prolog routing/VRF/test_vrf.py Pass ''
2024-01-05 01:08:11,105 T0224: INFO  #### gw3  routing/VRF/test_vrf.py
2024-01-05 01:08:11,105 T0224: INFO  support pre-function-prolog test_VrfFun001_06  ''
2024-01-05 01:08:11,109 T0225: INFO  #### gw3  routing/VRF/test_vrf.py
2024-01-05 01:08:11,109 T0225: INFO  support pre-function-prolog test_VrfFun001_06  ''
2024-01-05 01:08:14,406 T0226: WARN  #### gw3  routing/VRF/test_vrf.py::test_VrfFun001_06
2024-01-05 01:08:14,406 T0226: WARN  support pre-function-epilog test_VrfFun001_06 DUTFail 'config command 'sudo sonic_installer list' failed'
2024-01-05 01:08:14,407 T0227: WARN  #### gw3  routing/VRF/test_vrf.py::test_VrfFun001_06
2024-01-05 01:08:14,408 T0227: WARN  support pre-function-epilog test_VrfFun001_06 DUTFail 'config command 'sudo sonic_installer list' failed'
2024-01-05 01:08:15,467 T0228: WARN  #### gw3  routing/VRF/test_vrf.py::test_VrfFun001_06
2024-01-05 01:08:15,467 T0228: WARN  support post-function-epilog test_VrfFun001_06 ignore 'config command 'sudo sonic_installer list' failed'
2024-01-05 01:08:15,469 T0229: WARN  #### gw3  routing/VRF/test_vrf.py::test_VrfFun001_06
2024-01-05 01:08:15,470 T0229: WARN  support post-function-epilog test_VrfFun001_06 ignore 'config command 'sudo sonic_installer list' failed'
2024-01-05 01:08:20,362 T0235: INFO  #### gw3  routing/VRF/test_vrf.py
2024-01-05 01:08:20,363 T0235: INFO  support pre-function-prolog test_VrfFun_26_27  ''
2024-01-05 01:08:20,366 T0236: INFO  #### gw3  routing/VRF/test_vrf.py
2024-01-05 01:08:20,366 T0236: INFO  support pre-function-prolog test_VrfFun_26_27  ''
2024-01-05 01:08:43,546 T0237: INFO  #### gw3  routing/VRF/test_vrf.py::test_VrfFun_26_27
2024-01-05 01:08:43,547 T0237: INFO  support pre-function-epilog test_VrfFun_26_27 Pass 'Test case passed'
2024-01-05 01:08:43,548 T0238: INFO  #### gw3  routing/VRF/test_vrf.py::test_VrfFun_26_27
2024-01-05 01:08:43,549 T0238: INFO  support pre-function-epilog test_VrfFun_26_27 Pass 'Test case passed'
2024-01-05 01:08:43,557 T0239: INFO  #### gw3  routing/VRF/test_vrf.py::test_VrfFun_26_27
2024-01-05 01:08:43,558 T0239: INFO  support post-function-epilog test_VrfFun_26_27 Pass 'Test case passed'
2024-01-05 01:08:43,560 T0240: INFO  #### gw3  routing/VRF/test_vrf.py::test_VrfFun_26_27
2024-01-05 01:08:43,560 T0240: INFO  support post-function-epilog test_VrfFun_26_27 Pass 'Test case passed'
2024-01-05 01:08:49,783 T0246: INFO  #### gw3  routing/VRF/test_vrf.py
2024-01-05 01:08:49,783 T0246: INFO  support pre-function-prolog test_VrfFun_10_12_14  ''
2024-01-05 01:08:49,787 T0247: INFO  #### gw3  routing/VRF/test_vrf.py
2024-01-05 01:08:49,787 T0247: INFO  support pre-function-prolog test_VrfFun_10_12_14  ''
2024-01-05 01:08:49,798 T0248: INFO  #### gw3  routing/VRF/test_vrf.py::test_VrfFun_10_12_14
2024-01-05 01:08:49,799 T0248: INFO  support post-function-prolog test_VrfFun_10_12_14 Pass ''
2024-01-05 01:08:49,801 T0249: INFO  #### gw3  routing/VRF/test_vrf.py::test_VrfFun_10_12_14
2024-01-05 01:08:49,801 T0249: INFO  support post-function-prolog test_VrfFun_10_12_14 Pass ''
2024-01-05 01:09:19,313 T0268: INFO  #### gw3  routing/VRF/test_vrf.py::test_VrfFun_10_12_14
2024-01-05 01:09:19,314 T0268: INFO  support pre-function-epilog test_VrfFun_10_12_14 Pass 'Test case passed'
2024-01-05 01:09:19,315 T0269: INFO  #### gw3  routing/VRF/test_vrf.py::test_VrfFun_10_12_14
2024-01-05 01:09:19,315 T0269: INFO  support pre-function-epilog test_VrfFun_10_12_14 Pass 'Test case passed'
2024-01-05 01:10:33,828 T0306: INFO  #### gw3  routing/VRF/test_vrf.py::test_VrfFun_10_12_14
2024-01-05 01:10:33,829 T0306: INFO  support post-function-epilog test_VrfFun_10_12_14 Pass 'Test case passed'
2024-01-05 01:10:33,830 T0307: INFO  #### gw3  routing/VRF/test_vrf.py::test_VrfFun_10_12_14
2024-01-05 01:10:33,830 T0307: INFO  support post-function-epilog test_VrfFun_10_12_14 Pass 'Test case passed'
2024-01-05 01:10:39,906 T0313: INFO  #### gw3  routing/VRF/test_vrf.py
2024-01-05 01:10:39,907 T0313: INFO  support pre-function-prolog test_VrfFun_20_24_25_32_33_44_45  ''
2024-01-05 01:10:39,910 T0314: INFO  #### gw3  routing/VRF/test_vrf.py
2024-01-05 01:10:39,911 T0314: INFO  support pre-function-prolog test_VrfFun_20_24_25_32_33_44_45  ''
2024-01-05 01:10:39,921 T0315: INFO  #### gw3  routing/VRF/test_vrf.py::test_VrfFun_20_24_25_32_33_44_45
2024-01-05 01:10:39,922 T0315: INFO  support post-function-prolog test_VrfFun_20_24_25_32_33_44_45 Pass ''
2024-01-05 01:10:39,924 T0316: INFO  #### gw3  routing/VRF/test_vrf.py::test_VrfFun_20_24_25_32_33_44_45
2024-01-05 01:10:39,924 T0316: INFO  support post-function-prolog test_VrfFun_20_24_25_32_33_44_45 Pass ''
2024-01-05 01:11:04,890 T0325: INFO  #### gw3  routing/VRF/test_vrf.py::test_VrfFun_20_24_25_32_33_44_45
2024-01-05 01:11:04,890 T0325: INFO  support pre-function-epilog test_VrfFun_20_24_25_32_33_44_45 Pass 'Test case passed'
2024-01-05 01:11:04,892 T0326: INFO  #### gw3  routing/VRF/test_vrf.py::test_VrfFun_20_24_25_32_33_44_45
2024-01-05 01:11:04,892 T0326: INFO  support pre-function-epilog test_VrfFun_20_24_25_32_33_44_45 Pass 'Test case passed'
2024-01-05 01:11:17,517 T0335: INFO  #### gw3  routing/VRF/test_vrf.py::test_VrfFun_20_24_25_32_33_44_45
2024-01-05 01:11:17,517 T0335: INFO  support post-function-epilog test_VrfFun_20_24_25_32_33_44_45 Pass 'Test case passed'
2024-01-05 01:11:17,521 T0336: INFO  #### gw3  routing/VRF/test_vrf.py::test_VrfFun_20_24_25_32_33_44_45
2024-01-05 01:11:17,521 T0336: INFO  support post-function-epilog test_VrfFun_20_24_25_32_33_44_45 Pass 'Test case passed'
2024-01-05 01:11:23,515 T0342: INFO  #### gw3  routing/VRF/test_vrf.py
2024-01-05 01:11:23,515 T0342: INFO  support pre-function-prolog test_VrfFun_05_50  ''
2024-01-05 01:11:23,519 T0343: INFO  #### gw3  routing/VRF/test_vrf.py
2024-01-05 01:11:23,520 T0343: INFO  support pre-function-prolog test_VrfFun_05_50  ''
2024-01-05 01:11:35,074 T0000: WARN  #### gw3 IGNORED ERROR routing/VRF/test_vrf.py::test_VrfFun_05_50
2024-01-05 01:11:35,074 T0000: WARN  Skipped error checking but detected pattern: containing_python_traceback command: sudo -s fast-reboot
2024-01-05 01:18:14,836 T0346: INFO  #### gw3  routing/VRF/test_vrf.py::test_VrfFun_05_50
2024-01-05 01:18:14,837 T0346: INFO  support pre-function-epilog test_VrfFun_05_50 Pass 'Test case passed'
2024-01-05 01:18:14,838 T0347: INFO  #### gw3  routing/VRF/test_vrf.py::test_VrfFun_05_50
2024-01-05 01:18:14,839 T0347: INFO  support pre-function-epilog test_VrfFun_05_50 Pass 'Test case passed'
2024-01-05 01:18:14,848 T0348: INFO  #### gw3  routing/VRF/test_vrf.py::test_VrfFun_05_50
2024-01-05 01:18:14,848 T0348: INFO  support post-function-epilog test_VrfFun_05_50 Pass 'Test case passed'
2024-01-05 01:18:14,851 T0349: INFO  #### gw3  routing/VRF/test_vrf.py::test_VrfFun_05_50
2024-01-05 01:18:14,851 T0349: INFO  support post-function-epilog test_VrfFun_05_50 Pass 'Test case passed'
2024-01-05 01:18:14,883 T0350: WARN  #### gw3  routing/VRF/test_vrf.py::test_VrfFun_05_50
2024-01-05 01:18:14,884 T0350: WARN  support pre-module-epilog routing/VRF/test_vrf.py fail ''
2024-01-05 01:18:14,886 T0351: WARN  #### gw3  routing/VRF/test_vrf.py::test_VrfFun_05_50
2024-01-05 01:18:14,886 T0351: WARN  support pre-module-epilog routing/VRF/test_vrf.py fail ''
2024-01-05 01:18:19,420 T0360: WARN  #### gw3  routing/VRF/test_vrf.py::test_VrfFun_10_12_14
2024-01-05 01:18:19,421 T0360: WARN  support post-module-epilog routing/VRF/test_vrf.py fail ''
2024-01-05 01:18:19,424 T0361: WARN  #### gw3  routing/VRF/test_vrf.py::test_VrfFun_10_12_14
2024-01-05 01:18:19,425 T0361: WARN  support post-module-epilog routing/VRF/test_vrf.py fail ''
2024-01-05 01:20:21,817 T0412: INFO  #### gw3  
2024-01-05 01:20:21,818 T0412: INFO  support pre-module-prolog routing/VRF/test_vrf_scale.py  ''
2024-01-05 01:20:21,820 T0413: INFO  #### gw3  
2024-01-05 01:20:21,820 T0413: INFO  support pre-module-prolog routing/VRF/test_vrf_scale.py  ''
2024-01-05 01:48:26,346 T0442: INFO  #### gw3  routing/VRF/test_vrf_scale.py
2024-01-05 01:48:26,347 T0442: INFO  support post-module-prolog routing/VRF/test_vrf_scale.py Pass ''
2024-01-05 01:48:26,350 T0443: INFO  #### gw3  routing/VRF/test_vrf_scale.py
2024-01-05 01:48:26,351 T0443: INFO  support post-module-prolog routing/VRF/test_vrf_scale.py Pass ''
2024-01-05 01:48:42,554 T0459: INFO  #### gw3  routing/VRF/test_vrf_scale.py
2024-01-05 01:48:42,555 T0459: INFO  support pre-function-prolog test_vrf_scale  ''
2024-01-05 01:48:42,559 T0460: INFO  #### gw3  routing/VRF/test_vrf_scale.py
2024-01-05 01:48:42,559 T0460: INFO  support pre-function-prolog test_vrf_scale  ''
2024-01-05 01:48:42,569 T0461: INFO  #### gw3  routing/VRF/test_vrf_scale.py::test_vrf_scale
2024-01-05 01:48:42,569 T0461: INFO  support post-function-prolog test_vrf_scale Pass ''
2024-01-05 01:48:42,571 T0462: INFO  #### gw3  routing/VRF/test_vrf_scale.py::test_vrf_scale
2024-01-05 01:48:42,571 T0462: INFO  support post-function-prolog test_vrf_scale Pass ''
2024-01-05 01:52:04,317 T0000: ERROR #### gw3 WARN routing/VRF/test_vrf_scale.py::test_vrf_scale
2024-01-05 01:52:04,317 T0000: ERROR Traceback (most recent call last):
2024-01-05 01:52:04,317 T0000: ERROR   File "/repo/spytest/net.py", line 1910, in _try
2024-01-05 01:52:04,317 T0000: ERROR     output = hndl.send_command_new(fcli, new_cmd, expect_string,
2024-01-05 01:52:04,317 T0000: ERROR   File "/repo/spytest/access/netmiko_connection.py", line 725, in send_command_new
2024-01-05 01:52:04,317 T0000: ERROR     raise IOError(self.dmsg_str(dbg_msg, msg1))
2024-01-05 01:52:04,317 T0000: ERROR OSError: Prompt Not Detected in DF 2.0: 'admin@sonic:\~\$'
2024-01-05 01:52:04,317 T0000: ERROR =======================FASTER-CLI-DBG===================
2024-01-05 01:52:04,317 T0000: ERROR command_string: show vrf<LF>
2024-01-05 01:52:04,317 T0000: ERROR search_pattern: admin@sonic:\~\$
2024-01-05 01:52:04,317 T0000: ERROR cmd_issued: False
2024-01-05 01:52:04,317 T0000: ERROR CMP-OUT: show vrf<LF><LF>
2024-01-05 01:52:04,317 T0000: ERROR CMP-CMD: show vrf<LF>
2024-01-05 01:52:04,317 T0000: ERROR ECHOED OUTPUT: <LF>
2024-01-05 01:52:04,317 T0000: ERROR CMP-PROMPT: admin@sonic:\~\$
2024-01-05 01:52:04,317 T0000: ERROR CMP-OUTPUT: 
2024-01-05 01:52:04,317 T0000: ERROR CMP-OUTPUT: 
2024-01-05 01:52:04,317 T0000: ERROR Read Data: show vrf
2024-01-05 01:52:04,317 T0000: ERROR =========================================================
2024-01-05 01:52:04,317 T0000: ERROR StackTraceCallStack:
2024-01-05 01:52:04,317 T0000: ERROR [0] spytest/net.py:2138 _send_command output = self._try(access, line, fcli, cmd, expect,
2024-01-05 01:52:04,317 T0000: ERROR [1] spytest/net.py:6125 _send_cmd_opts output = self._send_command(access, cmd, expected_prompt,
2024-01-05 01:52:04,317 T0000: ERROR Truncated...
2024-01-05 01:56:04,239 T0465: WARN  #### gw3  routing/VRF/test_vrf_scale.py::test_vrf_scale
2024-01-05 01:56:04,239 T0465: WARN  support pre-function-epilog test_vrf_scale Fail 'Command 'show vrf' failed to give prompt, recovered using CTRL+C'
2024-01-05 01:56:04,241 T0466: WARN  #### gw3  routing/VRF/test_vrf_scale.py::test_vrf_scale
2024-01-05 01:56:04,241 T0466: WARN  support pre-function-epilog test_vrf_scale Fail 'Command 'show vrf' failed to give prompt, recovered using CTRL+C'
2024-01-05 01:56:05,041 T0467: WARN  #### gw3  routing/VRF/test_vrf_scale.py::test_vrf_scale
2024-01-05 01:56:05,041 T0467: WARN  support post-function-epilog test_vrf_scale ignore 'Command 'show vrf' failed to give prompt, recovered using CTRL+C'
2024-01-05 01:56:05,043 T0468: WARN  #### gw3  routing/VRF/test_vrf_scale.py::test_vrf_scale
2024-01-05 01:56:05,043 T0468: WARN  support post-function-epilog test_vrf_scale ignore 'Command 'show vrf' failed to give prompt, recovered using CTRL+C'
2024-01-05 01:56:12,324 T0474: INFO  #### gw3  routing/VRF/test_vrf_scale.py
2024-01-05 01:56:12,325 T0474: INFO  support pre-function-prolog test_vrf_route_leak  ''
2024-01-05 01:56:12,330 T0475: INFO  #### gw3  routing/VRF/test_vrf_scale.py
2024-01-05 01:56:12,330 T0475: INFO  support pre-function-prolog test_vrf_route_leak  ''
2024-01-05 01:58:10,616 T0480: INFO  #### gw3  routing/VRF/test_vrf_scale.py::test_vrf_route_leak
2024-01-05 01:58:10,616 T0480: INFO  support pre-function-epilog test_vrf_route_leak Pass 'Test case passed'
2024-01-05 01:58:10,618 T0481: INFO  #### gw3  routing/VRF/test_vrf_scale.py::test_vrf_route_leak
2024-01-05 01:58:10,619 T0481: INFO  support pre-function-epilog test_vrf_route_leak Pass 'Test case passed'
2024-01-05 01:58:10,627 T0482: INFO  #### gw3  routing/VRF/test_vrf_scale.py::test_vrf_route_leak
2024-01-05 01:58:10,627 T0482: INFO  support post-function-epilog test_vrf_route_leak Pass 'Test case passed'
2024-01-05 01:58:10,629 T0483: INFO  #### gw3  routing/VRF/test_vrf_scale.py::test_vrf_route_leak
2024-01-05 01:58:10,629 T0483: INFO  support post-function-epilog test_vrf_route_leak Pass 'Test case passed'
2024-01-05 01:58:19,094 T0489: INFO  #### gw3  routing/VRF/test_vrf_scale.py
2024-01-05 01:58:19,095 T0489: INFO  support pre-function-prolog test_vrf_bgp  ''
2024-01-05 01:58:19,098 T0490: INFO  #### gw3  routing/VRF/test_vrf_scale.py
2024-01-05 01:58:19,099 T0490: INFO  support pre-function-prolog test_vrf_bgp  ''
2024-01-05 02:07:54,296 T0883: INFO  #### gw3  routing/VRF/test_vrf_scale.py::test_vrf_bgp
2024-01-05 02:07:54,296 T0883: INFO  support pre-function-epilog test_vrf_bgp Pass 'Test case passed'
2024-01-05 02:07:54,298 T0884: INFO  #### gw3  routing/VRF/test_vrf_scale.py::test_vrf_bgp
2024-01-05 02:07:54,298 T0884: INFO  support pre-function-epilog test_vrf_bgp Pass 'Test case passed'
2024-01-05 02:07:54,307 T0885: INFO  #### gw3  routing/VRF/test_vrf_scale.py::test_vrf_bgp
2024-01-05 02:07:54,308 T0885: INFO  support post-function-epilog test_vrf_bgp Pass 'Test case passed'
2024-01-05 02:07:54,309 T0886: INFO  #### gw3  routing/VRF/test_vrf_scale.py::test_vrf_bgp
2024-01-05 02:07:54,309 T0886: INFO  support post-function-epilog test_vrf_bgp Pass 'Test case passed'
2024-01-05 02:08:02,301 T0892: INFO  #### gw3  routing/VRF/test_vrf_scale.py
2024-01-05 02:08:02,302 T0892: INFO  support pre-function-prolog test_vrf_reload  ''
2024-01-05 02:08:02,305 T0893: INFO  #### gw3  routing/VRF/test_vrf_scale.py
2024-01-05 02:08:02,306 T0893: INFO  support pre-function-prolog test_vrf_reload  ''
2024-01-05 02:08:10,368 T0000: WARN  #### gw3 IGNORED ERROR routing/VRF/test_vrf_scale.py::test_vrf_reload
2024-01-05 02:08:10,368 T0000: WARN  Skipped error checking but detected pattern: containing_python_traceback command: sudo -s fast-reboot
2024-01-05 02:17:29,849 T0000: ERROR #### gw3 WARN routing/VRF/test_vrf_scale.py::test_vrf_reload
2024-01-05 02:17:29,849 T0000: ERROR Traceback (most recent call last):
2024-01-05 02:17:29,849 T0000: ERROR   File "/repo/spytest/net.py", line 1910, in _try
2024-01-05 02:17:29,849 T0000: ERROR     output = hndl.send_command_new(fcli, new_cmd, expect_string,
2024-01-05 02:17:29,849 T0000: ERROR   File "/repo/spytest/access/netmiko_connection.py", line 725, in send_command_new
2024-01-05 02:17:29,849 T0000: ERROR     raise IOError(self.dmsg_str(dbg_msg, msg1))
2024-01-05 02:17:29,849 T0000: ERROR OSError: Prompt Not Detected in DF 2.0: 'admin@sonic:\~\$'
2024-01-05 02:17:29,850 T0000: ERROR =======================FASTER-CLI-DBG===================
2024-01-05 02:17:29,850 T0000: ERROR command_string: show vrf<LF>
2024-01-05 02:17:29,850 T0000: ERROR search_pattern: admin@sonic:\~\$
2024-01-05 02:17:29,850 T0000: ERROR cmd_issued: False
2024-01-05 02:17:29,850 T0000: ERROR CMP-OUT: show vrf<LF><LF>
2024-01-05 02:17:29,850 T0000: ERROR CMP-CMD: show vrf<LF>
2024-01-05 02:17:29,850 T0000: ERROR ECHOED OUTPUT: <LF>
2024-01-05 02:17:29,850 T0000: ERROR CMP-PROMPT: admin@sonic:\~\$
2024-01-05 02:17:29,850 T0000: ERROR CMP-OUTPUT: 
2024-01-05 02:17:29,850 T0000: ERROR CMP-OUTPUT: 
2024-01-05 02:17:29,850 T0000: ERROR Read Data: show vrf
2024-01-05 02:17:29,850 T0000: ERROR =========================================================
2024-01-05 02:17:29,850 T0000: ERROR StackTraceCallStack:
2024-01-05 02:17:29,850 T0000: ERROR [0] spytest/net.py:2138 _send_command output = self._try(access, line, fcli, cmd, expect,
2024-01-05 02:17:29,850 T0000: ERROR [1] spytest/net.py:6125 _send_cmd_opts output = self._send_command(access, cmd, expected_prompt,
2024-01-05 02:17:29,850 T0000: ERROR Truncated...
2024-01-05 02:21:28,699 T0898: WARN  #### gw3  routing/VRF/test_vrf_scale.py::test_vrf_reload
2024-01-05 02:21:28,700 T0898: WARN  support pre-function-epilog test_vrf_reload Fail 'Command 'show vrf' failed to give prompt, recovered using CTRL+C'
2024-01-05 02:21:28,701 T0899: WARN  #### gw3  routing/VRF/test_vrf_scale.py::test_vrf_reload
2024-01-05 02:21:28,702 T0899: WARN  support pre-function-epilog test_vrf_reload Fail 'Command 'show vrf' failed to give prompt, recovered using CTRL+C'
2024-01-05 02:21:29,430 T0900: WARN  #### gw3  routing/VRF/test_vrf_scale.py::test_vrf_reload
2024-01-05 02:21:29,430 T0900: WARN  support post-function-epilog test_vrf_reload ignore 'Command 'show vrf' failed to give prompt, recovered using CTRL+C'
2024-01-05 02:21:29,431 T0901: WARN  #### gw3  routing/VRF/test_vrf_scale.py::test_vrf_reload
2024-01-05 02:21:29,432 T0901: WARN  support post-function-epilog test_vrf_reload ignore 'Command 'show vrf' failed to give prompt, recovered using CTRL+C'
2024-01-05 02:21:29,472 T0902: WARN  #### gw3  routing/VRF/test_vrf_scale.py::test_vrf_reload
2024-01-05 02:21:29,472 T0902: WARN  support pre-module-epilog routing/VRF/test_vrf_scale.py fail ''
2024-01-05 02:21:29,474 T0903: WARN  #### gw3  routing/VRF/test_vrf_scale.py::test_vrf_reload
2024-01-05 02:21:29,474 T0903: WARN  support pre-module-epilog routing/VRF/test_vrf_scale.py fail ''
2024-01-05 02:21:34,150 T0912: WARN  #### gw3  routing/VRF/test_vrf_scale.py::test_vrf_scale
2024-01-05 02:21:34,150 T0912: WARN  support post-module-epilog routing/VRF/test_vrf_scale.py fail ''
2024-01-05 02:21:34,154 T0913: WARN  #### gw3  routing/VRF/test_vrf_scale.py::test_vrf_scale
2024-01-05 02:21:34,155 T0913: WARN  support post-module-epilog routing/VRF/test_vrf_scale.py fail ''
2024-01-05 02:28:37,371 T0982: INFO  #### gw3  
2024-01-05 02:28:37,371 T0982: INFO  support pre-module-prolog routing/BGP/test_bgp_rr_traffic.py  ''
2024-01-05 02:28:37,373 T0983: INFO  #### gw3  
2024-01-05 02:28:37,374 T0983: INFO  support pre-module-prolog routing/BGP/test_bgp_rr_traffic.py  ''
2024-01-05 02:31:29,783 T1002: INFO  #### gw3  routing/BGP/test_bgp_rr_traffic.py
2024-01-05 02:31:29,783 T1002: INFO  support post-class-prolog routing/BGP/test_bgp_rr_traffic.py Pass ''
2024-01-05 02:31:29,785 T1003: INFO  #### gw3  routing/BGP/test_bgp_rr_traffic.py
2024-01-05 02:31:29,785 T1003: INFO  support post-class-prolog routing/BGP/test_bgp_rr_traffic.py Pass ''
2024-01-05 02:31:29,793 T1004: INFO  #### gw3  routing/BGP/test_bgp_rr_traffic.py
2024-01-05 02:31:29,793 T1004: INFO  support post-module-prolog routing/BGP/test_bgp_rr_traffic.py Pass ''
2024-01-05 02:31:29,795 T1005: INFO  #### gw3  routing/BGP/test_bgp_rr_traffic.py
2024-01-05 02:31:29,795 T1005: INFO  support post-module-prolog routing/BGP/test_bgp_rr_traffic.py Pass ''
2024-01-05 02:31:42,960 T1021: INFO  #### gw3  routing/BGP/test_bgp_rr_traffic.py
2024-01-05 02:31:42,960 T1021: INFO  support pre-function-prolog TestBGPRrTraffic.test_ft_bgp6_rr_traffic_check  ''
2024-01-05 02:31:42,964 T1022: INFO  #### gw3  routing/BGP/test_bgp_rr_traffic.py
2024-01-05 02:31:42,964 T1022: INFO  support pre-function-prolog TestBGPRrTraffic.test_ft_bgp6_rr_traffic_check  ''
2024-01-05 02:34:12,848 T1023: INFO  #### gw3  routing/BGP/test_bgp_rr_traffic.py::TestBGPRrTraffic::test_ft_bgp6_rr_traffic_check
2024-01-05 02:34:12,848 T1023: INFO  support pre-function-epilog TestBGPRrTraffic.test_ft_bgp6_rr_traffic_check Pass 'Test case passed'
2024-01-05 02:34:12,851 T1024: INFO  #### gw3  routing/BGP/test_bgp_rr_traffic.py::TestBGPRrTraffic::test_ft_bgp6_rr_traffic_check
2024-01-05 02:34:12,852 T1024: INFO  support pre-function-epilog TestBGPRrTraffic.test_ft_bgp6_rr_traffic_check Pass 'Test case passed'
2024-01-05 02:34:12,859 T1025: INFO  #### gw3  routing/BGP/test_bgp_rr_traffic.py::TestBGPRrTraffic::test_ft_bgp6_rr_traffic_check
2024-01-05 02:34:12,859 T1025: INFO  support post-function-epilog TestBGPRrTraffic.test_ft_bgp6_rr_traffic_check Pass 'Test case passed'
2024-01-05 02:34:12,861 T1026: INFO  #### gw3  routing/BGP/test_bgp_rr_traffic.py::TestBGPRrTraffic::test_ft_bgp6_rr_traffic_check
2024-01-05 02:34:12,861 T1026: INFO  support post-function-epilog TestBGPRrTraffic.test_ft_bgp6_rr_traffic_check Pass 'Test case passed'
2024-01-05 02:34:41,414 T1037: WARN  #### gw3  routing/BGP/test_bgp_rr_traffic.py::TestBGPRrTraffic::test_ft_bgp6_rr_traffic_check
2024-01-05 02:34:41,415 T1037: WARN  support post-class-epilog routing/BGP/test_bgp_rr_traffic.py pass ''
2024-01-05 02:34:41,418 T1038: WARN  #### gw3  routing/BGP/test_bgp_rr_traffic.py::TestBGPRrTraffic::test_ft_bgp6_rr_traffic_check
2024-01-05 02:34:41,418 T1038: WARN  support post-class-epilog routing/BGP/test_bgp_rr_traffic.py pass ''
2024-01-05 02:34:41,426 T1039: WARN  #### gw3  routing/BGP/test_bgp_rr_traffic.py::TestBGPRrTraffic::test_ft_bgp6_rr_traffic_check
2024-01-05 02:34:41,426 T1039: WARN  support pre-module-epilog routing/BGP/test_bgp_rr_traffic.py pass ''
2024-01-05 02:34:41,428 T1040: WARN  #### gw3  routing/BGP/test_bgp_rr_traffic.py::TestBGPRrTraffic::test_ft_bgp6_rr_traffic_check
2024-01-05 02:34:41,429 T1040: WARN  support pre-module-epilog routing/BGP/test_bgp_rr_traffic.py pass ''
2024-01-05 02:35:05,087 T1055: WARN  #### gw3  routing/BGP/test_bgp_rr_traffic.py::TestBGPRrTraffic::test_ft_bgp6_rr_traffic_check
2024-01-05 02:35:05,087 T1055: WARN  support post-module-epilog routing/BGP/test_bgp_rr_traffic.py pass ''
2024-01-05 02:35:05,089 T1056: WARN  #### gw3  routing/BGP/test_bgp_rr_traffic.py::TestBGPRrTraffic::test_ft_bgp6_rr_traffic_check
2024-01-05 02:35:05,089 T1056: WARN  support post-module-epilog routing/BGP/test_bgp_rr_traffic.py pass ''
2024-01-05 02:39:34,043 T1098: INFO  #### gw3  
2024-01-05 02:39:34,044 T1098: INFO  support pre-module-prolog sanity/test_sanity_l3.py  ''
2024-01-05 02:39:34,046 T1099: INFO  #### gw3  
2024-01-05 02:39:34,046 T1099: INFO  support pre-module-prolog sanity/test_sanity_l3.py  ''
2024-01-05 02:40:02,445 T1121: INFO  #### gw3  sanity/test_sanity_l3.py
2024-01-05 02:40:02,446 T1121: INFO  support post-module-prolog sanity/test_sanity_l3.py Pass ''
2024-01-05 02:40:02,451 T1122: INFO  #### gw3  sanity/test_sanity_l3.py
2024-01-05 02:40:02,451 T1122: INFO  support post-module-prolog sanity/test_sanity_l3.py Pass ''
2024-01-05 02:40:14,731 T1138: INFO  #### gw3  sanity/test_sanity_l3.py
2024-01-05 02:40:14,731 T1138: INFO  support pre-function-prolog test_l2_to_l3_port  ''
2024-01-05 02:40:14,735 T1139: INFO  #### gw3  sanity/test_sanity_l3.py
2024-01-05 02:40:14,735 T1139: INFO  support pre-function-prolog test_l2_to_l3_port  ''
2024-01-05 02:40:14,746 T1140: INFO  #### gw3  sanity/test_sanity_l3.py::test_l2_to_l3_port
2024-01-05 02:40:14,746 T1140: INFO  support post-function-prolog test_l2_to_l3_port Pass ''
2024-01-05 02:40:14,748 T1141: INFO  #### gw3  sanity/test_sanity_l3.py::test_l2_to_l3_port
2024-01-05 02:40:14,748 T1141: INFO  support post-function-prolog test_l2_to_l3_port Pass ''
2024-01-05 02:41:02,935 T1146: WARN  #### gw3  sanity/test_sanity_l3.py::test_l2_to_l3_port
2024-01-05 02:41:02,935 T1146: WARN  support pre-function-epilog test_l2_to_l3_port Fail 'Failed to port L2 config to L3 config'
2024-01-05 02:41:02,936 T1147: WARN  #### gw3  sanity/test_sanity_l3.py::test_l2_to_l3_port
2024-01-05 02:41:02,936 T1147: WARN  support pre-function-epilog test_l2_to_l3_port Fail 'Failed to port L2 config to L3 config'
2024-01-05 02:41:03,288 T1148: WARN  #### gw3  sanity/test_sanity_l3.py::test_l2_to_l3_port
2024-01-05 02:41:03,288 T1148: WARN  support post-function-epilog test_l2_to_l3_port ignore 'Failed to port L2 config to L3 config'
2024-01-05 02:41:03,290 T1149: WARN  #### gw3  sanity/test_sanity_l3.py::test_l2_to_l3_port
2024-01-05 02:41:03,290 T1149: WARN  support post-function-epilog test_l2_to_l3_port ignore 'Failed to port L2 config to L3 config'
2024-01-05 02:41:03,328 T1150: WARN  #### gw3  sanity/test_sanity_l3.py::test_l2_to_l3_port
2024-01-05 02:41:03,329 T1150: WARN  support pre-module-epilog sanity/test_sanity_l3.py fail ''
2024-01-05 02:41:03,331 T1151: WARN  #### gw3  sanity/test_sanity_l3.py::test_l2_to_l3_port
2024-01-05 02:41:03,331 T1151: WARN  support pre-module-epilog sanity/test_sanity_l3.py fail ''
2024-01-05 02:41:19,375 T1162: WARN  #### gw3  sanity/test_sanity_l3.py::test_l2_to_l3_port
2024-01-05 02:41:19,375 T1162: WARN  support post-module-epilog sanity/test_sanity_l3.py fail ''
2024-01-05 02:41:19,377 T1163: WARN  #### gw3  sanity/test_sanity_l3.py::test_l2_to_l3_port
2024-01-05 02:41:19,378 T1163: WARN  support post-module-epilog sanity/test_sanity_l3.py fail ''
2024-01-05 02:45:18,968 T1203: WARN  #### gw3  batch/test_spytest_infra_1.py::test_spytest_infra_last
2024-01-05 02:45:18,968 T1203: WARN  support session-epilog session pass ''
2024-01-05 02:45:18,969 T1204: WARN  #### gw3  batch/test_spytest_infra_1.py::test_spytest_infra_last
2024-01-05 02:45:18,970 T1204: WARN  support session-epilog session pass ''
